[0.349s] Invoking command in '/home/zuki/GalacticRacing/sim_ws/build/lab5_pkg': CMAKE_PREFIX_PATH=${CMAKE_PREFIX_PATH}:/home/zuki/GalacticRacing/sim_ws/install/particle_filter:/home/zuki/GalacticRacing/sim_ws/install/f1tenth_gym_ros:/opt/ros/foxy /usr/bin/cmake --build /home/zuki/GalacticRacing/sim_ws/build/lab5_pkg -- -j6 -l6
[0.773s] [100%] Built target scanmatch_node
[0.804s] Invoked command in '/home/zuki/GalacticRacing/sim_ws/build/lab5_pkg' returned '0': CMAKE_PREFIX_PATH=${CMAKE_PREFIX_PATH}:/home/zuki/GalacticRacing/sim_ws/install/particle_filter:/home/zuki/GalacticRacing/sim_ws/install/f1tenth_gym_ros:/opt/ros/foxy /usr/bin/cmake --build /home/zuki/GalacticRacing/sim_ws/build/lab5_pkg -- -j6 -l6
[0.931s] Invoking command in '/home/zuki/GalacticRacing/sim_ws/build/lab5_pkg': CMAKE_PREFIX_PATH=${CMAKE_PREFIX_PATH}:/home/zuki/GalacticRacing/sim_ws/install/particle_filter:/home/zuki/GalacticRacing/sim_ws/install/f1tenth_gym_ros:/opt/ros/foxy /usr/bin/cmake --install /home/zuki/GalacticRacing/sim_ws/build/lab5_pkg
[0.944s] -- Install configuration: ""
[0.950s] -- Up-to-date: /home/zuki/GalacticRacing/sim_ws/install/lab5_pkg/lib/lab5_pkg/scanmatch_node
[0.950s] -- Up-to-date: /home/zuki/GalacticRacing/sim_ws/install/lab5_pkg/share/lab5_pkg/environment/pythonpath.sh
[0.955s] -- Up-to-date: /home/zuki/GalacticRacing/sim_ws/install/lab5_pkg/share/lab5_pkg/environment/pythonpath.dsv
[0.955s] -- Up-to-date: /home/zuki/GalacticRacing/sim_ws/install/lab5_pkg/lib/python3.8/site-packages/lab5_pkg
[0.971s] -- Up-to-date: /home/zuki/GalacticRacing/sim_ws/install/lab5_pkg/lib/python3.8/site-packages/lab5_pkg/__init__.py
[1.021s] Listing '/home/zuki/GalacticRacing/sim_ws/install/lab5_pkg/lib/python3.8/site-packages/lab5_pkg'...
[1.025s] -- Up-to-date: /home/zuki/GalacticRacing/sim_ws/install/lab5_pkg/share/ament_index/resource_index/package_run_dependencies/lab5_pkg
[1.028s] -- Up-to-date: /home/zuki/GalacticRacing/sim_ws/install/lab5_pkg/share/ament_index/resource_index/parent_prefix_path/lab5_pkg
[1.029s] -- Up-to-date: /home/zuki/GalacticRacing/sim_ws/install/lab5_pkg/share/lab5_pkg/environment/ament_prefix_path.sh
[1.029s] -- Up-to-date: /home/zuki/GalacticRacing/sim_ws/install/lab5_pkg/share/lab5_pkg/environment/ament_prefix_path.dsv
[1.032s] -- Up-to-date: /home/zuki/GalacticRacing/sim_ws/install/lab5_pkg/share/lab5_pkg/environment/path.sh
[1.033s] -- Up-to-date: /home/zuki/GalacticRacing/sim_ws/install/lab5_pkg/share/lab5_pkg/environment/path.dsv
[1.033s] -- Up-to-date: /home/zuki/GalacticRacing/sim_ws/install/lab5_pkg/share/lab5_pkg/local_setup.bash
[1.038s] -- Up-to-date: /home/zuki/GalacticRacing/sim_ws/install/lab5_pkg/share/lab5_pkg/local_setup.sh
[1.038s] -- Up-to-date: /home/zuki/GalacticRacing/sim_ws/install/lab5_pkg/share/lab5_pkg/local_setup.zsh
[1.038s] -- Up-to-date: /home/zuki/GalacticRacing/sim_ws/install/lab5_pkg/share/lab5_pkg/local_setup.dsv
[1.038s] -- Installing: /home/zuki/GalacticRacing/sim_ws/install/lab5_pkg/share/lab5_pkg/package.dsv
[1.041s] -- Up-to-date: /home/zuki/GalacticRacing/sim_ws/install/lab5_pkg/share/ament_index/resource_index/packages/lab5_pkg
[1.053s] -- Up-to-date: /home/zuki/GalacticRacing/sim_ws/install/lab5_pkg/share/lab5_pkg/cmake/lab5_pkgConfig.cmake
[1.054s] -- Up-to-date: /home/zuki/GalacticRacing/sim_ws/install/lab5_pkg/share/lab5_pkg/cmake/lab5_pkgConfig-version.cmake
[1.054s] -- Up-to-date: /home/zuki/GalacticRacing/sim_ws/install/lab5_pkg/share/lab5_pkg/package.xml
[1.088s] Invoked command in '/home/zuki/GalacticRacing/sim_ws/build/lab5_pkg' returned '0': CMAKE_PREFIX_PATH=${CMAKE_PREFIX_PATH}:/home/zuki/GalacticRacing/sim_ws/install/particle_filter:/home/zuki/GalacticRacing/sim_ws/install/f1tenth_gym_ros:/opt/ros/foxy /usr/bin/cmake --install /home/zuki/GalacticRacing/sim_ws/build/lab5_pkg
