[2.599s] Invoking command in '/home/zuki/GalacticRacing/sim_ws/build/lab5_pkg': CMAKE_PREFIX_PATH=${CMAKE_PREFIX_PATH}:/home/zuki/GalacticRacing/sim_ws/install/particle_filter:/home/zuki/GalacticRacing/sim_ws/install/f1tenth_gym_ros:/home/zuki/sim_ws/install/particle_filter:/home/zuki/sim_ws/install/f1tenth_gym_ros:/opt/ros/foxy /usr/bin/cmake /home/zuki/GalacticRacing/sim_ws/lab5_pkg -DCMAKE_INSTALL_PREFIX=/home/zuki/GalacticRacing/sim_ws/install/lab5_pkg
[3.164s] -- The C compiler identification is GNU 9.4.0
[3.165s] -- The CXX compiler identification is GNU 9.4.0
[3.165s] -- Check for working C compiler: /usr/bin/cc
[3.165s] -- Check for working C compiler: /usr/bin/cc -- works
[3.165s] -- Detecting C compiler ABI info
[3.165s] -- Detecting C compiler ABI info - done
[3.165s] -- Detecting C compile features
[3.166s] -- Detecting C compile features - done
[3.166s] -- Check for working CXX compiler: /usr/bin/c++
[3.166s] -- Check for working CXX compiler: /usr/bin/c++ -- works
[3.166s] -- Detecting CXX compiler ABI info
[3.166s] -- Detecting CXX compiler ABI info - done
[3.166s] -- Detecting CXX compile features
[3.167s] -- Detecting CXX compile features - done
[3.167s] -- Found ament_cmake: 0.9.12 (/opt/ros/foxy/share/ament_cmake/cmake)
[3.167s] -- Found PythonInterp: /usr/bin/python3 (found suitable version "3.8.10", minimum required is "3") 
[3.167s] -- Using PYTHON_EXECUTABLE: /usr/bin/python3
[3.270s] -- Found rclcpp: 2.4.3 (/opt/ros/foxy/share/rclcpp/cmake)
[3.308s] -- Using all available rosidl_typesupport_c: rosidl_typesupport_fastrtps_c;rosidl_typesupport_introspection_c
[3.333s] -- Found rosidl_adapter: 1.3.1 (/opt/ros/foxy/share/rosidl_adapter/cmake)
[3.536s] -- Found OpenSSL: /usr/lib/x86_64-linux-gnu/libcrypto.so (found version "1.1.1f")  
[3.567s] -- Found FastRTPS: /opt/ros/foxy/include  
[3.678s] -- Using all available rosidl_typesupport_cpp: rosidl_typesupport_fastrtps_cpp;rosidl_typesupport_introspection_cpp
[3.766s] -- Found rmw_implementation_cmake: 1.0.4 (/opt/ros/foxy/share/rmw_implementation_cmake/cmake)
[3.766s] -- Using RMW implementation 'rmw_fastrtps_cpp' as default
[3.766s] -- Looking for pthread.h
[3.882s] -- Looking for pthread.h - found
[3.883s] -- Performing Test CMAKE_HAVE_LIBC_PTHREAD
[3.971s] -- Performing Test CMAKE_HAVE_LIBC_PTHREAD - Failed
[3.972s] -- Looking for pthread_create in pthreads
[4.147s] -- Looking for pthread_create in pthreads - not found
[4.147s] -- Looking for pthread_create in pthread
[4.287s] -- Looking for pthread_create in pthread - found
[4.287s] -- Found Threads: TRUE  
[4.429s] -- Found rclpy: 1.0.13 (/opt/ros/foxy/share/rclpy/cmake)
[4.433s] -- Found geometry_msgs: 2.0.5 (/opt/ros/foxy/share/geometry_msgs/cmake)
[4.460s] -- Found nav_msgs: 2.0.5 (/opt/ros/foxy/share/nav_msgs/cmake)
[4.543s] -- Found ackermann_msgs: 2.0.2 (/opt/ros/foxy/share/ackermann_msgs/cmake)
[4.586s] -- Found sensor_msgs: 2.0.5 (/opt/ros/foxy/share/sensor_msgs/cmake)
[4.636s] -- Found visualization_msgs: 2.0.5 (/opt/ros/foxy/share/visualization_msgs/cmake)
[4.702s] -- Found tf2_ros: 0.13.14 (/opt/ros/foxy/share/tf2_ros/cmake)
[5.042s] -- Found ament_lint_auto: 0.9.8 (/opt/ros/foxy/share/ament_lint_auto/cmake)
[5.131s] -- Added test 'copyright' to check source files copyright and LICENSE
[5.132s] -- Added test 'cppcheck' to perform static code analysis on C / C++ code
[5.132s] -- Configured cppcheck include dirs: /home/zuki/GalacticRacing/sim_ws/lab5_pkg/include
[5.132s] -- Configured cppcheck exclude dirs and/or files: 
[5.133s] -- Added test 'cpplint' to check C / C++ code against the Google style
[5.133s] -- Configured cpplint exclude dirs and/or files: 
[5.133s] -- Added test 'flake8' to check Python code syntax and style conventions
[5.134s] -- Added test 'lint_cmake' to check CMake code style
[5.134s] -- Added test 'pep257' to check Python code against some of the style conventions in PEP 257
[5.135s] -- Added test 'uncrustify' to check C / C++ code style
[5.135s] -- Configured uncrustify additional arguments: 
[5.135s] -- Added test 'xmllint' to check XML markup files
[5.138s] -- Configuring done
[5.147s] -- Generating done
[5.149s] -- Build files have been written to: /home/zuki/GalacticRacing/sim_ws/build/lab5_pkg
[5.157s] Invoked command in '/home/zuki/GalacticRacing/sim_ws/build/lab5_pkg' returned '0': CMAKE_PREFIX_PATH=${CMAKE_PREFIX_PATH}:/home/zuki/GalacticRacing/sim_ws/install/particle_filter:/home/zuki/GalacticRacing/sim_ws/install/f1tenth_gym_ros:/home/zuki/sim_ws/install/particle_filter:/home/zuki/sim_ws/install/f1tenth_gym_ros:/opt/ros/foxy /usr/bin/cmake /home/zuki/GalacticRacing/sim_ws/lab5_pkg -DCMAKE_INSTALL_PREFIX=/home/zuki/GalacticRacing/sim_ws/install/lab5_pkg
[5.158s] Invoking command in '/home/zuki/GalacticRacing/sim_ws/build/lab5_pkg': CMAKE_PREFIX_PATH=${CMAKE_PREFIX_PATH}:/home/zuki/GalacticRacing/sim_ws/install/particle_filter:/home/zuki/GalacticRacing/sim_ws/install/f1tenth_gym_ros:/home/zuki/sim_ws/install/particle_filter:/home/zuki/sim_ws/install/f1tenth_gym_ros:/opt/ros/foxy /usr/bin/cmake --build /home/zuki/GalacticRacing/sim_ws/build/lab5_pkg -- -j8 -l8
[5.208s] [35m[1mScanning dependencies of target scanmatch_node[0m
[5.261s] [ 20%] [32mBuilding CXX object CMakeFiles/scanmatch_node.dir/src/scanmatch_node.cpp.o[0m
[5.265s] [ 40%] [32mBuilding CXX object CMakeFiles/scanmatch_node.dir/src/visualization.cpp.o[0m
[5.269s] [ 60%] [32mBuilding CXX object CMakeFiles/scanmatch_node.dir/src/transform.cpp.o[0m
[5.271s] [ 80%] [32mBuilding CXX object CMakeFiles/scanmatch_node.dir/src/correspond.cpp.o[0m
[6.234s] [01m[K/home/zuki/GalacticRacing/sim_ws/lab5_pkg/src/transform.cpp:[m[K In function ‘[01m[Kvoid transformPoints(const std::vector<Point>&, Transform&, std::vector<Point>&)[m[K’:
[6.237s] [01m[K/home/zuki/GalacticRacing/sim_ws/lab5_pkg/src/transform.cpp:12:21:[m[K [01;35m[Kwarning: [m[Kcomparison of integer expressions of different signedness: ‘[01m[Kint[m[K’ and ‘[01m[Kstd::vector<Point>::size_type[m[K’ {aka ‘[01m[Klong unsigned int[m[K’} [[01;35m[K-Wsign-compare[m[K]
[6.237s]    12 |   for (int i = 0; [01;35m[Ki < points.size()[m[K; i++)
[6.237s]       |                   [01;35m[K~~^~~~~~~~~~~~~~~[m[K
[6.272s] [01m[K/home/zuki/GalacticRacing/sim_ws/lab5_pkg/src/correspond.cpp:[m[K In function ‘[01m[Kvoid getNaiveCorrespondence(std::vector<Point>&, std::vector<Point>&, std::vector<Point>&, std::vector<std::vector<int> >&, std::vector<Correspondence>&, float)[m[K’:
[6.273s] [01m[K/home/zuki/GalacticRacing/sim_ws/lab5_pkg/src/correspond.cpp:16:7:[m[K [01;35m[Kwarning: [m[Kunused variable ‘[01m[Klast_best[m[K’ [[01;35m[K-Wunused-variable[m[K]
[6.273s]    16 |   int [01;35m[Klast_best[m[K = -1;
[6.274s]       |       [01;35m[K^~~~~~~~~[m[K
[6.286s] [01m[K/home/zuki/GalacticRacing/sim_ws/lab5_pkg/src/correspond.cpp:12:50:[m[K [01;35m[Kwarning: [m[Kunused parameter ‘[01m[Kjump_table[m[K’ [[01;35m[K-Wunused-parameter[m[K]
[6.286s]    12 |                             [01;35m[Kvector<vector<int>> &jump_table[m[K, vector<Correspondence> &c, float prob)
[6.287s]       |                             [01;35m[K~~~~~~~~~~~~~~~~~~~~~^~~~~~~~~~[m[K
[6.287s] [01m[K/home/zuki/GalacticRacing/sim_ws/lab5_pkg/src/correspond.cpp:12:95:[m[K [01;35m[Kwarning: [m[Kunused parameter ‘[01m[Kprob[m[K’ [[01;35m[K-Wunused-parameter[m[K]
[6.287s]    12 |                             vector<vector<int>> &jump_table, vector<Correspondence> &c, [01;35m[Kfloat prob[m[K)
[6.287s]       |                                                                                         [01;35m[K~~~~~~^~~~[m[K
[6.313s] [01m[K/home/zuki/GalacticRacing/sim_ws/lab5_pkg/src/correspond.cpp:[m[K In function ‘[01m[Kvoid getCorrespondence(std::vector<Point>&, std::vector<Point>&, std::vector<Point>&, std::vector<std::vector<int> >&, std::vector<Correspondence>&, float)[m[K’:
[6.313s] [01m[K/home/zuki/GalacticRacing/sim_ws/lab5_pkg/src/correspond.cpp:61:7:[m[K [01;35m[Kwarning: [m[Kunused variable ‘[01m[Klast_best[m[K’ [[01;35m[K-Wunused-variable[m[K]
[6.313s]    61 |   int [01;35m[Klast_best[m[K = -1;
[6.313s]       |       [01;35m[K^~~~~~~~~[m[K
[6.313s] [01m[K/home/zuki/GalacticRacing/sim_ws/lab5_pkg/src/correspond.cpp:48:45:[m[K [01;35m[Kwarning: [m[Kunused parameter ‘[01m[Kjump_table[m[K’ [[01;35m[K-Wunused-parameter[m[K]
[6.313s]    48 |                        [01;35m[Kvector<vector<int>> &jump_table[m[K, vector<Correspondence> &c, float prob)
[6.313s]       |                        [01;35m[K~~~~~~~~~~~~~~~~~~~~~^~~~~~~~~~[m[K
[6.313s] [01m[K/home/zuki/GalacticRacing/sim_ws/lab5_pkg/src/correspond.cpp:48:90:[m[K [01;35m[Kwarning: [m[Kunused parameter ‘[01m[Kprob[m[K’ [[01;35m[K-Wunused-parameter[m[K]
[6.313s]    48 |                        vector<vector<int>> &jump_table, vector<Correspondence> &c, [01;35m[Kfloat prob[m[K)
[6.313s]       |                                                                                    [01;35m[K~~~~~~^~~~[m[K
[7.544s] [01m[K/home/zuki/GalacticRacing/sim_ws/lab5_pkg/src/scanmatch_node.cpp:[m[K In member function ‘[01m[Kvoid ScanMatch::readScan(sensor_msgs::msg::LaserScan_<std::allocator<void> >::ConstSharedPtr)[m[K’:
[7.545s] [01m[K/home/zuki/GalacticRacing/sim_ws/lab5_pkg/src/scanmatch_node.cpp:140:27:[m[K [01;35m[Kwarning: [m[Kcomparison of integer expressions of different signedness: ‘[01m[Kint[m[K’ and ‘[01m[Kstd::vector<float>::size_type[m[K’ {aka ‘[01m[Klong unsigned int[m[K’} [[01;35m[K-Wsign-compare[m[K]
[7.545s]   140 |         for (int i = 0; [01;35m[Ki < ranges.size()[m[K; ++i)
[7.545s]       |                         [01;35m[K~~^~~~~~~~~~~~~~~[m[K
[9.040s] [01m[K/home/zuki/GalacticRacing/sim_ws/lab5_pkg/src/transform.cpp:[m[K In function ‘[01m[Kfloat greatest_real_root(float, float, float, float, float)[m[K’:
[9.040s] [01m[K/home/zuki/GalacticRacing/sim_ws/lab5_pkg/src/transform.cpp:274:1:[m[K [01;35m[Kwarning: [m[Kcontrol reaches end of non-void function [[01;35m[K-Wreturn-type[m[K]
[9.040s]   274 | [01;35m[K}[m[K
[9.041s]       | [01;35m[K^[m[K
[9.322s] In file included from [01m[K/home/zuki/GalacticRacing/sim_ws/lab5_pkg/src/scanmatch_node.cpp:20[m[K:
[9.324s] [01m[K/home/zuki/GalacticRacing/sim_ws/lab5_pkg/include/scan_matching_skeleton/visualization.h:[m[K At global scope:
[9.324s] [01m[K/home/zuki/GalacticRacing/sim_ws/lab5_pkg/include/scan_matching_skeleton/visualization.h:9:12:[m[K [01;35m[Kwarning: [m[K‘[01m[Knum_visuals[m[K’ defined but not used [[01;35m[K-Wunused-variable[m[K]
[9.324s]     9 | static int [01;35m[Knum_visuals[m[K = 0;
[9.325s]       |            [01;35m[K^~~~~~~~~~~[m[K
[11.916s] [100%] [32m[1mLinking CXX executable scanmatch_node[0m
[12.274s] [100%] Built target scanmatch_node
[12.298s] Invoked command in '/home/zuki/GalacticRacing/sim_ws/build/lab5_pkg' returned '0': CMAKE_PREFIX_PATH=${CMAKE_PREFIX_PATH}:/home/zuki/GalacticRacing/sim_ws/install/particle_filter:/home/zuki/GalacticRacing/sim_ws/install/f1tenth_gym_ros:/home/zuki/sim_ws/install/particle_filter:/home/zuki/sim_ws/install/f1tenth_gym_ros:/opt/ros/foxy /usr/bin/cmake --build /home/zuki/GalacticRacing/sim_ws/build/lab5_pkg -- -j8 -l8
[12.331s] Invoking command in '/home/zuki/GalacticRacing/sim_ws/build/lab5_pkg': CMAKE_PREFIX_PATH=${CMAKE_PREFIX_PATH}:/home/zuki/GalacticRacing/sim_ws/install/particle_filter:/home/zuki/GalacticRacing/sim_ws/install/f1tenth_gym_ros:/home/zuki/sim_ws/install/particle_filter:/home/zuki/sim_ws/install/f1tenth_gym_ros:/opt/ros/foxy /usr/bin/cmake --install /home/zuki/GalacticRacing/sim_ws/build/lab5_pkg
[12.338s] -- Install configuration: ""
[12.338s] -- Installing: /home/zuki/GalacticRacing/sim_ws/install/lab5_pkg/lib/lab5_pkg/scanmatch_node
[12.341s] -- Set runtime path of "/home/zuki/GalacticRacing/sim_ws/install/lab5_pkg/lib/lab5_pkg/scanmatch_node" to ""
[12.341s] -- Installing: /home/zuki/GalacticRacing/sim_ws/install/lab5_pkg/share/lab5_pkg/environment/pythonpath.sh
[12.341s] -- Installing: /home/zuki/GalacticRacing/sim_ws/install/lab5_pkg/share/lab5_pkg/environment/pythonpath.dsv
[12.341s] -- Installing: /home/zuki/GalacticRacing/sim_ws/install/lab5_pkg/lib/python3.8/site-packages/lab5_pkg
[12.341s] -- Installing: /home/zuki/GalacticRacing/sim_ws/install/lab5_pkg/lib/python3.8/site-packages/lab5_pkg/__init__.py
[12.368s] Listing '/home/zuki/GalacticRacing/sim_ws/install/lab5_pkg/lib/python3.8/site-packages/lab5_pkg'...
[12.368s] Compiling '/home/zuki/GalacticRacing/sim_ws/install/lab5_pkg/lib/python3.8/site-packages/lab5_pkg/__init__.py'...
[12.371s] -- Installing: /home/zuki/GalacticRacing/sim_ws/install/lab5_pkg/share/ament_index/resource_index/package_run_dependencies/lab5_pkg
[12.371s] -- Installing: /home/zuki/GalacticRacing/sim_ws/install/lab5_pkg/share/ament_index/resource_index/parent_prefix_path/lab5_pkg
[12.371s] -- Installing: /home/zuki/GalacticRacing/sim_ws/install/lab5_pkg/share/lab5_pkg/environment/ament_prefix_path.sh
[12.371s] -- Installing: /home/zuki/GalacticRacing/sim_ws/install/lab5_pkg/share/lab5_pkg/environment/ament_prefix_path.dsv
[12.371s] -- Installing: /home/zuki/GalacticRacing/sim_ws/install/lab5_pkg/share/lab5_pkg/environment/path.sh
[12.371s] -- Installing: /home/zuki/GalacticRacing/sim_ws/install/lab5_pkg/share/lab5_pkg/environment/path.dsv
[12.372s] -- Installing: /home/zuki/GalacticRacing/sim_ws/install/lab5_pkg/share/lab5_pkg/local_setup.bash
[12.372s] -- Installing: /home/zuki/GalacticRacing/sim_ws/install/lab5_pkg/share/lab5_pkg/local_setup.sh
[12.372s] -- Installing: /home/zuki/GalacticRacing/sim_ws/install/lab5_pkg/share/lab5_pkg/local_setup.zsh
[12.372s] -- Installing: /home/zuki/GalacticRacing/sim_ws/install/lab5_pkg/share/lab5_pkg/local_setup.dsv
[12.372s] -- Installing: /home/zuki/GalacticRacing/sim_ws/install/lab5_pkg/share/lab5_pkg/package.dsv
[12.372s] -- Installing: /home/zuki/GalacticRacing/sim_ws/install/lab5_pkg/share/ament_index/resource_index/packages/lab5_pkg
[12.372s] -- Installing: /home/zuki/GalacticRacing/sim_ws/install/lab5_pkg/share/lab5_pkg/cmake/lab5_pkgConfig.cmake
[12.372s] -- Installing: /home/zuki/GalacticRacing/sim_ws/install/lab5_pkg/share/lab5_pkg/cmake/lab5_pkgConfig-version.cmake
[12.372s] -- Installing: /home/zuki/GalacticRacing/sim_ws/install/lab5_pkg/share/lab5_pkg/package.xml
[12.374s] Invoked command in '/home/zuki/GalacticRacing/sim_ws/build/lab5_pkg' returned '0': CMAKE_PREFIX_PATH=${CMAKE_PREFIX_PATH}:/home/zuki/GalacticRacing/sim_ws/install/particle_filter:/home/zuki/GalacticRacing/sim_ws/install/f1tenth_gym_ros:/home/zuki/sim_ws/install/particle_filter:/home/zuki/sim_ws/install/f1tenth_gym_ros:/opt/ros/foxy /usr/bin/cmake --install /home/zuki/GalacticRacing/sim_ws/build/lab5_pkg
