[2.615s] Invoking command in '/home/zuki/GalacticRacing/sim_ws/build/lab5_pkg': CMAKE_PREFIX_PATH=${CMAKE_PREFIX_PATH}:/home/zuki/GalacticRacing/sim_ws/install/particle_filter:/home/zuki/GalacticRacing/sim_ws/install/f1tenth_gym_ros:/home/zuki/sim_ws/install/particle_filter:/home/zuki/sim_ws/install/f1tenth_gym_ros:/opt/ros/foxy /usr/bin/cmake --build /home/zuki/GalacticRacing/sim_ws/build/lab5_pkg -- -j8 -l8
[3.176s] [100%] Built target scanmatch_node
[3.212s] Invoked command in '/home/zuki/GalacticRacing/sim_ws/build/lab5_pkg' returned '0': CMAKE_PREFIX_PATH=${CMAKE_PREFIX_PATH}:/home/zuki/GalacticRacing/sim_ws/install/particle_filter:/home/zuki/GalacticRacing/sim_ws/install/f1tenth_gym_ros:/home/zuki/sim_ws/install/particle_filter:/home/zuki/sim_ws/install/f1tenth_gym_ros:/opt/ros/foxy /usr/bin/cmake --build /home/zuki/GalacticRacing/sim_ws/build/lab5_pkg -- -j8 -l8
[3.726s] Invoking command in '/home/zuki/GalacticRacing/sim_ws/build/lab5_pkg': CMAKE_PREFIX_PATH=${CMAKE_PREFIX_PATH}:/home/zuki/GalacticRacing/sim_ws/install/particle_filter:/home/zuki/GalacticRacing/sim_ws/install/f1tenth_gym_ros:/home/zuki/sim_ws/install/particle_filter:/home/zuki/sim_ws/install/f1tenth_gym_ros:/opt/ros/foxy /usr/bin/cmake --install /home/zuki/GalacticRacing/sim_ws/build/lab5_pkg
[3.817s] -- Install configuration: ""
[3.817s] -- Up-to-date: /home/zuki/GalacticRacing/sim_ws/install/lab5_pkg/lib/lab5_pkg/scanmatch_node
[3.818s] -- Up-to-date: /home/zuki/GalacticRacing/sim_ws/install/lab5_pkg/share/lab5_pkg/environment/pythonpath.sh
[3.819s] -- Up-to-date: /home/zuki/GalacticRacing/sim_ws/install/lab5_pkg/share/lab5_pkg/environment/pythonpath.dsv
[3.820s] -- Up-to-date: /home/zuki/GalacticRacing/sim_ws/install/lab5_pkg/lib/python3.8/site-packages/lab5_pkg
[3.820s] -- Up-to-date: /home/zuki/GalacticRacing/sim_ws/install/lab5_pkg/lib/python3.8/site-packages/lab5_pkg/__init__.py
[3.822s] Listing '/home/zuki/GalacticRacing/sim_ws/install/lab5_pkg/lib/python3.8/site-packages/lab5_pkg'...
[3.823s] -- Up-to-date: /home/zuki/GalacticRacing/sim_ws/install/lab5_pkg/share/ament_index/resource_index/package_run_dependencies/lab5_pkg
[3.823s] -- Up-to-date: /home/zuki/GalacticRacing/sim_ws/install/lab5_pkg/share/ament_index/resource_index/parent_prefix_path/lab5_pkg
[3.823s] -- Up-to-date: /home/zuki/GalacticRacing/sim_ws/install/lab5_pkg/share/lab5_pkg/environment/ament_prefix_path.sh
[3.823s] -- Up-to-date: /home/zuki/GalacticRacing/sim_ws/install/lab5_pkg/share/lab5_pkg/environment/ament_prefix_path.dsv
[3.824s] -- Up-to-date: /home/zuki/GalacticRacing/sim_ws/install/lab5_pkg/share/lab5_pkg/environment/path.sh
[3.824s] -- Up-to-date: /home/zuki/GalacticRacing/sim_ws/install/lab5_pkg/share/lab5_pkg/environment/path.dsv
[3.824s] -- Up-to-date: /home/zuki/GalacticRacing/sim_ws/install/lab5_pkg/share/lab5_pkg/local_setup.bash
[3.824s] -- Up-to-date: /home/zuki/GalacticRacing/sim_ws/install/lab5_pkg/share/lab5_pkg/local_setup.sh
[3.824s] -- Up-to-date: /home/zuki/GalacticRacing/sim_ws/install/lab5_pkg/share/lab5_pkg/local_setup.zsh
[3.824s] -- Up-to-date: /home/zuki/GalacticRacing/sim_ws/install/lab5_pkg/share/lab5_pkg/local_setup.dsv
[3.825s] -- Installing: /home/zuki/GalacticRacing/sim_ws/install/lab5_pkg/share/lab5_pkg/package.dsv
[3.825s] -- Up-to-date: /home/zuki/GalacticRacing/sim_ws/install/lab5_pkg/share/ament_index/resource_index/packages/lab5_pkg
[3.825s] -- Up-to-date: /home/zuki/GalacticRacing/sim_ws/install/lab5_pkg/share/lab5_pkg/cmake/lab5_pkgConfig.cmake
[3.825s] -- Up-to-date: /home/zuki/GalacticRacing/sim_ws/install/lab5_pkg/share/lab5_pkg/cmake/lab5_pkgConfig-version.cmake
[3.825s] -- Up-to-date: /home/zuki/GalacticRacing/sim_ws/install/lab5_pkg/share/lab5_pkg/package.xml
[3.827s] Invoked command in '/home/zuki/GalacticRacing/sim_ws/build/lab5_pkg' returned '0': CMAKE_PREFIX_PATH=${CMAKE_PREFIX_PATH}:/home/zuki/GalacticRacing/sim_ws/install/particle_filter:/home/zuki/GalacticRacing/sim_ws/install/f1tenth_gym_ros:/home/zuki/sim_ws/install/particle_filter:/home/zuki/sim_ws/install/f1tenth_gym_ros:/opt/ros/foxy /usr/bin/cmake --install /home/zuki/GalacticRacing/sim_ws/build/lab5_pkg
