[0.414s] Invoking command in '/home/zuki/GalacticRacing/sim_ws/build/lab5_pkg': CMAKE_PREFIX_PATH=${CMAKE_PREFIX_PATH}:/home/zuki/GalacticRacing/sim_ws/install/particle_filter:/home/zuki/GalacticRacing/sim_ws/install/f1tenth_gym_ros:/opt/ros/foxy /usr/bin/cmake /home/zuki/GalacticRacing/sim_ws/lab5_pkg -DCMAKE_INSTALL_PREFIX=/home/zuki/GalacticRacing/sim_ws/install/lab5_pkg
[0.752s] -- The C compiler identification is GNU 9.4.0
[0.753s] -- The CXX compiler identification is GNU 9.4.0
[0.753s] -- Check for working C compiler: /usr/bin/cc
[0.883s] -- Check for working C compiler: /usr/bin/cc -- works
[0.888s] -- Detecting C compiler ABI info
[1.106s] -- Detecting C compiler ABI info - done
[1.111s] -- Detecting C compile features
[1.112s] -- Detecting C compile features - done
[1.115s] -- Check for working CXX compiler: /usr/bin/c++
[1.278s] -- Check for working CXX compiler: /usr/bin/c++ -- works
[1.279s] -- Detecting CXX compiler ABI info
[1.432s] -- Detecting CXX compiler ABI info - done
[1.435s] -- Detecting CXX compile features
[1.436s] -- Detecting CXX compile features - done
[1.441s] -- Found ament_cmake: 0.9.12 (/opt/ros/foxy/share/ament_cmake/cmake)
[1.465s] -- Found PythonInterp: /usr/bin/python3 (found suitable version "3.8.10", minimum required is "3") 
[1.465s] -- Using PYTHON_EXECUTABLE: /usr/bin/python3
[1.811s] -- Found rclcpp: 2.4.3 (/opt/ros/foxy/share/rclcpp/cmake)
[1.868s] -- Using all available rosidl_typesupport_c: rosidl_typesupport_fastrtps_c;rosidl_typesupport_introspection_c
[1.876s] -- Found rosidl_adapter: 1.3.1 (/opt/ros/foxy/share/rosidl_adapter/cmake)
[1.992s] -- Found OpenSSL: /usr/lib/x86_64-linux-gnu/libcrypto.so (found version "1.1.1f")  
[2.030s] -- Found FastRTPS: /opt/ros/foxy/include  
[2.124s] -- Using all available rosidl_typesupport_cpp: rosidl_typesupport_fastrtps_cpp;rosidl_typesupport_introspection_cpp
[2.201s] -- Found rmw_implementation_cmake: 1.0.4 (/opt/ros/foxy/share/rmw_implementation_cmake/cmake)
[2.206s] -- Using RMW implementation 'rmw_fastrtps_cpp' as default
[2.206s] -- Looking for pthread.h
[2.325s] -- Looking for pthread.h - found
[2.326s] -- Performing Test CMAKE_HAVE_LIBC_PTHREAD
[2.444s] -- Performing Test CMAKE_HAVE_LIBC_PTHREAD - Failed
[2.446s] -- Looking for pthread_create in pthreads
[2.560s] -- Looking for pthread_create in pthreads - not found
[2.560s] -- Looking for pthread_create in pthread
[2.652s] -- Looking for pthread_create in pthread - found
[2.653s] -- Found Threads: TRUE  
[2.849s] -- Found rclpy: 1.0.13 (/opt/ros/foxy/share/rclpy/cmake)
[2.850s] -- Found geometry_msgs: 2.0.5 (/opt/ros/foxy/share/geometry_msgs/cmake)
[2.893s] -- Found nav_msgs: 2.0.5 (/opt/ros/foxy/share/nav_msgs/cmake)
[2.976s] -- Found ackermann_msgs: 2.0.2 (/opt/ros/foxy/share/ackermann_msgs/cmake)
[3.012s] -- Found sensor_msgs: 2.0.5 (/opt/ros/foxy/share/sensor_msgs/cmake)
[3.120s] -- Found visualization_msgs: 2.0.5 (/opt/ros/foxy/share/visualization_msgs/cmake)
[3.226s] -- Found tf2_ros: 0.13.14 (/opt/ros/foxy/share/tf2_ros/cmake)
[3.760s] -- Found ament_lint_auto: 0.9.8 (/opt/ros/foxy/share/ament_lint_auto/cmake)
[3.850s] -- Added test 'copyright' to check source files copyright and LICENSE
[3.852s] -- Added test 'cppcheck' to perform static code analysis on C / C++ code
[3.852s] -- Configured cppcheck include dirs: /home/zuki/GalacticRacing/sim_ws/lab5_pkg/include
[3.852s] -- Configured cppcheck exclude dirs and/or files: 
[3.853s] -- Added test 'cpplint' to check C / C++ code against the Google style
[3.853s] -- Configured cpplint exclude dirs and/or files: 
[3.854s] -- Added test 'flake8' to check Python code syntax and style conventions
[3.855s] -- Added test 'lint_cmake' to check CMake code style
[3.855s] -- Added test 'pep257' to check Python code against some of the style conventions in PEP 257
[3.856s] -- Added test 'uncrustify' to check C / C++ code style
[3.857s] -- Configured uncrustify additional arguments: 
[3.858s] -- Added test 'xmllint' to check XML markup files
[3.862s] -- Configuring done
[3.878s] -- Generating done
[3.880s] -- Build files have been written to: /home/zuki/GalacticRacing/sim_ws/build/lab5_pkg
[3.909s] Invoked command in '/home/zuki/GalacticRacing/sim_ws/build/lab5_pkg' returned '0': CMAKE_PREFIX_PATH=${CMAKE_PREFIX_PATH}:/home/zuki/GalacticRacing/sim_ws/install/particle_filter:/home/zuki/GalacticRacing/sim_ws/install/f1tenth_gym_ros:/opt/ros/foxy /usr/bin/cmake /home/zuki/GalacticRacing/sim_ws/lab5_pkg -DCMAKE_INSTALL_PREFIX=/home/zuki/GalacticRacing/sim_ws/install/lab5_pkg
[3.910s] Invoking command in '/home/zuki/GalacticRacing/sim_ws/build/lab5_pkg': CMAKE_PREFIX_PATH=${CMAKE_PREFIX_PATH}:/home/zuki/GalacticRacing/sim_ws/install/particle_filter:/home/zuki/GalacticRacing/sim_ws/install/f1tenth_gym_ros:/opt/ros/foxy /usr/bin/cmake --build /home/zuki/GalacticRacing/sim_ws/build/lab5_pkg -- -j6 -l6
[4.614s] [35m[1mScanning dependencies of target scanmatch_node[0m
[4.730s] [ 20%] [32mBuilding CXX object CMakeFiles/scanmatch_node.dir/src/visualization.cpp.o[0m
[4.731s] [ 40%] [32mBuilding CXX object CMakeFiles/scanmatch_node.dir/src/scanmatch_node.cpp.o[0m
[5.294s] [ 60%] [32mBuilding CXX object CMakeFiles/scanmatch_node.dir/src/correspond.cpp.o[0m
[5.321s] [ 80%] [32mBuilding CXX object CMakeFiles/scanmatch_node.dir/src/transform.cpp.o[0m
[6.505s] [01m[K/home/zuki/GalacticRacing/sim_ws/lab5_pkg/src/transform.cpp:[m[K In function ‘[01m[Kvoid transformPoints(const std::vector<Point>&, Transform&, std::vector<Point>&)[m[K’:
[6.505s] [01m[K/home/zuki/GalacticRacing/sim_ws/lab5_pkg/src/transform.cpp:12:21:[m[K [01;35m[Kwarning: [m[Kcomparison of integer expressions of different signedness: ‘[01m[Kint[m[K’ and ‘[01m[Kstd::vector<Point>::size_type[m[K’ {aka ‘[01m[Klong unsigned int[m[K’} [[01;35m[K-Wsign-compare[m[K]
[6.506s]    12 |   for (int i = 0; [01;35m[Ki < points.size()[m[K; i++)
[6.506s]       |                   [01;35m[K~~^~~~~~~~~~~~~~~[m[K
[7.368s] [01m[K/home/zuki/GalacticRacing/sim_ws/lab5_pkg/src/correspond.cpp:[m[K In function ‘[01m[Kvoid getNaiveCorrespondence(std::vector<Point>&, std::vector<Point>&, std::vector<Point>&, std::vector<std::vector<int> >&, std::vector<Correspondence>&, float)[m[K’:
[7.368s] [01m[K/home/zuki/GalacticRacing/sim_ws/lab5_pkg/src/correspond.cpp:16:7:[m[K [01;35m[Kwarning: [m[Kunused variable ‘[01m[Klast_best[m[K’ [[01;35m[K-Wunused-variable[m[K]
[7.368s]    16 |   int [01;35m[Klast_best[m[K = -1;
[7.368s]       |       [01;35m[K^~~~~~~~~[m[K
[7.368s] [01m[K/home/zuki/GalacticRacing/sim_ws/lab5_pkg/src/correspond.cpp:12:50:[m[K [01;35m[Kwarning: [m[Kunused parameter ‘[01m[Kjump_table[m[K’ [[01;35m[K-Wunused-parameter[m[K]
[7.368s]    12 |                             [01;35m[Kvector<vector<int>> &jump_table[m[K, vector<Correspondence> &c, float prob)
[7.368s]       |                             [01;35m[K~~~~~~~~~~~~~~~~~~~~~^~~~~~~~~~[m[K
[7.368s] [01m[K/home/zuki/GalacticRacing/sim_ws/lab5_pkg/src/correspond.cpp:12:95:[m[K [01;35m[Kwarning: [m[Kunused parameter ‘[01m[Kprob[m[K’ [[01;35m[K-Wunused-parameter[m[K]
[7.368s]    12 |                             vector<vector<int>> &jump_table, vector<Correspondence> &c, [01;35m[Kfloat prob[m[K)
[7.368s]       |                                                                                         [01;35m[K~~~~~~^~~~[m[K
[7.368s] [01m[K/home/zuki/GalacticRacing/sim_ws/lab5_pkg/src/correspond.cpp:[m[K In function ‘[01m[Kvoid getCorrespondence(std::vector<Point>&, std::vector<Point>&, std::vector<Point>&, std::vector<std::vector<int> >&, std::vector<Correspondence>&, float)[m[K’:
[7.368s] [01m[K/home/zuki/GalacticRacing/sim_ws/lab5_pkg/src/correspond.cpp:61:7:[m[K [01;35m[Kwarning: [m[Kunused variable ‘[01m[Klast_best[m[K’ [[01;35m[K-Wunused-variable[m[K]
[7.368s]    61 |   int [01;35m[Klast_best[m[K = -1;
[7.368s]       |       [01;35m[K^~~~~~~~~[m[K
[7.368s] [01m[K/home/zuki/GalacticRacing/sim_ws/lab5_pkg/src/correspond.cpp:48:45:[m[K [01;35m[Kwarning: [m[Kunused parameter ‘[01m[Kjump_table[m[K’ [[01;35m[K-Wunused-parameter[m[K]
[7.368s]    48 |                        [01;35m[Kvector<vector<int>> &jump_table[m[K, vector<Correspondence> &c, float prob)
[7.368s]       |                        [01;35m[K~~~~~~~~~~~~~~~~~~~~~^~~~~~~~~~[m[K
[7.368s] [01m[K/home/zuki/GalacticRacing/sim_ws/lab5_pkg/src/correspond.cpp:48:90:[m[K [01;35m[Kwarning: [m[Kunused parameter ‘[01m[Kprob[m[K’ [[01;35m[K-Wunused-parameter[m[K]
[7.368s]    48 |                        vector<vector<int>> &jump_table, vector<Correspondence> &c, [01;35m[Kfloat prob[m[K)
[7.368s]       |                                                                                    [01;35m[K~~~~~~^~~~[m[K
[7.860s] [01m[K/home/zuki/GalacticRacing/sim_ws/lab5_pkg/src/scanmatch_node.cpp:[m[K In member function ‘[01m[Kvoid ScanMatch::readScan(sensor_msgs::msg::LaserScan_<std::allocator<void> >::ConstSharedPtr)[m[K’:
[7.860s] [01m[K/home/zuki/GalacticRacing/sim_ws/lab5_pkg/src/scanmatch_node.cpp:140:27:[m[K [01;35m[Kwarning: [m[Kcomparison of integer expressions of different signedness: ‘[01m[Kint[m[K’ and ‘[01m[Kstd::vector<float>::size_type[m[K’ {aka ‘[01m[Klong unsigned int[m[K’} [[01;35m[K-Wsign-compare[m[K]
[7.860s]   140 |         for (int i = 0; [01;35m[Ki < ranges.size()[m[K; ++i)
[7.860s]       |                         [01;35m[K~~^~~~~~~~~~~~~~~[m[K
[10.118s] [01m[K/home/zuki/GalacticRacing/sim_ws/lab5_pkg/src/transform.cpp:[m[K In function ‘[01m[Kfloat greatest_real_root(float, float, float, float, float)[m[K’:
[10.118s] [01m[K/home/zuki/GalacticRacing/sim_ws/lab5_pkg/src/transform.cpp:274:1:[m[K [01;35m[Kwarning: [m[Kcontrol reaches end of non-void function [[01;35m[K-Wreturn-type[m[K]
[10.118s]   274 | [01;35m[K}[m[K
[10.118s]       | [01;35m[K^[m[K
[10.443s] In file included from [01m[K/home/zuki/GalacticRacing/sim_ws/lab5_pkg/src/scanmatch_node.cpp:20[m[K:
[10.443s] [01m[K/home/zuki/GalacticRacing/sim_ws/lab5_pkg/include/scan_matching_skeleton/visualization.h:[m[K At global scope:
[10.443s] [01m[K/home/zuki/GalacticRacing/sim_ws/lab5_pkg/include/scan_matching_skeleton/visualization.h:9:12:[m[K [01;35m[Kwarning: [m[K‘[01m[Knum_visuals[m[K’ defined but not used [[01;35m[K-Wunused-variable[m[K]
[10.443s]     9 | static int [01;35m[Knum_visuals[m[K = 0;
[10.443s]       |            [01;35m[K^~~~~~~~~~~[m[K
[13.963s] [100%] [32m[1mLinking CXX executable scanmatch_node[0m
[14.495s] [100%] Built target scanmatch_node
[14.539s] Invoked command in '/home/zuki/GalacticRacing/sim_ws/build/lab5_pkg' returned '0': CMAKE_PREFIX_PATH=${CMAKE_PREFIX_PATH}:/home/zuki/GalacticRacing/sim_ws/install/particle_filter:/home/zuki/GalacticRacing/sim_ws/install/f1tenth_gym_ros:/opt/ros/foxy /usr/bin/cmake --build /home/zuki/GalacticRacing/sim_ws/build/lab5_pkg -- -j6 -l6
[14.615s] Invoking command in '/home/zuki/GalacticRacing/sim_ws/build/lab5_pkg': CMAKE_PREFIX_PATH=${CMAKE_PREFIX_PATH}:/home/zuki/GalacticRacing/sim_ws/install/particle_filter:/home/zuki/GalacticRacing/sim_ws/install/f1tenth_gym_ros:/opt/ros/foxy /usr/bin/cmake --install /home/zuki/GalacticRacing/sim_ws/build/lab5_pkg
[14.627s] -- Install configuration: ""
[14.627s] -- Installing: /home/zuki/GalacticRacing/sim_ws/install/lab5_pkg/lib/lab5_pkg/scanmatch_node
[14.634s] -- Set runtime path of "/home/zuki/GalacticRacing/sim_ws/install/lab5_pkg/lib/lab5_pkg/scanmatch_node" to ""
[14.635s] -- Installing: /home/zuki/GalacticRacing/sim_ws/install/lab5_pkg/share/lab5_pkg/environment/pythonpath.sh
[14.635s] -- Installing: /home/zuki/GalacticRacing/sim_ws/install/lab5_pkg/share/lab5_pkg/environment/pythonpath.dsv
[14.635s] -- Installing: /home/zuki/GalacticRacing/sim_ws/install/lab5_pkg/lib/python3.8/site-packages/lab5_pkg
[14.635s] -- Installing: /home/zuki/GalacticRacing/sim_ws/install/lab5_pkg/lib/python3.8/site-packages/lab5_pkg/__init__.py
[14.672s] Listing '/home/zuki/GalacticRacing/sim_ws/install/lab5_pkg/lib/python3.8/site-packages/lab5_pkg'...
[14.672s] Compiling '/home/zuki/GalacticRacing/sim_ws/install/lab5_pkg/lib/python3.8/site-packages/lab5_pkg/__init__.py'...
[14.676s] -- Installing: /home/zuki/GalacticRacing/sim_ws/install/lab5_pkg/share/ament_index/resource_index/package_run_dependencies/lab5_pkg
[14.676s] -- Installing: /home/zuki/GalacticRacing/sim_ws/install/lab5_pkg/share/ament_index/resource_index/parent_prefix_path/lab5_pkg
[14.677s] -- Installing: /home/zuki/GalacticRacing/sim_ws/install/lab5_pkg/share/lab5_pkg/environment/ament_prefix_path.sh
[14.678s] -- Installing: /home/zuki/GalacticRacing/sim_ws/install/lab5_pkg/share/lab5_pkg/environment/ament_prefix_path.dsv
[14.678s] -- Installing: /home/zuki/GalacticRacing/sim_ws/install/lab5_pkg/share/lab5_pkg/environment/path.sh
[14.678s] -- Installing: /home/zuki/GalacticRacing/sim_ws/install/lab5_pkg/share/lab5_pkg/environment/path.dsv
[14.678s] -- Installing: /home/zuki/GalacticRacing/sim_ws/install/lab5_pkg/share/lab5_pkg/local_setup.bash
[14.678s] -- Installing: /home/zuki/GalacticRacing/sim_ws/install/lab5_pkg/share/lab5_pkg/local_setup.sh
[14.680s] -- Installing: /home/zuki/GalacticRacing/sim_ws/install/lab5_pkg/share/lab5_pkg/local_setup.zsh
[14.680s] -- Installing: /home/zuki/GalacticRacing/sim_ws/install/lab5_pkg/share/lab5_pkg/local_setup.dsv
[14.683s] -- Installing: /home/zuki/GalacticRacing/sim_ws/install/lab5_pkg/share/lab5_pkg/package.dsv
[14.683s] -- Installing: /home/zuki/GalacticRacing/sim_ws/install/lab5_pkg/share/ament_index/resource_index/packages/lab5_pkg
[14.683s] -- Installing: /home/zuki/GalacticRacing/sim_ws/install/lab5_pkg/share/lab5_pkg/cmake/lab5_pkgConfig.cmake
[14.683s] -- Installing: /home/zuki/GalacticRacing/sim_ws/install/lab5_pkg/share/lab5_pkg/cmake/lab5_pkgConfig-version.cmake
[14.683s] -- Installing: /home/zuki/GalacticRacing/sim_ws/install/lab5_pkg/share/lab5_pkg/package.xml
[14.694s] Invoked command in '/home/zuki/GalacticRacing/sim_ws/build/lab5_pkg' returned '0': CMAKE_PREFIX_PATH=${CMAKE_PREFIX_PATH}:/home/zuki/GalacticRacing/sim_ws/install/particle_filter:/home/zuki/GalacticRacing/sim_ws/install/f1tenth_gym_ros:/opt/ros/foxy /usr/bin/cmake --install /home/zuki/GalacticRacing/sim_ws/build/lab5_pkg
