[3.031s] Invoking command in '/home/zuki/GalacticRacing/sim_ws/src/f1tenth_gym_ros': PYTHONPATH=/home/zuki/GalacticRacing/sim_ws/build/f1tenth_gym_ros/prefix_override:/home/zuki/GalacticRacing/sim_ws/install/f1tenth_gym_ros/lib/python3.8/site-packages:${PYTHONPATH} /usr/bin/python3 setup.py egg_info --egg-base ../../build/f1tenth_gym_ros build --build-base /home/zuki/GalacticRacing/sim_ws/build/f1tenth_gym_ros/build install --record /home/zuki/GalacticRacing/sim_ws/build/f1tenth_gym_ros/install.log --install-scripts $base/lib/f1tenth_gym_ros --single-version-externally-managed
[3.263s] running egg_info
[3.263s] writing ../../build/f1tenth_gym_ros/f1tenth_gym_ros.egg-info/PKG-INFO
[3.263s] writing dependency_links to ../../build/f1tenth_gym_ros/f1tenth_gym_ros.egg-info/dependency_links.txt
[3.263s] writing entry points to ../../build/f1tenth_gym_ros/f1tenth_gym_ros.egg-info/entry_points.txt
[3.266s] writing requirements to ../../build/f1tenth_gym_ros/f1tenth_gym_ros.egg-info/requires.txt
[3.266s] writing top-level names to ../../build/f1tenth_gym_ros/f1tenth_gym_ros.egg-info/top_level.txt
[3.283s] reading manifest file '../../build/f1tenth_gym_ros/f1tenth_gym_ros.egg-info/SOURCES.txt'
[3.284s] writing manifest file '../../build/f1tenth_gym_ros/f1tenth_gym_ros.egg-info/SOURCES.txt'
[3.284s] running build
[3.284s] running build_py
[3.285s] running install
[3.285s] running install_lib
[3.285s] running install_data
[3.288s] running install_egg_info
[3.289s] removing '/home/zuki/GalacticRacing/sim_ws/install/f1tenth_gym_ros/lib/python3.8/site-packages/f1tenth_gym_ros-0.0.0-py3.8.egg-info' (and everything under it)
[3.295s] Copying ../../build/f1tenth_gym_ros/f1tenth_gym_ros.egg-info to /home/zuki/GalacticRacing/sim_ws/install/f1tenth_gym_ros/lib/python3.8/site-packages/f1tenth_gym_ros-0.0.0-py3.8.egg-info
[3.296s] running install_scripts
[3.296s] Installing gym_bridge script to /home/zuki/GalacticRacing/sim_ws/install/f1tenth_gym_ros/lib/f1tenth_gym_ros
[3.296s] writing list of installed files to '/home/zuki/GalacticRacing/sim_ws/build/f1tenth_gym_ros/install.log'
[3.920s] Invoked command in '/home/zuki/GalacticRacing/sim_ws/src/f1tenth_gym_ros' returned '0': PYTHONPATH=/home/zuki/GalacticRacing/sim_ws/build/f1tenth_gym_ros/prefix_override:/home/zuki/GalacticRacing/sim_ws/install/f1tenth_gym_ros/lib/python3.8/site-packages:${PYTHONPATH} /usr/bin/python3 setup.py egg_info --egg-base ../../build/f1tenth_gym_ros build --build-base /home/zuki/GalacticRacing/sim_ws/build/f1tenth_gym_ros/build install --record /home/zuki/GalacticRacing/sim_ws/build/f1tenth_gym_ros/install.log --install-scripts $base/lib/f1tenth_gym_ros --single-version-externally-managed
