[2.146s] Invoking command in '/home/zuki/GalacticRacing/sim_ws/build/gap_follow': CMAKE_PREFIX_PATH=${CMAKE_PREFIX_PATH}:/home/zuki/GalacticRacing/sim_ws/install/particle_filter:/home/zuki/GalacticRacing/sim_ws/install/f1tenth_gym_ros:/opt/ros/foxy /usr/bin/cmake --build /home/zuki/GalacticRacing/sim_ws/build/gap_follow -- -j8 -l8
[2.550s] -- Found ament_cmake: 0.9.12 (/opt/ros/foxy/share/ament_cmake/cmake)
[2.550s] -- Using PYTHON_EXECUTABLE: /usr/bin/python3
[2.550s] -- Found rclcpp: 2.4.3 (/opt/ros/foxy/share/rclcpp/cmake)
[2.550s] -- Using all available rosidl_typesupport_c: rosidl_typesupport_fastrtps_c;rosidl_typesupport_introspection_c
[2.550s] -- Found rosidl_adapter: 1.3.1 (/opt/ros/foxy/share/rosidl_adapter/cmake)
[2.550s] -- Using all available rosidl_typesupport_cpp: rosidl_typesupport_fastrtps_cpp;rosidl_typesupport_introspection_cpp
[2.550s] -- Found rmw_implementation_cmake: 1.0.4 (/opt/ros/foxy/share/rmw_implementation_cmake/cmake)
[2.550s] -- Using RMW implementation 'rmw_fastrtps_cpp' as default
[2.550s] -- Found rclpy: 1.0.13 (/opt/ros/foxy/share/rclpy/cmake)
[2.550s] -- Found geometry_msgs: 2.0.5 (/opt/ros/foxy/share/geometry_msgs/cmake)
[2.592s] -- Found nav_msgs: 2.0.5 (/opt/ros/foxy/share/nav_msgs/cmake)
[2.751s] -- Found ackermann_msgs: 2.0.2 (/opt/ros/foxy/share/ackermann_msgs/cmake)
[2.751s] -- Found sensor_msgs: 2.0.5 (/opt/ros/foxy/share/sensor_msgs/cmake)
[2.751s] -- Found ament_lint_auto: 0.9.8 (/opt/ros/foxy/share/ament_lint_auto/cmake)
[2.871s] -- Added test 'copyright' to check source files copyright and LICENSE
[2.871s] -- Added test 'cppcheck' to perform static code analysis on C / C++ code
[2.872s] -- Configured cppcheck include dirs: /home/zuki/GalacticRacing/sim_ws/src/gap_follow/include
[2.873s] -- Configured cppcheck exclude dirs and/or files: 
[2.873s] -- Added test 'cpplint' to check C / C++ code against the Google style
[2.873s] -- Configured cpplint exclude dirs and/or files: 
[2.873s] -- Added test 'flake8' to check Python code syntax and style conventions
[2.873s] -- Added test 'lint_cmake' to check CMake code style
[2.873s] -- Added test 'pep257' to check Python code against some of the style conventions in PEP 257
[2.873s] -- Added test 'uncrustify' to check C / C++ code style
[2.873s] -- Configured uncrustify additional arguments: 
[2.873s] -- Added test 'xmllint' to check XML markup files
[2.873s] -- Configuring done
[2.881s] -- Generating done
[2.881s] -- Build files have been written to: /home/zuki/GalacticRacing/sim_ws/build/gap_follow
[2.966s] [35m[1mScanning dependencies of target reactive_node[0m
[3.091s] [ 50%] [32mBuilding CXX object CMakeFiles/reactive_node.dir/src/reactive_node.cpp.o[0m
[4.891s] [01m[K/home/zuki/GalacticRacing/sim_ws/src/gap_follow/src/reactive_node.cpp:[m[K In member function ‘[01m[Kvoid ReactiveFollowGap::preprocess_lidar(float*)[m[K’:
[4.891s] [01m[K/home/zuki/GalacticRacing/sim_ws/src/gap_follow/src/reactive_node.cpp:24:34:[m[K [01;35m[Kwarning: [m[Kunused parameter ‘[01m[Kranges[m[K’ [[01;35m[K-Wunused-parameter[m[K]
[4.891s]    24 |     void preprocess_lidar([01;35m[Kfloat* ranges[m[K)
[4.891s]       |                           [01;35m[K~~~~~~~^~~~~~[m[K
[4.891s] [01m[K/home/zuki/GalacticRacing/sim_ws/src/gap_follow/src/reactive_node.cpp:[m[K In member function ‘[01m[Kvoid ReactiveFollowGap::find_max_gap(float*, int*)[m[K’:
[4.892s] [01m[K/home/zuki/GalacticRacing/sim_ws/src/gap_follow/src/reactive_node.cpp:32:30:[m[K [01;35m[Kwarning: [m[Kunused parameter ‘[01m[Kranges[m[K’ [[01;35m[K-Wunused-parameter[m[K]
[4.892s]    32 |     void find_max_gap([01;35m[Kfloat* ranges[m[K, int* indice)
[4.892s]       |                       [01;35m[K~~~~~~~^~~~~~[m[K
[4.892s] [01m[K/home/zuki/GalacticRacing/sim_ws/src/gap_follow/src/reactive_node.cpp:32:43:[m[K [01;35m[Kwarning: [m[Kunused parameter ‘[01m[Kindice[m[K’ [[01;35m[K-Wunused-parameter[m[K]
[4.892s]    32 |     void find_max_gap(float* ranges, [01;35m[Kint* indice[m[K)
[4.892s]       |                                      [01;35m[K~~~~~^~~~~~[m[K
[4.892s] [01m[K/home/zuki/GalacticRacing/sim_ws/src/gap_follow/src/reactive_node.cpp:[m[K In member function ‘[01m[Kvoid ReactiveFollowGap::find_best_point(float*, int*)[m[K’:
[4.892s] [01m[K/home/zuki/GalacticRacing/sim_ws/src/gap_follow/src/reactive_node.cpp:38:33:[m[K [01;35m[Kwarning: [m[Kunused parameter ‘[01m[Kranges[m[K’ [[01;35m[K-Wunused-parameter[m[K]
[4.893s]    38 |     void find_best_point([01;35m[Kfloat* ranges[m[K, int* indice)
[4.895s]       |                          [01;35m[K~~~~~~~^~~~~~[m[K
[4.896s] [01m[K/home/zuki/GalacticRacing/sim_ws/src/gap_follow/src/reactive_node.cpp:38:46:[m[K [01;35m[Kwarning: [m[Kunused parameter ‘[01m[Kindice[m[K’ [[01;35m[K-Wunused-parameter[m[K]
[4.896s]    38 |     void find_best_point(float* ranges, [01;35m[Kint* indice[m[K)
[4.897s]       |                                         [01;35m[K~~~~~^~~~~~[m[K
[4.897s] [01m[K/home/zuki/GalacticRacing/sim_ws/src/gap_follow/src/reactive_node.cpp:[m[K In member function ‘[01m[Kvoid ReactiveFollowGap::lidar_callback(sensor_msgs::msg::LaserScan_<std::allocator<void> >::ConstSharedPtr)[m[K’:
[4.898s] [01m[K/home/zuki/GalacticRacing/sim_ws/src/gap_follow/src/reactive_node.cpp:47:75:[m[K [01;35m[Kwarning: [m[Kunused parameter ‘[01m[Kscan_msg[m[K’ [[01;35m[K-Wunused-parameter[m[K]
[4.898s]    47 | k([01;35m[Kconst sensor_msgs::msg::LaserScan::ConstSharedPtr scan_msg[m[K)
[4.899s]       |   [01;35m[K~~~~~~~~~~~~~~~~~~~~~~~~~~~~~~~~~~~~~~~~~~~~~~~~~~^~~~~~~~[m[K
[4.899s] 
[5.610s] [100%] [32m[1mLinking CXX executable reactive_node[0m
[5.784s] [100%] Built target reactive_node
[6.146s] Invoked command in '/home/zuki/GalacticRacing/sim_ws/build/gap_follow' returned '0': CMAKE_PREFIX_PATH=${CMAKE_PREFIX_PATH}:/home/zuki/GalacticRacing/sim_ws/install/particle_filter:/home/zuki/GalacticRacing/sim_ws/install/f1tenth_gym_ros:/opt/ros/foxy /usr/bin/cmake --build /home/zuki/GalacticRacing/sim_ws/build/gap_follow -- -j8 -l8
[6.561s] Invoking command in '/home/zuki/GalacticRacing/sim_ws/build/gap_follow': CMAKE_PREFIX_PATH=${CMAKE_PREFIX_PATH}:/home/zuki/GalacticRacing/sim_ws/install/particle_filter:/home/zuki/GalacticRacing/sim_ws/install/f1tenth_gym_ros:/opt/ros/foxy /usr/bin/cmake --install /home/zuki/GalacticRacing/sim_ws/build/gap_follow
[6.609s] -- Install configuration: ""
[6.609s] -- Installing: /home/zuki/GalacticRacing/sim_ws/install/gap_follow/lib/gap_follow/reactive_node
[6.610s] -- Set runtime path of "/home/zuki/GalacticRacing/sim_ws/install/gap_follow/lib/gap_follow/reactive_node" to ""
[6.617s] -- Up-to-date: /home/zuki/GalacticRacing/sim_ws/install/gap_follow/share/gap_follow/environment/pythonpath.sh
[6.618s] -- Installing: /home/zuki/GalacticRacing/sim_ws/install/gap_follow/share/gap_follow/environment/pythonpath.dsv
[6.618s] -- Up-to-date: /home/zuki/GalacticRacing/sim_ws/install/gap_follow/lib/python3.8/site-packages/gap_follow
[6.618s] -- Up-to-date: /home/zuki/GalacticRacing/sim_ws/install/gap_follow/lib/python3.8/site-packages/gap_follow/helper.py
[6.618s] -- Up-to-date: /home/zuki/GalacticRacing/sim_ws/install/gap_follow/lib/python3.8/site-packages/gap_follow/__init__.py
[6.618s] -- Up-to-date: /home/zuki/GalacticRacing/sim_ws/install/gap_follow/lib/python3.8/site-packages/gap_follow/variables.py
[6.642s] Listing '/home/zuki/GalacticRacing/sim_ws/install/gap_follow/lib/python3.8/site-packages/gap_follow'...
[6.642s] Compiling '/home/zuki/GalacticRacing/sim_ws/install/gap_follow/lib/python3.8/site-packages/gap_follow/__init__.py'...
[6.642s] Compiling '/home/zuki/GalacticRacing/sim_ws/install/gap_follow/lib/python3.8/site-packages/gap_follow/helper.py'...
[6.642s] Compiling '/home/zuki/GalacticRacing/sim_ws/install/gap_follow/lib/python3.8/site-packages/gap_follow/variables.py'...
[6.649s] -- Up-to-date: /home/zuki/GalacticRacing/sim_ws/install/gap_follow/lib/gap_follow/reactive_node.py
[6.649s] -- Up-to-date: /home/zuki/GalacticRacing/sim_ws/install/gap_follow/share/ament_index/resource_index/package_run_dependencies/gap_follow
[6.650s] -- Installing: /home/zuki/GalacticRacing/sim_ws/install/gap_follow/share/ament_index/resource_index/parent_prefix_path/gap_follow
[6.650s] -- Installing: /home/zuki/GalacticRacing/sim_ws/install/gap_follow/share/gap_follow/environment/ament_prefix_path.sh
[6.650s] -- Installing: /home/zuki/GalacticRacing/sim_ws/install/gap_follow/share/gap_follow/environment/ament_prefix_path.dsv
[6.650s] -- Installing: /home/zuki/GalacticRacing/sim_ws/install/gap_follow/share/gap_follow/environment/path.sh
[6.650s] -- Installing: /home/zuki/GalacticRacing/sim_ws/install/gap_follow/share/gap_follow/environment/path.dsv
[6.650s] -- Up-to-date: /home/zuki/GalacticRacing/sim_ws/install/gap_follow/share/gap_follow/local_setup.bash
[6.650s] -- Up-to-date: /home/zuki/GalacticRacing/sim_ws/install/gap_follow/share/gap_follow/local_setup.sh
[6.650s] -- Up-to-date: /home/zuki/GalacticRacing/sim_ws/install/gap_follow/share/gap_follow/local_setup.zsh
[6.650s] -- Installing: /home/zuki/GalacticRacing/sim_ws/install/gap_follow/share/gap_follow/local_setup.dsv
[6.650s] -- Installing: /home/zuki/GalacticRacing/sim_ws/install/gap_follow/share/gap_follow/package.dsv
[6.650s] -- Up-to-date: /home/zuki/GalacticRacing/sim_ws/install/gap_follow/share/ament_index/resource_index/packages/gap_follow
[6.650s] -- Up-to-date: /home/zuki/GalacticRacing/sim_ws/install/gap_follow/share/gap_follow/cmake/gap_followConfig.cmake
[6.650s] -- Up-to-date: /home/zuki/GalacticRacing/sim_ws/install/gap_follow/share/gap_follow/cmake/gap_followConfig-version.cmake
[6.650s] -- Up-to-date: /home/zuki/GalacticRacing/sim_ws/install/gap_follow/share/gap_follow/package.xml
[6.652s] Invoked command in '/home/zuki/GalacticRacing/sim_ws/build/gap_follow' returned '0': CMAKE_PREFIX_PATH=${CMAKE_PREFIX_PATH}:/home/zuki/GalacticRacing/sim_ws/install/particle_filter:/home/zuki/GalacticRacing/sim_ws/install/f1tenth_gym_ros:/opt/ros/foxy /usr/bin/cmake --install /home/zuki/GalacticRacing/sim_ws/build/gap_follow
