[0.869s] Invoking command in '/home/zuki/GalacticRacing/sim_ws/build/wall_follow': CMAKE_PREFIX_PATH=${CMAKE_PREFIX_PATH}:/home/zuki/GalacticRacing/sim_ws/install/particle_filter:/home/zuki/GalacticRacing/sim_ws/install/f1tenth_gym_ros:/opt/ros/foxy /usr/bin/cmake --build /home/zuki/GalacticRacing/sim_ws/build/wall_follow -- -j8 -l8
[0.981s] [100%] Built target wall_follow_node
[1.240s] Invoked command in '/home/zuki/GalacticRacing/sim_ws/build/wall_follow' returned '0': CMAKE_PREFIX_PATH=${CMAKE_PREFIX_PATH}:/home/zuki/GalacticRacing/sim_ws/install/particle_filter:/home/zuki/GalacticRacing/sim_ws/install/f1tenth_gym_ros:/opt/ros/foxy /usr/bin/cmake --build /home/zuki/GalacticRacing/sim_ws/build/wall_follow -- -j8 -l8
[1.772s] Invoking command in '/home/zuki/GalacticRacing/sim_ws/build/wall_follow': CMAKE_PREFIX_PATH=${CMAKE_PREFIX_PATH}:/home/zuki/GalacticRacing/sim_ws/install/particle_filter:/home/zuki/GalacticRacing/sim_ws/install/f1tenth_gym_ros:/opt/ros/foxy /usr/bin/cmake --install /home/zuki/GalacticRacing/sim_ws/build/wall_follow
[2.779s] -- Install configuration: ""
[2.779s] -- Up-to-date: /home/zuki/GalacticRacing/sim_ws/install/wall_follow/lib/wall_follow/wall_follow_node
[2.780s] -- Up-to-date: /home/zuki/GalacticRacing/sim_ws/install/wall_follow/share/wall_follow/environment/pythonpath.sh
[2.781s] -- Up-to-date: /home/zuki/GalacticRacing/sim_ws/install/wall_follow/share/wall_follow/environment/pythonpath.dsv
[2.781s] -- Up-to-date: /home/zuki/GalacticRacing/sim_ws/install/wall_follow/lib/python3.8/site-packages/wall_follow
[2.781s] -- Up-to-date: /home/zuki/GalacticRacing/sim_ws/install/wall_follow/lib/python3.8/site-packages/wall_follow/__init__.py
[2.781s] Listing '/home/zuki/GalacticRacing/sim_ws/install/wall_follow/lib/python3.8/site-packages/wall_follow'...
[2.782s] -- Up-to-date: /home/zuki/GalacticRacing/sim_ws/install/wall_follow/lib/wall_follow/wall_follow_node.py
[2.782s] -- Up-to-date: /home/zuki/GalacticRacing/sim_ws/install/wall_follow/share/ament_index/resource_index/package_run_dependencies/wall_follow
[2.782s] -- Up-to-date: /home/zuki/GalacticRacing/sim_ws/install/wall_follow/share/ament_index/resource_index/parent_prefix_path/wall_follow
[2.782s] -- Up-to-date: /home/zuki/GalacticRacing/sim_ws/install/wall_follow/share/wall_follow/environment/ament_prefix_path.sh
[2.782s] -- Up-to-date: /home/zuki/GalacticRacing/sim_ws/install/wall_follow/share/wall_follow/environment/ament_prefix_path.dsv
[2.787s] -- Up-to-date: /home/zuki/GalacticRacing/sim_ws/install/wall_follow/share/wall_follow/environment/path.sh
[2.788s] -- Up-to-date: /home/zuki/GalacticRacing/sim_ws/install/wall_follow/share/wall_follow/environment/path.dsv
[2.788s] -- Up-to-date: /home/zuki/GalacticRacing/sim_ws/install/wall_follow/share/wall_follow/local_setup.bash
[2.788s] -- Up-to-date: /home/zuki/GalacticRacing/sim_ws/install/wall_follow/share/wall_follow/local_setup.sh
[2.788s] -- Up-to-date: /home/zuki/GalacticRacing/sim_ws/install/wall_follow/share/wall_follow/local_setup.zsh
[2.788s] -- Up-to-date: /home/zuki/GalacticRacing/sim_ws/install/wall_follow/share/wall_follow/local_setup.dsv
[2.788s] -- Installing: /home/zuki/GalacticRacing/sim_ws/install/wall_follow/share/wall_follow/package.dsv
[2.788s] -- Up-to-date: /home/zuki/GalacticRacing/sim_ws/install/wall_follow/share/ament_index/resource_index/packages/wall_follow
[2.788s] -- Up-to-date: /home/zuki/GalacticRacing/sim_ws/install/wall_follow/share/wall_follow/cmake/wall_followConfig.cmake
[2.789s] -- Up-to-date: /home/zuki/GalacticRacing/sim_ws/install/wall_follow/share/wall_follow/cmake/wall_followConfig-version.cmake
[2.789s] -- Up-to-date: /home/zuki/GalacticRacing/sim_ws/install/wall_follow/share/wall_follow/package.xml
[2.789s] Invoked command in '/home/zuki/GalacticRacing/sim_ws/build/wall_follow' returned '0': CMAKE_PREFIX_PATH=${CMAKE_PREFIX_PATH}:/home/zuki/GalacticRacing/sim_ws/install/particle_filter:/home/zuki/GalacticRacing/sim_ws/install/f1tenth_gym_ros:/opt/ros/foxy /usr/bin/cmake --install /home/zuki/GalacticRacing/sim_ws/build/wall_follow
