[0.162s] DEBUG:colcon:Command line arguments: ['/usr/bin/colcon', 'build']
[0.162s] DEBUG:colcon:Parsed command line arguments: Namespace(allow_overriding=[], ament_cmake_args=None, base_paths=['.'], build_base='build', catkin_cmake_args=None, catkin_skip_building_tests=False, cmake_args=None, cmake_clean_cache=False, cmake_clean_first=False, cmake_force_configure=False, cmake_target=None, cmake_target_skip_unavailable=False, continue_on_error=False, event_handlers=None, executor='parallel', ignore_user_meta=False, install_base='install', log_base=None, log_level=None, main=<bound method BuildVerb.main of <colcon_core.verb.build.BuildVerb object at 0x7fd5b0f86eb0>>, merge_install=False, metas=['./colcon.meta'], packages_above=None, packages_above_and_dependencies=None, packages_above_depth=None, packages_end=None, packages_ignore=None, packages_ignore_regex=None, packages_select=None, packages_select_build_failed=False, packages_select_by_dep=None, packages_select_regex=None, packages_select_test_failures=False, packages_skip=None, packages_skip_build_finished=False, packages_skip_by_dep=None, packages_skip_regex=None, packages_skip_test_passed=False, packages_skip_up_to=None, packages_start=None, packages_up_to=None, packages_up_to_regex=None, parallel_workers=6, paths=None, symlink_install=False, test_result_base=None, verb_extension=<colcon_core.verb.build.BuildVerb object at 0x7fd5b0f86eb0>, verb_name='build', verb_parser=<colcon_defaults.argument_parser.defaults.DefaultArgumentsDecorator object at 0x7fd5b0ea0a30>)
[0.282s] Level 1:colcon.colcon_core.package_discovery:discover_packages(colcon_meta) check parameters
[0.282s] Level 1:colcon.colcon_core.package_discovery:discover_packages(recursive) check parameters
[0.282s] Level 1:colcon.colcon_core.package_discovery:discover_packages(ignore) check parameters
[0.282s] Level 1:colcon.colcon_core.package_discovery:discover_packages(path) check parameters
[0.282s] Level 1:colcon.colcon_core.package_discovery:discover_packages(colcon_meta) discover
[0.282s] Level 1:colcon.colcon_core.package_discovery:discover_packages(recursive) discover
[0.282s] INFO:colcon.colcon_core.package_discovery:Crawling recursively for packages in '/home/zuki/GalacticRacing/sim_ws'
[0.282s] Level 1:colcon.colcon_core.package_identification:_identify(.) by extensions ['ignore', 'ignore_ament_install']
[0.282s] Level 1:colcon.colcon_core.package_identification:_identify(.) by extension 'ignore'
[0.282s] Level 1:colcon.colcon_core.package_identification:_identify(.) by extension 'ignore_ament_install'
[0.283s] Level 1:colcon.colcon_core.package_identification:_identify(.) by extensions ['colcon_pkg']
[0.283s] Level 1:colcon.colcon_core.package_identification:_identify(.) by extension 'colcon_pkg'
[0.283s] Level 1:colcon.colcon_core.package_identification:_identify(.) by extensions ['colcon_meta']
[0.283s] Level 1:colcon.colcon_core.package_identification:_identify(.) by extension 'colcon_meta'
[0.283s] Level 1:colcon.colcon_core.package_identification:_identify(.) by extensions ['ros']
[0.283s] Level 1:colcon.colcon_core.package_identification:_identify(.) by extension 'ros'
[0.291s] Level 1:colcon.colcon_core.package_identification:_identify(.) by extensions ['cmake', 'python']
[0.291s] Level 1:colcon.colcon_core.package_identification:_identify(.) by extension 'cmake'
[0.291s] Level 1:colcon.colcon_core.package_identification:_identify(.) by extension 'python'
[0.291s] Level 1:colcon.colcon_core.package_identification:_identify(.) by extensions ['python_setup_py']
[0.291s] Level 1:colcon.colcon_core.package_identification:_identify(.) by extension 'python_setup_py'
[0.292s] Level 1:colcon.colcon_core.package_identification:_identify(build) by extensions ['ignore', 'ignore_ament_install']
[0.292s] Level 1:colcon.colcon_core.package_identification:_identify(build) by extension 'ignore'
[0.292s] Level 1:colcon.colcon_core.package_identification:_identify(build) ignored
[0.292s] Level 1:colcon.colcon_core.package_identification:_identify(install) by extensions ['ignore', 'ignore_ament_install']
[0.292s] Level 1:colcon.colcon_core.package_identification:_identify(install) by extension 'ignore'
[0.292s] Level 1:colcon.colcon_core.package_identification:_identify(install) ignored
[0.292s] Level 1:colcon.colcon_core.package_identification:_identify(lab5_pkg) by extensions ['ignore', 'ignore_ament_install']
[0.292s] Level 1:colcon.colcon_core.package_identification:_identify(lab5_pkg) by extension 'ignore'
[0.292s] Level 1:colcon.colcon_core.package_identification:_identify(lab5_pkg) by extension 'ignore_ament_install'
[0.292s] Level 1:colcon.colcon_core.package_identification:_identify(lab5_pkg) by extensions ['colcon_pkg']
[0.292s] Level 1:colcon.colcon_core.package_identification:_identify(lab5_pkg) by extension 'colcon_pkg'
[0.292s] Level 1:colcon.colcon_core.package_identification:_identify(lab5_pkg) by extensions ['colcon_meta']
[0.292s] Level 1:colcon.colcon_core.package_identification:_identify(lab5_pkg) by extension 'colcon_meta'
[0.292s] Level 1:colcon.colcon_core.package_identification:_identify(lab5_pkg) by extensions ['ros']
[0.292s] Level 1:colcon.colcon_core.package_identification:_identify(lab5_pkg) by extension 'ros'
[0.294s] DEBUG:colcon.colcon_core.package_identification:Package 'lab5_pkg' with type 'ros.ament_cmake' and name 'lab5_pkg'
[0.295s] Level 1:colcon.colcon_core.package_identification:_identify(log) by extensions ['ignore', 'ignore_ament_install']
[0.295s] Level 1:colcon.colcon_core.package_identification:_identify(log) by extension 'ignore'
[0.295s] Level 1:colcon.colcon_core.package_identification:_identify(log) ignored
[0.295s] Level 1:colcon.colcon_core.package_identification:_identify(range_libc) by extensions ['ignore', 'ignore_ament_install']
[0.295s] Level 1:colcon.colcon_core.package_identification:_identify(range_libc) by extension 'ignore'
[0.295s] Level 1:colcon.colcon_core.package_identification:_identify(range_libc) by extension 'ignore_ament_install'
[0.295s] Level 1:colcon.colcon_core.package_identification:_identify(range_libc) by extensions ['colcon_pkg']
[0.295s] Level 1:colcon.colcon_core.package_identification:_identify(range_libc) by extension 'colcon_pkg'
[0.295s] Level 1:colcon.colcon_core.package_identification:_identify(range_libc) by extensions ['colcon_meta']
[0.295s] Level 1:colcon.colcon_core.package_identification:_identify(range_libc) by extension 'colcon_meta'
[0.295s] Level 1:colcon.colcon_core.package_identification:_identify(range_libc) by extensions ['ros']
[0.295s] Level 1:colcon.colcon_core.package_identification:_identify(range_libc) by extension 'ros'
[0.295s] Level 1:colcon.colcon_core.package_identification:_identify(range_libc) by extensions ['cmake', 'python']
[0.295s] Level 1:colcon.colcon_core.package_identification:_identify(range_libc) by extension 'cmake'
[0.303s] Level 1:colcon.colcon_core.package_identification:_identify(range_libc) by extension 'python'
[0.303s] DEBUG:colcon.colcon_core.package_identification:Package 'range_libc' with type 'cmake' and name 'range_lib'
[0.303s] Level 1:colcon.colcon_core.package_identification:_identify(src) by extensions ['ignore', 'ignore_ament_install']
[0.303s] Level 1:colcon.colcon_core.package_identification:_identify(src) by extension 'ignore'
[0.303s] Level 1:colcon.colcon_core.package_identification:_identify(src) by extension 'ignore_ament_install'
[0.303s] Level 1:colcon.colcon_core.package_identification:_identify(src) by extensions ['colcon_pkg']
[0.303s] Level 1:colcon.colcon_core.package_identification:_identify(src) by extension 'colcon_pkg'
[0.303s] Level 1:colcon.colcon_core.package_identification:_identify(src) by extensions ['colcon_meta']
[0.303s] Level 1:colcon.colcon_core.package_identification:_identify(src) by extension 'colcon_meta'
[0.303s] Level 1:colcon.colcon_core.package_identification:_identify(src) by extensions ['ros']
[0.303s] Level 1:colcon.colcon_core.package_identification:_identify(src) by extension 'ros'
[0.303s] Level 1:colcon.colcon_core.package_identification:_identify(src) by extensions ['cmake', 'python']
[0.304s] Level 1:colcon.colcon_core.package_identification:_identify(src) by extension 'cmake'
[0.304s] Level 1:colcon.colcon_core.package_identification:_identify(src) by extension 'python'
[0.304s] Level 1:colcon.colcon_core.package_identification:_identify(src) by extensions ['python_setup_py']
[0.304s] Level 1:colcon.colcon_core.package_identification:_identify(src) by extension 'python_setup_py'
[0.304s] Level 1:colcon.colcon_core.package_identification:_identify(src/f1tenth_gym_ros) by extensions ['ignore', 'ignore_ament_install']
[0.304s] Level 1:colcon.colcon_core.package_identification:_identify(src/f1tenth_gym_ros) by extension 'ignore'
[0.304s] Level 1:colcon.colcon_core.package_identification:_identify(src/f1tenth_gym_ros) by extension 'ignore_ament_install'
[0.304s] Level 1:colcon.colcon_core.package_identification:_identify(src/f1tenth_gym_ros) by extensions ['colcon_pkg']
[0.304s] Level 1:colcon.colcon_core.package_identification:_identify(src/f1tenth_gym_ros) by extension 'colcon_pkg'
[0.304s] Level 1:colcon.colcon_core.package_identification:_identify(src/f1tenth_gym_ros) by extensions ['colcon_meta']
[0.304s] Level 1:colcon.colcon_core.package_identification:_identify(src/f1tenth_gym_ros) by extension 'colcon_meta'
[0.304s] Level 1:colcon.colcon_core.package_identification:_identify(src/f1tenth_gym_ros) by extensions ['ros']
[0.304s] Level 1:colcon.colcon_core.package_identification:_identify(src/f1tenth_gym_ros) by extension 'ros'
[0.304s] DEBUG:colcon.colcon_core.package_identification:Package 'src/f1tenth_gym_ros' with type 'ros.ament_python' and name 'f1tenth_gym_ros'
[0.305s] Level 1:colcon.colcon_core.package_identification:_identify(src/gap_follow) by extensions ['ignore', 'ignore_ament_install']
[0.305s] Level 1:colcon.colcon_core.package_identification:_identify(src/gap_follow) by extension 'ignore'
[0.305s] Level 1:colcon.colcon_core.package_identification:_identify(src/gap_follow) by extension 'ignore_ament_install'
[0.305s] Level 1:colcon.colcon_core.package_identification:_identify(src/gap_follow) by extensions ['colcon_pkg']
[0.305s] Level 1:colcon.colcon_core.package_identification:_identify(src/gap_follow) by extension 'colcon_pkg'
[0.305s] Level 1:colcon.colcon_core.package_identification:_identify(src/gap_follow) by extensions ['colcon_meta']
[0.305s] Level 1:colcon.colcon_core.package_identification:_identify(src/gap_follow) by extension 'colcon_meta'
[0.305s] Level 1:colcon.colcon_core.package_identification:_identify(src/gap_follow) by extensions ['ros']
[0.305s] Level 1:colcon.colcon_core.package_identification:_identify(src/gap_follow) by extension 'ros'
[0.305s] DEBUG:colcon.colcon_core.package_identification:Package 'src/gap_follow' with type 'ros.ament_cmake' and name 'gap_follow'
[0.306s] Level 1:colcon.colcon_core.package_identification:_identify(src/particle_filter) by extensions ['ignore', 'ignore_ament_install']
[0.306s] Level 1:colcon.colcon_core.package_identification:_identify(src/particle_filter) by extension 'ignore'
[0.306s] Level 1:colcon.colcon_core.package_identification:_identify(src/particle_filter) by extension 'ignore_ament_install'
[0.306s] Level 1:colcon.colcon_core.package_identification:_identify(src/particle_filter) by extensions ['colcon_pkg']
[0.306s] Level 1:colcon.colcon_core.package_identification:_identify(src/particle_filter) by extension 'colcon_pkg'
[0.306s] Level 1:colcon.colcon_core.package_identification:_identify(src/particle_filter) by extensions ['colcon_meta']
[0.306s] Level 1:colcon.colcon_core.package_identification:_identify(src/particle_filter) by extension 'colcon_meta'
[0.306s] Level 1:colcon.colcon_core.package_identification:_identify(src/particle_filter) by extensions ['ros']
[0.306s] Level 1:colcon.colcon_core.package_identification:_identify(src/particle_filter) by extension 'ros'
[0.307s] DEBUG:colcon.colcon_core.package_identification:Package 'src/particle_filter' with type 'ros.ament_python' and name 'particle_filter'
[0.307s] Level 1:colcon.colcon_core.package_identification:_identify(src/pure_pursuit) by extensions ['ignore', 'ignore_ament_install']
[0.307s] Level 1:colcon.colcon_core.package_identification:_identify(src/pure_pursuit) by extension 'ignore'
[0.307s] Level 1:colcon.colcon_core.package_identification:_identify(src/pure_pursuit) by extension 'ignore_ament_install'
[0.307s] Level 1:colcon.colcon_core.package_identification:_identify(src/pure_pursuit) by extensions ['colcon_pkg']
[0.307s] Level 1:colcon.colcon_core.package_identification:_identify(src/pure_pursuit) by extension 'colcon_pkg'
[0.307s] Level 1:colcon.colcon_core.package_identification:_identify(src/pure_pursuit) by extensions ['colcon_meta']
[0.307s] Level 1:colcon.colcon_core.package_identification:_identify(src/pure_pursuit) by extension 'colcon_meta'
[0.307s] Level 1:colcon.colcon_core.package_identification:_identify(src/pure_pursuit) by extensions ['ros']
[0.307s] Level 1:colcon.colcon_core.package_identification:_identify(src/pure_pursuit) by extension 'ros'
[0.308s] DEBUG:colcon.colcon_core.package_identification:Package 'src/pure_pursuit' with type 'ros.ament_cmake' and name 'pure_pursuit'
[0.308s] Level 1:colcon.colcon_core.package_identification:_identify(src/safety_node) by extensions ['ignore', 'ignore_ament_install']
[0.308s] Level 1:colcon.colcon_core.package_identification:_identify(src/safety_node) by extension 'ignore'
[0.308s] Level 1:colcon.colcon_core.package_identification:_identify(src/safety_node) by extension 'ignore_ament_install'
[0.308s] Level 1:colcon.colcon_core.package_identification:_identify(src/safety_node) by extensions ['colcon_pkg']
[0.308s] Level 1:colcon.colcon_core.package_identification:_identify(src/safety_node) by extension 'colcon_pkg'
[0.308s] Level 1:colcon.colcon_core.package_identification:_identify(src/safety_node) by extensions ['colcon_meta']
[0.308s] Level 1:colcon.colcon_core.package_identification:_identify(src/safety_node) by extension 'colcon_meta'
[0.308s] Level 1:colcon.colcon_core.package_identification:_identify(src/safety_node) by extensions ['ros']
[0.308s] Level 1:colcon.colcon_core.package_identification:_identify(src/safety_node) by extension 'ros'
[0.309s] DEBUG:colcon.colcon_core.package_identification:Package 'src/safety_node' with type 'ros.ament_cmake' and name 'safety_node'
[0.309s] Level 1:colcon.colcon_core.package_identification:_identify(src/wall_follow) by extensions ['ignore', 'ignore_ament_install']
[0.309s] Level 1:colcon.colcon_core.package_identification:_identify(src/wall_follow) by extension 'ignore'
[0.309s] Level 1:colcon.colcon_core.package_identification:_identify(src/wall_follow) by extension 'ignore_ament_install'
[0.309s] Level 1:colcon.colcon_core.package_identification:_identify(src/wall_follow) by extensions ['colcon_pkg']
[0.309s] Level 1:colcon.colcon_core.package_identification:_identify(src/wall_follow) by extension 'colcon_pkg'
[0.309s] Level 1:colcon.colcon_core.package_identification:_identify(src/wall_follow) by extensions ['colcon_meta']
[0.309s] Level 1:colcon.colcon_core.package_identification:_identify(src/wall_follow) by extension 'colcon_meta'
[0.309s] Level 1:colcon.colcon_core.package_identification:_identify(src/wall_follow) by extensions ['ros']
[0.309s] Level 1:colcon.colcon_core.package_identification:_identify(src/wall_follow) by extension 'ros'
[0.310s] DEBUG:colcon.colcon_core.package_identification:Package 'src/wall_follow' with type 'ros.ament_cmake' and name 'wall_follow'
[0.310s] Level 1:colcon.colcon_core.package_identification:_identify(src/waypoint_logger) by extensions ['ignore', 'ignore_ament_install']
[0.310s] Level 1:colcon.colcon_core.package_identification:_identify(src/waypoint_logger) by extension 'ignore'
[0.310s] Level 1:colcon.colcon_core.package_identification:_identify(src/waypoint_logger) by extension 'ignore_ament_install'
[0.310s] Level 1:colcon.colcon_core.package_identification:_identify(src/waypoint_logger) by extensions ['colcon_pkg']
[0.310s] Level 1:colcon.colcon_core.package_identification:_identify(src/waypoint_logger) by extension 'colcon_pkg'
[0.310s] Level 1:colcon.colcon_core.package_identification:_identify(src/waypoint_logger) by extensions ['colcon_meta']
[0.310s] Level 1:colcon.colcon_core.package_identification:_identify(src/waypoint_logger) by extension 'colcon_meta'
[0.310s] Level 1:colcon.colcon_core.package_identification:_identify(src/waypoint_logger) by extensions ['ros']
[0.310s] Level 1:colcon.colcon_core.package_identification:_identify(src/waypoint_logger) by extension 'ros'
[0.311s] DEBUG:colcon.colcon_core.package_identification:Package 'src/waypoint_logger' with type 'ros.ament_cmake' and name 'waypoint_logger'
[0.311s] Level 1:colcon.colcon_core.package_discovery:discover_packages(recursive) using defaults
[0.311s] Level 1:colcon.colcon_core.package_discovery:discover_packages(ignore) discover
[0.311s] Level 1:colcon.colcon_core.package_discovery:discover_packages(ignore) using defaults
[0.311s] Level 1:colcon.colcon_core.package_discovery:discover_packages(path) discover
[0.311s] Level 1:colcon.colcon_core.package_discovery:discover_packages(path) using defaults
[0.325s] Level 1:colcon.colcon_core.package_discovery:discover_packages(prefix_path) check parameters
[0.325s] Level 1:colcon.colcon_core.package_discovery:discover_packages(prefix_path) discover
[0.326s] DEBUG:colcon.colcon_installed_package_information.package_discovery:Found 8 installed packages in /home/zuki/GalacticRacing/sim_ws/install
[0.329s] DEBUG:colcon.colcon_installed_package_information.package_discovery:Found 302 installed packages in /opt/ros/foxy
[0.338s] Level 1:colcon.colcon_core.package_discovery:discover_packages(prefix_path) using defaults
[0.386s] Level 5:colcon.colcon_core.verb:set package 'f1tenth_gym_ros' build argument 'cmake_args' from command line to 'None'
[0.386s] Level 5:colcon.colcon_core.verb:set package 'f1tenth_gym_ros' build argument 'cmake_target' from command line to 'None'
[0.386s] Level 5:colcon.colcon_core.verb:set package 'f1tenth_gym_ros' build argument 'cmake_target_skip_unavailable' from command line to 'False'
[0.386s] Level 5:colcon.colcon_core.verb:set package 'f1tenth_gym_ros' build argument 'cmake_clean_cache' from command line to 'False'
[0.386s] Level 5:colcon.colcon_core.verb:set package 'f1tenth_gym_ros' build argument 'cmake_clean_first' from command line to 'False'
[0.386s] Level 5:colcon.colcon_core.verb:set package 'f1tenth_gym_ros' build argument 'cmake_force_configure' from command line to 'False'
[0.386s] Level 5:colcon.colcon_core.verb:set package 'f1tenth_gym_ros' build argument 'ament_cmake_args' from command line to 'None'
[0.386s] Level 5:colcon.colcon_core.verb:set package 'f1tenth_gym_ros' build argument 'catkin_cmake_args' from command line to 'None'
[0.386s] Level 5:colcon.colcon_core.verb:set package 'f1tenth_gym_ros' build argument 'catkin_skip_building_tests' from command line to 'False'
[0.386s] DEBUG:colcon.colcon_core.verb:Building package 'f1tenth_gym_ros' with the following arguments: {'ament_cmake_args': None, 'build_base': '/home/zuki/GalacticRacing/sim_ws/build/f1tenth_gym_ros', 'catkin_cmake_args': None, 'catkin_skip_building_tests': False, 'cmake_args': None, 'cmake_clean_cache': False, 'cmake_clean_first': False, 'cmake_force_configure': False, 'cmake_target': None, 'cmake_target_skip_unavailable': False, 'install_base': '/home/zuki/GalacticRacing/sim_ws/install/f1tenth_gym_ros', 'merge_install': False, 'path': '/home/zuki/GalacticRacing/sim_ws/src/f1tenth_gym_ros', 'symlink_install': False, 'test_result_base': None}
[0.386s] Level 5:colcon.colcon_core.verb:set package 'gap_follow' build argument 'cmake_args' from command line to 'None'
[0.386s] Level 5:colcon.colcon_core.verb:set package 'gap_follow' build argument 'cmake_target' from command line to 'None'
[0.386s] Level 5:colcon.colcon_core.verb:set package 'gap_follow' build argument 'cmake_target_skip_unavailable' from command line to 'False'
[0.387s] Level 5:colcon.colcon_core.verb:set package 'gap_follow' build argument 'cmake_clean_cache' from command line to 'False'
[0.387s] Level 5:colcon.colcon_core.verb:set package 'gap_follow' build argument 'cmake_clean_first' from command line to 'False'
[0.387s] Level 5:colcon.colcon_core.verb:set package 'gap_follow' build argument 'cmake_force_configure' from command line to 'False'
[0.387s] Level 5:colcon.colcon_core.verb:set package 'gap_follow' build argument 'ament_cmake_args' from command line to 'None'
[0.387s] Level 5:colcon.colcon_core.verb:set package 'gap_follow' build argument 'catkin_cmake_args' from command line to 'None'
[0.387s] Level 5:colcon.colcon_core.verb:set package 'gap_follow' build argument 'catkin_skip_building_tests' from command line to 'False'
[0.387s] DEBUG:colcon.colcon_core.verb:Building package 'gap_follow' with the following arguments: {'ament_cmake_args': None, 'build_base': '/home/zuki/GalacticRacing/sim_ws/build/gap_follow', 'catkin_cmake_args': None, 'catkin_skip_building_tests': False, 'cmake_args': None, 'cmake_clean_cache': False, 'cmake_clean_first': False, 'cmake_force_configure': False, 'cmake_target': None, 'cmake_target_skip_unavailable': False, 'install_base': '/home/zuki/GalacticRacing/sim_ws/install/gap_follow', 'merge_install': False, 'path': '/home/zuki/GalacticRacing/sim_ws/src/gap_follow', 'symlink_install': False, 'test_result_base': None}
[0.387s] Level 5:colcon.colcon_core.verb:set package 'lab5_pkg' build argument 'cmake_args' from command line to 'None'
[0.387s] Level 5:colcon.colcon_core.verb:set package 'lab5_pkg' build argument 'cmake_target' from command line to 'None'
[0.387s] Level 5:colcon.colcon_core.verb:set package 'lab5_pkg' build argument 'cmake_target_skip_unavailable' from command line to 'False'
[0.387s] Level 5:colcon.colcon_core.verb:set package 'lab5_pkg' build argument 'cmake_clean_cache' from command line to 'False'
[0.387s] Level 5:colcon.colcon_core.verb:set package 'lab5_pkg' build argument 'cmake_clean_first' from command line to 'False'
[0.387s] Level 5:colcon.colcon_core.verb:set package 'lab5_pkg' build argument 'cmake_force_configure' from command line to 'False'
[0.387s] Level 5:colcon.colcon_core.verb:set package 'lab5_pkg' build argument 'ament_cmake_args' from command line to 'None'
[0.387s] Level 5:colcon.colcon_core.verb:set package 'lab5_pkg' build argument 'catkin_cmake_args' from command line to 'None'
[0.387s] Level 5:colcon.colcon_core.verb:set package 'lab5_pkg' build argument 'catkin_skip_building_tests' from command line to 'False'
[0.387s] DEBUG:colcon.colcon_core.verb:Building package 'lab5_pkg' with the following arguments: {'ament_cmake_args': None, 'build_base': '/home/zuki/GalacticRacing/sim_ws/build/lab5_pkg', 'catkin_cmake_args': None, 'catkin_skip_building_tests': False, 'cmake_args': None, 'cmake_clean_cache': False, 'cmake_clean_first': False, 'cmake_force_configure': False, 'cmake_target': None, 'cmake_target_skip_unavailable': False, 'install_base': '/home/zuki/GalacticRacing/sim_ws/install/lab5_pkg', 'merge_install': False, 'path': '/home/zuki/GalacticRacing/sim_ws/lab5_pkg', 'symlink_install': False, 'test_result_base': None}
[0.387s] Level 5:colcon.colcon_core.verb:set package 'particle_filter' build argument 'cmake_args' from command line to 'None'
[0.387s] Level 5:colcon.colcon_core.verb:set package 'particle_filter' build argument 'cmake_target' from command line to 'None'
[0.387s] Level 5:colcon.colcon_core.verb:set package 'particle_filter' build argument 'cmake_target_skip_unavailable' from command line to 'False'
[0.387s] Level 5:colcon.colcon_core.verb:set package 'particle_filter' build argument 'cmake_clean_cache' from command line to 'False'
[0.387s] Level 5:colcon.colcon_core.verb:set package 'particle_filter' build argument 'cmake_clean_first' from command line to 'False'
[0.387s] Level 5:colcon.colcon_core.verb:set package 'particle_filter' build argument 'cmake_force_configure' from command line to 'False'
[0.387s] Level 5:colcon.colcon_core.verb:set package 'particle_filter' build argument 'ament_cmake_args' from command line to 'None'
[0.387s] Level 5:colcon.colcon_core.verb:set package 'particle_filter' build argument 'catkin_cmake_args' from command line to 'None'
[0.388s] Level 5:colcon.colcon_core.verb:set package 'particle_filter' build argument 'catkin_skip_building_tests' from command line to 'False'
[0.388s] DEBUG:colcon.colcon_core.verb:Building package 'particle_filter' with the following arguments: {'ament_cmake_args': None, 'build_base': '/home/zuki/GalacticRacing/sim_ws/build/particle_filter', 'catkin_cmake_args': None, 'catkin_skip_building_tests': False, 'cmake_args': None, 'cmake_clean_cache': False, 'cmake_clean_first': False, 'cmake_force_configure': False, 'cmake_target': None, 'cmake_target_skip_unavailable': False, 'install_base': '/home/zuki/GalacticRacing/sim_ws/install/particle_filter', 'merge_install': False, 'path': '/home/zuki/GalacticRacing/sim_ws/src/particle_filter', 'symlink_install': False, 'test_result_base': None}
[0.388s] Level 5:colcon.colcon_core.verb:set package 'pure_pursuit' build argument 'cmake_args' from command line to 'None'
[0.388s] Level 5:colcon.colcon_core.verb:set package 'pure_pursuit' build argument 'cmake_target' from command line to 'None'
[0.388s] Level 5:colcon.colcon_core.verb:set package 'pure_pursuit' build argument 'cmake_target_skip_unavailable' from command line to 'False'
[0.388s] Level 5:colcon.colcon_core.verb:set package 'pure_pursuit' build argument 'cmake_clean_cache' from command line to 'False'
[0.388s] Level 5:colcon.colcon_core.verb:set package 'pure_pursuit' build argument 'cmake_clean_first' from command line to 'False'
[0.388s] Level 5:colcon.colcon_core.verb:set package 'pure_pursuit' build argument 'cmake_force_configure' from command line to 'False'
[0.388s] Level 5:colcon.colcon_core.verb:set package 'pure_pursuit' build argument 'ament_cmake_args' from command line to 'None'
[0.388s] Level 5:colcon.colcon_core.verb:set package 'pure_pursuit' build argument 'catkin_cmake_args' from command line to 'None'
[0.388s] Level 5:colcon.colcon_core.verb:set package 'pure_pursuit' build argument 'catkin_skip_building_tests' from command line to 'False'
[0.388s] DEBUG:colcon.colcon_core.verb:Building package 'pure_pursuit' with the following arguments: {'ament_cmake_args': None, 'build_base': '/home/zuki/GalacticRacing/sim_ws/build/pure_pursuit', 'catkin_cmake_args': None, 'catkin_skip_building_tests': False, 'cmake_args': None, 'cmake_clean_cache': False, 'cmake_clean_first': False, 'cmake_force_configure': False, 'cmake_target': None, 'cmake_target_skip_unavailable': False, 'install_base': '/home/zuki/GalacticRacing/sim_ws/install/pure_pursuit', 'merge_install': False, 'path': '/home/zuki/GalacticRacing/sim_ws/src/pure_pursuit', 'symlink_install': False, 'test_result_base': None}
[0.388s] Level 5:colcon.colcon_core.verb:set package 'range_lib' build argument 'cmake_args' from command line to 'None'
[0.388s] Level 5:colcon.colcon_core.verb:set package 'range_lib' build argument 'cmake_target' from command line to 'None'
[0.388s] Level 5:colcon.colcon_core.verb:set package 'range_lib' build argument 'cmake_target_skip_unavailable' from command line to 'False'
[0.388s] Level 5:colcon.colcon_core.verb:set package 'range_lib' build argument 'cmake_clean_cache' from command line to 'False'
[0.388s] Level 5:colcon.colcon_core.verb:set package 'range_lib' build argument 'cmake_clean_first' from command line to 'False'
[0.388s] Level 5:colcon.colcon_core.verb:set package 'range_lib' build argument 'cmake_force_configure' from command line to 'False'
[0.388s] Level 5:colcon.colcon_core.verb:set package 'range_lib' build argument 'ament_cmake_args' from command line to 'None'
[0.388s] Level 5:colcon.colcon_core.verb:set package 'range_lib' build argument 'catkin_cmake_args' from command line to 'None'
[0.388s] Level 5:colcon.colcon_core.verb:set package 'range_lib' build argument 'catkin_skip_building_tests' from command line to 'False'
[0.388s] DEBUG:colcon.colcon_core.verb:Building package 'range_lib' with the following arguments: {'ament_cmake_args': None, 'build_base': '/home/zuki/GalacticRacing/sim_ws/build/range_lib', 'catkin_cmake_args': None, 'catkin_skip_building_tests': False, 'cmake_args': None, 'cmake_clean_cache': False, 'cmake_clean_first': False, 'cmake_force_configure': False, 'cmake_target': None, 'cmake_target_skip_unavailable': False, 'install_base': '/home/zuki/GalacticRacing/sim_ws/install/range_lib', 'merge_install': False, 'path': '/home/zuki/GalacticRacing/sim_ws/range_libc', 'symlink_install': False, 'test_result_base': None}
[0.389s] Level 5:colcon.colcon_core.verb:set package 'safety_node' build argument 'cmake_args' from command line to 'None'
[0.389s] Level 5:colcon.colcon_core.verb:set package 'safety_node' build argument 'cmake_target' from command line to 'None'
[0.389s] Level 5:colcon.colcon_core.verb:set package 'safety_node' build argument 'cmake_target_skip_unavailable' from command line to 'False'
[0.389s] Level 5:colcon.colcon_core.verb:set package 'safety_node' build argument 'cmake_clean_cache' from command line to 'False'
[0.389s] Level 5:colcon.colcon_core.verb:set package 'safety_node' build argument 'cmake_clean_first' from command line to 'False'
[0.389s] Level 5:colcon.colcon_core.verb:set package 'safety_node' build argument 'cmake_force_configure' from command line to 'False'
[0.389s] Level 5:colcon.colcon_core.verb:set package 'safety_node' build argument 'ament_cmake_args' from command line to 'None'
[0.389s] Level 5:colcon.colcon_core.verb:set package 'safety_node' build argument 'catkin_cmake_args' from command line to 'None'
[0.389s] Level 5:colcon.colcon_core.verb:set package 'safety_node' build argument 'catkin_skip_building_tests' from command line to 'False'
[0.389s] DEBUG:colcon.colcon_core.verb:Building package 'safety_node' with the following arguments: {'ament_cmake_args': None, 'build_base': '/home/zuki/GalacticRacing/sim_ws/build/safety_node', 'catkin_cmake_args': None, 'catkin_skip_building_tests': False, 'cmake_args': None, 'cmake_clean_cache': False, 'cmake_clean_first': False, 'cmake_force_configure': False, 'cmake_target': None, 'cmake_target_skip_unavailable': False, 'install_base': '/home/zuki/GalacticRacing/sim_ws/install/safety_node', 'merge_install': False, 'path': '/home/zuki/GalacticRacing/sim_ws/src/safety_node', 'symlink_install': False, 'test_result_base': None}
[0.389s] Level 5:colcon.colcon_core.verb:set package 'wall_follow' build argument 'cmake_args' from command line to 'None'
[0.389s] Level 5:colcon.colcon_core.verb:set package 'wall_follow' build argument 'cmake_target' from command line to 'None'
[0.389s] Level 5:colcon.colcon_core.verb:set package 'wall_follow' build argument 'cmake_target_skip_unavailable' from command line to 'False'
[0.389s] Level 5:colcon.colcon_core.verb:set package 'wall_follow' build argument 'cmake_clean_cache' from command line to 'False'
[0.389s] Level 5:colcon.colcon_core.verb:set package 'wall_follow' build argument 'cmake_clean_first' from command line to 'False'
[0.389s] Level 5:colcon.colcon_core.verb:set package 'wall_follow' build argument 'cmake_force_configure' from command line to 'False'
[0.389s] Level 5:colcon.colcon_core.verb:set package 'wall_follow' build argument 'ament_cmake_args' from command line to 'None'
[0.389s] Level 5:colcon.colcon_core.verb:set package 'wall_follow' build argument 'catkin_cmake_args' from command line to 'None'
[0.389s] Level 5:colcon.colcon_core.verb:set package 'wall_follow' build argument 'catkin_skip_building_tests' from command line to 'False'
[0.389s] DEBUG:colcon.colcon_core.verb:Building package 'wall_follow' with the following arguments: {'ament_cmake_args': None, 'build_base': '/home/zuki/GalacticRacing/sim_ws/build/wall_follow', 'catkin_cmake_args': None, 'catkin_skip_building_tests': False, 'cmake_args': None, 'cmake_clean_cache': False, 'cmake_clean_first': False, 'cmake_force_configure': False, 'cmake_target': None, 'cmake_target_skip_unavailable': False, 'install_base': '/home/zuki/GalacticRacing/sim_ws/install/wall_follow', 'merge_install': False, 'path': '/home/zuki/GalacticRacing/sim_ws/src/wall_follow', 'symlink_install': False, 'test_result_base': None}
[0.390s] Level 5:colcon.colcon_core.verb:set package 'waypoint_logger' build argument 'cmake_args' from command line to 'None'
[0.390s] Level 5:colcon.colcon_core.verb:set package 'waypoint_logger' build argument 'cmake_target' from command line to 'None'
[0.390s] Level 5:colcon.colcon_core.verb:set package 'waypoint_logger' build argument 'cmake_target_skip_unavailable' from command line to 'False'
[0.390s] Level 5:colcon.colcon_core.verb:set package 'waypoint_logger' build argument 'cmake_clean_cache' from command line to 'False'
[0.390s] Level 5:colcon.colcon_core.verb:set package 'waypoint_logger' build argument 'cmake_clean_first' from command line to 'False'
[0.390s] Level 5:colcon.colcon_core.verb:set package 'waypoint_logger' build argument 'cmake_force_configure' from command line to 'False'
[0.390s] Level 5:colcon.colcon_core.verb:set package 'waypoint_logger' build argument 'ament_cmake_args' from command line to 'None'
[0.390s] Level 5:colcon.colcon_core.verb:set package 'waypoint_logger' build argument 'catkin_cmake_args' from command line to 'None'
[0.390s] Level 5:colcon.colcon_core.verb:set package 'waypoint_logger' build argument 'catkin_skip_building_tests' from command line to 'False'
[0.390s] DEBUG:colcon.colcon_core.verb:Building package 'waypoint_logger' with the following arguments: {'ament_cmake_args': None, 'build_base': '/home/zuki/GalacticRacing/sim_ws/build/waypoint_logger', 'catkin_cmake_args': None, 'catkin_skip_building_tests': False, 'cmake_args': None, 'cmake_clean_cache': False, 'cmake_clean_first': False, 'cmake_force_configure': False, 'cmake_target': None, 'cmake_target_skip_unavailable': False, 'install_base': '/home/zuki/GalacticRacing/sim_ws/install/waypoint_logger', 'merge_install': False, 'path': '/home/zuki/GalacticRacing/sim_ws/src/waypoint_logger', 'symlink_install': False, 'test_result_base': None}
[0.390s] INFO:colcon.colcon_core.executor:Executing jobs using 'parallel' executor
[0.391s] DEBUG:colcon.colcon_parallel_executor.executor.parallel:run_until_complete
[0.391s] INFO:colcon.colcon_ros.task.ament_python.build:Building ROS package in '/home/zuki/GalacticRacing/sim_ws/src/f1tenth_gym_ros' with build type 'ament_python'
[0.392s] Level 1:colcon.colcon_core.shell:create_environment_hook('f1tenth_gym_ros', 'ament_prefix_path')
[0.396s] INFO:colcon.colcon_core.plugin_system:Skipping extension 'colcon_core.shell.bat': Not used on non-Windows systems
[0.398s] INFO:colcon.colcon_core.shell:Creating environment hook '/home/zuki/GalacticRacing/sim_ws/install/f1tenth_gym_ros/share/f1tenth_gym_ros/hook/ament_prefix_path.ps1'
[0.400s] INFO:colcon.colcon_core.shell:Creating environment descriptor '/home/zuki/GalacticRacing/sim_ws/install/f1tenth_gym_ros/share/f1tenth_gym_ros/hook/ament_prefix_path.dsv'
[0.401s] INFO:colcon.colcon_core.shell:Creating environment hook '/home/zuki/GalacticRacing/sim_ws/install/f1tenth_gym_ros/share/f1tenth_gym_ros/hook/ament_prefix_path.sh'
[0.401s] INFO:colcon.colcon_core.shell:Skip shell extension 'powershell' for command environment: Not usable outside of PowerShell
[0.401s] DEBUG:colcon.colcon_core.shell:Skip shell extension 'dsv' for command environment
[0.407s] INFO:colcon.colcon_ros.task.ament_cmake.build:Building ROS package in '/home/zuki/GalacticRacing/sim_ws/src/gap_follow' with build type 'ament_cmake'
[0.408s] INFO:colcon.colcon_cmake.task.cmake.build:Building CMake package in '/home/zuki/GalacticRacing/sim_ws/src/gap_follow'
[0.408s] INFO:colcon.colcon_core.shell:Skip shell extension 'powershell' for command environment: Not usable outside of PowerShell
[0.410s] DEBUG:colcon.colcon_core.shell:Skip shell extension 'dsv' for command environment
[0.415s] INFO:colcon.colcon_ros.task.ament_cmake.build:Building ROS package in '/home/zuki/GalacticRacing/sim_ws/lab5_pkg' with build type 'ament_cmake'
[0.416s] INFO:colcon.colcon_cmake.task.cmake.build:Building CMake package in '/home/zuki/GalacticRacing/sim_ws/lab5_pkg'
[0.416s] INFO:colcon.colcon_core.shell:Skip shell extension 'powershell' for command environment: Not usable outside of PowerShell
[0.417s] DEBUG:colcon.colcon_core.shell:Skip shell extension 'dsv' for command environment
[0.426s] INFO:colcon.colcon_ros.task.ament_python.build:Building ROS package in '/home/zuki/GalacticRacing/sim_ws/src/particle_filter' with build type 'ament_python'
[0.430s] Level 1:colcon.colcon_core.shell:create_environment_hook('particle_filter', 'ament_prefix_path')
[0.431s] INFO:colcon.colcon_core.shell:Creating environment hook '/home/zuki/GalacticRacing/sim_ws/install/particle_filter/share/particle_filter/hook/ament_prefix_path.ps1'
[0.438s] INFO:colcon.colcon_core.shell:Creating environment descriptor '/home/zuki/GalacticRacing/sim_ws/install/particle_filter/share/particle_filter/hook/ament_prefix_path.dsv'
[0.439s] INFO:colcon.colcon_core.shell:Creating environment hook '/home/zuki/GalacticRacing/sim_ws/install/particle_filter/share/particle_filter/hook/ament_prefix_path.sh'
[0.440s] INFO:colcon.colcon_core.shell:Skip shell extension 'powershell' for command environment: Not usable outside of PowerShell
[0.440s] DEBUG:colcon.colcon_core.shell:Skip shell extension 'dsv' for command environment
[0.445s] INFO:colcon.colcon_ros.task.ament_cmake.build:Building ROS package in '/home/zuki/GalacticRacing/sim_ws/src/pure_pursuit' with build type 'ament_cmake'
[0.446s] INFO:colcon.colcon_cmake.task.cmake.build:Building CMake package in '/home/zuki/GalacticRacing/sim_ws/src/pure_pursuit'
[0.446s] INFO:colcon.colcon_core.shell:Skip shell extension 'powershell' for command environment: Not usable outside of PowerShell
[0.446s] DEBUG:colcon.colcon_core.shell:Skip shell extension 'dsv' for command environment
[0.453s] INFO:colcon.colcon_cmake.task.cmake.build:Building CMake package in '/home/zuki/GalacticRacing/sim_ws/range_libc'
[0.454s] INFO:colcon.colcon_core.shell:Skip shell extension 'powershell' for command environment: Not usable outside of PowerShell
[0.454s] DEBUG:colcon.colcon_core.shell:Skip shell extension 'dsv' for command environment
[0.673s] INFO:colcon.colcon_core.task.python.build:Building Python package in '/home/zuki/GalacticRacing/sim_ws/src/f1tenth_gym_ros'
[0.673s] INFO:colcon.colcon_core.shell:Skip shell extension 'powershell' for command environment: Not usable outside of PowerShell
[0.673s] DEBUG:colcon.colcon_core.shell:Skip shell extension 'dsv' for command environment
[0.688s] DEBUG:colcon.colcon_core.event_handler.log_command:Invoking command in '/home/zuki/GalacticRacing/sim_ws/build/gap_follow': CMAKE_PREFIX_PATH=${CMAKE_PREFIX_PATH}:/home/zuki/GalacticRacing/sim_ws/install/particle_filter:/home/zuki/GalacticRacing/sim_ws/install/f1tenth_gym_ros:/opt/ros/foxy /usr/bin/cmake --build /home/zuki/GalacticRacing/sim_ws/build/gap_follow -- -j6 -l6
[0.699s] DEBUG:colcon.colcon_core.event_handler.log_command:Invoking command in '/home/zuki/GalacticRacing/sim_ws/build/lab5_pkg': CMAKE_PREFIX_PATH=${CMAKE_PREFIX_PATH}:/home/zuki/GalacticRacing/sim_ws/install/particle_filter:/home/zuki/GalacticRacing/sim_ws/install/f1tenth_gym_ros:/opt/ros/foxy /usr/bin/cmake --build /home/zuki/GalacticRacing/sim_ws/build/lab5_pkg -- -j6 -l6
[0.900s] INFO:colcon.colcon_core.task.python.build:Building Python package in '/home/zuki/GalacticRacing/sim_ws/src/particle_filter'
[0.900s] INFO:colcon.colcon_core.shell:Skip shell extension 'powershell' for command environment: Not usable outside of PowerShell
[0.901s] DEBUG:colcon.colcon_core.shell:Skip shell extension 'dsv' for command environment
[0.914s] DEBUG:colcon.colcon_core.event_handler.log_command:Invoking command in '/home/zuki/GalacticRacing/sim_ws/build/pure_pursuit': CMAKE_PREFIX_PATH=${CMAKE_PREFIX_PATH}:/home/zuki/GalacticRacing/sim_ws/install/particle_filter:/home/zuki/GalacticRacing/sim_ws/install/f1tenth_gym_ros:/opt/ros/foxy /usr/bin/cmake --build /home/zuki/GalacticRacing/sim_ws/build/pure_pursuit -- -j6 -l6
[0.940s] DEBUG:colcon.colcon_core.event_handler.log_command:Invoked command in '/home/zuki/GalacticRacing/sim_ws/build/gap_follow' returned '0': CMAKE_PREFIX_PATH=${CMAKE_PREFIX_PATH}:/home/zuki/GalacticRacing/sim_ws/install/particle_filter:/home/zuki/GalacticRacing/sim_ws/install/f1tenth_gym_ros:/opt/ros/foxy /usr/bin/cmake --build /home/zuki/GalacticRacing/sim_ws/build/gap_follow -- -j6 -l6
[0.958s] DEBUG:colcon.colcon_core.event_handler.log_command:Invoking command in '/home/zuki/GalacticRacing/sim_ws/build/range_lib': /usr/bin/cmake /home/zuki/GalacticRacing/sim_ws/range_libc -DCMAKE_INSTALL_PREFIX=/home/zuki/GalacticRacing/sim_ws/install/range_lib
[0.961s] DEBUG:colcon.colcon_core.event_handler.log_command:Invoked command in '/home/zuki/GalacticRacing/sim_ws/build/lab5_pkg' returned '0': CMAKE_PREFIX_PATH=${CMAKE_PREFIX_PATH}:/home/zuki/GalacticRacing/sim_ws/install/particle_filter:/home/zuki/GalacticRacing/sim_ws/install/f1tenth_gym_ros:/opt/ros/foxy /usr/bin/cmake --build /home/zuki/GalacticRacing/sim_ws/build/lab5_pkg -- -j6 -l6
[1.002s] DEBUG:colcon.colcon_core.event_handler.log_command:Invoking command in '/home/zuki/GalacticRacing/sim_ws/build/gap_follow': CMAKE_PREFIX_PATH=${CMAKE_PREFIX_PATH}:/home/zuki/GalacticRacing/sim_ws/install/particle_filter:/home/zuki/GalacticRacing/sim_ws/install/f1tenth_gym_ros:/opt/ros/foxy /usr/bin/cmake --install /home/zuki/GalacticRacing/sim_ws/build/gap_follow
[1.010s] DEBUG:colcon.colcon_core.event_handler.log_command:Invoked command in '/home/zuki/GalacticRacing/sim_ws/build/range_lib' returned '0': /usr/bin/cmake /home/zuki/GalacticRacing/sim_ws/range_libc -DCMAKE_INSTALL_PREFIX=/home/zuki/GalacticRacing/sim_ws/install/range_lib
[1.009s] WARNING:colcon.colcon_cmake.task.cmake.build:Could not build CMake package 'range_lib' because the CMake cache has no 'CMAKE_PROJECT_NAME' variable
[1.012s] INFO:colcon.colcon_ros.task.ament_cmake.build:Building ROS package in '/home/zuki/GalacticRacing/sim_ws/src/safety_node' with build type 'ament_cmake'
[1.013s] INFO:colcon.colcon_cmake.task.cmake.build:Building CMake package in '/home/zuki/GalacticRacing/sim_ws/src/safety_node'
[1.014s] INFO:colcon.colcon_core.shell:Skip shell extension 'powershell' for command environment: Not usable outside of PowerShell
[1.014s] DEBUG:colcon.colcon_core.shell:Skip shell extension 'dsv' for command environment
[1.033s] DEBUG:colcon.colcon_core.event_handler.log_command:Invoking command in '/home/zuki/GalacticRacing/sim_ws/build/lab5_pkg': CMAKE_PREFIX_PATH=${CMAKE_PREFIX_PATH}:/home/zuki/GalacticRacing/sim_ws/install/particle_filter:/home/zuki/GalacticRacing/sim_ws/install/f1tenth_gym_ros:/opt/ros/foxy /usr/bin/cmake --install /home/zuki/GalacticRacing/sim_ws/build/lab5_pkg
[1.038s] DEBUG:colcon.colcon_core.event_handler.log_command:Invoked command in '/home/zuki/GalacticRacing/sim_ws/build/pure_pursuit' returned '0': CMAKE_PREFIX_PATH=${CMAKE_PREFIX_PATH}:/home/zuki/GalacticRacing/sim_ws/install/particle_filter:/home/zuki/GalacticRacing/sim_ws/install/f1tenth_gym_ros:/opt/ros/foxy /usr/bin/cmake --build /home/zuki/GalacticRacing/sim_ws/build/pure_pursuit -- -j6 -l6
[1.052s] DEBUG:colcon.colcon_core.event_handler.log_command:Invoking command in '/home/zuki/GalacticRacing/sim_ws/build/safety_node': CMAKE_PREFIX_PATH=${CMAKE_PREFIX_PATH}:/home/zuki/GalacticRacing/sim_ws/install/particle_filter:/home/zuki/GalacticRacing/sim_ws/install/f1tenth_gym_ros:/opt/ros/foxy /usr/bin/cmake --build /home/zuki/GalacticRacing/sim_ws/build/safety_node -- -j6 -l6
[1.057s] Level 1:colcon.colcon_core.environment:create_environment_scripts_only(gap_follow)
[1.058s] DEBUG:colcon.colcon_core.event_handler.log_command:Invoked command in '/home/zuki/GalacticRacing/sim_ws/build/gap_follow' returned '0': CMAKE_PREFIX_PATH=${CMAKE_PREFIX_PATH}:/home/zuki/GalacticRacing/sim_ws/install/particle_filter:/home/zuki/GalacticRacing/sim_ws/install/f1tenth_gym_ros:/opt/ros/foxy /usr/bin/cmake --install /home/zuki/GalacticRacing/sim_ws/build/gap_follow
[1.084s] Level 1:colcon.colcon_core.environment:checking '/home/zuki/GalacticRacing/sim_ws/install/gap_follow' for CMake module files
[1.084s] Level 1:colcon.colcon_core.environment:checking '/home/zuki/GalacticRacing/sim_ws/install/gap_follow' for CMake config files
[1.084s] Level 1:colcon.colcon_core.shell:create_environment_hook('gap_follow', 'cmake_prefix_path')
[1.084s] INFO:colcon.colcon_core.shell:Creating environment hook '/home/zuki/GalacticRacing/sim_ws/install/gap_follow/share/gap_follow/hook/cmake_prefix_path.ps1'
[1.086s] INFO:colcon.colcon_core.shell:Creating environment descriptor '/home/zuki/GalacticRacing/sim_ws/install/gap_follow/share/gap_follow/hook/cmake_prefix_path.dsv'
[1.088s] INFO:colcon.colcon_core.shell:Creating environment hook '/home/zuki/GalacticRacing/sim_ws/install/gap_follow/share/gap_follow/hook/cmake_prefix_path.sh'
[1.091s] Level 1:colcon.colcon_core.environment:checking '/home/zuki/GalacticRacing/sim_ws/install/gap_follow/lib'
[1.091s] Level 1:colcon.colcon_core.environment:checking '/home/zuki/GalacticRacing/sim_ws/install/gap_follow/bin'
[1.091s] Level 1:colcon.colcon_core.environment:checking '/home/zuki/GalacticRacing/sim_ws/install/gap_follow/lib/pkgconfig/gap_follow.pc'
[1.091s] Level 1:colcon.colcon_core.environment:checking '/home/zuki/GalacticRacing/sim_ws/install/gap_follow/lib/python3.8/site-packages'
[1.092s] Level 1:colcon.colcon_core.shell:create_environment_hook('gap_follow', 'pythonpath')
[1.092s] INFO:colcon.colcon_core.shell:Creating environment hook '/home/zuki/GalacticRacing/sim_ws/install/gap_follow/share/gap_follow/hook/pythonpath.ps1'
[1.092s] INFO:colcon.colcon_core.shell:Creating environment descriptor '/home/zuki/GalacticRacing/sim_ws/install/gap_follow/share/gap_follow/hook/pythonpath.dsv'
[1.092s] INFO:colcon.colcon_core.shell:Creating environment hook '/home/zuki/GalacticRacing/sim_ws/install/gap_follow/share/gap_follow/hook/pythonpath.sh'
[1.093s] Level 1:colcon.colcon_core.environment:checking '/home/zuki/GalacticRacing/sim_ws/install/gap_follow/bin'
[1.093s] INFO:colcon.colcon_core.shell:Creating package script '/home/zuki/GalacticRacing/sim_ws/install/gap_follow/share/gap_follow/package.ps1'
[1.094s] INFO:colcon.colcon_core.shell:Creating package descriptor '/home/zuki/GalacticRacing/sim_ws/install/gap_follow/share/gap_follow/package.dsv'
[1.094s] INFO:colcon.colcon_core.shell:Creating package script '/home/zuki/GalacticRacing/sim_ws/install/gap_follow/share/gap_follow/package.sh'
[1.095s] INFO:colcon.colcon_core.shell:Creating package script '/home/zuki/GalacticRacing/sim_ws/install/gap_follow/share/gap_follow/package.bash'
[1.096s] INFO:colcon.colcon_core.shell:Creating package script '/home/zuki/GalacticRacing/sim_ws/install/gap_follow/share/gap_follow/package.zsh'
[1.096s] Level 1:colcon.colcon_core.environment:create_file_with_runtime_dependencies(/home/zuki/GalacticRacing/sim_ws/install/gap_follow/share/colcon-core/packages/gap_follow)
[1.100s] Level 1:colcon.colcon_core.environment:create_environment_scripts_only(lab5_pkg)
[1.101s] Level 1:colcon.colcon_core.environment:checking '/home/zuki/GalacticRacing/sim_ws/install/lab5_pkg' for CMake module files
[1.103s] DEBUG:colcon.colcon_core.event_handler.log_command:Invoked command in '/home/zuki/GalacticRacing/sim_ws/build/lab5_pkg' returned '0': CMAKE_PREFIX_PATH=${CMAKE_PREFIX_PATH}:/home/zuki/GalacticRacing/sim_ws/install/particle_filter:/home/zuki/GalacticRacing/sim_ws/install/f1tenth_gym_ros:/opt/ros/foxy /usr/bin/cmake --install /home/zuki/GalacticRacing/sim_ws/build/lab5_pkg
[1.104s] Level 1:colcon.colcon_core.environment:checking '/home/zuki/GalacticRacing/sim_ws/install/lab5_pkg' for CMake config files
[1.105s] Level 1:colcon.colcon_core.shell:create_environment_hook('lab5_pkg', 'cmake_prefix_path')
[1.105s] INFO:colcon.colcon_core.shell:Creating environment hook '/home/zuki/GalacticRacing/sim_ws/install/lab5_pkg/share/lab5_pkg/hook/cmake_prefix_path.ps1'
[1.106s] INFO:colcon.colcon_core.shell:Creating environment descriptor '/home/zuki/GalacticRacing/sim_ws/install/lab5_pkg/share/lab5_pkg/hook/cmake_prefix_path.dsv'
[1.106s] INFO:colcon.colcon_core.shell:Creating environment hook '/home/zuki/GalacticRacing/sim_ws/install/lab5_pkg/share/lab5_pkg/hook/cmake_prefix_path.sh'
[1.107s] Level 1:colcon.colcon_core.environment:checking '/home/zuki/GalacticRacing/sim_ws/install/lab5_pkg/lib'
[1.107s] Level 1:colcon.colcon_core.environment:checking '/home/zuki/GalacticRacing/sim_ws/install/lab5_pkg/bin'
[1.107s] Level 1:colcon.colcon_core.environment:checking '/home/zuki/GalacticRacing/sim_ws/install/lab5_pkg/lib/pkgconfig/lab5_pkg.pc'
[1.107s] Level 1:colcon.colcon_core.environment:checking '/home/zuki/GalacticRacing/sim_ws/install/lab5_pkg/lib/python3.8/site-packages'
[1.107s] Level 1:colcon.colcon_core.shell:create_environment_hook('lab5_pkg', 'pythonpath')
[1.107s] INFO:colcon.colcon_core.shell:Creating environment hook '/home/zuki/GalacticRacing/sim_ws/install/lab5_pkg/share/lab5_pkg/hook/pythonpath.ps1'
[1.107s] INFO:colcon.colcon_core.shell:Creating environment descriptor '/home/zuki/GalacticRacing/sim_ws/install/lab5_pkg/share/lab5_pkg/hook/pythonpath.dsv'
[1.108s] INFO:colcon.colcon_core.shell:Creating environment hook '/home/zuki/GalacticRacing/sim_ws/install/lab5_pkg/share/lab5_pkg/hook/pythonpath.sh'
[1.108s] Level 1:colcon.colcon_core.environment:checking '/home/zuki/GalacticRacing/sim_ws/install/lab5_pkg/bin'
[1.108s] INFO:colcon.colcon_core.shell:Creating package script '/home/zuki/GalacticRacing/sim_ws/install/lab5_pkg/share/lab5_pkg/package.ps1'
[1.109s] INFO:colcon.colcon_core.shell:Creating package descriptor '/home/zuki/GalacticRacing/sim_ws/install/lab5_pkg/share/lab5_pkg/package.dsv'
[1.109s] INFO:colcon.colcon_core.shell:Creating package script '/home/zuki/GalacticRacing/sim_ws/install/lab5_pkg/share/lab5_pkg/package.sh'
[1.110s] INFO:colcon.colcon_core.shell:Creating package script '/home/zuki/GalacticRacing/sim_ws/install/lab5_pkg/share/lab5_pkg/package.bash'
[1.110s] INFO:colcon.colcon_core.shell:Creating package script '/home/zuki/GalacticRacing/sim_ws/install/lab5_pkg/share/lab5_pkg/package.zsh'
[1.110s] Level 1:colcon.colcon_core.environment:create_file_with_runtime_dependencies(/home/zuki/GalacticRacing/sim_ws/install/lab5_pkg/share/colcon-core/packages/lab5_pkg)
[1.117s] DEBUG:colcon.colcon_core.event_handler.log_command:Invoking command in '/home/zuki/GalacticRacing/sim_ws/build/pure_pursuit': CMAKE_PREFIX_PATH=${CMAKE_PREFIX_PATH}:/home/zuki/GalacticRacing/sim_ws/install/particle_filter:/home/zuki/GalacticRacing/sim_ws/install/f1tenth_gym_ros:/opt/ros/foxy /usr/bin/cmake --install /home/zuki/GalacticRacing/sim_ws/build/pure_pursuit
[1.134s] DEBUG:colcon.colcon_core.event_handler.log_command:Invoked command in '/home/zuki/GalacticRacing/sim_ws/build/safety_node' returned '0': CMAKE_PREFIX_PATH=${CMAKE_PREFIX_PATH}:/home/zuki/GalacticRacing/sim_ws/install/particle_filter:/home/zuki/GalacticRacing/sim_ws/install/f1tenth_gym_ros:/opt/ros/foxy /usr/bin/cmake --build /home/zuki/GalacticRacing/sim_ws/build/safety_node -- -j6 -l6
[1.140s] Level 1:colcon.colcon_core.environment:create_environment_scripts_only(gap_follow)
[1.140s] Level 1:colcon.colcon_core.environment:checking '/home/zuki/GalacticRacing/sim_ws/install/gap_follow' for CMake module files
[1.140s] Level 1:colcon.colcon_core.environment:checking '/home/zuki/GalacticRacing/sim_ws/install/gap_follow' for CMake config files
[1.141s] Level 1:colcon.colcon_core.shell:create_environment_hook('gap_follow', 'cmake_prefix_path')
[1.141s] INFO:colcon.colcon_core.shell:Creating environment hook '/home/zuki/GalacticRacing/sim_ws/install/gap_follow/share/gap_follow/hook/cmake_prefix_path.ps1'
[1.141s] INFO:colcon.colcon_core.shell:Creating environment descriptor '/home/zuki/GalacticRacing/sim_ws/install/gap_follow/share/gap_follow/hook/cmake_prefix_path.dsv'
[1.142s] INFO:colcon.colcon_core.shell:Creating environment hook '/home/zuki/GalacticRacing/sim_ws/install/gap_follow/share/gap_follow/hook/cmake_prefix_path.sh'
[1.142s] Level 1:colcon.colcon_core.environment:checking '/home/zuki/GalacticRacing/sim_ws/install/gap_follow/lib'
[1.142s] Level 1:colcon.colcon_core.environment:checking '/home/zuki/GalacticRacing/sim_ws/install/gap_follow/bin'
[1.142s] Level 1:colcon.colcon_core.environment:checking '/home/zuki/GalacticRacing/sim_ws/install/gap_follow/lib/pkgconfig/gap_follow.pc'
[1.142s] Level 1:colcon.colcon_core.environment:checking '/home/zuki/GalacticRacing/sim_ws/install/gap_follow/lib/python3.8/site-packages'
[1.142s] Level 1:colcon.colcon_core.shell:create_environment_hook('gap_follow', 'pythonpath')
[1.143s] INFO:colcon.colcon_core.shell:Creating environment hook '/home/zuki/GalacticRacing/sim_ws/install/gap_follow/share/gap_follow/hook/pythonpath.ps1'
[1.143s] INFO:colcon.colcon_core.shell:Creating environment descriptor '/home/zuki/GalacticRacing/sim_ws/install/gap_follow/share/gap_follow/hook/pythonpath.dsv'
[1.147s] INFO:colcon.colcon_core.shell:Creating environment hook '/home/zuki/GalacticRacing/sim_ws/install/gap_follow/share/gap_follow/hook/pythonpath.sh'
[1.148s] Level 1:colcon.colcon_core.environment:checking '/home/zuki/GalacticRacing/sim_ws/install/gap_follow/bin'
[1.148s] INFO:colcon.colcon_core.shell:Creating package script '/home/zuki/GalacticRacing/sim_ws/install/gap_follow/share/gap_follow/package.ps1'
[1.149s] INFO:colcon.colcon_core.shell:Creating package descriptor '/home/zuki/GalacticRacing/sim_ws/install/gap_follow/share/gap_follow/package.dsv'
[1.149s] INFO:colcon.colcon_core.shell:Creating package script '/home/zuki/GalacticRacing/sim_ws/install/gap_follow/share/gap_follow/package.sh'
[1.150s] INFO:colcon.colcon_core.shell:Creating package script '/home/zuki/GalacticRacing/sim_ws/install/gap_follow/share/gap_follow/package.bash'
[1.150s] INFO:colcon.colcon_core.shell:Creating package script '/home/zuki/GalacticRacing/sim_ws/install/gap_follow/share/gap_follow/package.zsh'
[1.151s] Level 1:colcon.colcon_core.environment:create_file_with_runtime_dependencies(/home/zuki/GalacticRacing/sim_ws/install/gap_follow/share/colcon-core/packages/gap_follow)
[1.152s] INFO:colcon.colcon_ros.task.ament_cmake.build:Building ROS package in '/home/zuki/GalacticRacing/sim_ws/src/wall_follow' with build type 'ament_cmake'
[1.153s] INFO:colcon.colcon_cmake.task.cmake.build:Building CMake package in '/home/zuki/GalacticRacing/sim_ws/src/wall_follow'
[1.153s] INFO:colcon.colcon_core.shell:Skip shell extension 'powershell' for command environment: Not usable outside of PowerShell
[1.153s] DEBUG:colcon.colcon_core.shell:Skip shell extension 'dsv' for command environment
[1.180s] DEBUG:colcon.colcon_core.event_handler.log_command:Invoking command in '/home/zuki/GalacticRacing/sim_ws/build/wall_follow': CMAKE_PREFIX_PATH=${CMAKE_PREFIX_PATH}:/home/zuki/GalacticRacing/sim_ws/install/particle_filter:/home/zuki/GalacticRacing/sim_ws/install/f1tenth_gym_ros:/opt/ros/foxy /usr/bin/cmake --build /home/zuki/GalacticRacing/sim_ws/build/wall_follow -- -j6 -l6
[1.184s] Level 1:colcon.colcon_core.environment:create_environment_scripts_only(lab5_pkg)
[1.184s] Level 1:colcon.colcon_core.environment:checking '/home/zuki/GalacticRacing/sim_ws/install/lab5_pkg' for CMake module files
[1.186s] Level 1:colcon.colcon_core.environment:checking '/home/zuki/GalacticRacing/sim_ws/install/lab5_pkg' for CMake config files
[1.186s] Level 1:colcon.colcon_core.shell:create_environment_hook('lab5_pkg', 'cmake_prefix_path')
[1.187s] INFO:colcon.colcon_core.shell:Creating environment hook '/home/zuki/GalacticRacing/sim_ws/install/lab5_pkg/share/lab5_pkg/hook/cmake_prefix_path.ps1'
[1.187s] INFO:colcon.colcon_core.shell:Creating environment descriptor '/home/zuki/GalacticRacing/sim_ws/install/lab5_pkg/share/lab5_pkg/hook/cmake_prefix_path.dsv'
[1.187s] INFO:colcon.colcon_core.shell:Creating environment hook '/home/zuki/GalacticRacing/sim_ws/install/lab5_pkg/share/lab5_pkg/hook/cmake_prefix_path.sh'
[1.188s] Level 1:colcon.colcon_core.environment:checking '/home/zuki/GalacticRacing/sim_ws/install/lab5_pkg/lib'
[1.188s] Level 1:colcon.colcon_core.environment:checking '/home/zuki/GalacticRacing/sim_ws/install/lab5_pkg/bin'
[1.188s] Level 1:colcon.colcon_core.environment:checking '/home/zuki/GalacticRacing/sim_ws/install/lab5_pkg/lib/pkgconfig/lab5_pkg.pc'
[1.188s] Level 1:colcon.colcon_core.environment:checking '/home/zuki/GalacticRacing/sim_ws/install/lab5_pkg/lib/python3.8/site-packages'
[1.189s] Level 1:colcon.colcon_core.shell:create_environment_hook('lab5_pkg', 'pythonpath')
[1.189s] INFO:colcon.colcon_core.shell:Creating environment hook '/home/zuki/GalacticRacing/sim_ws/install/lab5_pkg/share/lab5_pkg/hook/pythonpath.ps1'
[1.189s] INFO:colcon.colcon_core.shell:Creating environment descriptor '/home/zuki/GalacticRacing/sim_ws/install/lab5_pkg/share/lab5_pkg/hook/pythonpath.dsv'
[1.189s] INFO:colcon.colcon_core.shell:Creating environment hook '/home/zuki/GalacticRacing/sim_ws/install/lab5_pkg/share/lab5_pkg/hook/pythonpath.sh'
[1.190s] Level 1:colcon.colcon_core.environment:checking '/home/zuki/GalacticRacing/sim_ws/install/lab5_pkg/bin'
[1.190s] INFO:colcon.colcon_core.shell:Creating package script '/home/zuki/GalacticRacing/sim_ws/install/lab5_pkg/share/lab5_pkg/package.ps1'
[1.191s] INFO:colcon.colcon_core.shell:Creating package descriptor '/home/zuki/GalacticRacing/sim_ws/install/lab5_pkg/share/lab5_pkg/package.dsv'
[1.191s] INFO:colcon.colcon_core.shell:Creating package script '/home/zuki/GalacticRacing/sim_ws/install/lab5_pkg/share/lab5_pkg/package.sh'
[1.192s] INFO:colcon.colcon_core.shell:Creating package script '/home/zuki/GalacticRacing/sim_ws/install/lab5_pkg/share/lab5_pkg/package.bash'
[1.192s] INFO:colcon.colcon_core.shell:Creating package script '/home/zuki/GalacticRacing/sim_ws/install/lab5_pkg/share/lab5_pkg/package.zsh'
[1.192s] Level 1:colcon.colcon_core.environment:create_file_with_runtime_dependencies(/home/zuki/GalacticRacing/sim_ws/install/lab5_pkg/share/colcon-core/packages/lab5_pkg)
[1.196s] DEBUG:colcon.colcon_core.event_handler.log_command:Invoking command in '/home/zuki/GalacticRacing/sim_ws/build/safety_node': CMAKE_PREFIX_PATH=${CMAKE_PREFIX_PATH}:/home/zuki/GalacticRacing/sim_ws/install/particle_filter:/home/zuki/GalacticRacing/sim_ws/install/f1tenth_gym_ros:/opt/ros/foxy /usr/bin/cmake --install /home/zuki/GalacticRacing/sim_ws/build/safety_node
[1.197s] INFO:colcon.colcon_ros.task.ament_cmake.build:Building ROS package in '/home/zuki/GalacticRacing/sim_ws/src/waypoint_logger' with build type 'ament_cmake'
[1.197s] INFO:colcon.colcon_cmake.task.cmake.build:Building CMake package in '/home/zuki/GalacticRacing/sim_ws/src/waypoint_logger'
[1.197s] INFO:colcon.colcon_core.shell:Skip shell extension 'powershell' for command environment: Not usable outside of PowerShell
[1.197s] DEBUG:colcon.colcon_core.shell:Skip shell extension 'dsv' for command environment
[1.207s] Level 1:colcon.colcon_core.environment:create_environment_scripts_only(pure_pursuit)
[1.208s] Level 1:colcon.colcon_core.environment:checking '/home/zuki/GalacticRacing/sim_ws/install/pure_pursuit' for CMake module files
[1.209s] DEBUG:colcon.colcon_core.event_handler.log_command:Invoked command in '/home/zuki/GalacticRacing/sim_ws/build/pure_pursuit' returned '0': CMAKE_PREFIX_PATH=${CMAKE_PREFIX_PATH}:/home/zuki/GalacticRacing/sim_ws/install/particle_filter:/home/zuki/GalacticRacing/sim_ws/install/f1tenth_gym_ros:/opt/ros/foxy /usr/bin/cmake --install /home/zuki/GalacticRacing/sim_ws/build/pure_pursuit
[1.209s] Level 1:colcon.colcon_core.environment:checking '/home/zuki/GalacticRacing/sim_ws/install/pure_pursuit' for CMake config files
[1.209s] Level 1:colcon.colcon_core.shell:create_environment_hook('pure_pursuit', 'cmake_prefix_path')
[1.210s] INFO:colcon.colcon_core.shell:Creating environment hook '/home/zuki/GalacticRacing/sim_ws/install/pure_pursuit/share/pure_pursuit/hook/cmake_prefix_path.ps1'
[1.210s] INFO:colcon.colcon_core.shell:Creating environment descriptor '/home/zuki/GalacticRacing/sim_ws/install/pure_pursuit/share/pure_pursuit/hook/cmake_prefix_path.dsv'
[1.211s] INFO:colcon.colcon_core.shell:Creating environment hook '/home/zuki/GalacticRacing/sim_ws/install/pure_pursuit/share/pure_pursuit/hook/cmake_prefix_path.sh'
[1.211s] Level 1:colcon.colcon_core.environment:checking '/home/zuki/GalacticRacing/sim_ws/install/pure_pursuit/lib'
[1.211s] Level 1:colcon.colcon_core.environment:checking '/home/zuki/GalacticRacing/sim_ws/install/pure_pursuit/bin'
[1.211s] Level 1:colcon.colcon_core.environment:checking '/home/zuki/GalacticRacing/sim_ws/install/pure_pursuit/lib/pkgconfig/pure_pursuit.pc'
[1.211s] Level 1:colcon.colcon_core.environment:checking '/home/zuki/GalacticRacing/sim_ws/install/pure_pursuit/lib/python3.8/site-packages'
[1.211s] Level 1:colcon.colcon_core.shell:create_environment_hook('pure_pursuit', 'pythonpath')
[1.212s] INFO:colcon.colcon_core.shell:Creating environment hook '/home/zuki/GalacticRacing/sim_ws/install/pure_pursuit/share/pure_pursuit/hook/pythonpath.ps1'
[1.212s] INFO:colcon.colcon_core.shell:Creating environment descriptor '/home/zuki/GalacticRacing/sim_ws/install/pure_pursuit/share/pure_pursuit/hook/pythonpath.dsv'
[1.212s] INFO:colcon.colcon_core.shell:Creating environment hook '/home/zuki/GalacticRacing/sim_ws/install/pure_pursuit/share/pure_pursuit/hook/pythonpath.sh'
[1.213s] Level 1:colcon.colcon_core.environment:checking '/home/zuki/GalacticRacing/sim_ws/install/pure_pursuit/bin'
[1.213s] INFO:colcon.colcon_core.shell:Creating package script '/home/zuki/GalacticRacing/sim_ws/install/pure_pursuit/share/pure_pursuit/package.ps1'
[1.213s] INFO:colcon.colcon_core.shell:Creating package descriptor '/home/zuki/GalacticRacing/sim_ws/install/pure_pursuit/share/pure_pursuit/package.dsv'
[1.214s] INFO:colcon.colcon_core.shell:Creating package script '/home/zuki/GalacticRacing/sim_ws/install/pure_pursuit/share/pure_pursuit/package.sh'
[1.214s] INFO:colcon.colcon_core.shell:Creating package script '/home/zuki/GalacticRacing/sim_ws/install/pure_pursuit/share/pure_pursuit/package.bash'
[1.215s] INFO:colcon.colcon_core.shell:Creating package script '/home/zuki/GalacticRacing/sim_ws/install/pure_pursuit/share/pure_pursuit/package.zsh'
[1.215s] Level 1:colcon.colcon_core.environment:create_file_with_runtime_dependencies(/home/zuki/GalacticRacing/sim_ws/install/pure_pursuit/share/colcon-core/packages/pure_pursuit)
[1.223s] DEBUG:colcon.colcon_core.event_handler.log_command:Invoking command in '/home/zuki/GalacticRacing/sim_ws/build/waypoint_logger': CMAKE_PREFIX_PATH=${CMAKE_PREFIX_PATH}:/home/zuki/GalacticRacing/sim_ws/install/particle_filter:/home/zuki/GalacticRacing/sim_ws/install/f1tenth_gym_ros:/opt/ros/foxy /usr/bin/cmake --build /home/zuki/GalacticRacing/sim_ws/build/waypoint_logger -- -j6 -l6
[1.244s] Level 1:colcon.colcon_core.environment:create_environment_scripts_only(safety_node)
[1.244s] Level 1:colcon.colcon_core.environment:checking '/home/zuki/GalacticRacing/sim_ws/install/safety_node' for CMake module files
[1.245s] DEBUG:colcon.colcon_core.event_handler.log_command:Invoked command in '/home/zuki/GalacticRacing/sim_ws/build/safety_node' returned '0': CMAKE_PREFIX_PATH=${CMAKE_PREFIX_PATH}:/home/zuki/GalacticRacing/sim_ws/install/particle_filter:/home/zuki/GalacticRacing/sim_ws/install/f1tenth_gym_ros:/opt/ros/foxy /usr/bin/cmake --install /home/zuki/GalacticRacing/sim_ws/build/safety_node
[1.245s] Level 1:colcon.colcon_core.environment:checking '/home/zuki/GalacticRacing/sim_ws/install/safety_node' for CMake config files
[1.246s] Level 1:colcon.colcon_core.shell:create_environment_hook('safety_node', 'cmake_prefix_path')
[1.246s] INFO:colcon.colcon_core.shell:Creating environment hook '/home/zuki/GalacticRacing/sim_ws/install/safety_node/share/safety_node/hook/cmake_prefix_path.ps1'
[1.246s] INFO:colcon.colcon_core.shell:Creating environment descriptor '/home/zuki/GalacticRacing/sim_ws/install/safety_node/share/safety_node/hook/cmake_prefix_path.dsv'
[1.247s] INFO:colcon.colcon_core.shell:Creating environment hook '/home/zuki/GalacticRacing/sim_ws/install/safety_node/share/safety_node/hook/cmake_prefix_path.sh'
[1.247s] Level 1:colcon.colcon_core.environment:checking '/home/zuki/GalacticRacing/sim_ws/install/safety_node/lib'
[1.247s] Level 1:colcon.colcon_core.environment:checking '/home/zuki/GalacticRacing/sim_ws/install/safety_node/bin'
[1.247s] Level 1:colcon.colcon_core.environment:checking '/home/zuki/GalacticRacing/sim_ws/install/safety_node/lib/pkgconfig/safety_node.pc'
[1.248s] Level 1:colcon.colcon_core.environment:checking '/home/zuki/GalacticRacing/sim_ws/install/safety_node/lib/python3.8/site-packages'
[1.248s] Level 1:colcon.colcon_core.shell:create_environment_hook('safety_node', 'pythonpath')
[1.248s] INFO:colcon.colcon_core.shell:Creating environment hook '/home/zuki/GalacticRacing/sim_ws/install/safety_node/share/safety_node/hook/pythonpath.ps1'
[1.248s] INFO:colcon.colcon_core.shell:Creating environment descriptor '/home/zuki/GalacticRacing/sim_ws/install/safety_node/share/safety_node/hook/pythonpath.dsv'
[1.249s] INFO:colcon.colcon_core.shell:Creating environment hook '/home/zuki/GalacticRacing/sim_ws/install/safety_node/share/safety_node/hook/pythonpath.sh'
[1.249s] Level 1:colcon.colcon_core.environment:checking '/home/zuki/GalacticRacing/sim_ws/install/safety_node/bin'
[1.250s] INFO:colcon.colcon_core.shell:Creating package script '/home/zuki/GalacticRacing/sim_ws/install/safety_node/share/safety_node/package.ps1'
[1.250s] INFO:colcon.colcon_core.shell:Creating package descriptor '/home/zuki/GalacticRacing/sim_ws/install/safety_node/share/safety_node/package.dsv'
[1.251s] INFO:colcon.colcon_core.shell:Creating package script '/home/zuki/GalacticRacing/sim_ws/install/safety_node/share/safety_node/package.sh'
[1.251s] INFO:colcon.colcon_core.shell:Creating package script '/home/zuki/GalacticRacing/sim_ws/install/safety_node/share/safety_node/package.bash'
[1.251s] INFO:colcon.colcon_core.shell:Creating package script '/home/zuki/GalacticRacing/sim_ws/install/safety_node/share/safety_node/package.zsh'
[1.252s] Level 1:colcon.colcon_core.environment:create_file_with_runtime_dependencies(/home/zuki/GalacticRacing/sim_ws/install/safety_node/share/colcon-core/packages/safety_node)
[1.257s] Level 1:colcon.colcon_core.environment:create_environment_scripts_only(pure_pursuit)
[1.257s] Level 1:colcon.colcon_core.environment:checking '/home/zuki/GalacticRacing/sim_ws/install/pure_pursuit' for CMake module files
[1.258s] Level 1:colcon.colcon_core.environment:checking '/home/zuki/GalacticRacing/sim_ws/install/pure_pursuit' for CMake config files
[1.258s] Level 1:colcon.colcon_core.shell:create_environment_hook('pure_pursuit', 'cmake_prefix_path')
[1.258s] INFO:colcon.colcon_core.shell:Creating environment hook '/home/zuki/GalacticRacing/sim_ws/install/pure_pursuit/share/pure_pursuit/hook/cmake_prefix_path.ps1'
[1.259s] INFO:colcon.colcon_core.shell:Creating environment descriptor '/home/zuki/GalacticRacing/sim_ws/install/pure_pursuit/share/pure_pursuit/hook/cmake_prefix_path.dsv'
[1.260s] INFO:colcon.colcon_core.shell:Creating environment hook '/home/zuki/GalacticRacing/sim_ws/install/pure_pursuit/share/pure_pursuit/hook/cmake_prefix_path.sh'
[1.261s] Level 1:colcon.colcon_core.environment:checking '/home/zuki/GalacticRacing/sim_ws/install/pure_pursuit/lib'
[1.261s] Level 1:colcon.colcon_core.environment:checking '/home/zuki/GalacticRacing/sim_ws/install/pure_pursuit/bin'
[1.261s] Level 1:colcon.colcon_core.environment:checking '/home/zuki/GalacticRacing/sim_ws/install/pure_pursuit/lib/pkgconfig/pure_pursuit.pc'
[1.262s] Level 1:colcon.colcon_core.environment:checking '/home/zuki/GalacticRacing/sim_ws/install/pure_pursuit/lib/python3.8/site-packages'
[1.262s] Level 1:colcon.colcon_core.shell:create_environment_hook('pure_pursuit', 'pythonpath')
[1.262s] INFO:colcon.colcon_core.shell:Creating environment hook '/home/zuki/GalacticRacing/sim_ws/install/pure_pursuit/share/pure_pursuit/hook/pythonpath.ps1'
[1.263s] INFO:colcon.colcon_core.shell:Creating environment descriptor '/home/zuki/GalacticRacing/sim_ws/install/pure_pursuit/share/pure_pursuit/hook/pythonpath.dsv'
[1.264s] INFO:colcon.colcon_core.shell:Creating environment hook '/home/zuki/GalacticRacing/sim_ws/install/pure_pursuit/share/pure_pursuit/hook/pythonpath.sh'
[1.264s] Level 1:colcon.colcon_core.environment:checking '/home/zuki/GalacticRacing/sim_ws/install/pure_pursuit/bin'
[1.265s] INFO:colcon.colcon_core.shell:Creating package script '/home/zuki/GalacticRacing/sim_ws/install/pure_pursuit/share/pure_pursuit/package.ps1'
[1.266s] INFO:colcon.colcon_core.shell:Creating package descriptor '/home/zuki/GalacticRacing/sim_ws/install/pure_pursuit/share/pure_pursuit/package.dsv'
[1.266s] INFO:colcon.colcon_core.shell:Creating package script '/home/zuki/GalacticRacing/sim_ws/install/pure_pursuit/share/pure_pursuit/package.sh'
[1.267s] INFO:colcon.colcon_core.shell:Creating package script '/home/zuki/GalacticRacing/sim_ws/install/pure_pursuit/share/pure_pursuit/package.bash'
[1.268s] INFO:colcon.colcon_core.shell:Creating package script '/home/zuki/GalacticRacing/sim_ws/install/pure_pursuit/share/pure_pursuit/package.zsh'
[1.269s] Level 1:colcon.colcon_core.environment:create_file_with_runtime_dependencies(/home/zuki/GalacticRacing/sim_ws/install/pure_pursuit/share/colcon-core/packages/pure_pursuit)
[1.273s] DEBUG:colcon.colcon_core.event_handler.log_command:Invoked command in '/home/zuki/GalacticRacing/sim_ws/build/wall_follow' returned '0': CMAKE_PREFIX_PATH=${CMAKE_PREFIX_PATH}:/home/zuki/GalacticRacing/sim_ws/install/particle_filter:/home/zuki/GalacticRacing/sim_ws/install/f1tenth_gym_ros:/opt/ros/foxy /usr/bin/cmake --build /home/zuki/GalacticRacing/sim_ws/build/wall_follow -- -j6 -l6
[1.279s] DEBUG:colcon.colcon_core.event_handler.log_command:Invoked command in '/home/zuki/GalacticRacing/sim_ws/build/waypoint_logger' returned '0': CMAKE_PREFIX_PATH=${CMAKE_PREFIX_PATH}:/home/zuki/GalacticRacing/sim_ws/install/particle_filter:/home/zuki/GalacticRacing/sim_ws/install/f1tenth_gym_ros:/opt/ros/foxy /usr/bin/cmake --build /home/zuki/GalacticRacing/sim_ws/build/waypoint_logger -- -j6 -l6
[1.295s] Level 1:colcon.colcon_core.environment:create_environment_scripts_only(safety_node)
[1.296s] Level 1:colcon.colcon_core.environment:checking '/home/zuki/GalacticRacing/sim_ws/install/safety_node' for CMake module files
[1.296s] Level 1:colcon.colcon_core.environment:checking '/home/zuki/GalacticRacing/sim_ws/install/safety_node' for CMake config files
[1.296s] Level 1:colcon.colcon_core.shell:create_environment_hook('safety_node', 'cmake_prefix_path')
[1.296s] INFO:colcon.colcon_core.shell:Creating environment hook '/home/zuki/GalacticRacing/sim_ws/install/safety_node/share/safety_node/hook/cmake_prefix_path.ps1'
[1.298s] INFO:colcon.colcon_core.shell:Creating environment descriptor '/home/zuki/GalacticRacing/sim_ws/install/safety_node/share/safety_node/hook/cmake_prefix_path.dsv'
[1.299s] INFO:colcon.colcon_core.shell:Creating environment hook '/home/zuki/GalacticRacing/sim_ws/install/safety_node/share/safety_node/hook/cmake_prefix_path.sh'
[1.300s] Level 1:colcon.colcon_core.environment:checking '/home/zuki/GalacticRacing/sim_ws/install/safety_node/lib'
[1.300s] Level 1:colcon.colcon_core.environment:checking '/home/zuki/GalacticRacing/sim_ws/install/safety_node/bin'
[1.300s] Level 1:colcon.colcon_core.environment:checking '/home/zuki/GalacticRacing/sim_ws/install/safety_node/lib/pkgconfig/safety_node.pc'
[1.300s] Level 1:colcon.colcon_core.environment:checking '/home/zuki/GalacticRacing/sim_ws/install/safety_node/lib/python3.8/site-packages'
[1.300s] Level 1:colcon.colcon_core.shell:create_environment_hook('safety_node', 'pythonpath')
[1.300s] INFO:colcon.colcon_core.shell:Creating environment hook '/home/zuki/GalacticRacing/sim_ws/install/safety_node/share/safety_node/hook/pythonpath.ps1'
[1.301s] INFO:colcon.colcon_core.shell:Creating environment descriptor '/home/zuki/GalacticRacing/sim_ws/install/safety_node/share/safety_node/hook/pythonpath.dsv'
[1.302s] INFO:colcon.colcon_core.shell:Creating environment hook '/home/zuki/GalacticRacing/sim_ws/install/safety_node/share/safety_node/hook/pythonpath.sh'
[1.303s] Level 1:colcon.colcon_core.environment:checking '/home/zuki/GalacticRacing/sim_ws/install/safety_node/bin'
[1.304s] INFO:colcon.colcon_core.shell:Creating package script '/home/zuki/GalacticRacing/sim_ws/install/safety_node/share/safety_node/package.ps1'
[1.304s] INFO:colcon.colcon_core.shell:Creating package descriptor '/home/zuki/GalacticRacing/sim_ws/install/safety_node/share/safety_node/package.dsv'
[1.305s] INFO:colcon.colcon_core.shell:Creating package script '/home/zuki/GalacticRacing/sim_ws/install/safety_node/share/safety_node/package.sh'
[1.307s] INFO:colcon.colcon_core.shell:Creating package script '/home/zuki/GalacticRacing/sim_ws/install/safety_node/share/safety_node/package.bash'
[1.308s] INFO:colcon.colcon_core.shell:Creating package script '/home/zuki/GalacticRacing/sim_ws/install/safety_node/share/safety_node/package.zsh'
[1.309s] Level 1:colcon.colcon_core.environment:create_file_with_runtime_dependencies(/home/zuki/GalacticRacing/sim_ws/install/safety_node/share/colcon-core/packages/safety_node)
[1.316s] DEBUG:colcon.colcon_core.event_handler.log_command:Invoking command in '/home/zuki/GalacticRacing/sim_ws/build/waypoint_logger': CMAKE_PREFIX_PATH=${CMAKE_PREFIX_PATH}:/home/zuki/GalacticRacing/sim_ws/install/particle_filter:/home/zuki/GalacticRacing/sim_ws/install/f1tenth_gym_ros:/opt/ros/foxy /usr/bin/cmake --install /home/zuki/GalacticRacing/sim_ws/build/waypoint_logger
[1.323s] DEBUG:colcon.colcon_core.event_handler.log_command:Invoking command in '/home/zuki/GalacticRacing/sim_ws/build/wall_follow': CMAKE_PREFIX_PATH=${CMAKE_PREFIX_PATH}:/home/zuki/GalacticRacing/sim_ws/install/particle_filter:/home/zuki/GalacticRacing/sim_ws/install/f1tenth_gym_ros:/opt/ros/foxy /usr/bin/cmake --install /home/zuki/GalacticRacing/sim_ws/build/wall_follow
[1.342s] DEBUG:colcon.colcon_core.event_handler.log_command:Invoking command in '/home/zuki/GalacticRacing/sim_ws/src/particle_filter': PYTHONPATH=/home/zuki/GalacticRacing/sim_ws/build/particle_filter/prefix_override:/home/zuki/GalacticRacing/sim_ws/install/particle_filter/lib/python3.8/site-packages:${PYTHONPATH} /usr/bin/python3 -W ignore:setup.py install is deprecated setup.py egg_info --egg-base ../../build/particle_filter build --build-base /home/zuki/GalacticRacing/sim_ws/build/particle_filter/build install --record /home/zuki/GalacticRacing/sim_ws/build/particle_filter/install.log --install-scripts $base/lib/particle_filter --single-version-externally-managed install_data
[1.351s] DEBUG:colcon.colcon_core.event_handler.log_command:Invoking command in '/home/zuki/GalacticRacing/sim_ws/src/f1tenth_gym_ros': PYTHONPATH=/home/zuki/GalacticRacing/sim_ws/build/f1tenth_gym_ros/prefix_override:/home/zuki/GalacticRacing/sim_ws/install/f1tenth_gym_ros/lib/python3.8/site-packages:${PYTHONPATH} /usr/bin/python3 -W ignore:setup.py install is deprecated setup.py egg_info --egg-base ../../build/f1tenth_gym_ros build --build-base /home/zuki/GalacticRacing/sim_ws/build/f1tenth_gym_ros/build install --record /home/zuki/GalacticRacing/sim_ws/build/f1tenth_gym_ros/install.log --install-scripts $base/lib/f1tenth_gym_ros --single-version-externally-managed install_data
[1.368s] Level 1:colcon.colcon_core.environment:create_environment_scripts_only(waypoint_logger)
[1.368s] Level 1:colcon.colcon_core.environment:checking '/home/zuki/GalacticRacing/sim_ws/install/waypoint_logger' for CMake module files
[1.375s] DEBUG:colcon.colcon_core.event_handler.log_command:Invoked command in '/home/zuki/GalacticRacing/sim_ws/build/waypoint_logger' returned '0': CMAKE_PREFIX_PATH=${CMAKE_PREFIX_PATH}:/home/zuki/GalacticRacing/sim_ws/install/particle_filter:/home/zuki/GalacticRacing/sim_ws/install/f1tenth_gym_ros:/opt/ros/foxy /usr/bin/cmake --install /home/zuki/GalacticRacing/sim_ws/build/waypoint_logger
[1.375s] Level 1:colcon.colcon_core.environment:checking '/home/zuki/GalacticRacing/sim_ws/install/waypoint_logger' for CMake config files
[1.375s] Level 1:colcon.colcon_core.shell:create_environment_hook('waypoint_logger', 'cmake_prefix_path')
[1.376s] INFO:colcon.colcon_core.shell:Creating environment hook '/home/zuki/GalacticRacing/sim_ws/install/waypoint_logger/share/waypoint_logger/hook/cmake_prefix_path.ps1'
[1.376s] INFO:colcon.colcon_core.shell:Creating environment descriptor '/home/zuki/GalacticRacing/sim_ws/install/waypoint_logger/share/waypoint_logger/hook/cmake_prefix_path.dsv'
[1.377s] INFO:colcon.colcon_core.shell:Creating environment hook '/home/zuki/GalacticRacing/sim_ws/install/waypoint_logger/share/waypoint_logger/hook/cmake_prefix_path.sh'
[1.377s] Level 1:colcon.colcon_core.environment:checking '/home/zuki/GalacticRacing/sim_ws/install/waypoint_logger/lib'
[1.377s] Level 1:colcon.colcon_core.environment:checking '/home/zuki/GalacticRacing/sim_ws/install/waypoint_logger/bin'
[1.377s] Level 1:colcon.colcon_core.environment:checking '/home/zuki/GalacticRacing/sim_ws/install/waypoint_logger/lib/pkgconfig/waypoint_logger.pc'
[1.377s] Level 1:colcon.colcon_core.environment:checking '/home/zuki/GalacticRacing/sim_ws/install/waypoint_logger/lib/python3.8/site-packages'
[1.378s] Level 1:colcon.colcon_core.shell:create_environment_hook('waypoint_logger', 'pythonpath')
[1.378s] INFO:colcon.colcon_core.shell:Creating environment hook '/home/zuki/GalacticRacing/sim_ws/install/waypoint_logger/share/waypoint_logger/hook/pythonpath.ps1'
[1.378s] INFO:colcon.colcon_core.shell:Creating environment descriptor '/home/zuki/GalacticRacing/sim_ws/install/waypoint_logger/share/waypoint_logger/hook/pythonpath.dsv'
[1.378s] INFO:colcon.colcon_core.shell:Creating environment hook '/home/zuki/GalacticRacing/sim_ws/install/waypoint_logger/share/waypoint_logger/hook/pythonpath.sh'
[1.379s] Level 1:colcon.colcon_core.environment:checking '/home/zuki/GalacticRacing/sim_ws/install/waypoint_logger/bin'
[1.379s] INFO:colcon.colcon_core.shell:Creating package script '/home/zuki/GalacticRacing/sim_ws/install/waypoint_logger/share/waypoint_logger/package.ps1'
[1.380s] INFO:colcon.colcon_core.shell:Creating package descriptor '/home/zuki/GalacticRacing/sim_ws/install/waypoint_logger/share/waypoint_logger/package.dsv'
[1.380s] INFO:colcon.colcon_core.shell:Creating package script '/home/zuki/GalacticRacing/sim_ws/install/waypoint_logger/share/waypoint_logger/package.sh'
[1.380s] INFO:colcon.colcon_core.shell:Creating package script '/home/zuki/GalacticRacing/sim_ws/install/waypoint_logger/share/waypoint_logger/package.bash'
[1.381s] INFO:colcon.colcon_core.shell:Creating package script '/home/zuki/GalacticRacing/sim_ws/install/waypoint_logger/share/waypoint_logger/package.zsh'
[1.381s] Level 1:colcon.colcon_core.environment:create_file_with_runtime_dependencies(/home/zuki/GalacticRacing/sim_ws/install/waypoint_logger/share/colcon-core/packages/waypoint_logger)
[1.384s] Level 1:colcon.colcon_core.environment:create_environment_scripts_only(wall_follow)
[1.385s] Level 1:colcon.colcon_core.environment:checking '/home/zuki/GalacticRacing/sim_ws/install/wall_follow' for CMake module files
[1.386s] DEBUG:colcon.colcon_core.event_handler.log_command:Invoked command in '/home/zuki/GalacticRacing/sim_ws/build/wall_follow' returned '0': CMAKE_PREFIX_PATH=${CMAKE_PREFIX_PATH}:/home/zuki/GalacticRacing/sim_ws/install/particle_filter:/home/zuki/GalacticRacing/sim_ws/install/f1tenth_gym_ros:/opt/ros/foxy /usr/bin/cmake --install /home/zuki/GalacticRacing/sim_ws/build/wall_follow
[1.386s] Level 1:colcon.colcon_core.environment:checking '/home/zuki/GalacticRacing/sim_ws/install/wall_follow' for CMake config files
[1.386s] Level 1:colcon.colcon_core.shell:create_environment_hook('wall_follow', 'cmake_prefix_path')
[1.386s] INFO:colcon.colcon_core.shell:Creating environment hook '/home/zuki/GalacticRacing/sim_ws/install/wall_follow/share/wall_follow/hook/cmake_prefix_path.ps1'
[1.387s] INFO:colcon.colcon_core.shell:Creating environment descriptor '/home/zuki/GalacticRacing/sim_ws/install/wall_follow/share/wall_follow/hook/cmake_prefix_path.dsv'
[1.387s] INFO:colcon.colcon_core.shell:Creating environment hook '/home/zuki/GalacticRacing/sim_ws/install/wall_follow/share/wall_follow/hook/cmake_prefix_path.sh'
[1.388s] Level 1:colcon.colcon_core.environment:checking '/home/zuki/GalacticRacing/sim_ws/install/wall_follow/lib'
[1.388s] Level 1:colcon.colcon_core.environment:checking '/home/zuki/GalacticRacing/sim_ws/install/wall_follow/bin'
[1.388s] Level 1:colcon.colcon_core.environment:checking '/home/zuki/GalacticRacing/sim_ws/install/wall_follow/lib/pkgconfig/wall_follow.pc'
[1.388s] Level 1:colcon.colcon_core.environment:checking '/home/zuki/GalacticRacing/sim_ws/install/wall_follow/lib/python3.8/site-packages'
[1.388s] Level 1:colcon.colcon_core.shell:create_environment_hook('wall_follow', 'pythonpath')
[1.388s] INFO:colcon.colcon_core.shell:Creating environment hook '/home/zuki/GalacticRacing/sim_ws/install/wall_follow/share/wall_follow/hook/pythonpath.ps1'
[1.389s] INFO:colcon.colcon_core.shell:Creating environment descriptor '/home/zuki/GalacticRacing/sim_ws/install/wall_follow/share/wall_follow/hook/pythonpath.dsv'
[1.389s] INFO:colcon.colcon_core.shell:Creating environment hook '/home/zuki/GalacticRacing/sim_ws/install/wall_follow/share/wall_follow/hook/pythonpath.sh'
[1.390s] Level 1:colcon.colcon_core.environment:checking '/home/zuki/GalacticRacing/sim_ws/install/wall_follow/bin'
[1.390s] INFO:colcon.colcon_core.shell:Creating package script '/home/zuki/GalacticRacing/sim_ws/install/wall_follow/share/wall_follow/package.ps1'
[1.390s] INFO:colcon.colcon_core.shell:Creating package descriptor '/home/zuki/GalacticRacing/sim_ws/install/wall_follow/share/wall_follow/package.dsv'
[1.391s] INFO:colcon.colcon_core.shell:Creating package script '/home/zuki/GalacticRacing/sim_ws/install/wall_follow/share/wall_follow/package.sh'
[1.391s] INFO:colcon.colcon_core.shell:Creating package script '/home/zuki/GalacticRacing/sim_ws/install/wall_follow/share/wall_follow/package.bash'
[1.392s] INFO:colcon.colcon_core.shell:Creating package script '/home/zuki/GalacticRacing/sim_ws/install/wall_follow/share/wall_follow/package.zsh'
[1.392s] Level 1:colcon.colcon_core.environment:create_file_with_runtime_dependencies(/home/zuki/GalacticRacing/sim_ws/install/wall_follow/share/colcon-core/packages/wall_follow)
[1.416s] Level 1:colcon.colcon_core.environment:create_environment_scripts_only(waypoint_logger)
[1.416s] Level 1:colcon.colcon_core.environment:checking '/home/zuki/GalacticRacing/sim_ws/install/waypoint_logger' for CMake module files
[1.416s] Level 1:colcon.colcon_core.environment:checking '/home/zuki/GalacticRacing/sim_ws/install/waypoint_logger' for CMake config files
[1.417s] Level 1:colcon.colcon_core.shell:create_environment_hook('waypoint_logger', 'cmake_prefix_path')
[1.417s] INFO:colcon.colcon_core.shell:Creating environment hook '/home/zuki/GalacticRacing/sim_ws/install/waypoint_logger/share/waypoint_logger/hook/cmake_prefix_path.ps1'
[1.417s] INFO:colcon.colcon_core.shell:Creating environment descriptor '/home/zuki/GalacticRacing/sim_ws/install/waypoint_logger/share/waypoint_logger/hook/cmake_prefix_path.dsv'
[1.418s] INFO:colcon.colcon_core.shell:Creating environment hook '/home/zuki/GalacticRacing/sim_ws/install/waypoint_logger/share/waypoint_logger/hook/cmake_prefix_path.sh'
[1.418s] Level 1:colcon.colcon_core.environment:checking '/home/zuki/GalacticRacing/sim_ws/install/waypoint_logger/lib'
[1.418s] Level 1:colcon.colcon_core.environment:checking '/home/zuki/GalacticRacing/sim_ws/install/waypoint_logger/bin'
[1.418s] Level 1:colcon.colcon_core.environment:checking '/home/zuki/GalacticRacing/sim_ws/install/waypoint_logger/lib/pkgconfig/waypoint_logger.pc'
[1.418s] Level 1:colcon.colcon_core.environment:checking '/home/zuki/GalacticRacing/sim_ws/install/waypoint_logger/lib/python3.8/site-packages'
[1.418s] Level 1:colcon.colcon_core.shell:create_environment_hook('waypoint_logger', 'pythonpath')
[1.419s] INFO:colcon.colcon_core.shell:Creating environment hook '/home/zuki/GalacticRacing/sim_ws/install/waypoint_logger/share/waypoint_logger/hook/pythonpath.ps1'
[1.419s] INFO:colcon.colcon_core.shell:Creating environment descriptor '/home/zuki/GalacticRacing/sim_ws/install/waypoint_logger/share/waypoint_logger/hook/pythonpath.dsv'
[1.419s] INFO:colcon.colcon_core.shell:Creating environment hook '/home/zuki/GalacticRacing/sim_ws/install/waypoint_logger/share/waypoint_logger/hook/pythonpath.sh'
[1.420s] Level 1:colcon.colcon_core.environment:checking '/home/zuki/GalacticRacing/sim_ws/install/waypoint_logger/bin'
[1.420s] INFO:colcon.colcon_core.shell:Creating package script '/home/zuki/GalacticRacing/sim_ws/install/waypoint_logger/share/waypoint_logger/package.ps1'
[1.421s] INFO:colcon.colcon_core.shell:Creating package descriptor '/home/zuki/GalacticRacing/sim_ws/install/waypoint_logger/share/waypoint_logger/package.dsv'
[1.421s] INFO:colcon.colcon_core.shell:Creating package script '/home/zuki/GalacticRacing/sim_ws/install/waypoint_logger/share/waypoint_logger/package.sh'
[1.421s] INFO:colcon.colcon_core.shell:Creating package script '/home/zuki/GalacticRacing/sim_ws/install/waypoint_logger/share/waypoint_logger/package.bash'
[1.422s] INFO:colcon.colcon_core.shell:Creating package script '/home/zuki/GalacticRacing/sim_ws/install/waypoint_logger/share/waypoint_logger/package.zsh'
[1.422s] Level 1:colcon.colcon_core.environment:create_file_with_runtime_dependencies(/home/zuki/GalacticRacing/sim_ws/install/waypoint_logger/share/colcon-core/packages/waypoint_logger)
[1.430s] Level 1:colcon.colcon_core.environment:create_environment_scripts_only(wall_follow)
[1.430s] Level 1:colcon.colcon_core.environment:checking '/home/zuki/GalacticRacing/sim_ws/install/wall_follow' for CMake module files
[1.431s] Level 1:colcon.colcon_core.environment:checking '/home/zuki/GalacticRacing/sim_ws/install/wall_follow' for CMake config files
[1.431s] Level 1:colcon.colcon_core.shell:create_environment_hook('wall_follow', 'cmake_prefix_path')
[1.431s] INFO:colcon.colcon_core.shell:Creating environment hook '/home/zuki/GalacticRacing/sim_ws/install/wall_follow/share/wall_follow/hook/cmake_prefix_path.ps1'
[1.432s] INFO:colcon.colcon_core.shell:Creating environment descriptor '/home/zuki/GalacticRacing/sim_ws/install/wall_follow/share/wall_follow/hook/cmake_prefix_path.dsv'
[1.432s] INFO:colcon.colcon_core.shell:Creating environment hook '/home/zuki/GalacticRacing/sim_ws/install/wall_follow/share/wall_follow/hook/cmake_prefix_path.sh'
[1.433s] Level 1:colcon.colcon_core.environment:checking '/home/zuki/GalacticRacing/sim_ws/install/wall_follow/lib'
[1.433s] Level 1:colcon.colcon_core.environment:checking '/home/zuki/GalacticRacing/sim_ws/install/wall_follow/bin'
[1.433s] Level 1:colcon.colcon_core.environment:checking '/home/zuki/GalacticRacing/sim_ws/install/wall_follow/lib/pkgconfig/wall_follow.pc'
[1.433s] Level 1:colcon.colcon_core.environment:checking '/home/zuki/GalacticRacing/sim_ws/install/wall_follow/lib/python3.8/site-packages'
[1.434s] Level 1:colcon.colcon_core.shell:create_environment_hook('wall_follow', 'pythonpath')
[1.434s] INFO:colcon.colcon_core.shell:Creating environment hook '/home/zuki/GalacticRacing/sim_ws/install/wall_follow/share/wall_follow/hook/pythonpath.ps1'
[1.434s] INFO:colcon.colcon_core.shell:Creating environment descriptor '/home/zuki/GalacticRacing/sim_ws/install/wall_follow/share/wall_follow/hook/pythonpath.dsv'
[1.435s] INFO:colcon.colcon_core.shell:Creating environment hook '/home/zuki/GalacticRacing/sim_ws/install/wall_follow/share/wall_follow/hook/pythonpath.sh'
[1.436s] Level 1:colcon.colcon_core.environment:checking '/home/zuki/GalacticRacing/sim_ws/install/wall_follow/bin'
[1.436s] INFO:colcon.colcon_core.shell:Creating package script '/home/zuki/GalacticRacing/sim_ws/install/wall_follow/share/wall_follow/package.ps1'
[1.437s] INFO:colcon.colcon_core.shell:Creating package descriptor '/home/zuki/GalacticRacing/sim_ws/install/wall_follow/share/wall_follow/package.dsv'
[1.438s] INFO:colcon.colcon_core.shell:Creating package script '/home/zuki/GalacticRacing/sim_ws/install/wall_follow/share/wall_follow/package.sh'
[1.439s] INFO:colcon.colcon_core.shell:Creating package script '/home/zuki/GalacticRacing/sim_ws/install/wall_follow/share/wall_follow/package.bash'
[1.440s] INFO:colcon.colcon_core.shell:Creating package script '/home/zuki/GalacticRacing/sim_ws/install/wall_follow/share/wall_follow/package.zsh'
[1.441s] Level 1:colcon.colcon_core.environment:create_file_with_runtime_dependencies(/home/zuki/GalacticRacing/sim_ws/install/wall_follow/share/colcon-core/packages/wall_follow)
[1.622s] Level 1:colcon.colcon_core.environment:checking '/home/zuki/GalacticRacing/sim_ws/install/particle_filter' for CMake module files
[1.625s] DEBUG:colcon.colcon_core.event_handler.log_command:Invoked command in '/home/zuki/GalacticRacing/sim_ws/src/particle_filter' returned '0': PYTHONPATH=/home/zuki/GalacticRacing/sim_ws/build/particle_filter/prefix_override:/home/zuki/GalacticRacing/sim_ws/install/particle_filter/lib/python3.8/site-packages:${PYTHONPATH} /usr/bin/python3 -W ignore:setup.py install is deprecated setup.py egg_info --egg-base ../../build/particle_filter build --build-base /home/zuki/GalacticRacing/sim_ws/build/particle_filter/build install --record /home/zuki/GalacticRacing/sim_ws/build/particle_filter/install.log --install-scripts $base/lib/particle_filter --single-version-externally-managed install_data
[1.626s] Level 1:colcon.colcon_core.environment:checking '/home/zuki/GalacticRacing/sim_ws/install/particle_filter' for CMake config files
[1.627s] Level 1:colcon.colcon_core.environment:checking '/home/zuki/GalacticRacing/sim_ws/install/particle_filter/lib'
[1.627s] Level 1:colcon.colcon_core.environment:checking '/home/zuki/GalacticRacing/sim_ws/install/particle_filter/bin'
[1.627s] Level 1:colcon.colcon_core.environment:checking '/home/zuki/GalacticRacing/sim_ws/install/particle_filter/lib/pkgconfig/particle_filter.pc'
[1.627s] Level 1:colcon.colcon_core.environment:checking '/home/zuki/GalacticRacing/sim_ws/install/particle_filter/lib/python3.8/site-packages'
[1.627s] Level 1:colcon.colcon_core.shell:create_environment_hook('particle_filter', 'pythonpath')
[1.628s] INFO:colcon.colcon_core.shell:Creating environment hook '/home/zuki/GalacticRacing/sim_ws/install/particle_filter/share/particle_filter/hook/pythonpath.ps1'
[1.628s] INFO:colcon.colcon_core.shell:Creating environment descriptor '/home/zuki/GalacticRacing/sim_ws/install/particle_filter/share/particle_filter/hook/pythonpath.dsv'
[1.628s] INFO:colcon.colcon_core.shell:Creating environment hook '/home/zuki/GalacticRacing/sim_ws/install/particle_filter/share/particle_filter/hook/pythonpath.sh'
[1.629s] Level 1:colcon.colcon_core.environment:checking '/home/zuki/GalacticRacing/sim_ws/install/particle_filter/bin'
[1.629s] Level 1:colcon.colcon_core.environment:create_environment_scripts_only(particle_filter)
[1.629s] INFO:colcon.colcon_core.shell:Creating package script '/home/zuki/GalacticRacing/sim_ws/install/particle_filter/share/particle_filter/package.ps1'
[1.630s] INFO:colcon.colcon_core.shell:Creating package descriptor '/home/zuki/GalacticRacing/sim_ws/install/particle_filter/share/particle_filter/package.dsv'
[1.630s] INFO:colcon.colcon_core.shell:Creating package script '/home/zuki/GalacticRacing/sim_ws/install/particle_filter/share/particle_filter/package.sh'
[1.630s] INFO:colcon.colcon_core.shell:Creating package script '/home/zuki/GalacticRacing/sim_ws/install/particle_filter/share/particle_filter/package.bash'
[1.631s] INFO:colcon.colcon_core.shell:Creating package script '/home/zuki/GalacticRacing/sim_ws/install/particle_filter/share/particle_filter/package.zsh'
[1.631s] Level 1:colcon.colcon_core.environment:create_file_with_runtime_dependencies(/home/zuki/GalacticRacing/sim_ws/install/particle_filter/share/colcon-core/packages/particle_filter)
[1.632s] Level 1:colcon.colcon_core.environment:checking '/home/zuki/GalacticRacing/sim_ws/install/f1tenth_gym_ros' for CMake module files
[1.634s] Level 1:colcon.colcon_core.environment:checking '/home/zuki/GalacticRacing/sim_ws/install/f1tenth_gym_ros' for CMake config files
[1.635s] DEBUG:colcon.colcon_core.event_handler.log_command:Invoked command in '/home/zuki/GalacticRacing/sim_ws/src/f1tenth_gym_ros' returned '0': PYTHONPATH=/home/zuki/GalacticRacing/sim_ws/build/f1tenth_gym_ros/prefix_override:/home/zuki/GalacticRacing/sim_ws/install/f1tenth_gym_ros/lib/python3.8/site-packages:${PYTHONPATH} /usr/bin/python3 -W ignore:setup.py install is deprecated setup.py egg_info --egg-base ../../build/f1tenth_gym_ros build --build-base /home/zuki/GalacticRacing/sim_ws/build/f1tenth_gym_ros/build install --record /home/zuki/GalacticRacing/sim_ws/build/f1tenth_gym_ros/install.log --install-scripts $base/lib/f1tenth_gym_ros --single-version-externally-managed install_data
[1.636s] Level 1:colcon.colcon_core.environment:checking '/home/zuki/GalacticRacing/sim_ws/install/f1tenth_gym_ros/lib'
[1.636s] Level 1:colcon.colcon_core.environment:checking '/home/zuki/GalacticRacing/sim_ws/install/f1tenth_gym_ros/bin'
[1.636s] Level 1:colcon.colcon_core.environment:checking '/home/zuki/GalacticRacing/sim_ws/install/f1tenth_gym_ros/lib/pkgconfig/f1tenth_gym_ros.pc'
[1.636s] Level 1:colcon.colcon_core.environment:checking '/home/zuki/GalacticRacing/sim_ws/install/f1tenth_gym_ros/lib/python3.8/site-packages'
[1.636s] Level 1:colcon.colcon_core.shell:create_environment_hook('f1tenth_gym_ros', 'pythonpath')
[1.636s] INFO:colcon.colcon_core.shell:Creating environment hook '/home/zuki/GalacticRacing/sim_ws/install/f1tenth_gym_ros/share/f1tenth_gym_ros/hook/pythonpath.ps1'
[1.637s] INFO:colcon.colcon_core.shell:Creating environment descriptor '/home/zuki/GalacticRacing/sim_ws/install/f1tenth_gym_ros/share/f1tenth_gym_ros/hook/pythonpath.dsv'
[1.637s] INFO:colcon.colcon_core.shell:Creating environment hook '/home/zuki/GalacticRacing/sim_ws/install/f1tenth_gym_ros/share/f1tenth_gym_ros/hook/pythonpath.sh'
[1.638s] Level 1:colcon.colcon_core.environment:checking '/home/zuki/GalacticRacing/sim_ws/install/f1tenth_gym_ros/bin'
[1.638s] Level 1:colcon.colcon_core.environment:create_environment_scripts_only(f1tenth_gym_ros)
[1.638s] INFO:colcon.colcon_core.shell:Creating package script '/home/zuki/GalacticRacing/sim_ws/install/f1tenth_gym_ros/share/f1tenth_gym_ros/package.ps1'
[1.638s] INFO:colcon.colcon_core.shell:Creating package descriptor '/home/zuki/GalacticRacing/sim_ws/install/f1tenth_gym_ros/share/f1tenth_gym_ros/package.dsv'
[1.639s] INFO:colcon.colcon_core.shell:Creating package script '/home/zuki/GalacticRacing/sim_ws/install/f1tenth_gym_ros/share/f1tenth_gym_ros/package.sh'
[1.639s] INFO:colcon.colcon_core.shell:Creating package script '/home/zuki/GalacticRacing/sim_ws/install/f1tenth_gym_ros/share/f1tenth_gym_ros/package.bash'
[1.640s] INFO:colcon.colcon_core.shell:Creating package script '/home/zuki/GalacticRacing/sim_ws/install/f1tenth_gym_ros/share/f1tenth_gym_ros/package.zsh'
[1.641s] Level 1:colcon.colcon_core.environment:create_file_with_runtime_dependencies(/home/zuki/GalacticRacing/sim_ws/install/f1tenth_gym_ros/share/colcon-core/packages/f1tenth_gym_ros)
[1.641s] DEBUG:colcon.colcon_parallel_executor.executor.parallel:closing loop
[1.642s] DEBUG:colcon.colcon_parallel_executor.executor.parallel:loop closed
[1.642s] DEBUG:colcon.colcon_parallel_executor.executor.parallel:run_until_complete finished with '0'
[1.642s] DEBUG:colcon.colcon_core.event_reactor:joining thread
[1.666s] INFO:colcon.colcon_core.plugin_system:Skipping extension 'colcon_notification.desktop_notification.terminal_notifier': Not used on non-Darwin systems
[1.666s] INFO:colcon.colcon_core.plugin_system:Skipping extension 'colcon_notification.desktop_notification.win32': Not used on non-Windows systems
[1.667s] INFO:colcon.colcon_notification.desktop_notification:Sending desktop notification using 'notify2'
[1.688s] DEBUG:colcon.colcon_core.event_reactor:joined thread
[1.688s] INFO:colcon.colcon_core.shell:Creating prefix script '/home/zuki/GalacticRacing/sim_ws/install/local_setup.ps1'
[1.690s] INFO:colcon.colcon_core.shell:Creating prefix util module '/home/zuki/GalacticRacing/sim_ws/install/_local_setup_util_ps1.py'
[1.691s] INFO:colcon.colcon_core.shell:Creating prefix chain script '/home/zuki/GalacticRacing/sim_ws/install/setup.ps1'
[1.692s] INFO:colcon.colcon_core.shell:Creating prefix script '/home/zuki/GalacticRacing/sim_ws/install/local_setup.sh'
[1.693s] INFO:colcon.colcon_core.shell:Creating prefix util module '/home/zuki/GalacticRacing/sim_ws/install/_local_setup_util_sh.py'
[1.694s] INFO:colcon.colcon_core.shell:Creating prefix chain script '/home/zuki/GalacticRacing/sim_ws/install/setup.sh'
[1.695s] INFO:colcon.colcon_core.shell:Creating prefix script '/home/zuki/GalacticRacing/sim_ws/install/local_setup.bash'
[1.695s] INFO:colcon.colcon_core.shell:Creating prefix chain script '/home/zuki/GalacticRacing/sim_ws/install/setup.bash'
[1.696s] INFO:colcon.colcon_core.shell:Creating prefix script '/home/zuki/GalacticRacing/sim_ws/install/local_setup.zsh'
[1.697s] INFO:colcon.colcon_core.shell:Creating prefix chain script '/home/zuki/GalacticRacing/sim_ws/install/setup.zsh'
