[0.725s] Invoking command in '/home/zuki/GalacticRacing/sim_ws/src/f1tenth_gym_ros': PYTHONPATH=/home/zuki/GalacticRacing/sim_ws/src/f1tenth_gym_ros/build/f1tenth_gym_ros/prefix_override:/home/zuki/GalacticRacing/sim_ws/src/f1tenth_gym_ros/install/f1tenth_gym_ros/lib/python3.8/site-packages: /usr/bin/python3 -W ignore:setup.py install is deprecated setup.py egg_info --egg-base build/f1tenth_gym_ros build --build-base /home/zuki/GalacticRacing/sim_ws/src/f1tenth_gym_ros/build/f1tenth_gym_ros/build install --record /home/zuki/GalacticRacing/sim_ws/src/f1tenth_gym_ros/build/f1tenth_gym_ros/install.log --install-scripts $base/lib/f1tenth_gym_ros --single-version-externally-managed install_data
[0.917s] running egg_info
[0.920s] writing build/f1tenth_gym_ros/f1tenth_gym_ros.egg-info/PKG-INFO
[0.922s] writing dependency_links to build/f1tenth_gym_ros/f1tenth_gym_ros.egg-info/dependency_links.txt
[0.922s] writing entry points to build/f1tenth_gym_ros/f1tenth_gym_ros.egg-info/entry_points.txt
[0.922s] writing requirements to build/f1tenth_gym_ros/f1tenth_gym_ros.egg-info/requires.txt
[0.922s] writing top-level names to build/f1tenth_gym_ros/f1tenth_gym_ros.egg-info/top_level.txt
[0.956s] reading manifest file 'build/f1tenth_gym_ros/f1tenth_gym_ros.egg-info/SOURCES.txt'
[0.957s] writing manifest file 'build/f1tenth_gym_ros/f1tenth_gym_ros.egg-info/SOURCES.txt'
[0.957s] running build
[0.957s] running build_py
[0.957s] running install
[0.958s] running install_lib
[0.959s] running install_data
[0.962s] copying launch/ego_racecar ORIGINAL.xacro -> /home/zuki/GalacticRacing/sim_ws/src/f1tenth_gym_ros/install/f1tenth_gym_ros/share/f1tenth_gym_ros/launch
[0.962s] copying launch/ego_racecar.xacro -> /home/zuki/GalacticRacing/sim_ws/src/f1tenth_gym_ros/install/f1tenth_gym_ros/share/f1tenth_gym_ros/launch
[0.966s] copying launch/ego_tracker.rviz -> /home/zuki/GalacticRacing/sim_ws/src/f1tenth_gym_ros/install/f1tenth_gym_ros/share/f1tenth_gym_ros/launch
[0.966s] copying config/sim.yaml -> /home/zuki/GalacticRacing/sim_ws/src/f1tenth_gym_ros/install/f1tenth_gym_ros/share/f1tenth_gym_ros/config
[0.969s] running install_egg_info
[0.973s] removing '/home/zuki/GalacticRacing/sim_ws/src/f1tenth_gym_ros/install/f1tenth_gym_ros/lib/python3.8/site-packages/f1tenth_gym_ros-0.0.0-py3.8.egg-info' (and everything under it)
[0.973s] Copying build/f1tenth_gym_ros/f1tenth_gym_ros.egg-info to /home/zuki/GalacticRacing/sim_ws/src/f1tenth_gym_ros/install/f1tenth_gym_ros/lib/python3.8/site-packages/f1tenth_gym_ros-0.0.0-py3.8.egg-info
[0.974s] running install_scripts
[0.989s] Installing gym_bridge script to /home/zuki/GalacticRacing/sim_ws/src/f1tenth_gym_ros/install/f1tenth_gym_ros/lib/f1tenth_gym_ros
[0.989s] writing list of installed files to '/home/zuki/GalacticRacing/sim_ws/src/f1tenth_gym_ros/build/f1tenth_gym_ros/install.log'
[1.028s] Invoked command in '/home/zuki/GalacticRacing/sim_ws/src/f1tenth_gym_ros' returned '0': PYTHONPATH=/home/zuki/GalacticRacing/sim_ws/src/f1tenth_gym_ros/build/f1tenth_gym_ros/prefix_override:/home/zuki/GalacticRacing/sim_ws/src/f1tenth_gym_ros/install/f1tenth_gym_ros/lib/python3.8/site-packages: /usr/bin/python3 -W ignore:setup.py install is deprecated setup.py egg_info --egg-base build/f1tenth_gym_ros build --build-base /home/zuki/GalacticRacing/sim_ws/src/f1tenth_gym_ros/build/f1tenth_gym_ros/build install --record /home/zuki/GalacticRacing/sim_ws/src/f1tenth_gym_ros/build/f1tenth_gym_ros/install.log --install-scripts $base/lib/f1tenth_gym_ros --single-version-externally-managed install_data
