[1.100s] Invoking command in '/home/zuki/GalacticRacing/sim_ws/build/wall_follow': CMAKE_PREFIX_PATH=${CMAKE_PREFIX_PATH}:/home/zuki/GalacticRacing/sim_ws/install/particle_filter:/home/zuki/GalacticRacing/sim_ws/install/f1tenth_gym_ros:/opt/ros/foxy /usr/bin/cmake --build /home/zuki/GalacticRacing/sim_ws/build/wall_follow -- -j8 -l8
[1.131s] -- Found ament_cmake: 0.9.12 (/opt/ros/foxy/share/ament_cmake/cmake)
[1.260s] -- Using PYTHON_EXECUTABLE: /usr/bin/python3
[1.419s] -- Found rclcpp: 2.4.3 (/opt/ros/foxy/share/rclcpp/cmake)
[1.494s] -- Using all available rosidl_typesupport_c: rosidl_typesupport_fastrtps_c;rosidl_typesupport_introspection_c
[1.515s] -- Found rosidl_adapter: 1.3.1 (/opt/ros/foxy/share/rosidl_adapter/cmake)
[1.687s] -- Using all available rosidl_typesupport_cpp: rosidl_typesupport_fastrtps_cpp;rosidl_typesupport_introspection_cpp
[1.774s] -- Found rmw_implementation_cmake: 1.0.4 (/opt/ros/foxy/share/rmw_implementation_cmake/cmake)
[1.774s] -- Using RMW implementation 'rmw_fastrtps_cpp' as default
[1.930s] -- Found rclpy: 1.0.13 (/opt/ros/foxy/share/rclpy/cmake)
[1.930s] -- Found geometry_msgs: 2.0.5 (/opt/ros/foxy/share/geometry_msgs/cmake)
[1.957s] -- Found nav_msgs: 2.0.5 (/opt/ros/foxy/share/nav_msgs/cmake)
[2.007s] -- Found ackermann_msgs: 2.0.2 (/opt/ros/foxy/share/ackermann_msgs/cmake)
[2.065s] -- Found sensor_msgs: 2.0.5 (/opt/ros/foxy/share/sensor_msgs/cmake)
[2.136s] -- Found ament_lint_auto: 0.9.8 (/opt/ros/foxy/share/ament_lint_auto/cmake)
[2.336s] -- Added test 'copyright' to check source files copyright and LICENSE
[2.338s] -- Added test 'cppcheck' to perform static code analysis on C / C++ code
[2.338s] -- Configured cppcheck include dirs: /home/zuki/GalacticRacing/sim_ws/src/wall_follow/include
[2.338s] -- Configured cppcheck exclude dirs and/or files: 
[2.339s] -- Added test 'cpplint' to check C / C++ code against the Google style
[2.339s] -- Configured cpplint exclude dirs and/or files: 
[2.339s] -- Added test 'flake8' to check Python code syntax and style conventions
[2.340s] -- Added test 'lint_cmake' to check CMake code style
[2.340s] -- Added test 'pep257' to check Python code against some of the style conventions in PEP 257
[2.340s] -- Added test 'uncrustify' to check C / C++ code style
[2.341s] -- Configured uncrustify additional arguments: 
[2.341s] -- Added test 'xmllint' to check XML markup files
[2.342s] -- Configuring done
[2.424s] -- Generating done
[2.480s] -- Build files have been written to: /home/zuki/GalacticRacing/sim_ws/build/wall_follow
[2.651s] [35m[1mScanning dependencies of target wall_follow_node[0m
[2.663s] [ 50%] [32mBuilding CXX object CMakeFiles/wall_follow_node.dir/src/wall_follow_node.cpp.o[0m
[4.230s] [01m[K/home/zuki/GalacticRacing/sim_ws/src/wall_follow/src/wall_follow_node.cpp:[m[K In member function ‘[01m[Kdouble WallFollow::get_range(float*, double)[m[K’:
[4.230s] [01m[K/home/zuki/GalacticRacing/sim_ws/src/wall_follow/src/wall_follow_node.cpp:30:29:[m[K [01;35m[Kwarning: [m[Kunused parameter ‘[01m[Krange_data[m[K’ [[01;35m[K-Wunused-parameter[m[K]
[4.230s]    30 |     double get_range([01;35m[Kfloat* range_data[m[K, double angle)
[4.230s]       |                      [01;35m[K~~~~~~~^~~~~~~~~~[m[K
[4.230s] [01m[K/home/zuki/GalacticRacing/sim_ws/src/wall_follow/src/wall_follow_node.cpp:30:48:[m[K [01;35m[Kwarning: [m[Kunused parameter ‘[01m[Kangle[m[K’ [[01;35m[K-Wunused-parameter[m[K]
[4.230s]    30 |     double get_range(float* range_data, [01;35m[Kdouble angle[m[K)
[4.230s]       |                                         [01;35m[K~~~~~~~^~~~~[m[K
[4.230s] [01m[K/home/zuki/GalacticRacing/sim_ws/src/wall_follow/src/wall_follow_node.cpp:[m[K In member function ‘[01m[Kdouble WallFollow::get_error(float*, double)[m[K’:
[4.230s] [01m[K/home/zuki/GalacticRacing/sim_ws/src/wall_follow/src/wall_follow_node.cpp:47:29:[m[K [01;35m[Kwarning: [m[Kunused parameter ‘[01m[Krange_data[m[K’ [[01;35m[K-Wunused-parameter[m[K]
[4.230s]    47 |     double get_error([01;35m[Kfloat* range_data[m[K, double dist)
[4.230s]       |                      [01;35m[K~~~~~~~^~~~~~~~~~[m[K
[4.231s] [01m[K/home/zuki/GalacticRacing/sim_ws/src/wall_follow/src/wall_follow_node.cpp:47:48:[m[K [01;35m[Kwarning: [m[Kunused parameter ‘[01m[Kdist[m[K’ [[01;35m[K-Wunused-parameter[m[K]
[4.231s]    47 |     double get_error(float* range_data, [01;35m[Kdouble dist[m[K)
[4.231s]       |                                         [01;35m[K~~~~~~~^~~~[m[K
[4.231s] [01m[K/home/zuki/GalacticRacing/sim_ws/src/wall_follow/src/wall_follow_node.cpp:[m[K In member function ‘[01m[Kvoid WallFollow::pid_control(double, double)[m[K’:
[4.231s] [01m[K/home/zuki/GalacticRacing/sim_ws/src/wall_follow/src/wall_follow_node.cpp:76:16:[m[K [01;35m[Kwarning: [m[Kunused variable ‘[01m[Kangle[m[K’ [[01;35m[K-Wunused-variable[m[K]
[4.231s]    76 |         double [01;35m[Kangle[m[K = 0.0;
[4.231s]       |                [01;35m[K^~~~~[m[K
[4.231s] [01m[K/home/zuki/GalacticRacing/sim_ws/src/wall_follow/src/wall_follow_node.cpp:64:29:[m[K [01;35m[Kwarning: [m[Kunused parameter ‘[01m[Kerror[m[K’ [[01;35m[K-Wunused-parameter[m[K]
[4.231s]    64 |     void pid_control([01;35m[Kdouble error[m[K, double velocity)
[4.231s]       |                      [01;35m[K~~~~~~~^~~~~[m[K
[4.231s] [01m[K/home/zuki/GalacticRacing/sim_ws/src/wall_follow/src/wall_follow_node.cpp:64:43:[m[K [01;35m[Kwarning: [m[Kunused parameter ‘[01m[Kvelocity[m[K’ [[01;35m[K-Wunused-parameter[m[K]
[4.231s]    64 |     void pid_control(double error, [01;35m[Kdouble velocity[m[K)
[4.231s]       |                                    [01;35m[K~~~~~~~^~~~~~~~[m[K
[4.233s] [01m[K/home/zuki/GalacticRacing/sim_ws/src/wall_follow/src/wall_follow_node.cpp:[m[K In member function ‘[01m[Kvoid WallFollow::scan_callback(sensor_msgs::msg::LaserScan_<std::allocator<void> >::ConstSharedPtr)[m[K’:
[4.233s] [01m[K/home/zuki/GalacticRacing/sim_ws/src/wall_follow/src/wall_follow_node.cpp:93:16:[m[K [01;35m[Kwarning: [m[Kunused variable ‘[01m[Kerror[m[K’ [[01;35m[K-Wunused-variable[m[K]
[4.233s]    93 |         double [01;35m[Kerror[m[K = 0.0; // TODO: replace with error calculated by get_error()
[4.233s]       |                [01;35m[K^~~~~[m[K
[4.233s] [01m[K/home/zuki/GalacticRacing/sim_ws/src/wall_follow/src/wall_follow_node.cpp:94:16:[m[K [01;35m[Kwarning: [m[Kunused variable ‘[01m[Kvelocity[m[K’ [[01;35m[K-Wunused-variable[m[K]
[4.234s]    94 |         double [01;35m[Kvelocity[m[K = 0.0; // TODO: calculate desired car velocity based on error
[4.234s]       |                [01;35m[K^~~~~~~~[m[K
[4.234s] [01m[K/home/zuki/GalacticRacing/sim_ws/src/wall_follow/src/wall_follow_node.cpp:82:74:[m[K [01;35m[Kwarning: [m[Kunused parameter ‘[01m[Kscan_msg[m[K’ [[01;35m[K-Wunused-parameter[m[K]
[4.234s]    82 | k([01;35m[Kconst sensor_msgs::msg::LaserScan::ConstSharedPtr scan_msg[m[K)
[4.234s]       |   [01;35m[K~~~~~~~~~~~~~~~~~~~~~~~~~~~~~~~~~~~~~~~~~~~~~~~~~~^~~~~~~~[m[K
[4.234s] 
[4.758s] [100%] [32m[1mLinking CXX executable wall_follow_node[0m
[4.867s] [100%] Built target wall_follow_node
[5.127s] Invoked command in '/home/zuki/GalacticRacing/sim_ws/build/wall_follow' returned '0': CMAKE_PREFIX_PATH=${CMAKE_PREFIX_PATH}:/home/zuki/GalacticRacing/sim_ws/install/particle_filter:/home/zuki/GalacticRacing/sim_ws/install/f1tenth_gym_ros:/opt/ros/foxy /usr/bin/cmake --build /home/zuki/GalacticRacing/sim_ws/build/wall_follow -- -j8 -l8
[5.481s] Invoking command in '/home/zuki/GalacticRacing/sim_ws/build/wall_follow': CMAKE_PREFIX_PATH=${CMAKE_PREFIX_PATH}:/home/zuki/GalacticRacing/sim_ws/install/particle_filter:/home/zuki/GalacticRacing/sim_ws/install/f1tenth_gym_ros:/opt/ros/foxy /usr/bin/cmake --install /home/zuki/GalacticRacing/sim_ws/build/wall_follow
[5.487s] -- Install configuration: ""
[5.487s] -- Installing: /home/zuki/GalacticRacing/sim_ws/install/wall_follow/lib/wall_follow/wall_follow_node
[5.487s] -- Set runtime path of "/home/zuki/GalacticRacing/sim_ws/install/wall_follow/lib/wall_follow/wall_follow_node" to ""
[5.487s] -- Up-to-date: /home/zuki/GalacticRacing/sim_ws/install/wall_follow/share/wall_follow/environment/pythonpath.sh
[5.487s] -- Installing: /home/zuki/GalacticRacing/sim_ws/install/wall_follow/share/wall_follow/environment/pythonpath.dsv
[5.487s] -- Up-to-date: /home/zuki/GalacticRacing/sim_ws/install/wall_follow/lib/python3.8/site-packages/wall_follow
[5.487s] -- Up-to-date: /home/zuki/GalacticRacing/sim_ws/install/wall_follow/lib/python3.8/site-packages/wall_follow/__init__.py
[5.526s] Listing '/home/zuki/GalacticRacing/sim_ws/install/wall_follow/lib/python3.8/site-packages/wall_follow'...
[5.526s] Compiling '/home/zuki/GalacticRacing/sim_ws/install/wall_follow/lib/python3.8/site-packages/wall_follow/__init__.py'...
[5.539s] -- Up-to-date: /home/zuki/GalacticRacing/sim_ws/install/wall_follow/lib/wall_follow/wall_follow_node.py
[5.539s] -- Up-to-date: /home/zuki/GalacticRacing/sim_ws/install/wall_follow/share/ament_index/resource_index/package_run_dependencies/wall_follow
[5.539s] -- Installing: /home/zuki/GalacticRacing/sim_ws/install/wall_follow/share/ament_index/resource_index/parent_prefix_path/wall_follow
[5.539s] -- Installing: /home/zuki/GalacticRacing/sim_ws/install/wall_follow/share/wall_follow/environment/ament_prefix_path.sh
[5.539s] -- Installing: /home/zuki/GalacticRacing/sim_ws/install/wall_follow/share/wall_follow/environment/ament_prefix_path.dsv
[5.539s] -- Installing: /home/zuki/GalacticRacing/sim_ws/install/wall_follow/share/wall_follow/environment/path.sh
[5.539s] -- Installing: /home/zuki/GalacticRacing/sim_ws/install/wall_follow/share/wall_follow/environment/path.dsv
[5.539s] -- Up-to-date: /home/zuki/GalacticRacing/sim_ws/install/wall_follow/share/wall_follow/local_setup.bash
[5.539s] -- Up-to-date: /home/zuki/GalacticRacing/sim_ws/install/wall_follow/share/wall_follow/local_setup.sh
[5.539s] -- Up-to-date: /home/zuki/GalacticRacing/sim_ws/install/wall_follow/share/wall_follow/local_setup.zsh
[5.539s] -- Installing: /home/zuki/GalacticRacing/sim_ws/install/wall_follow/share/wall_follow/local_setup.dsv
[5.539s] -- Installing: /home/zuki/GalacticRacing/sim_ws/install/wall_follow/share/wall_follow/package.dsv
[5.539s] -- Up-to-date: /home/zuki/GalacticRacing/sim_ws/install/wall_follow/share/ament_index/resource_index/packages/wall_follow
[5.539s] -- Up-to-date: /home/zuki/GalacticRacing/sim_ws/install/wall_follow/share/wall_follow/cmake/wall_followConfig.cmake
[5.539s] -- Up-to-date: /home/zuki/GalacticRacing/sim_ws/install/wall_follow/share/wall_follow/cmake/wall_followConfig-version.cmake
[5.540s] -- Up-to-date: /home/zuki/GalacticRacing/sim_ws/install/wall_follow/share/wall_follow/package.xml
[5.771s] Invoked command in '/home/zuki/GalacticRacing/sim_ws/build/wall_follow' returned '0': CMAKE_PREFIX_PATH=${CMAKE_PREFIX_PATH}:/home/zuki/GalacticRacing/sim_ws/install/particle_filter:/home/zuki/GalacticRacing/sim_ws/install/f1tenth_gym_ros:/opt/ros/foxy /usr/bin/cmake --install /home/zuki/GalacticRacing/sim_ws/build/wall_follow
