[0.166s] DEBUG:colcon:Command line arguments: ['/usr/bin/colcon', 'build']
[0.166s] DEBUG:colcon:Parsed command line arguments: Namespace(allow_overriding=[], ament_cmake_args=None, base_paths=['.'], build_base='build', catkin_cmake_args=None, catkin_skip_building_tests=False, cmake_args=None, cmake_clean_cache=False, cmake_clean_first=False, cmake_force_configure=False, cmake_target=None, cmake_target_skip_unavailable=False, continue_on_error=False, event_handlers=None, executor='parallel', ignore_user_meta=False, install_base='install', log_base=None, log_level=None, main=<bound method BuildVerb.main of <colcon_core.verb.build.BuildVerb object at 0x7f083a7b6e80>>, merge_install=False, metas=['./colcon.meta'], packages_above=None, packages_above_and_dependencies=None, packages_above_depth=None, packages_end=None, packages_ignore=None, packages_ignore_regex=None, packages_select=None, packages_select_build_failed=False, packages_select_by_dep=None, packages_select_regex=None, packages_select_test_failures=False, packages_skip=None, packages_skip_build_finished=False, packages_skip_by_dep=None, packages_skip_regex=None, packages_skip_test_passed=False, packages_skip_up_to=None, packages_start=None, packages_up_to=None, packages_up_to_regex=None, parallel_workers=6, paths=None, symlink_install=False, test_result_base=None, verb_extension=<colcon_core.verb.build.BuildVerb object at 0x7f083a7b6e80>, verb_name='build', verb_parser=<colcon_defaults.argument_parser.defaults.DefaultArgumentsDecorator object at 0x7f083a6d0a00>)
[0.304s] Level 1:colcon.colcon_core.package_discovery:discover_packages(colcon_meta) check parameters
[0.304s] Level 1:colcon.colcon_core.package_discovery:discover_packages(recursive) check parameters
[0.304s] Level 1:colcon.colcon_core.package_discovery:discover_packages(ignore) check parameters
[0.304s] Level 1:colcon.colcon_core.package_discovery:discover_packages(path) check parameters
[0.304s] Level 1:colcon.colcon_core.package_discovery:discover_packages(colcon_meta) discover
[0.304s] Level 1:colcon.colcon_core.package_discovery:discover_packages(recursive) discover
[0.304s] INFO:colcon.colcon_core.package_discovery:Crawling recursively for packages in '/home/zuki/GalacticRacing/sim_ws'
[0.304s] Level 1:colcon.colcon_core.package_identification:_identify(.) by extensions ['ignore', 'ignore_ament_install']
[0.304s] Level 1:colcon.colcon_core.package_identification:_identify(.) by extension 'ignore'
[0.304s] Level 1:colcon.colcon_core.package_identification:_identify(.) by extension 'ignore_ament_install'
[0.304s] Level 1:colcon.colcon_core.package_identification:_identify(.) by extensions ['colcon_pkg']
[0.304s] Level 1:colcon.colcon_core.package_identification:_identify(.) by extension 'colcon_pkg'
[0.304s] Level 1:colcon.colcon_core.package_identification:_identify(.) by extensions ['colcon_meta']
[0.304s] Level 1:colcon.colcon_core.package_identification:_identify(.) by extension 'colcon_meta'
[0.304s] Level 1:colcon.colcon_core.package_identification:_identify(.) by extensions ['ros']
[0.304s] Level 1:colcon.colcon_core.package_identification:_identify(.) by extension 'ros'
[0.314s] Level 1:colcon.colcon_core.package_identification:_identify(.) by extensions ['cmake', 'python']
[0.315s] Level 1:colcon.colcon_core.package_identification:_identify(.) by extension 'cmake'
[0.315s] Level 1:colcon.colcon_core.package_identification:_identify(.) by extension 'python'
[0.315s] Level 1:colcon.colcon_core.package_identification:_identify(.) by extensions ['python_setup_py']
[0.315s] Level 1:colcon.colcon_core.package_identification:_identify(.) by extension 'python_setup_py'
[0.315s] Level 1:colcon.colcon_core.package_identification:_identify(build) by extensions ['ignore', 'ignore_ament_install']
[0.315s] Level 1:colcon.colcon_core.package_identification:_identify(build) by extension 'ignore'
[0.315s] Level 1:colcon.colcon_core.package_identification:_identify(build) ignored
[0.315s] Level 1:colcon.colcon_core.package_identification:_identify(install) by extensions ['ignore', 'ignore_ament_install']
[0.315s] Level 1:colcon.colcon_core.package_identification:_identify(install) by extension 'ignore'
[0.315s] Level 1:colcon.colcon_core.package_identification:_identify(install) ignored
[0.315s] Level 1:colcon.colcon_core.package_identification:_identify(lab5_pkg) by extensions ['ignore', 'ignore_ament_install']
[0.315s] Level 1:colcon.colcon_core.package_identification:_identify(lab5_pkg) by extension 'ignore'
[0.316s] Level 1:colcon.colcon_core.package_identification:_identify(lab5_pkg) by extension 'ignore_ament_install'
[0.316s] Level 1:colcon.colcon_core.package_identification:_identify(lab5_pkg) by extensions ['colcon_pkg']
[0.316s] Level 1:colcon.colcon_core.package_identification:_identify(lab5_pkg) by extension 'colcon_pkg'
[0.316s] Level 1:colcon.colcon_core.package_identification:_identify(lab5_pkg) by extensions ['colcon_meta']
[0.316s] Level 1:colcon.colcon_core.package_identification:_identify(lab5_pkg) by extension 'colcon_meta'
[0.316s] Level 1:colcon.colcon_core.package_identification:_identify(lab5_pkg) by extensions ['ros']
[0.316s] Level 1:colcon.colcon_core.package_identification:_identify(lab5_pkg) by extension 'ros'
[0.319s] DEBUG:colcon.colcon_core.package_identification:Package 'lab5_pkg' with type 'ros.ament_cmake' and name 'lab5_pkg'
[0.319s] Level 1:colcon.colcon_core.package_identification:_identify(log) by extensions ['ignore', 'ignore_ament_install']
[0.319s] Level 1:colcon.colcon_core.package_identification:_identify(log) by extension 'ignore'
[0.319s] Level 1:colcon.colcon_core.package_identification:_identify(log) ignored
[0.319s] Level 1:colcon.colcon_core.package_identification:_identify(range_libc) by extensions ['ignore', 'ignore_ament_install']
[0.319s] Level 1:colcon.colcon_core.package_identification:_identify(range_libc) by extension 'ignore'
[0.319s] Level 1:colcon.colcon_core.package_identification:_identify(range_libc) by extension 'ignore_ament_install'
[0.319s] Level 1:colcon.colcon_core.package_identification:_identify(range_libc) by extensions ['colcon_pkg']
[0.320s] Level 1:colcon.colcon_core.package_identification:_identify(range_libc) by extension 'colcon_pkg'
[0.320s] Level 1:colcon.colcon_core.package_identification:_identify(range_libc) by extensions ['colcon_meta']
[0.320s] Level 1:colcon.colcon_core.package_identification:_identify(range_libc) by extension 'colcon_meta'
[0.320s] Level 1:colcon.colcon_core.package_identification:_identify(range_libc) by extensions ['ros']
[0.320s] Level 1:colcon.colcon_core.package_identification:_identify(range_libc) by extension 'ros'
[0.320s] Level 1:colcon.colcon_core.package_identification:_identify(range_libc) by extensions ['cmake', 'python']
[0.320s] Level 1:colcon.colcon_core.package_identification:_identify(range_libc) by extension 'cmake'
[0.328s] Level 1:colcon.colcon_core.package_identification:_identify(range_libc) by extension 'python'
[0.328s] DEBUG:colcon.colcon_core.package_identification:Package 'range_libc' with type 'cmake' and name 'range_lib'
[0.328s] Level 1:colcon.colcon_core.package_identification:_identify(src) by extensions ['ignore', 'ignore_ament_install']
[0.329s] Level 1:colcon.colcon_core.package_identification:_identify(src) by extension 'ignore'
[0.329s] Level 1:colcon.colcon_core.package_identification:_identify(src) by extension 'ignore_ament_install'
[0.329s] Level 1:colcon.colcon_core.package_identification:_identify(src) by extensions ['colcon_pkg']
[0.329s] Level 1:colcon.colcon_core.package_identification:_identify(src) by extension 'colcon_pkg'
[0.329s] Level 1:colcon.colcon_core.package_identification:_identify(src) by extensions ['colcon_meta']
[0.329s] Level 1:colcon.colcon_core.package_identification:_identify(src) by extension 'colcon_meta'
[0.329s] Level 1:colcon.colcon_core.package_identification:_identify(src) by extensions ['ros']
[0.329s] Level 1:colcon.colcon_core.package_identification:_identify(src) by extension 'ros'
[0.329s] Level 1:colcon.colcon_core.package_identification:_identify(src) by extensions ['cmake', 'python']
[0.329s] Level 1:colcon.colcon_core.package_identification:_identify(src) by extension 'cmake'
[0.329s] Level 1:colcon.colcon_core.package_identification:_identify(src) by extension 'python'
[0.329s] Level 1:colcon.colcon_core.package_identification:_identify(src) by extensions ['python_setup_py']
[0.329s] Level 1:colcon.colcon_core.package_identification:_identify(src) by extension 'python_setup_py'
[0.329s] Level 1:colcon.colcon_core.package_identification:_identify(src/f1tenth_gym_ros) by extensions ['ignore', 'ignore_ament_install']
[0.329s] Level 1:colcon.colcon_core.package_identification:_identify(src/f1tenth_gym_ros) by extension 'ignore'
[0.329s] Level 1:colcon.colcon_core.package_identification:_identify(src/f1tenth_gym_ros) by extension 'ignore_ament_install'
[0.329s] Level 1:colcon.colcon_core.package_identification:_identify(src/f1tenth_gym_ros) by extensions ['colcon_pkg']
[0.329s] Level 1:colcon.colcon_core.package_identification:_identify(src/f1tenth_gym_ros) by extension 'colcon_pkg'
[0.329s] Level 1:colcon.colcon_core.package_identification:_identify(src/f1tenth_gym_ros) by extensions ['colcon_meta']
[0.330s] Level 1:colcon.colcon_core.package_identification:_identify(src/f1tenth_gym_ros) by extension 'colcon_meta'
[0.330s] Level 1:colcon.colcon_core.package_identification:_identify(src/f1tenth_gym_ros) by extensions ['ros']
[0.330s] Level 1:colcon.colcon_core.package_identification:_identify(src/f1tenth_gym_ros) by extension 'ros'
[0.330s] DEBUG:colcon.colcon_core.package_identification:Package 'src/f1tenth_gym_ros' with type 'ros.ament_python' and name 'f1tenth_gym_ros'
[0.330s] Level 1:colcon.colcon_core.package_identification:_identify(src/gap_follow) by extensions ['ignore', 'ignore_ament_install']
[0.331s] Level 1:colcon.colcon_core.package_identification:_identify(src/gap_follow) by extension 'ignore'
[0.331s] Level 1:colcon.colcon_core.package_identification:_identify(src/gap_follow) by extension 'ignore_ament_install'
[0.331s] Level 1:colcon.colcon_core.package_identification:_identify(src/gap_follow) by extensions ['colcon_pkg']
[0.331s] Level 1:colcon.colcon_core.package_identification:_identify(src/gap_follow) by extension 'colcon_pkg'
[0.331s] Level 1:colcon.colcon_core.package_identification:_identify(src/gap_follow) by extensions ['colcon_meta']
[0.331s] Level 1:colcon.colcon_core.package_identification:_identify(src/gap_follow) by extension 'colcon_meta'
[0.331s] Level 1:colcon.colcon_core.package_identification:_identify(src/gap_follow) by extensions ['ros']
[0.331s] Level 1:colcon.colcon_core.package_identification:_identify(src/gap_follow) by extension 'ros'
[0.332s] DEBUG:colcon.colcon_core.package_identification:Package 'src/gap_follow' with type 'ros.ament_cmake' and name 'gap_follow'
[0.332s] Level 1:colcon.colcon_core.package_identification:_identify(src/lab5_pkg) by extensions ['ignore', 'ignore_ament_install']
[0.332s] Level 1:colcon.colcon_core.package_identification:_identify(src/lab5_pkg) by extension 'ignore'
[0.332s] Level 1:colcon.colcon_core.package_identification:_identify(src/lab5_pkg) by extension 'ignore_ament_install'
[0.332s] Level 1:colcon.colcon_core.package_identification:_identify(src/lab5_pkg) by extensions ['colcon_pkg']
[0.332s] Level 1:colcon.colcon_core.package_identification:_identify(src/lab5_pkg) by extension 'colcon_pkg'
[0.332s] Level 1:colcon.colcon_core.package_identification:_identify(src/lab5_pkg) by extensions ['colcon_meta']
[0.332s] Level 1:colcon.colcon_core.package_identification:_identify(src/lab5_pkg) by extension 'colcon_meta'
[0.332s] Level 1:colcon.colcon_core.package_identification:_identify(src/lab5_pkg) by extensions ['ros']
[0.332s] Level 1:colcon.colcon_core.package_identification:_identify(src/lab5_pkg) by extension 'ros'
[0.332s] Level 1:colcon.colcon_core.package_identification:_identify(src/lab5_pkg) by extensions ['cmake', 'python']
[0.332s] Level 1:colcon.colcon_core.package_identification:_identify(src/lab5_pkg) by extension 'cmake'
[0.332s] Level 1:colcon.colcon_core.package_identification:_identify(src/lab5_pkg) by extension 'python'
[0.332s] Level 1:colcon.colcon_core.package_identification:_identify(src/lab5_pkg) by extensions ['python_setup_py']
[0.332s] Level 1:colcon.colcon_core.package_identification:_identify(src/lab5_pkg) by extension 'python_setup_py'
[0.332s] Level 1:colcon.colcon_core.package_identification:_identify(src/particle_filter) by extensions ['ignore', 'ignore_ament_install']
[0.333s] Level 1:colcon.colcon_core.package_identification:_identify(src/particle_filter) by extension 'ignore'
[0.333s] Level 1:colcon.colcon_core.package_identification:_identify(src/particle_filter) by extension 'ignore_ament_install'
[0.333s] Level 1:colcon.colcon_core.package_identification:_identify(src/particle_filter) by extensions ['colcon_pkg']
[0.333s] Level 1:colcon.colcon_core.package_identification:_identify(src/particle_filter) by extension 'colcon_pkg'
[0.333s] Level 1:colcon.colcon_core.package_identification:_identify(src/particle_filter) by extensions ['colcon_meta']
[0.333s] Level 1:colcon.colcon_core.package_identification:_identify(src/particle_filter) by extension 'colcon_meta'
[0.333s] Level 1:colcon.colcon_core.package_identification:_identify(src/particle_filter) by extensions ['ros']
[0.333s] Level 1:colcon.colcon_core.package_identification:_identify(src/particle_filter) by extension 'ros'
[0.334s] DEBUG:colcon.colcon_core.package_identification:Package 'src/particle_filter' with type 'ros.ament_python' and name 'particle_filter'
[0.334s] Level 1:colcon.colcon_core.package_identification:_identify(src/pure_pursuit) by extensions ['ignore', 'ignore_ament_install']
[0.334s] Level 1:colcon.colcon_core.package_identification:_identify(src/pure_pursuit) by extension 'ignore'
[0.334s] Level 1:colcon.colcon_core.package_identification:_identify(src/pure_pursuit) by extension 'ignore_ament_install'
[0.334s] Level 1:colcon.colcon_core.package_identification:_identify(src/pure_pursuit) by extensions ['colcon_pkg']
[0.334s] Level 1:colcon.colcon_core.package_identification:_identify(src/pure_pursuit) by extension 'colcon_pkg'
[0.334s] Level 1:colcon.colcon_core.package_identification:_identify(src/pure_pursuit) by extensions ['colcon_meta']
[0.334s] Level 1:colcon.colcon_core.package_identification:_identify(src/pure_pursuit) by extension 'colcon_meta'
[0.334s] Level 1:colcon.colcon_core.package_identification:_identify(src/pure_pursuit) by extensions ['ros']
[0.334s] Level 1:colcon.colcon_core.package_identification:_identify(src/pure_pursuit) by extension 'ros'
[0.335s] DEBUG:colcon.colcon_core.package_identification:Package 'src/pure_pursuit' with type 'ros.ament_cmake' and name 'pure_pursuit'
[0.335s] Level 1:colcon.colcon_core.package_identification:_identify(src/safety_node) by extensions ['ignore', 'ignore_ament_install']
[0.335s] Level 1:colcon.colcon_core.package_identification:_identify(src/safety_node) by extension 'ignore'
[0.335s] Level 1:colcon.colcon_core.package_identification:_identify(src/safety_node) by extension 'ignore_ament_install'
[0.336s] Level 1:colcon.colcon_core.package_identification:_identify(src/safety_node) by extensions ['colcon_pkg']
[0.336s] Level 1:colcon.colcon_core.package_identification:_identify(src/safety_node) by extension 'colcon_pkg'
[0.336s] Level 1:colcon.colcon_core.package_identification:_identify(src/safety_node) by extensions ['colcon_meta']
[0.336s] Level 1:colcon.colcon_core.package_identification:_identify(src/safety_node) by extension 'colcon_meta'
[0.336s] Level 1:colcon.colcon_core.package_identification:_identify(src/safety_node) by extensions ['ros']
[0.336s] Level 1:colcon.colcon_core.package_identification:_identify(src/safety_node) by extension 'ros'
[0.336s] DEBUG:colcon.colcon_core.package_identification:Package 'src/safety_node' with type 'ros.ament_cmake' and name 'safety_node'
[0.337s] Level 1:colcon.colcon_core.package_identification:_identify(src/wall_follow) by extensions ['ignore', 'ignore_ament_install']
[0.337s] Level 1:colcon.colcon_core.package_identification:_identify(src/wall_follow) by extension 'ignore'
[0.337s] Level 1:colcon.colcon_core.package_identification:_identify(src/wall_follow) by extension 'ignore_ament_install'
[0.337s] Level 1:colcon.colcon_core.package_identification:_identify(src/wall_follow) by extensions ['colcon_pkg']
[0.337s] Level 1:colcon.colcon_core.package_identification:_identify(src/wall_follow) by extension 'colcon_pkg'
[0.337s] Level 1:colcon.colcon_core.package_identification:_identify(src/wall_follow) by extensions ['colcon_meta']
[0.337s] Level 1:colcon.colcon_core.package_identification:_identify(src/wall_follow) by extension 'colcon_meta'
[0.337s] Level 1:colcon.colcon_core.package_identification:_identify(src/wall_follow) by extensions ['ros']
[0.337s] Level 1:colcon.colcon_core.package_identification:_identify(src/wall_follow) by extension 'ros'
[0.338s] DEBUG:colcon.colcon_core.package_identification:Package 'src/wall_follow' with type 'ros.ament_cmake' and name 'wall_follow'
[0.338s] Level 1:colcon.colcon_core.package_identification:_identify(src/waypoint_logger) by extensions ['ignore', 'ignore_ament_install']
[0.338s] Level 1:colcon.colcon_core.package_identification:_identify(src/waypoint_logger) by extension 'ignore'
[0.338s] Level 1:colcon.colcon_core.package_identification:_identify(src/waypoint_logger) by extension 'ignore_ament_install'
[0.338s] Level 1:colcon.colcon_core.package_identification:_identify(src/waypoint_logger) by extensions ['colcon_pkg']
[0.338s] Level 1:colcon.colcon_core.package_identification:_identify(src/waypoint_logger) by extension 'colcon_pkg'
[0.338s] Level 1:colcon.colcon_core.package_identification:_identify(src/waypoint_logger) by extensions ['colcon_meta']
[0.338s] Level 1:colcon.colcon_core.package_identification:_identify(src/waypoint_logger) by extension 'colcon_meta'
[0.338s] Level 1:colcon.colcon_core.package_identification:_identify(src/waypoint_logger) by extensions ['ros']
[0.338s] Level 1:colcon.colcon_core.package_identification:_identify(src/waypoint_logger) by extension 'ros'
[0.339s] DEBUG:colcon.colcon_core.package_identification:Package 'src/waypoint_logger' with type 'ros.ament_cmake' and name 'waypoint_logger'
[0.339s] Level 1:colcon.colcon_core.package_discovery:discover_packages(recursive) using defaults
[0.339s] Level 1:colcon.colcon_core.package_discovery:discover_packages(ignore) discover
[0.339s] Level 1:colcon.colcon_core.package_discovery:discover_packages(ignore) using defaults
[0.339s] Level 1:colcon.colcon_core.package_discovery:discover_packages(path) discover
[0.339s] Level 1:colcon.colcon_core.package_discovery:discover_packages(path) using defaults
[0.354s] Level 1:colcon.colcon_core.package_discovery:discover_packages(prefix_path) check parameters
[0.354s] Level 1:colcon.colcon_core.package_discovery:discover_packages(prefix_path) discover
[0.356s] DEBUG:colcon.colcon_installed_package_information.package_discovery:Found 8 installed packages in /home/zuki/GalacticRacing/sim_ws/install
[0.359s] DEBUG:colcon.colcon_installed_package_information.package_discovery:Found 302 installed packages in /opt/ros/foxy
[0.369s] Level 1:colcon.colcon_core.package_discovery:discover_packages(prefix_path) using defaults
[0.423s] Level 5:colcon.colcon_core.verb:set package 'f1tenth_gym_ros' build argument 'cmake_args' from command line to 'None'
[0.423s] Level 5:colcon.colcon_core.verb:set package 'f1tenth_gym_ros' build argument 'cmake_target' from command line to 'None'
[0.423s] Level 5:colcon.colcon_core.verb:set package 'f1tenth_gym_ros' build argument 'cmake_target_skip_unavailable' from command line to 'False'
[0.423s] Level 5:colcon.colcon_core.verb:set package 'f1tenth_gym_ros' build argument 'cmake_clean_cache' from command line to 'False'
[0.423s] Level 5:colcon.colcon_core.verb:set package 'f1tenth_gym_ros' build argument 'cmake_clean_first' from command line to 'False'
[0.423s] Level 5:colcon.colcon_core.verb:set package 'f1tenth_gym_ros' build argument 'cmake_force_configure' from command line to 'False'
[0.423s] Level 5:colcon.colcon_core.verb:set package 'f1tenth_gym_ros' build argument 'ament_cmake_args' from command line to 'None'
[0.423s] Level 5:colcon.colcon_core.verb:set package 'f1tenth_gym_ros' build argument 'catkin_cmake_args' from command line to 'None'
[0.423s] Level 5:colcon.colcon_core.verb:set package 'f1tenth_gym_ros' build argument 'catkin_skip_building_tests' from command line to 'False'
[0.423s] DEBUG:colcon.colcon_core.verb:Building package 'f1tenth_gym_ros' with the following arguments: {'ament_cmake_args': None, 'build_base': '/home/zuki/GalacticRacing/sim_ws/build/f1tenth_gym_ros', 'catkin_cmake_args': None, 'catkin_skip_building_tests': False, 'cmake_args': None, 'cmake_clean_cache': False, 'cmake_clean_first': False, 'cmake_force_configure': False, 'cmake_target': None, 'cmake_target_skip_unavailable': False, 'install_base': '/home/zuki/GalacticRacing/sim_ws/install/f1tenth_gym_ros', 'merge_install': False, 'path': '/home/zuki/GalacticRacing/sim_ws/src/f1tenth_gym_ros', 'symlink_install': False, 'test_result_base': None}
[0.423s] Level 5:colcon.colcon_core.verb:set package 'gap_follow' build argument 'cmake_args' from command line to 'None'
[0.423s] Level 5:colcon.colcon_core.verb:set package 'gap_follow' build argument 'cmake_target' from command line to 'None'
[0.423s] Level 5:colcon.colcon_core.verb:set package 'gap_follow' build argument 'cmake_target_skip_unavailable' from command line to 'False'
[0.423s] Level 5:colcon.colcon_core.verb:set package 'gap_follow' build argument 'cmake_clean_cache' from command line to 'False'
[0.423s] Level 5:colcon.colcon_core.verb:set package 'gap_follow' build argument 'cmake_clean_first' from command line to 'False'
[0.423s] Level 5:colcon.colcon_core.verb:set package 'gap_follow' build argument 'cmake_force_configure' from command line to 'False'
[0.424s] Level 5:colcon.colcon_core.verb:set package 'gap_follow' build argument 'ament_cmake_args' from command line to 'None'
[0.424s] Level 5:colcon.colcon_core.verb:set package 'gap_follow' build argument 'catkin_cmake_args' from command line to 'None'
[0.424s] Level 5:colcon.colcon_core.verb:set package 'gap_follow' build argument 'catkin_skip_building_tests' from command line to 'False'
[0.424s] DEBUG:colcon.colcon_core.verb:Building package 'gap_follow' with the following arguments: {'ament_cmake_args': None, 'build_base': '/home/zuki/GalacticRacing/sim_ws/build/gap_follow', 'catkin_cmake_args': None, 'catkin_skip_building_tests': False, 'cmake_args': None, 'cmake_clean_cache': False, 'cmake_clean_first': False, 'cmake_force_configure': False, 'cmake_target': None, 'cmake_target_skip_unavailable': False, 'install_base': '/home/zuki/GalacticRacing/sim_ws/install/gap_follow', 'merge_install': False, 'path': '/home/zuki/GalacticRacing/sim_ws/src/gap_follow', 'symlink_install': False, 'test_result_base': None}
[0.424s] Level 5:colcon.colcon_core.verb:set package 'lab5_pkg' build argument 'cmake_args' from command line to 'None'
[0.424s] Level 5:colcon.colcon_core.verb:set package 'lab5_pkg' build argument 'cmake_target' from command line to 'None'
[0.424s] Level 5:colcon.colcon_core.verb:set package 'lab5_pkg' build argument 'cmake_target_skip_unavailable' from command line to 'False'
[0.424s] Level 5:colcon.colcon_core.verb:set package 'lab5_pkg' build argument 'cmake_clean_cache' from command line to 'False'
[0.424s] Level 5:colcon.colcon_core.verb:set package 'lab5_pkg' build argument 'cmake_clean_first' from command line to 'False'
[0.424s] Level 5:colcon.colcon_core.verb:set package 'lab5_pkg' build argument 'cmake_force_configure' from command line to 'False'
[0.424s] Level 5:colcon.colcon_core.verb:set package 'lab5_pkg' build argument 'ament_cmake_args' from command line to 'None'
[0.424s] Level 5:colcon.colcon_core.verb:set package 'lab5_pkg' build argument 'catkin_cmake_args' from command line to 'None'
[0.424s] Level 5:colcon.colcon_core.verb:set package 'lab5_pkg' build argument 'catkin_skip_building_tests' from command line to 'False'
[0.424s] DEBUG:colcon.colcon_core.verb:Building package 'lab5_pkg' with the following arguments: {'ament_cmake_args': None, 'build_base': '/home/zuki/GalacticRacing/sim_ws/build/lab5_pkg', 'catkin_cmake_args': None, 'catkin_skip_building_tests': False, 'cmake_args': None, 'cmake_clean_cache': False, 'cmake_clean_first': False, 'cmake_force_configure': False, 'cmake_target': None, 'cmake_target_skip_unavailable': False, 'install_base': '/home/zuki/GalacticRacing/sim_ws/install/lab5_pkg', 'merge_install': False, 'path': '/home/zuki/GalacticRacing/sim_ws/lab5_pkg', 'symlink_install': False, 'test_result_base': None}
[0.425s] Level 5:colcon.colcon_core.verb:set package 'particle_filter' build argument 'cmake_args' from command line to 'None'
[0.425s] Level 5:colcon.colcon_core.verb:set package 'particle_filter' build argument 'cmake_target' from command line to 'None'
[0.425s] Level 5:colcon.colcon_core.verb:set package 'particle_filter' build argument 'cmake_target_skip_unavailable' from command line to 'False'
[0.425s] Level 5:colcon.colcon_core.verb:set package 'particle_filter' build argument 'cmake_clean_cache' from command line to 'False'
[0.425s] Level 5:colcon.colcon_core.verb:set package 'particle_filter' build argument 'cmake_clean_first' from command line to 'False'
[0.425s] Level 5:colcon.colcon_core.verb:set package 'particle_filter' build argument 'cmake_force_configure' from command line to 'False'
[0.425s] Level 5:colcon.colcon_core.verb:set package 'particle_filter' build argument 'ament_cmake_args' from command line to 'None'
[0.425s] Level 5:colcon.colcon_core.verb:set package 'particle_filter' build argument 'catkin_cmake_args' from command line to 'None'
[0.425s] Level 5:colcon.colcon_core.verb:set package 'particle_filter' build argument 'catkin_skip_building_tests' from command line to 'False'
[0.425s] DEBUG:colcon.colcon_core.verb:Building package 'particle_filter' with the following arguments: {'ament_cmake_args': None, 'build_base': '/home/zuki/GalacticRacing/sim_ws/build/particle_filter', 'catkin_cmake_args': None, 'catkin_skip_building_tests': False, 'cmake_args': None, 'cmake_clean_cache': False, 'cmake_clean_first': False, 'cmake_force_configure': False, 'cmake_target': None, 'cmake_target_skip_unavailable': False, 'install_base': '/home/zuki/GalacticRacing/sim_ws/install/particle_filter', 'merge_install': False, 'path': '/home/zuki/GalacticRacing/sim_ws/src/particle_filter', 'symlink_install': False, 'test_result_base': None}
[0.425s] Level 5:colcon.colcon_core.verb:set package 'pure_pursuit' build argument 'cmake_args' from command line to 'None'
[0.425s] Level 5:colcon.colcon_core.verb:set package 'pure_pursuit' build argument 'cmake_target' from command line to 'None'
[0.425s] Level 5:colcon.colcon_core.verb:set package 'pure_pursuit' build argument 'cmake_target_skip_unavailable' from command line to 'False'
[0.425s] Level 5:colcon.colcon_core.verb:set package 'pure_pursuit' build argument 'cmake_clean_cache' from command line to 'False'
[0.425s] Level 5:colcon.colcon_core.verb:set package 'pure_pursuit' build argument 'cmake_clean_first' from command line to 'False'
[0.425s] Level 5:colcon.colcon_core.verb:set package 'pure_pursuit' build argument 'cmake_force_configure' from command line to 'False'
[0.425s] Level 5:colcon.colcon_core.verb:set package 'pure_pursuit' build argument 'ament_cmake_args' from command line to 'None'
[0.425s] Level 5:colcon.colcon_core.verb:set package 'pure_pursuit' build argument 'catkin_cmake_args' from command line to 'None'
[0.425s] Level 5:colcon.colcon_core.verb:set package 'pure_pursuit' build argument 'catkin_skip_building_tests' from command line to 'False'
[0.425s] DEBUG:colcon.colcon_core.verb:Building package 'pure_pursuit' with the following arguments: {'ament_cmake_args': None, 'build_base': '/home/zuki/GalacticRacing/sim_ws/build/pure_pursuit', 'catkin_cmake_args': None, 'catkin_skip_building_tests': False, 'cmake_args': None, 'cmake_clean_cache': False, 'cmake_clean_first': False, 'cmake_force_configure': False, 'cmake_target': None, 'cmake_target_skip_unavailable': False, 'install_base': '/home/zuki/GalacticRacing/sim_ws/install/pure_pursuit', 'merge_install': False, 'path': '/home/zuki/GalacticRacing/sim_ws/src/pure_pursuit', 'symlink_install': False, 'test_result_base': None}
[0.426s] Level 5:colcon.colcon_core.verb:set package 'range_lib' build argument 'cmake_args' from command line to 'None'
[0.426s] Level 5:colcon.colcon_core.verb:set package 'range_lib' build argument 'cmake_target' from command line to 'None'
[0.426s] Level 5:colcon.colcon_core.verb:set package 'range_lib' build argument 'cmake_target_skip_unavailable' from command line to 'False'
[0.426s] Level 5:colcon.colcon_core.verb:set package 'range_lib' build argument 'cmake_clean_cache' from command line to 'False'
[0.426s] Level 5:colcon.colcon_core.verb:set package 'range_lib' build argument 'cmake_clean_first' from command line to 'False'
[0.426s] Level 5:colcon.colcon_core.verb:set package 'range_lib' build argument 'cmake_force_configure' from command line to 'False'
[0.426s] Level 5:colcon.colcon_core.verb:set package 'range_lib' build argument 'ament_cmake_args' from command line to 'None'
[0.426s] Level 5:colcon.colcon_core.verb:set package 'range_lib' build argument 'catkin_cmake_args' from command line to 'None'
[0.426s] Level 5:colcon.colcon_core.verb:set package 'range_lib' build argument 'catkin_skip_building_tests' from command line to 'False'
[0.426s] DEBUG:colcon.colcon_core.verb:Building package 'range_lib' with the following arguments: {'ament_cmake_args': None, 'build_base': '/home/zuki/GalacticRacing/sim_ws/build/range_lib', 'catkin_cmake_args': None, 'catkin_skip_building_tests': False, 'cmake_args': None, 'cmake_clean_cache': False, 'cmake_clean_first': False, 'cmake_force_configure': False, 'cmake_target': None, 'cmake_target_skip_unavailable': False, 'install_base': '/home/zuki/GalacticRacing/sim_ws/install/range_lib', 'merge_install': False, 'path': '/home/zuki/GalacticRacing/sim_ws/range_libc', 'symlink_install': False, 'test_result_base': None}
[0.426s] Level 5:colcon.colcon_core.verb:set package 'safety_node' build argument 'cmake_args' from command line to 'None'
[0.426s] Level 5:colcon.colcon_core.verb:set package 'safety_node' build argument 'cmake_target' from command line to 'None'
[0.426s] Level 5:colcon.colcon_core.verb:set package 'safety_node' build argument 'cmake_target_skip_unavailable' from command line to 'False'
[0.426s] Level 5:colcon.colcon_core.verb:set package 'safety_node' build argument 'cmake_clean_cache' from command line to 'False'
[0.427s] Level 5:colcon.colcon_core.verb:set package 'safety_node' build argument 'cmake_clean_first' from command line to 'False'
[0.427s] Level 5:colcon.colcon_core.verb:set package 'safety_node' build argument 'cmake_force_configure' from command line to 'False'
[0.427s] Level 5:colcon.colcon_core.verb:set package 'safety_node' build argument 'ament_cmake_args' from command line to 'None'
[0.427s] Level 5:colcon.colcon_core.verb:set package 'safety_node' build argument 'catkin_cmake_args' from command line to 'None'
[0.427s] Level 5:colcon.colcon_core.verb:set package 'safety_node' build argument 'catkin_skip_building_tests' from command line to 'False'
[0.427s] DEBUG:colcon.colcon_core.verb:Building package 'safety_node' with the following arguments: {'ament_cmake_args': None, 'build_base': '/home/zuki/GalacticRacing/sim_ws/build/safety_node', 'catkin_cmake_args': None, 'catkin_skip_building_tests': False, 'cmake_args': None, 'cmake_clean_cache': False, 'cmake_clean_first': False, 'cmake_force_configure': False, 'cmake_target': None, 'cmake_target_skip_unavailable': False, 'install_base': '/home/zuki/GalacticRacing/sim_ws/install/safety_node', 'merge_install': False, 'path': '/home/zuki/GalacticRacing/sim_ws/src/safety_node', 'symlink_install': False, 'test_result_base': None}
[0.427s] Level 5:colcon.colcon_core.verb:set package 'wall_follow' build argument 'cmake_args' from command line to 'None'
[0.427s] Level 5:colcon.colcon_core.verb:set package 'wall_follow' build argument 'cmake_target' from command line to 'None'
[0.427s] Level 5:colcon.colcon_core.verb:set package 'wall_follow' build argument 'cmake_target_skip_unavailable' from command line to 'False'
[0.427s] Level 5:colcon.colcon_core.verb:set package 'wall_follow' build argument 'cmake_clean_cache' from command line to 'False'
[0.427s] Level 5:colcon.colcon_core.verb:set package 'wall_follow' build argument 'cmake_clean_first' from command line to 'False'
[0.427s] Level 5:colcon.colcon_core.verb:set package 'wall_follow' build argument 'cmake_force_configure' from command line to 'False'
[0.427s] Level 5:colcon.colcon_core.verb:set package 'wall_follow' build argument 'ament_cmake_args' from command line to 'None'
[0.427s] Level 5:colcon.colcon_core.verb:set package 'wall_follow' build argument 'catkin_cmake_args' from command line to 'None'
[0.427s] Level 5:colcon.colcon_core.verb:set package 'wall_follow' build argument 'catkin_skip_building_tests' from command line to 'False'
[0.427s] DEBUG:colcon.colcon_core.verb:Building package 'wall_follow' with the following arguments: {'ament_cmake_args': None, 'build_base': '/home/zuki/GalacticRacing/sim_ws/build/wall_follow', 'catkin_cmake_args': None, 'catkin_skip_building_tests': False, 'cmake_args': None, 'cmake_clean_cache': False, 'cmake_clean_first': False, 'cmake_force_configure': False, 'cmake_target': None, 'cmake_target_skip_unavailable': False, 'install_base': '/home/zuki/GalacticRacing/sim_ws/install/wall_follow', 'merge_install': False, 'path': '/home/zuki/GalacticRacing/sim_ws/src/wall_follow', 'symlink_install': False, 'test_result_base': None}
[0.428s] Level 5:colcon.colcon_core.verb:set package 'waypoint_logger' build argument 'cmake_args' from command line to 'None'
[0.428s] Level 5:colcon.colcon_core.verb:set package 'waypoint_logger' build argument 'cmake_target' from command line to 'None'
[0.428s] Level 5:colcon.colcon_core.verb:set package 'waypoint_logger' build argument 'cmake_target_skip_unavailable' from command line to 'False'
[0.428s] Level 5:colcon.colcon_core.verb:set package 'waypoint_logger' build argument 'cmake_clean_cache' from command line to 'False'
[0.428s] Level 5:colcon.colcon_core.verb:set package 'waypoint_logger' build argument 'cmake_clean_first' from command line to 'False'
[0.428s] Level 5:colcon.colcon_core.verb:set package 'waypoint_logger' build argument 'cmake_force_configure' from command line to 'False'
[0.428s] Level 5:colcon.colcon_core.verb:set package 'waypoint_logger' build argument 'ament_cmake_args' from command line to 'None'
[0.428s] Level 5:colcon.colcon_core.verb:set package 'waypoint_logger' build argument 'catkin_cmake_args' from command line to 'None'
[0.428s] Level 5:colcon.colcon_core.verb:set package 'waypoint_logger' build argument 'catkin_skip_building_tests' from command line to 'False'
[0.428s] DEBUG:colcon.colcon_core.verb:Building package 'waypoint_logger' with the following arguments: {'ament_cmake_args': None, 'build_base': '/home/zuki/GalacticRacing/sim_ws/build/waypoint_logger', 'catkin_cmake_args': None, 'catkin_skip_building_tests': False, 'cmake_args': None, 'cmake_clean_cache': False, 'cmake_clean_first': False, 'cmake_force_configure': False, 'cmake_target': None, 'cmake_target_skip_unavailable': False, 'install_base': '/home/zuki/GalacticRacing/sim_ws/install/waypoint_logger', 'merge_install': False, 'path': '/home/zuki/GalacticRacing/sim_ws/src/waypoint_logger', 'symlink_install': False, 'test_result_base': None}
[0.428s] INFO:colcon.colcon_core.executor:Executing jobs using 'parallel' executor
[0.429s] DEBUG:colcon.colcon_parallel_executor.executor.parallel:run_until_complete
[0.430s] INFO:colcon.colcon_ros.task.ament_python.build:Building ROS package in '/home/zuki/GalacticRacing/sim_ws/src/f1tenth_gym_ros' with build type 'ament_python'
[0.430s] Level 1:colcon.colcon_core.shell:create_environment_hook('f1tenth_gym_ros', 'ament_prefix_path')
[0.436s] INFO:colcon.colcon_core.plugin_system:Skipping extension 'colcon_core.shell.bat': Not used on non-Windows systems
[0.436s] INFO:colcon.colcon_core.shell:Creating environment hook '/home/zuki/GalacticRacing/sim_ws/install/f1tenth_gym_ros/share/f1tenth_gym_ros/hook/ament_prefix_path.ps1'
[0.438s] INFO:colcon.colcon_core.shell:Creating environment descriptor '/home/zuki/GalacticRacing/sim_ws/install/f1tenth_gym_ros/share/f1tenth_gym_ros/hook/ament_prefix_path.dsv'
[0.438s] INFO:colcon.colcon_core.shell:Creating environment hook '/home/zuki/GalacticRacing/sim_ws/install/f1tenth_gym_ros/share/f1tenth_gym_ros/hook/ament_prefix_path.sh'
[0.441s] INFO:colcon.colcon_core.shell:Skip shell extension 'powershell' for command environment: Not usable outside of PowerShell
[0.441s] DEBUG:colcon.colcon_core.shell:Skip shell extension 'dsv' for command environment
[0.448s] INFO:colcon.colcon_ros.task.ament_cmake.build:Building ROS package in '/home/zuki/GalacticRacing/sim_ws/src/gap_follow' with build type 'ament_cmake'
[0.448s] INFO:colcon.colcon_cmake.task.cmake.build:Building CMake package in '/home/zuki/GalacticRacing/sim_ws/src/gap_follow'
[0.449s] INFO:colcon.colcon_core.shell:Skip shell extension 'powershell' for command environment: Not usable outside of PowerShell
[0.449s] DEBUG:colcon.colcon_core.shell:Skip shell extension 'dsv' for command environment
[0.457s] INFO:colcon.colcon_ros.task.ament_cmake.build:Building ROS package in '/home/zuki/GalacticRacing/sim_ws/lab5_pkg' with build type 'ament_cmake'
[0.458s] INFO:colcon.colcon_cmake.task.cmake.build:Building CMake package in '/home/zuki/GalacticRacing/sim_ws/lab5_pkg'
[0.459s] INFO:colcon.colcon_core.shell:Skip shell extension 'powershell' for command environment: Not usable outside of PowerShell
[0.459s] DEBUG:colcon.colcon_core.shell:Skip shell extension 'dsv' for command environment
[0.470s] INFO:colcon.colcon_ros.task.ament_python.build:Building ROS package in '/home/zuki/GalacticRacing/sim_ws/src/particle_filter' with build type 'ament_python'
[0.470s] Level 1:colcon.colcon_core.shell:create_environment_hook('particle_filter', 'ament_prefix_path')
[0.470s] INFO:colcon.colcon_core.shell:Creating environment hook '/home/zuki/GalacticRacing/sim_ws/install/particle_filter/share/particle_filter/hook/ament_prefix_path.ps1'
[0.474s] INFO:colcon.colcon_core.shell:Creating environment descriptor '/home/zuki/GalacticRacing/sim_ws/install/particle_filter/share/particle_filter/hook/ament_prefix_path.dsv'
[0.475s] INFO:colcon.colcon_core.shell:Creating environment hook '/home/zuki/GalacticRacing/sim_ws/install/particle_filter/share/particle_filter/hook/ament_prefix_path.sh'
[0.478s] INFO:colcon.colcon_core.shell:Skip shell extension 'powershell' for command environment: Not usable outside of PowerShell
[0.478s] DEBUG:colcon.colcon_core.shell:Skip shell extension 'dsv' for command environment
[0.483s] INFO:colcon.colcon_ros.task.ament_cmake.build:Building ROS package in '/home/zuki/GalacticRacing/sim_ws/src/pure_pursuit' with build type 'ament_cmake'
[0.485s] INFO:colcon.colcon_cmake.task.cmake.build:Building CMake package in '/home/zuki/GalacticRacing/sim_ws/src/pure_pursuit'
[0.485s] INFO:colcon.colcon_core.shell:Skip shell extension 'powershell' for command environment: Not usable outside of PowerShell
[0.491s] DEBUG:colcon.colcon_core.shell:Skip shell extension 'dsv' for command environment
[0.497s] INFO:colcon.colcon_cmake.task.cmake.build:Building CMake package in '/home/zuki/GalacticRacing/sim_ws/range_libc'
[0.498s] INFO:colcon.colcon_core.shell:Skip shell extension 'powershell' for command environment: Not usable outside of PowerShell
[0.498s] DEBUG:colcon.colcon_core.shell:Skip shell extension 'dsv' for command environment
[0.736s] INFO:colcon.colcon_core.task.python.build:Building Python package in '/home/zuki/GalacticRacing/sim_ws/src/f1tenth_gym_ros'
[0.736s] INFO:colcon.colcon_core.shell:Skip shell extension 'powershell' for command environment: Not usable outside of PowerShell
[0.737s] DEBUG:colcon.colcon_core.shell:Skip shell extension 'dsv' for command environment
[0.773s] DEBUG:colcon.colcon_core.event_handler.log_command:Invoking command in '/home/zuki/GalacticRacing/sim_ws/build/gap_follow': CMAKE_PREFIX_PATH=${CMAKE_PREFIX_PATH}:/home/zuki/GalacticRacing/sim_ws/install/particle_filter:/home/zuki/GalacticRacing/sim_ws/install/f1tenth_gym_ros:/opt/ros/foxy /usr/bin/cmake --build /home/zuki/GalacticRacing/sim_ws/build/gap_follow -- -j6 -l6
[0.790s] DEBUG:colcon.colcon_core.event_handler.log_command:Invoking command in '/home/zuki/GalacticRacing/sim_ws/build/lab5_pkg': CMAKE_PREFIX_PATH=${CMAKE_PREFIX_PATH}:/home/zuki/GalacticRacing/sim_ws/install/particle_filter:/home/zuki/GalacticRacing/sim_ws/install/f1tenth_gym_ros:/opt/ros/foxy /usr/bin/cmake --build /home/zuki/GalacticRacing/sim_ws/build/lab5_pkg -- -j6 -l6
[1.038s] INFO:colcon.colcon_core.task.python.build:Building Python package in '/home/zuki/GalacticRacing/sim_ws/src/particle_filter'
[1.039s] INFO:colcon.colcon_core.shell:Skip shell extension 'powershell' for command environment: Not usable outside of PowerShell
[1.040s] DEBUG:colcon.colcon_core.shell:Skip shell extension 'dsv' for command environment
[1.058s] DEBUG:colcon.colcon_core.event_handler.log_command:Invoking command in '/home/zuki/GalacticRacing/sim_ws/build/pure_pursuit': CMAKE_PREFIX_PATH=${CMAKE_PREFIX_PATH}:/home/zuki/GalacticRacing/sim_ws/install/particle_filter:/home/zuki/GalacticRacing/sim_ws/install/f1tenth_gym_ros:/opt/ros/foxy /usr/bin/cmake --build /home/zuki/GalacticRacing/sim_ws/build/pure_pursuit -- -j6 -l6
[1.071s] DEBUG:colcon.colcon_core.event_handler.log_command:Invoking command in '/home/zuki/GalacticRacing/sim_ws/build/range_lib': /usr/bin/cmake /home/zuki/GalacticRacing/sim_ws/range_libc -DCMAKE_INSTALL_PREFIX=/home/zuki/GalacticRacing/sim_ws/install/range_lib
[1.092s] DEBUG:colcon.colcon_core.event_handler.log_command:Invoked command in '/home/zuki/GalacticRacing/sim_ws/build/gap_follow' returned '0': CMAKE_PREFIX_PATH=${CMAKE_PREFIX_PATH}:/home/zuki/GalacticRacing/sim_ws/install/particle_filter:/home/zuki/GalacticRacing/sim_ws/install/f1tenth_gym_ros:/opt/ros/foxy /usr/bin/cmake --build /home/zuki/GalacticRacing/sim_ws/build/gap_follow -- -j6 -l6
[1.093s] DEBUG:colcon.colcon_core.event_handler.log_command:Invoked command in '/home/zuki/GalacticRacing/sim_ws/build/lab5_pkg' returned '0': CMAKE_PREFIX_PATH=${CMAKE_PREFIX_PATH}:/home/zuki/GalacticRacing/sim_ws/install/particle_filter:/home/zuki/GalacticRacing/sim_ws/install/f1tenth_gym_ros:/opt/ros/foxy /usr/bin/cmake --build /home/zuki/GalacticRacing/sim_ws/build/lab5_pkg -- -j6 -l6
[1.139s] WARNING:colcon.colcon_cmake.task.cmake.build:Could not build CMake package 'range_lib' because the CMake cache has no 'CMAKE_PROJECT_NAME' variable
[1.140s] INFO:colcon.colcon_ros.task.ament_cmake.build:Building ROS package in '/home/zuki/GalacticRacing/sim_ws/src/safety_node' with build type 'ament_cmake'
[1.141s] INFO:colcon.colcon_cmake.task.cmake.build:Building CMake package in '/home/zuki/GalacticRacing/sim_ws/src/safety_node'
[1.141s] INFO:colcon.colcon_core.shell:Skip shell extension 'powershell' for command environment: Not usable outside of PowerShell
[1.142s] DEBUG:colcon.colcon_core.shell:Skip shell extension 'dsv' for command environment
[1.149s] DEBUG:colcon.colcon_core.event_handler.log_command:Invoked command in '/home/zuki/GalacticRacing/sim_ws/build/range_lib' returned '0': /usr/bin/cmake /home/zuki/GalacticRacing/sim_ws/range_libc -DCMAKE_INSTALL_PREFIX=/home/zuki/GalacticRacing/sim_ws/install/range_lib
[1.172s] DEBUG:colcon.colcon_core.event_handler.log_command:Invoking command in '/home/zuki/GalacticRacing/sim_ws/build/gap_follow': CMAKE_PREFIX_PATH=${CMAKE_PREFIX_PATH}:/home/zuki/GalacticRacing/sim_ws/install/particle_filter:/home/zuki/GalacticRacing/sim_ws/install/f1tenth_gym_ros:/opt/ros/foxy /usr/bin/cmake --install /home/zuki/GalacticRacing/sim_ws/build/gap_follow
[1.181s] DEBUG:colcon.colcon_core.event_handler.log_command:Invoking command in '/home/zuki/GalacticRacing/sim_ws/build/lab5_pkg': CMAKE_PREFIX_PATH=${CMAKE_PREFIX_PATH}:/home/zuki/GalacticRacing/sim_ws/install/particle_filter:/home/zuki/GalacticRacing/sim_ws/install/f1tenth_gym_ros:/opt/ros/foxy /usr/bin/cmake --install /home/zuki/GalacticRacing/sim_ws/build/lab5_pkg
[1.201s] DEBUG:colcon.colcon_core.event_handler.log_command:Invoking command in '/home/zuki/GalacticRacing/sim_ws/build/safety_node': CMAKE_PREFIX_PATH=${CMAKE_PREFIX_PATH}:/home/zuki/GalacticRacing/sim_ws/install/particle_filter:/home/zuki/GalacticRacing/sim_ws/install/f1tenth_gym_ros:/opt/ros/foxy /usr/bin/cmake --build /home/zuki/GalacticRacing/sim_ws/build/safety_node -- -j6 -l6
[1.233s] DEBUG:colcon.colcon_core.event_handler.log_command:Invoked command in '/home/zuki/GalacticRacing/sim_ws/build/pure_pursuit' returned '0': CMAKE_PREFIX_PATH=${CMAKE_PREFIX_PATH}:/home/zuki/GalacticRacing/sim_ws/install/particle_filter:/home/zuki/GalacticRacing/sim_ws/install/f1tenth_gym_ros:/opt/ros/foxy /usr/bin/cmake --build /home/zuki/GalacticRacing/sim_ws/build/pure_pursuit -- -j6 -l6
[1.246s] Level 1:colcon.colcon_core.environment:create_environment_scripts_only(gap_follow)
[1.248s] DEBUG:colcon.colcon_core.event_handler.log_command:Invoked command in '/home/zuki/GalacticRacing/sim_ws/build/gap_follow' returned '0': CMAKE_PREFIX_PATH=${CMAKE_PREFIX_PATH}:/home/zuki/GalacticRacing/sim_ws/install/particle_filter:/home/zuki/GalacticRacing/sim_ws/install/f1tenth_gym_ros:/opt/ros/foxy /usr/bin/cmake --install /home/zuki/GalacticRacing/sim_ws/build/gap_follow
[1.250s] Level 1:colcon.colcon_core.environment:checking '/home/zuki/GalacticRacing/sim_ws/install/gap_follow' for CMake module files
[1.250s] Level 1:colcon.colcon_core.environment:checking '/home/zuki/GalacticRacing/sim_ws/install/gap_follow' for CMake config files
[1.250s] Level 1:colcon.colcon_core.shell:create_environment_hook('gap_follow', 'cmake_prefix_path')
[1.251s] INFO:colcon.colcon_core.shell:Creating environment hook '/home/zuki/GalacticRacing/sim_ws/install/gap_follow/share/gap_follow/hook/cmake_prefix_path.ps1'
[1.252s] INFO:colcon.colcon_core.shell:Creating environment descriptor '/home/zuki/GalacticRacing/sim_ws/install/gap_follow/share/gap_follow/hook/cmake_prefix_path.dsv'
[1.252s] INFO:colcon.colcon_core.shell:Creating environment hook '/home/zuki/GalacticRacing/sim_ws/install/gap_follow/share/gap_follow/hook/cmake_prefix_path.sh'
[1.253s] Level 1:colcon.colcon_core.environment:checking '/home/zuki/GalacticRacing/sim_ws/install/gap_follow/lib'
[1.253s] Level 1:colcon.colcon_core.environment:checking '/home/zuki/GalacticRacing/sim_ws/install/gap_follow/bin'
[1.253s] Level 1:colcon.colcon_core.environment:checking '/home/zuki/GalacticRacing/sim_ws/install/gap_follow/lib/pkgconfig/gap_follow.pc'
[1.253s] Level 1:colcon.colcon_core.environment:checking '/home/zuki/GalacticRacing/sim_ws/install/gap_follow/lib/python3.8/site-packages'
[1.253s] Level 1:colcon.colcon_core.shell:create_environment_hook('gap_follow', 'pythonpath')
[1.253s] INFO:colcon.colcon_core.shell:Creating environment hook '/home/zuki/GalacticRacing/sim_ws/install/gap_follow/share/gap_follow/hook/pythonpath.ps1'
[1.254s] INFO:colcon.colcon_core.shell:Creating environment descriptor '/home/zuki/GalacticRacing/sim_ws/install/gap_follow/share/gap_follow/hook/pythonpath.dsv'
[1.254s] INFO:colcon.colcon_core.shell:Creating environment hook '/home/zuki/GalacticRacing/sim_ws/install/gap_follow/share/gap_follow/hook/pythonpath.sh'
[1.254s] Level 1:colcon.colcon_core.environment:checking '/home/zuki/GalacticRacing/sim_ws/install/gap_follow/bin'
[1.255s] INFO:colcon.colcon_core.shell:Creating package script '/home/zuki/GalacticRacing/sim_ws/install/gap_follow/share/gap_follow/package.ps1'
[1.255s] INFO:colcon.colcon_core.shell:Creating package descriptor '/home/zuki/GalacticRacing/sim_ws/install/gap_follow/share/gap_follow/package.dsv'
[1.256s] INFO:colcon.colcon_core.shell:Creating package script '/home/zuki/GalacticRacing/sim_ws/install/gap_follow/share/gap_follow/package.sh'
[1.257s] INFO:colcon.colcon_core.shell:Creating package script '/home/zuki/GalacticRacing/sim_ws/install/gap_follow/share/gap_follow/package.bash'
[1.257s] INFO:colcon.colcon_core.shell:Creating package script '/home/zuki/GalacticRacing/sim_ws/install/gap_follow/share/gap_follow/package.zsh'
[1.258s] Level 1:colcon.colcon_core.environment:create_file_with_runtime_dependencies(/home/zuki/GalacticRacing/sim_ws/install/gap_follow/share/colcon-core/packages/gap_follow)
[1.264s] Level 1:colcon.colcon_core.environment:create_environment_scripts_only(lab5_pkg)
[1.264s] DEBUG:colcon.colcon_core.event_handler.log_command:Invoked command in '/home/zuki/GalacticRacing/sim_ws/build/lab5_pkg' returned '0': CMAKE_PREFIX_PATH=${CMAKE_PREFIX_PATH}:/home/zuki/GalacticRacing/sim_ws/install/particle_filter:/home/zuki/GalacticRacing/sim_ws/install/f1tenth_gym_ros:/opt/ros/foxy /usr/bin/cmake --install /home/zuki/GalacticRacing/sim_ws/build/lab5_pkg
[1.265s] Level 1:colcon.colcon_core.environment:checking '/home/zuki/GalacticRacing/sim_ws/install/lab5_pkg' for CMake module files
[1.265s] Level 1:colcon.colcon_core.environment:checking '/home/zuki/GalacticRacing/sim_ws/install/lab5_pkg' for CMake config files
[1.265s] Level 1:colcon.colcon_core.shell:create_environment_hook('lab5_pkg', 'cmake_prefix_path')
[1.266s] INFO:colcon.colcon_core.shell:Creating environment hook '/home/zuki/GalacticRacing/sim_ws/install/lab5_pkg/share/lab5_pkg/hook/cmake_prefix_path.ps1'
[1.267s] INFO:colcon.colcon_core.shell:Creating environment descriptor '/home/zuki/GalacticRacing/sim_ws/install/lab5_pkg/share/lab5_pkg/hook/cmake_prefix_path.dsv'
[1.267s] INFO:colcon.colcon_core.shell:Creating environment hook '/home/zuki/GalacticRacing/sim_ws/install/lab5_pkg/share/lab5_pkg/hook/cmake_prefix_path.sh'
[1.268s] Level 1:colcon.colcon_core.environment:checking '/home/zuki/GalacticRacing/sim_ws/install/lab5_pkg/lib'
[1.268s] Level 1:colcon.colcon_core.environment:checking '/home/zuki/GalacticRacing/sim_ws/install/lab5_pkg/bin'
[1.268s] Level 1:colcon.colcon_core.environment:checking '/home/zuki/GalacticRacing/sim_ws/install/lab5_pkg/lib/pkgconfig/lab5_pkg.pc'
[1.269s] Level 1:colcon.colcon_core.environment:checking '/home/zuki/GalacticRacing/sim_ws/install/lab5_pkg/lib/python3.8/site-packages'
[1.269s] Level 1:colcon.colcon_core.shell:create_environment_hook('lab5_pkg', 'pythonpath')
[1.269s] INFO:colcon.colcon_core.shell:Creating environment hook '/home/zuki/GalacticRacing/sim_ws/install/lab5_pkg/share/lab5_pkg/hook/pythonpath.ps1'
[1.270s] INFO:colcon.colcon_core.shell:Creating environment descriptor '/home/zuki/GalacticRacing/sim_ws/install/lab5_pkg/share/lab5_pkg/hook/pythonpath.dsv'
[1.270s] INFO:colcon.colcon_core.shell:Creating environment hook '/home/zuki/GalacticRacing/sim_ws/install/lab5_pkg/share/lab5_pkg/hook/pythonpath.sh'
[1.271s] Level 1:colcon.colcon_core.environment:checking '/home/zuki/GalacticRacing/sim_ws/install/lab5_pkg/bin'
[1.271s] INFO:colcon.colcon_core.shell:Creating package script '/home/zuki/GalacticRacing/sim_ws/install/lab5_pkg/share/lab5_pkg/package.ps1'
[1.272s] INFO:colcon.colcon_core.shell:Creating package descriptor '/home/zuki/GalacticRacing/sim_ws/install/lab5_pkg/share/lab5_pkg/package.dsv'
[1.272s] INFO:colcon.colcon_core.shell:Creating package script '/home/zuki/GalacticRacing/sim_ws/install/lab5_pkg/share/lab5_pkg/package.sh'
[1.273s] INFO:colcon.colcon_core.shell:Creating package script '/home/zuki/GalacticRacing/sim_ws/install/lab5_pkg/share/lab5_pkg/package.bash'
[1.274s] INFO:colcon.colcon_core.shell:Creating package script '/home/zuki/GalacticRacing/sim_ws/install/lab5_pkg/share/lab5_pkg/package.zsh'
[1.274s] Level 1:colcon.colcon_core.environment:create_file_with_runtime_dependencies(/home/zuki/GalacticRacing/sim_ws/install/lab5_pkg/share/colcon-core/packages/lab5_pkg)
[1.331s] Level 1:colcon.colcon_core.environment:create_environment_scripts_only(gap_follow)
[1.332s] Level 1:colcon.colcon_core.environment:checking '/home/zuki/GalacticRacing/sim_ws/install/gap_follow' for CMake module files
[1.333s] Level 1:colcon.colcon_core.environment:checking '/home/zuki/GalacticRacing/sim_ws/install/gap_follow' for CMake config files
[1.333s] Level 1:colcon.colcon_core.shell:create_environment_hook('gap_follow', 'cmake_prefix_path')
[1.333s] INFO:colcon.colcon_core.shell:Creating environment hook '/home/zuki/GalacticRacing/sim_ws/install/gap_follow/share/gap_follow/hook/cmake_prefix_path.ps1'
[1.335s] INFO:colcon.colcon_core.shell:Creating environment descriptor '/home/zuki/GalacticRacing/sim_ws/install/gap_follow/share/gap_follow/hook/cmake_prefix_path.dsv'
[1.337s] INFO:colcon.colcon_core.shell:Creating environment hook '/home/zuki/GalacticRacing/sim_ws/install/gap_follow/share/gap_follow/hook/cmake_prefix_path.sh'
[1.338s] Level 1:colcon.colcon_core.environment:checking '/home/zuki/GalacticRacing/sim_ws/install/gap_follow/lib'
[1.339s] Level 1:colcon.colcon_core.environment:checking '/home/zuki/GalacticRacing/sim_ws/install/gap_follow/bin'
[1.339s] Level 1:colcon.colcon_core.environment:checking '/home/zuki/GalacticRacing/sim_ws/install/gap_follow/lib/pkgconfig/gap_follow.pc'
[1.339s] Level 1:colcon.colcon_core.environment:checking '/home/zuki/GalacticRacing/sim_ws/install/gap_follow/lib/python3.8/site-packages'
[1.340s] Level 1:colcon.colcon_core.shell:create_environment_hook('gap_follow', 'pythonpath')
[1.341s] INFO:colcon.colcon_core.shell:Creating environment hook '/home/zuki/GalacticRacing/sim_ws/install/gap_follow/share/gap_follow/hook/pythonpath.ps1'
[1.341s] INFO:colcon.colcon_core.shell:Creating environment descriptor '/home/zuki/GalacticRacing/sim_ws/install/gap_follow/share/gap_follow/hook/pythonpath.dsv'
[1.345s] INFO:colcon.colcon_core.shell:Creating environment hook '/home/zuki/GalacticRacing/sim_ws/install/gap_follow/share/gap_follow/hook/pythonpath.sh'
[1.346s] Level 1:colcon.colcon_core.environment:checking '/home/zuki/GalacticRacing/sim_ws/install/gap_follow/bin'
[1.347s] INFO:colcon.colcon_core.shell:Creating package script '/home/zuki/GalacticRacing/sim_ws/install/gap_follow/share/gap_follow/package.ps1'
[1.348s] INFO:colcon.colcon_core.shell:Creating package descriptor '/home/zuki/GalacticRacing/sim_ws/install/gap_follow/share/gap_follow/package.dsv'
[1.349s] INFO:colcon.colcon_core.shell:Creating package script '/home/zuki/GalacticRacing/sim_ws/install/gap_follow/share/gap_follow/package.sh'
[1.350s] INFO:colcon.colcon_core.shell:Creating package script '/home/zuki/GalacticRacing/sim_ws/install/gap_follow/share/gap_follow/package.bash'
[1.351s] INFO:colcon.colcon_core.shell:Creating package script '/home/zuki/GalacticRacing/sim_ws/install/gap_follow/share/gap_follow/package.zsh'
[1.352s] Level 1:colcon.colcon_core.environment:create_file_with_runtime_dependencies(/home/zuki/GalacticRacing/sim_ws/install/gap_follow/share/colcon-core/packages/gap_follow)
[1.354s] INFO:colcon.colcon_ros.task.ament_cmake.build:Building ROS package in '/home/zuki/GalacticRacing/sim_ws/src/wall_follow' with build type 'ament_cmake'
[1.354s] INFO:colcon.colcon_cmake.task.cmake.build:Building CMake package in '/home/zuki/GalacticRacing/sim_ws/src/wall_follow'
[1.355s] INFO:colcon.colcon_core.shell:Skip shell extension 'powershell' for command environment: Not usable outside of PowerShell
[1.355s] DEBUG:colcon.colcon_core.shell:Skip shell extension 'dsv' for command environment
[1.378s] DEBUG:colcon.colcon_core.event_handler.log_command:Invoking command in '/home/zuki/GalacticRacing/sim_ws/build/pure_pursuit': CMAKE_PREFIX_PATH=${CMAKE_PREFIX_PATH}:/home/zuki/GalacticRacing/sim_ws/install/particle_filter:/home/zuki/GalacticRacing/sim_ws/install/f1tenth_gym_ros:/opt/ros/foxy /usr/bin/cmake --install /home/zuki/GalacticRacing/sim_ws/build/pure_pursuit
[1.382s] DEBUG:colcon.colcon_core.event_handler.log_command:Invoked command in '/home/zuki/GalacticRacing/sim_ws/build/safety_node' returned '0': CMAKE_PREFIX_PATH=${CMAKE_PREFIX_PATH}:/home/zuki/GalacticRacing/sim_ws/install/particle_filter:/home/zuki/GalacticRacing/sim_ws/install/f1tenth_gym_ros:/opt/ros/foxy /usr/bin/cmake --build /home/zuki/GalacticRacing/sim_ws/build/safety_node -- -j6 -l6
[1.396s] DEBUG:colcon.colcon_core.event_handler.log_command:Invoking command in '/home/zuki/GalacticRacing/sim_ws/build/wall_follow': CMAKE_PREFIX_PATH=${CMAKE_PREFIX_PATH}:/home/zuki/GalacticRacing/sim_ws/install/particle_filter:/home/zuki/GalacticRacing/sim_ws/install/f1tenth_gym_ros:/opt/ros/foxy /usr/bin/cmake --build /home/zuki/GalacticRacing/sim_ws/build/wall_follow -- -j6 -l6
[1.400s] Level 1:colcon.colcon_core.environment:create_environment_scripts_only(lab5_pkg)
[1.400s] Level 1:colcon.colcon_core.environment:checking '/home/zuki/GalacticRacing/sim_ws/install/lab5_pkg' for CMake module files
[1.401s] Level 1:colcon.colcon_core.environment:checking '/home/zuki/GalacticRacing/sim_ws/install/lab5_pkg' for CMake config files
[1.401s] Level 1:colcon.colcon_core.shell:create_environment_hook('lab5_pkg', 'cmake_prefix_path')
[1.401s] INFO:colcon.colcon_core.shell:Creating environment hook '/home/zuki/GalacticRacing/sim_ws/install/lab5_pkg/share/lab5_pkg/hook/cmake_prefix_path.ps1'
[1.402s] INFO:colcon.colcon_core.shell:Creating environment descriptor '/home/zuki/GalacticRacing/sim_ws/install/lab5_pkg/share/lab5_pkg/hook/cmake_prefix_path.dsv'
[1.403s] INFO:colcon.colcon_core.shell:Creating environment hook '/home/zuki/GalacticRacing/sim_ws/install/lab5_pkg/share/lab5_pkg/hook/cmake_prefix_path.sh'
[1.404s] Level 1:colcon.colcon_core.environment:checking '/home/zuki/GalacticRacing/sim_ws/install/lab5_pkg/lib'
[1.404s] Level 1:colcon.colcon_core.environment:checking '/home/zuki/GalacticRacing/sim_ws/install/lab5_pkg/bin'
[1.405s] Level 1:colcon.colcon_core.environment:checking '/home/zuki/GalacticRacing/sim_ws/install/lab5_pkg/lib/pkgconfig/lab5_pkg.pc'
[1.405s] Level 1:colcon.colcon_core.environment:checking '/home/zuki/GalacticRacing/sim_ws/install/lab5_pkg/lib/python3.8/site-packages'
[1.405s] Level 1:colcon.colcon_core.shell:create_environment_hook('lab5_pkg', 'pythonpath')
[1.406s] INFO:colcon.colcon_core.shell:Creating environment hook '/home/zuki/GalacticRacing/sim_ws/install/lab5_pkg/share/lab5_pkg/hook/pythonpath.ps1'
[1.407s] INFO:colcon.colcon_core.shell:Creating environment descriptor '/home/zuki/GalacticRacing/sim_ws/install/lab5_pkg/share/lab5_pkg/hook/pythonpath.dsv'
[1.408s] INFO:colcon.colcon_core.shell:Creating environment hook '/home/zuki/GalacticRacing/sim_ws/install/lab5_pkg/share/lab5_pkg/hook/pythonpath.sh'
[1.409s] Level 1:colcon.colcon_core.environment:checking '/home/zuki/GalacticRacing/sim_ws/install/lab5_pkg/bin'
[1.409s] INFO:colcon.colcon_core.shell:Creating package script '/home/zuki/GalacticRacing/sim_ws/install/lab5_pkg/share/lab5_pkg/package.ps1'
[1.410s] INFO:colcon.colcon_core.shell:Creating package descriptor '/home/zuki/GalacticRacing/sim_ws/install/lab5_pkg/share/lab5_pkg/package.dsv'
[1.410s] INFO:colcon.colcon_core.shell:Creating package script '/home/zuki/GalacticRacing/sim_ws/install/lab5_pkg/share/lab5_pkg/package.sh'
[1.411s] INFO:colcon.colcon_core.shell:Creating package script '/home/zuki/GalacticRacing/sim_ws/install/lab5_pkg/share/lab5_pkg/package.bash'
[1.412s] INFO:colcon.colcon_core.shell:Creating package script '/home/zuki/GalacticRacing/sim_ws/install/lab5_pkg/share/lab5_pkg/package.zsh'
[1.412s] Level 1:colcon.colcon_core.environment:create_file_with_runtime_dependencies(/home/zuki/GalacticRacing/sim_ws/install/lab5_pkg/share/colcon-core/packages/lab5_pkg)
[1.420s] INFO:colcon.colcon_ros.task.ament_cmake.build:Building ROS package in '/home/zuki/GalacticRacing/sim_ws/src/waypoint_logger' with build type 'ament_cmake'
[1.421s] INFO:colcon.colcon_cmake.task.cmake.build:Building CMake package in '/home/zuki/GalacticRacing/sim_ws/src/waypoint_logger'
[1.423s] INFO:colcon.colcon_core.shell:Skip shell extension 'powershell' for command environment: Not usable outside of PowerShell
[1.423s] DEBUG:colcon.colcon_core.shell:Skip shell extension 'dsv' for command environment
[1.449s] Level 1:colcon.colcon_core.environment:create_environment_scripts_only(pure_pursuit)
[1.449s] Level 1:colcon.colcon_core.environment:checking '/home/zuki/GalacticRacing/sim_ws/install/pure_pursuit' for CMake module files
[1.450s] Level 1:colcon.colcon_core.environment:checking '/home/zuki/GalacticRacing/sim_ws/install/pure_pursuit' for CMake config files
[1.450s] Level 1:colcon.colcon_core.shell:create_environment_hook('pure_pursuit', 'cmake_prefix_path')
[1.450s] INFO:colcon.colcon_core.shell:Creating environment hook '/home/zuki/GalacticRacing/sim_ws/install/pure_pursuit/share/pure_pursuit/hook/cmake_prefix_path.ps1'
[1.451s] DEBUG:colcon.colcon_core.event_handler.log_command:Invoked command in '/home/zuki/GalacticRacing/sim_ws/build/pure_pursuit' returned '0': CMAKE_PREFIX_PATH=${CMAKE_PREFIX_PATH}:/home/zuki/GalacticRacing/sim_ws/install/particle_filter:/home/zuki/GalacticRacing/sim_ws/install/f1tenth_gym_ros:/opt/ros/foxy /usr/bin/cmake --install /home/zuki/GalacticRacing/sim_ws/build/pure_pursuit
[1.452s] INFO:colcon.colcon_core.shell:Creating environment descriptor '/home/zuki/GalacticRacing/sim_ws/install/pure_pursuit/share/pure_pursuit/hook/cmake_prefix_path.dsv'
[1.453s] INFO:colcon.colcon_core.shell:Creating environment hook '/home/zuki/GalacticRacing/sim_ws/install/pure_pursuit/share/pure_pursuit/hook/cmake_prefix_path.sh'
[1.453s] Level 1:colcon.colcon_core.environment:checking '/home/zuki/GalacticRacing/sim_ws/install/pure_pursuit/lib'
[1.454s] Level 1:colcon.colcon_core.environment:checking '/home/zuki/GalacticRacing/sim_ws/install/pure_pursuit/bin'
[1.454s] Level 1:colcon.colcon_core.environment:checking '/home/zuki/GalacticRacing/sim_ws/install/pure_pursuit/lib/pkgconfig/pure_pursuit.pc'
[1.454s] Level 1:colcon.colcon_core.environment:checking '/home/zuki/GalacticRacing/sim_ws/install/pure_pursuit/lib/python3.8/site-packages'
[1.454s] Level 1:colcon.colcon_core.shell:create_environment_hook('pure_pursuit', 'pythonpath')
[1.456s] INFO:colcon.colcon_core.shell:Creating environment hook '/home/zuki/GalacticRacing/sim_ws/install/pure_pursuit/share/pure_pursuit/hook/pythonpath.ps1'
[1.456s] INFO:colcon.colcon_core.shell:Creating environment descriptor '/home/zuki/GalacticRacing/sim_ws/install/pure_pursuit/share/pure_pursuit/hook/pythonpath.dsv'
[1.457s] INFO:colcon.colcon_core.shell:Creating environment hook '/home/zuki/GalacticRacing/sim_ws/install/pure_pursuit/share/pure_pursuit/hook/pythonpath.sh'
[1.458s] Level 1:colcon.colcon_core.environment:checking '/home/zuki/GalacticRacing/sim_ws/install/pure_pursuit/bin'
[1.458s] INFO:colcon.colcon_core.shell:Creating package script '/home/zuki/GalacticRacing/sim_ws/install/pure_pursuit/share/pure_pursuit/package.ps1'
[1.459s] INFO:colcon.colcon_core.shell:Creating package descriptor '/home/zuki/GalacticRacing/sim_ws/install/pure_pursuit/share/pure_pursuit/package.dsv'
[1.459s] INFO:colcon.colcon_core.shell:Creating package script '/home/zuki/GalacticRacing/sim_ws/install/pure_pursuit/share/pure_pursuit/package.sh'
[1.460s] INFO:colcon.colcon_core.shell:Creating package script '/home/zuki/GalacticRacing/sim_ws/install/pure_pursuit/share/pure_pursuit/package.bash'
[1.460s] INFO:colcon.colcon_core.shell:Creating package script '/home/zuki/GalacticRacing/sim_ws/install/pure_pursuit/share/pure_pursuit/package.zsh'
[1.460s] Level 1:colcon.colcon_core.environment:create_file_with_runtime_dependencies(/home/zuki/GalacticRacing/sim_ws/install/pure_pursuit/share/colcon-core/packages/pure_pursuit)
[1.478s] DEBUG:colcon.colcon_core.event_handler.log_command:Invoking command in '/home/zuki/GalacticRacing/sim_ws/build/waypoint_logger': CMAKE_PREFIX_PATH=${CMAKE_PREFIX_PATH}:/home/zuki/GalacticRacing/sim_ws/install/particle_filter:/home/zuki/GalacticRacing/sim_ws/install/f1tenth_gym_ros:/opt/ros/foxy /usr/bin/cmake --build /home/zuki/GalacticRacing/sim_ws/build/waypoint_logger -- -j6 -l6
[1.480s] DEBUG:colcon.colcon_core.event_handler.log_command:Invoking command in '/home/zuki/GalacticRacing/sim_ws/build/safety_node': CMAKE_PREFIX_PATH=${CMAKE_PREFIX_PATH}:/home/zuki/GalacticRacing/sim_ws/install/particle_filter:/home/zuki/GalacticRacing/sim_ws/install/f1tenth_gym_ros:/opt/ros/foxy /usr/bin/cmake --install /home/zuki/GalacticRacing/sim_ws/build/safety_node
[1.503s] DEBUG:colcon.colcon_core.event_handler.log_command:Invoked command in '/home/zuki/GalacticRacing/sim_ws/build/wall_follow' returned '0': CMAKE_PREFIX_PATH=${CMAKE_PREFIX_PATH}:/home/zuki/GalacticRacing/sim_ws/install/particle_filter:/home/zuki/GalacticRacing/sim_ws/install/f1tenth_gym_ros:/opt/ros/foxy /usr/bin/cmake --build /home/zuki/GalacticRacing/sim_ws/build/wall_follow -- -j6 -l6
[1.512s] Level 1:colcon.colcon_core.environment:create_environment_scripts_only(pure_pursuit)
[1.512s] Level 1:colcon.colcon_core.environment:checking '/home/zuki/GalacticRacing/sim_ws/install/pure_pursuit' for CMake module files
[1.513s] Level 1:colcon.colcon_core.environment:checking '/home/zuki/GalacticRacing/sim_ws/install/pure_pursuit' for CMake config files
[1.513s] Level 1:colcon.colcon_core.shell:create_environment_hook('pure_pursuit', 'cmake_prefix_path')
[1.513s] INFO:colcon.colcon_core.shell:Creating environment hook '/home/zuki/GalacticRacing/sim_ws/install/pure_pursuit/share/pure_pursuit/hook/cmake_prefix_path.ps1'
[1.514s] INFO:colcon.colcon_core.shell:Creating environment descriptor '/home/zuki/GalacticRacing/sim_ws/install/pure_pursuit/share/pure_pursuit/hook/cmake_prefix_path.dsv'
[1.514s] INFO:colcon.colcon_core.shell:Creating environment hook '/home/zuki/GalacticRacing/sim_ws/install/pure_pursuit/share/pure_pursuit/hook/cmake_prefix_path.sh'
[1.515s] Level 1:colcon.colcon_core.environment:checking '/home/zuki/GalacticRacing/sim_ws/install/pure_pursuit/lib'
[1.515s] Level 1:colcon.colcon_core.environment:checking '/home/zuki/GalacticRacing/sim_ws/install/pure_pursuit/bin'
[1.515s] Level 1:colcon.colcon_core.environment:checking '/home/zuki/GalacticRacing/sim_ws/install/pure_pursuit/lib/pkgconfig/pure_pursuit.pc'
[1.515s] Level 1:colcon.colcon_core.environment:checking '/home/zuki/GalacticRacing/sim_ws/install/pure_pursuit/lib/python3.8/site-packages'
[1.515s] Level 1:colcon.colcon_core.shell:create_environment_hook('pure_pursuit', 'pythonpath')
[1.515s] INFO:colcon.colcon_core.shell:Creating environment hook '/home/zuki/GalacticRacing/sim_ws/install/pure_pursuit/share/pure_pursuit/hook/pythonpath.ps1'
[1.516s] INFO:colcon.colcon_core.shell:Creating environment descriptor '/home/zuki/GalacticRacing/sim_ws/install/pure_pursuit/share/pure_pursuit/hook/pythonpath.dsv'
[1.516s] INFO:colcon.colcon_core.shell:Creating environment hook '/home/zuki/GalacticRacing/sim_ws/install/pure_pursuit/share/pure_pursuit/hook/pythonpath.sh'
[1.517s] Level 1:colcon.colcon_core.environment:checking '/home/zuki/GalacticRacing/sim_ws/install/pure_pursuit/bin'
[1.517s] INFO:colcon.colcon_core.shell:Creating package script '/home/zuki/GalacticRacing/sim_ws/install/pure_pursuit/share/pure_pursuit/package.ps1'
[1.517s] INFO:colcon.colcon_core.shell:Creating package descriptor '/home/zuki/GalacticRacing/sim_ws/install/pure_pursuit/share/pure_pursuit/package.dsv'
[1.518s] INFO:colcon.colcon_core.shell:Creating package script '/home/zuki/GalacticRacing/sim_ws/install/pure_pursuit/share/pure_pursuit/package.sh'
[1.518s] INFO:colcon.colcon_core.shell:Creating package script '/home/zuki/GalacticRacing/sim_ws/install/pure_pursuit/share/pure_pursuit/package.bash'
[1.519s] INFO:colcon.colcon_core.shell:Creating package script '/home/zuki/GalacticRacing/sim_ws/install/pure_pursuit/share/pure_pursuit/package.zsh'
[1.519s] Level 1:colcon.colcon_core.environment:create_file_with_runtime_dependencies(/home/zuki/GalacticRacing/sim_ws/install/pure_pursuit/share/colcon-core/packages/pure_pursuit)
[1.578s] DEBUG:colcon.colcon_core.event_handler.log_command:Invoking command in '/home/zuki/GalacticRacing/sim_ws/src/f1tenth_gym_ros': PYTHONPATH=/home/zuki/GalacticRacing/sim_ws/build/f1tenth_gym_ros/prefix_override:/home/zuki/GalacticRacing/sim_ws/install/f1tenth_gym_ros/lib/python3.8/site-packages:${PYTHONPATH} /usr/bin/python3 -W ignore:setup.py install is deprecated setup.py egg_info --egg-base ../../build/f1tenth_gym_ros build --build-base /home/zuki/GalacticRacing/sim_ws/build/f1tenth_gym_ros/build install --record /home/zuki/GalacticRacing/sim_ws/build/f1tenth_gym_ros/install.log --install-scripts $base/lib/f1tenth_gym_ros --single-version-externally-managed install_data
[1.599s] Level 1:colcon.colcon_core.environment:create_environment_scripts_only(safety_node)
[1.600s] DEBUG:colcon.colcon_core.event_handler.log_command:Invoked command in '/home/zuki/GalacticRacing/sim_ws/build/safety_node' returned '0': CMAKE_PREFIX_PATH=${CMAKE_PREFIX_PATH}:/home/zuki/GalacticRacing/sim_ws/install/particle_filter:/home/zuki/GalacticRacing/sim_ws/install/f1tenth_gym_ros:/opt/ros/foxy /usr/bin/cmake --install /home/zuki/GalacticRacing/sim_ws/build/safety_node
[1.600s] Level 1:colcon.colcon_core.environment:checking '/home/zuki/GalacticRacing/sim_ws/install/safety_node' for CMake module files
[1.602s] Level 1:colcon.colcon_core.environment:checking '/home/zuki/GalacticRacing/sim_ws/install/safety_node' for CMake config files
[1.602s] Level 1:colcon.colcon_core.shell:create_environment_hook('safety_node', 'cmake_prefix_path')
[1.603s] INFO:colcon.colcon_core.shell:Creating environment hook '/home/zuki/GalacticRacing/sim_ws/install/safety_node/share/safety_node/hook/cmake_prefix_path.ps1'
[1.604s] INFO:colcon.colcon_core.shell:Creating environment descriptor '/home/zuki/GalacticRacing/sim_ws/install/safety_node/share/safety_node/hook/cmake_prefix_path.dsv'
[1.604s] INFO:colcon.colcon_core.shell:Creating environment hook '/home/zuki/GalacticRacing/sim_ws/install/safety_node/share/safety_node/hook/cmake_prefix_path.sh'
[1.605s] Level 1:colcon.colcon_core.environment:checking '/home/zuki/GalacticRacing/sim_ws/install/safety_node/lib'
[1.605s] Level 1:colcon.colcon_core.environment:checking '/home/zuki/GalacticRacing/sim_ws/install/safety_node/bin'
[1.605s] Level 1:colcon.colcon_core.environment:checking '/home/zuki/GalacticRacing/sim_ws/install/safety_node/lib/pkgconfig/safety_node.pc'
[1.605s] Level 1:colcon.colcon_core.environment:checking '/home/zuki/GalacticRacing/sim_ws/install/safety_node/lib/python3.8/site-packages'
[1.606s] Level 1:colcon.colcon_core.shell:create_environment_hook('safety_node', 'pythonpath')
[1.606s] INFO:colcon.colcon_core.shell:Creating environment hook '/home/zuki/GalacticRacing/sim_ws/install/safety_node/share/safety_node/hook/pythonpath.ps1'
[1.606s] INFO:colcon.colcon_core.shell:Creating environment descriptor '/home/zuki/GalacticRacing/sim_ws/install/safety_node/share/safety_node/hook/pythonpath.dsv'
[1.606s] INFO:colcon.colcon_core.shell:Creating environment hook '/home/zuki/GalacticRacing/sim_ws/install/safety_node/share/safety_node/hook/pythonpath.sh'
[1.607s] Level 1:colcon.colcon_core.environment:checking '/home/zuki/GalacticRacing/sim_ws/install/safety_node/bin'
[1.608s] INFO:colcon.colcon_core.shell:Creating package script '/home/zuki/GalacticRacing/sim_ws/install/safety_node/share/safety_node/package.ps1'
[1.608s] INFO:colcon.colcon_core.shell:Creating package descriptor '/home/zuki/GalacticRacing/sim_ws/install/safety_node/share/safety_node/package.dsv'
[1.609s] INFO:colcon.colcon_core.shell:Creating package script '/home/zuki/GalacticRacing/sim_ws/install/safety_node/share/safety_node/package.sh'
[1.610s] INFO:colcon.colcon_core.shell:Creating package script '/home/zuki/GalacticRacing/sim_ws/install/safety_node/share/safety_node/package.bash'
[1.610s] INFO:colcon.colcon_core.shell:Creating package script '/home/zuki/GalacticRacing/sim_ws/install/safety_node/share/safety_node/package.zsh'
[1.610s] Level 1:colcon.colcon_core.environment:create_file_with_runtime_dependencies(/home/zuki/GalacticRacing/sim_ws/install/safety_node/share/colcon-core/packages/safety_node)
[1.617s] DEBUG:colcon.colcon_core.event_handler.log_command:Invoked command in '/home/zuki/GalacticRacing/sim_ws/build/waypoint_logger' returned '0': CMAKE_PREFIX_PATH=${CMAKE_PREFIX_PATH}:/home/zuki/GalacticRacing/sim_ws/install/particle_filter:/home/zuki/GalacticRacing/sim_ws/install/f1tenth_gym_ros:/opt/ros/foxy /usr/bin/cmake --build /home/zuki/GalacticRacing/sim_ws/build/waypoint_logger -- -j6 -l6
[1.622s] DEBUG:colcon.colcon_core.event_handler.log_command:Invoking command in '/home/zuki/GalacticRacing/sim_ws/src/particle_filter': PYTHONPATH=/home/zuki/GalacticRacing/sim_ws/build/particle_filter/prefix_override:/home/zuki/GalacticRacing/sim_ws/install/particle_filter/lib/python3.8/site-packages:${PYTHONPATH} /usr/bin/python3 -W ignore:setup.py install is deprecated setup.py egg_info --egg-base ../../build/particle_filter build --build-base /home/zuki/GalacticRacing/sim_ws/build/particle_filter/build install --record /home/zuki/GalacticRacing/sim_ws/build/particle_filter/install.log --install-scripts $base/lib/particle_filter --single-version-externally-managed install_data
[1.625s] DEBUG:colcon.colcon_core.event_handler.log_command:Invoking command in '/home/zuki/GalacticRacing/sim_ws/build/wall_follow': CMAKE_PREFIX_PATH=${CMAKE_PREFIX_PATH}:/home/zuki/GalacticRacing/sim_ws/install/particle_filter:/home/zuki/GalacticRacing/sim_ws/install/f1tenth_gym_ros:/opt/ros/foxy /usr/bin/cmake --install /home/zuki/GalacticRacing/sim_ws/build/wall_follow
[1.653s] DEBUG:colcon.colcon_core.event_handler.log_command:Invoking command in '/home/zuki/GalacticRacing/sim_ws/build/waypoint_logger': CMAKE_PREFIX_PATH=${CMAKE_PREFIX_PATH}:/home/zuki/GalacticRacing/sim_ws/install/particle_filter:/home/zuki/GalacticRacing/sim_ws/install/f1tenth_gym_ros:/opt/ros/foxy /usr/bin/cmake --install /home/zuki/GalacticRacing/sim_ws/build/waypoint_logger
[1.656s] Level 1:colcon.colcon_core.environment:create_environment_scripts_only(safety_node)
[1.656s] Level 1:colcon.colcon_core.environment:checking '/home/zuki/GalacticRacing/sim_ws/install/safety_node' for CMake module files
[1.657s] Level 1:colcon.colcon_core.environment:checking '/home/zuki/GalacticRacing/sim_ws/install/safety_node' for CMake config files
[1.657s] Level 1:colcon.colcon_core.shell:create_environment_hook('safety_node', 'cmake_prefix_path')
[1.658s] INFO:colcon.colcon_core.shell:Creating environment hook '/home/zuki/GalacticRacing/sim_ws/install/safety_node/share/safety_node/hook/cmake_prefix_path.ps1'
[1.659s] INFO:colcon.colcon_core.shell:Creating environment descriptor '/home/zuki/GalacticRacing/sim_ws/install/safety_node/share/safety_node/hook/cmake_prefix_path.dsv'
[1.659s] INFO:colcon.colcon_core.shell:Creating environment hook '/home/zuki/GalacticRacing/sim_ws/install/safety_node/share/safety_node/hook/cmake_prefix_path.sh'
[1.661s] Level 1:colcon.colcon_core.environment:checking '/home/zuki/GalacticRacing/sim_ws/install/safety_node/lib'
[1.661s] Level 1:colcon.colcon_core.environment:checking '/home/zuki/GalacticRacing/sim_ws/install/safety_node/bin'
[1.661s] Level 1:colcon.colcon_core.environment:checking '/home/zuki/GalacticRacing/sim_ws/install/safety_node/lib/pkgconfig/safety_node.pc'
[1.662s] Level 1:colcon.colcon_core.environment:checking '/home/zuki/GalacticRacing/sim_ws/install/safety_node/lib/python3.8/site-packages'
[1.662s] Level 1:colcon.colcon_core.shell:create_environment_hook('safety_node', 'pythonpath')
[1.662s] INFO:colcon.colcon_core.shell:Creating environment hook '/home/zuki/GalacticRacing/sim_ws/install/safety_node/share/safety_node/hook/pythonpath.ps1'
[1.663s] INFO:colcon.colcon_core.shell:Creating environment descriptor '/home/zuki/GalacticRacing/sim_ws/install/safety_node/share/safety_node/hook/pythonpath.dsv'
[1.665s] INFO:colcon.colcon_core.shell:Creating environment hook '/home/zuki/GalacticRacing/sim_ws/install/safety_node/share/safety_node/hook/pythonpath.sh'
[1.665s] Level 1:colcon.colcon_core.environment:checking '/home/zuki/GalacticRacing/sim_ws/install/safety_node/bin'
[1.666s] INFO:colcon.colcon_core.shell:Creating package script '/home/zuki/GalacticRacing/sim_ws/install/safety_node/share/safety_node/package.ps1'
[1.671s] INFO:colcon.colcon_core.shell:Creating package descriptor '/home/zuki/GalacticRacing/sim_ws/install/safety_node/share/safety_node/package.dsv'
[1.672s] INFO:colcon.colcon_core.shell:Creating package script '/home/zuki/GalacticRacing/sim_ws/install/safety_node/share/safety_node/package.sh'
[1.672s] INFO:colcon.colcon_core.shell:Creating package script '/home/zuki/GalacticRacing/sim_ws/install/safety_node/share/safety_node/package.bash'
[1.673s] INFO:colcon.colcon_core.shell:Creating package script '/home/zuki/GalacticRacing/sim_ws/install/safety_node/share/safety_node/package.zsh'
[1.673s] Level 1:colcon.colcon_core.environment:create_file_with_runtime_dependencies(/home/zuki/GalacticRacing/sim_ws/install/safety_node/share/colcon-core/packages/safety_node)
[1.675s] Level 1:colcon.colcon_core.environment:create_environment_scripts_only(wall_follow)
[1.675s] DEBUG:colcon.colcon_core.event_handler.log_command:Invoked command in '/home/zuki/GalacticRacing/sim_ws/build/wall_follow' returned '0': CMAKE_PREFIX_PATH=${CMAKE_PREFIX_PATH}:/home/zuki/GalacticRacing/sim_ws/install/particle_filter:/home/zuki/GalacticRacing/sim_ws/install/f1tenth_gym_ros:/opt/ros/foxy /usr/bin/cmake --install /home/zuki/GalacticRacing/sim_ws/build/wall_follow
[1.675s] Level 1:colcon.colcon_core.environment:checking '/home/zuki/GalacticRacing/sim_ws/install/wall_follow' for CMake module files
[1.676s] Level 1:colcon.colcon_core.environment:checking '/home/zuki/GalacticRacing/sim_ws/install/wall_follow' for CMake config files
[1.676s] Level 1:colcon.colcon_core.shell:create_environment_hook('wall_follow', 'cmake_prefix_path')
[1.676s] INFO:colcon.colcon_core.shell:Creating environment hook '/home/zuki/GalacticRacing/sim_ws/install/wall_follow/share/wall_follow/hook/cmake_prefix_path.ps1'
[1.677s] INFO:colcon.colcon_core.shell:Creating environment descriptor '/home/zuki/GalacticRacing/sim_ws/install/wall_follow/share/wall_follow/hook/cmake_prefix_path.dsv'
[1.677s] INFO:colcon.colcon_core.shell:Creating environment hook '/home/zuki/GalacticRacing/sim_ws/install/wall_follow/share/wall_follow/hook/cmake_prefix_path.sh'
[1.678s] Level 1:colcon.colcon_core.environment:checking '/home/zuki/GalacticRacing/sim_ws/install/wall_follow/lib'
[1.678s] Level 1:colcon.colcon_core.environment:checking '/home/zuki/GalacticRacing/sim_ws/install/wall_follow/bin'
[1.678s] Level 1:colcon.colcon_core.environment:checking '/home/zuki/GalacticRacing/sim_ws/install/wall_follow/lib/pkgconfig/wall_follow.pc'
[1.678s] Level 1:colcon.colcon_core.environment:checking '/home/zuki/GalacticRacing/sim_ws/install/wall_follow/lib/python3.8/site-packages'
[1.678s] Level 1:colcon.colcon_core.shell:create_environment_hook('wall_follow', 'pythonpath')
[1.678s] INFO:colcon.colcon_core.shell:Creating environment hook '/home/zuki/GalacticRacing/sim_ws/install/wall_follow/share/wall_follow/hook/pythonpath.ps1'
[1.679s] INFO:colcon.colcon_core.shell:Creating environment descriptor '/home/zuki/GalacticRacing/sim_ws/install/wall_follow/share/wall_follow/hook/pythonpath.dsv'
[1.679s] INFO:colcon.colcon_core.shell:Creating environment hook '/home/zuki/GalacticRacing/sim_ws/install/wall_follow/share/wall_follow/hook/pythonpath.sh'
[1.680s] Level 1:colcon.colcon_core.environment:checking '/home/zuki/GalacticRacing/sim_ws/install/wall_follow/bin'
[1.680s] INFO:colcon.colcon_core.shell:Creating package script '/home/zuki/GalacticRacing/sim_ws/install/wall_follow/share/wall_follow/package.ps1'
[1.680s] INFO:colcon.colcon_core.shell:Creating package descriptor '/home/zuki/GalacticRacing/sim_ws/install/wall_follow/share/wall_follow/package.dsv'
[1.681s] INFO:colcon.colcon_core.shell:Creating package script '/home/zuki/GalacticRacing/sim_ws/install/wall_follow/share/wall_follow/package.sh'
[1.682s] INFO:colcon.colcon_core.shell:Creating package script '/home/zuki/GalacticRacing/sim_ws/install/wall_follow/share/wall_follow/package.bash'
[1.682s] INFO:colcon.colcon_core.shell:Creating package script '/home/zuki/GalacticRacing/sim_ws/install/wall_follow/share/wall_follow/package.zsh'
[1.682s] Level 1:colcon.colcon_core.environment:create_file_with_runtime_dependencies(/home/zuki/GalacticRacing/sim_ws/install/wall_follow/share/colcon-core/packages/wall_follow)
[1.703s] Level 1:colcon.colcon_core.environment:create_environment_scripts_only(waypoint_logger)
[1.703s] Level 1:colcon.colcon_core.environment:checking '/home/zuki/GalacticRacing/sim_ws/install/waypoint_logger' for CMake module files
[1.704s] DEBUG:colcon.colcon_core.event_handler.log_command:Invoked command in '/home/zuki/GalacticRacing/sim_ws/build/waypoint_logger' returned '0': CMAKE_PREFIX_PATH=${CMAKE_PREFIX_PATH}:/home/zuki/GalacticRacing/sim_ws/install/particle_filter:/home/zuki/GalacticRacing/sim_ws/install/f1tenth_gym_ros:/opt/ros/foxy /usr/bin/cmake --install /home/zuki/GalacticRacing/sim_ws/build/waypoint_logger
[1.704s] Level 1:colcon.colcon_core.environment:checking '/home/zuki/GalacticRacing/sim_ws/install/waypoint_logger' for CMake config files
[1.704s] Level 1:colcon.colcon_core.shell:create_environment_hook('waypoint_logger', 'cmake_prefix_path')
[1.705s] INFO:colcon.colcon_core.shell:Creating environment hook '/home/zuki/GalacticRacing/sim_ws/install/waypoint_logger/share/waypoint_logger/hook/cmake_prefix_path.ps1'
[1.705s] INFO:colcon.colcon_core.shell:Creating environment descriptor '/home/zuki/GalacticRacing/sim_ws/install/waypoint_logger/share/waypoint_logger/hook/cmake_prefix_path.dsv'
[1.706s] INFO:colcon.colcon_core.shell:Creating environment hook '/home/zuki/GalacticRacing/sim_ws/install/waypoint_logger/share/waypoint_logger/hook/cmake_prefix_path.sh'
[1.707s] Level 1:colcon.colcon_core.environment:checking '/home/zuki/GalacticRacing/sim_ws/install/waypoint_logger/lib'
[1.708s] Level 1:colcon.colcon_core.environment:checking '/home/zuki/GalacticRacing/sim_ws/install/waypoint_logger/bin'
[1.708s] Level 1:colcon.colcon_core.environment:checking '/home/zuki/GalacticRacing/sim_ws/install/waypoint_logger/lib/pkgconfig/waypoint_logger.pc'
[1.708s] Level 1:colcon.colcon_core.environment:checking '/home/zuki/GalacticRacing/sim_ws/install/waypoint_logger/lib/python3.8/site-packages'
[1.708s] Level 1:colcon.colcon_core.shell:create_environment_hook('waypoint_logger', 'pythonpath')
[1.708s] INFO:colcon.colcon_core.shell:Creating environment hook '/home/zuki/GalacticRacing/sim_ws/install/waypoint_logger/share/waypoint_logger/hook/pythonpath.ps1'
[1.709s] INFO:colcon.colcon_core.shell:Creating environment descriptor '/home/zuki/GalacticRacing/sim_ws/install/waypoint_logger/share/waypoint_logger/hook/pythonpath.dsv'
[1.711s] INFO:colcon.colcon_core.shell:Creating environment hook '/home/zuki/GalacticRacing/sim_ws/install/waypoint_logger/share/waypoint_logger/hook/pythonpath.sh'
[1.712s] Level 1:colcon.colcon_core.environment:checking '/home/zuki/GalacticRacing/sim_ws/install/waypoint_logger/bin'
[1.712s] INFO:colcon.colcon_core.shell:Creating package script '/home/zuki/GalacticRacing/sim_ws/install/waypoint_logger/share/waypoint_logger/package.ps1'
[1.713s] INFO:colcon.colcon_core.shell:Creating package descriptor '/home/zuki/GalacticRacing/sim_ws/install/waypoint_logger/share/waypoint_logger/package.dsv'
[1.715s] INFO:colcon.colcon_core.shell:Creating package script '/home/zuki/GalacticRacing/sim_ws/install/waypoint_logger/share/waypoint_logger/package.sh'
[1.716s] INFO:colcon.colcon_core.shell:Creating package script '/home/zuki/GalacticRacing/sim_ws/install/waypoint_logger/share/waypoint_logger/package.bash'
[1.717s] INFO:colcon.colcon_core.shell:Creating package script '/home/zuki/GalacticRacing/sim_ws/install/waypoint_logger/share/waypoint_logger/package.zsh'
[1.718s] Level 1:colcon.colcon_core.environment:create_file_with_runtime_dependencies(/home/zuki/GalacticRacing/sim_ws/install/waypoint_logger/share/colcon-core/packages/waypoint_logger)
[1.724s] Level 1:colcon.colcon_core.environment:create_environment_scripts_only(wall_follow)
[1.724s] Level 1:colcon.colcon_core.environment:checking '/home/zuki/GalacticRacing/sim_ws/install/wall_follow' for CMake module files
[1.725s] Level 1:colcon.colcon_core.environment:checking '/home/zuki/GalacticRacing/sim_ws/install/wall_follow' for CMake config files
[1.725s] Level 1:colcon.colcon_core.shell:create_environment_hook('wall_follow', 'cmake_prefix_path')
[1.725s] INFO:colcon.colcon_core.shell:Creating environment hook '/home/zuki/GalacticRacing/sim_ws/install/wall_follow/share/wall_follow/hook/cmake_prefix_path.ps1'
[1.726s] INFO:colcon.colcon_core.shell:Creating environment descriptor '/home/zuki/GalacticRacing/sim_ws/install/wall_follow/share/wall_follow/hook/cmake_prefix_path.dsv'
[1.727s] INFO:colcon.colcon_core.shell:Creating environment hook '/home/zuki/GalacticRacing/sim_ws/install/wall_follow/share/wall_follow/hook/cmake_prefix_path.sh'
[1.728s] Level 1:colcon.colcon_core.environment:checking '/home/zuki/GalacticRacing/sim_ws/install/wall_follow/lib'
[1.728s] Level 1:colcon.colcon_core.environment:checking '/home/zuki/GalacticRacing/sim_ws/install/wall_follow/bin'
[1.729s] Level 1:colcon.colcon_core.environment:checking '/home/zuki/GalacticRacing/sim_ws/install/wall_follow/lib/pkgconfig/wall_follow.pc'
[1.729s] Level 1:colcon.colcon_core.environment:checking '/home/zuki/GalacticRacing/sim_ws/install/wall_follow/lib/python3.8/site-packages'
[1.729s] Level 1:colcon.colcon_core.shell:create_environment_hook('wall_follow', 'pythonpath')
[1.729s] INFO:colcon.colcon_core.shell:Creating environment hook '/home/zuki/GalacticRacing/sim_ws/install/wall_follow/share/wall_follow/hook/pythonpath.ps1'
[1.730s] INFO:colcon.colcon_core.shell:Creating environment descriptor '/home/zuki/GalacticRacing/sim_ws/install/wall_follow/share/wall_follow/hook/pythonpath.dsv'
[1.731s] INFO:colcon.colcon_core.shell:Creating environment hook '/home/zuki/GalacticRacing/sim_ws/install/wall_follow/share/wall_follow/hook/pythonpath.sh'
[1.731s] Level 1:colcon.colcon_core.environment:checking '/home/zuki/GalacticRacing/sim_ws/install/wall_follow/bin'
[1.732s] INFO:colcon.colcon_core.shell:Creating package script '/home/zuki/GalacticRacing/sim_ws/install/wall_follow/share/wall_follow/package.ps1'
[1.733s] INFO:colcon.colcon_core.shell:Creating package descriptor '/home/zuki/GalacticRacing/sim_ws/install/wall_follow/share/wall_follow/package.dsv'
[1.772s] INFO:colcon.colcon_core.shell:Creating package script '/home/zuki/GalacticRacing/sim_ws/install/wall_follow/share/wall_follow/package.sh'
[1.776s] INFO:colcon.colcon_core.shell:Creating package script '/home/zuki/GalacticRacing/sim_ws/install/wall_follow/share/wall_follow/package.bash'
[1.778s] INFO:colcon.colcon_core.shell:Creating package script '/home/zuki/GalacticRacing/sim_ws/install/wall_follow/share/wall_follow/package.zsh'
[1.779s] Level 1:colcon.colcon_core.environment:create_file_with_runtime_dependencies(/home/zuki/GalacticRacing/sim_ws/install/wall_follow/share/colcon-core/packages/wall_follow)
[1.904s] Level 1:colcon.colcon_core.environment:create_environment_scripts_only(waypoint_logger)
[1.906s] Level 1:colcon.colcon_core.environment:checking '/home/zuki/GalacticRacing/sim_ws/install/waypoint_logger' for CMake module files
[1.910s] Level 1:colcon.colcon_core.environment:checking '/home/zuki/GalacticRacing/sim_ws/install/waypoint_logger' for CMake config files
[1.923s] Level 1:colcon.colcon_core.shell:create_environment_hook('waypoint_logger', 'cmake_prefix_path')
[1.930s] INFO:colcon.colcon_core.shell:Creating environment hook '/home/zuki/GalacticRacing/sim_ws/install/waypoint_logger/share/waypoint_logger/hook/cmake_prefix_path.ps1'
[1.933s] INFO:colcon.colcon_core.shell:Creating environment descriptor '/home/zuki/GalacticRacing/sim_ws/install/waypoint_logger/share/waypoint_logger/hook/cmake_prefix_path.dsv'
[1.940s] INFO:colcon.colcon_core.shell:Creating environment hook '/home/zuki/GalacticRacing/sim_ws/install/waypoint_logger/share/waypoint_logger/hook/cmake_prefix_path.sh'
[1.941s] Level 1:colcon.colcon_core.environment:checking '/home/zuki/GalacticRacing/sim_ws/install/waypoint_logger/lib'
[1.942s] Level 1:colcon.colcon_core.environment:checking '/home/zuki/GalacticRacing/sim_ws/install/waypoint_logger/bin'
[1.942s] Level 1:colcon.colcon_core.environment:checking '/home/zuki/GalacticRacing/sim_ws/install/waypoint_logger/lib/pkgconfig/waypoint_logger.pc'
[1.943s] Level 1:colcon.colcon_core.environment:checking '/home/zuki/GalacticRacing/sim_ws/install/waypoint_logger/lib/python3.8/site-packages'
[1.943s] Level 1:colcon.colcon_core.shell:create_environment_hook('waypoint_logger', 'pythonpath')
[1.943s] INFO:colcon.colcon_core.shell:Creating environment hook '/home/zuki/GalacticRacing/sim_ws/install/waypoint_logger/share/waypoint_logger/hook/pythonpath.ps1'
[1.946s] INFO:colcon.colcon_core.shell:Creating environment descriptor '/home/zuki/GalacticRacing/sim_ws/install/waypoint_logger/share/waypoint_logger/hook/pythonpath.dsv'
[1.949s] INFO:colcon.colcon_core.shell:Creating environment hook '/home/zuki/GalacticRacing/sim_ws/install/waypoint_logger/share/waypoint_logger/hook/pythonpath.sh'
[1.954s] Level 1:colcon.colcon_core.environment:checking '/home/zuki/GalacticRacing/sim_ws/install/waypoint_logger/bin'
[1.955s] INFO:colcon.colcon_core.shell:Creating package script '/home/zuki/GalacticRacing/sim_ws/install/waypoint_logger/share/waypoint_logger/package.ps1'
[1.958s] INFO:colcon.colcon_core.shell:Creating package descriptor '/home/zuki/GalacticRacing/sim_ws/install/waypoint_logger/share/waypoint_logger/package.dsv'
[1.959s] INFO:colcon.colcon_core.shell:Creating package script '/home/zuki/GalacticRacing/sim_ws/install/waypoint_logger/share/waypoint_logger/package.sh'
[1.962s] INFO:colcon.colcon_core.shell:Creating package script '/home/zuki/GalacticRacing/sim_ws/install/waypoint_logger/share/waypoint_logger/package.bash'
[1.966s] INFO:colcon.colcon_core.shell:Creating package script '/home/zuki/GalacticRacing/sim_ws/install/waypoint_logger/share/waypoint_logger/package.zsh'
[1.967s] Level 1:colcon.colcon_core.environment:create_file_with_runtime_dependencies(/home/zuki/GalacticRacing/sim_ws/install/waypoint_logger/share/colcon-core/packages/waypoint_logger)
[1.985s] Level 1:colcon.colcon_core.environment:checking '/home/zuki/GalacticRacing/sim_ws/install/f1tenth_gym_ros' for CMake module files
[1.986s] Level 1:colcon.colcon_core.environment:checking '/home/zuki/GalacticRacing/sim_ws/install/f1tenth_gym_ros' for CMake config files
[1.986s] Level 1:colcon.colcon_core.environment:checking '/home/zuki/GalacticRacing/sim_ws/install/f1tenth_gym_ros/lib'
[1.986s] Level 1:colcon.colcon_core.environment:checking '/home/zuki/GalacticRacing/sim_ws/install/f1tenth_gym_ros/bin'
[1.986s] Level 1:colcon.colcon_core.environment:checking '/home/zuki/GalacticRacing/sim_ws/install/f1tenth_gym_ros/lib/pkgconfig/f1tenth_gym_ros.pc'
[1.987s] Level 1:colcon.colcon_core.environment:checking '/home/zuki/GalacticRacing/sim_ws/install/f1tenth_gym_ros/lib/python3.8/site-packages'
[1.988s] Level 1:colcon.colcon_core.shell:create_environment_hook('f1tenth_gym_ros', 'pythonpath')
[1.988s] INFO:colcon.colcon_core.shell:Creating environment hook '/home/zuki/GalacticRacing/sim_ws/install/f1tenth_gym_ros/share/f1tenth_gym_ros/hook/pythonpath.ps1'
[1.989s] INFO:colcon.colcon_core.shell:Creating environment descriptor '/home/zuki/GalacticRacing/sim_ws/install/f1tenth_gym_ros/share/f1tenth_gym_ros/hook/pythonpath.dsv'
[1.990s] INFO:colcon.colcon_core.shell:Creating environment hook '/home/zuki/GalacticRacing/sim_ws/install/f1tenth_gym_ros/share/f1tenth_gym_ros/hook/pythonpath.sh'
[1.990s] Level 1:colcon.colcon_core.environment:checking '/home/zuki/GalacticRacing/sim_ws/install/f1tenth_gym_ros/bin'
[1.991s] Level 1:colcon.colcon_core.environment:create_environment_scripts_only(f1tenth_gym_ros)
[1.991s] INFO:colcon.colcon_core.shell:Creating package script '/home/zuki/GalacticRacing/sim_ws/install/f1tenth_gym_ros/share/f1tenth_gym_ros/package.ps1'
[1.994s] INFO:colcon.colcon_core.shell:Creating package descriptor '/home/zuki/GalacticRacing/sim_ws/install/f1tenth_gym_ros/share/f1tenth_gym_ros/package.dsv'
[2.008s] INFO:colcon.colcon_core.shell:Creating package script '/home/zuki/GalacticRacing/sim_ws/install/f1tenth_gym_ros/share/f1tenth_gym_ros/package.sh'
[2.010s] DEBUG:colcon.colcon_core.event_handler.log_command:Invoked command in '/home/zuki/GalacticRacing/sim_ws/src/f1tenth_gym_ros' returned '0': PYTHONPATH=/home/zuki/GalacticRacing/sim_ws/build/f1tenth_gym_ros/prefix_override:/home/zuki/GalacticRacing/sim_ws/install/f1tenth_gym_ros/lib/python3.8/site-packages:${PYTHONPATH} /usr/bin/python3 -W ignore:setup.py install is deprecated setup.py egg_info --egg-base ../../build/f1tenth_gym_ros build --build-base /home/zuki/GalacticRacing/sim_ws/build/f1tenth_gym_ros/build install --record /home/zuki/GalacticRacing/sim_ws/build/f1tenth_gym_ros/install.log --install-scripts $base/lib/f1tenth_gym_ros --single-version-externally-managed install_data
[2.010s] INFO:colcon.colcon_core.shell:Creating package script '/home/zuki/GalacticRacing/sim_ws/install/f1tenth_gym_ros/share/f1tenth_gym_ros/package.bash'
[2.013s] INFO:colcon.colcon_core.shell:Creating package script '/home/zuki/GalacticRacing/sim_ws/install/f1tenth_gym_ros/share/f1tenth_gym_ros/package.zsh'
[2.014s] Level 1:colcon.colcon_core.environment:create_file_with_runtime_dependencies(/home/zuki/GalacticRacing/sim_ws/install/f1tenth_gym_ros/share/colcon-core/packages/f1tenth_gym_ros)
[2.042s] Level 1:colcon.colcon_core.environment:checking '/home/zuki/GalacticRacing/sim_ws/install/particle_filter' for CMake module files
[2.043s] DEBUG:colcon.colcon_core.event_handler.log_command:Invoked command in '/home/zuki/GalacticRacing/sim_ws/src/particle_filter' returned '0': PYTHONPATH=/home/zuki/GalacticRacing/sim_ws/build/particle_filter/prefix_override:/home/zuki/GalacticRacing/sim_ws/install/particle_filter/lib/python3.8/site-packages:${PYTHONPATH} /usr/bin/python3 -W ignore:setup.py install is deprecated setup.py egg_info --egg-base ../../build/particle_filter build --build-base /home/zuki/GalacticRacing/sim_ws/build/particle_filter/build install --record /home/zuki/GalacticRacing/sim_ws/build/particle_filter/install.log --install-scripts $base/lib/particle_filter --single-version-externally-managed install_data
[2.044s] Level 1:colcon.colcon_core.environment:checking '/home/zuki/GalacticRacing/sim_ws/install/particle_filter' for CMake config files
[2.045s] Level 1:colcon.colcon_core.environment:checking '/home/zuki/GalacticRacing/sim_ws/install/particle_filter/lib'
[2.045s] Level 1:colcon.colcon_core.environment:checking '/home/zuki/GalacticRacing/sim_ws/install/particle_filter/bin'
[2.045s] Level 1:colcon.colcon_core.environment:checking '/home/zuki/GalacticRacing/sim_ws/install/particle_filter/lib/pkgconfig/particle_filter.pc'
[2.045s] Level 1:colcon.colcon_core.environment:checking '/home/zuki/GalacticRacing/sim_ws/install/particle_filter/lib/python3.8/site-packages'
[2.045s] Level 1:colcon.colcon_core.shell:create_environment_hook('particle_filter', 'pythonpath')
[2.047s] INFO:colcon.colcon_core.shell:Creating environment hook '/home/zuki/GalacticRacing/sim_ws/install/particle_filter/share/particle_filter/hook/pythonpath.ps1'
[2.048s] INFO:colcon.colcon_core.shell:Creating environment descriptor '/home/zuki/GalacticRacing/sim_ws/install/particle_filter/share/particle_filter/hook/pythonpath.dsv'
[2.049s] INFO:colcon.colcon_core.shell:Creating environment hook '/home/zuki/GalacticRacing/sim_ws/install/particle_filter/share/particle_filter/hook/pythonpath.sh'
[2.054s] Level 1:colcon.colcon_core.environment:checking '/home/zuki/GalacticRacing/sim_ws/install/particle_filter/bin'
[2.054s] Level 1:colcon.colcon_core.environment:create_environment_scripts_only(particle_filter)
[2.055s] INFO:colcon.colcon_core.shell:Creating package script '/home/zuki/GalacticRacing/sim_ws/install/particle_filter/share/particle_filter/package.ps1'
[2.057s] INFO:colcon.colcon_core.shell:Creating package descriptor '/home/zuki/GalacticRacing/sim_ws/install/particle_filter/share/particle_filter/package.dsv'
[2.058s] INFO:colcon.colcon_core.shell:Creating package script '/home/zuki/GalacticRacing/sim_ws/install/particle_filter/share/particle_filter/package.sh'
[2.060s] INFO:colcon.colcon_core.shell:Creating package script '/home/zuki/GalacticRacing/sim_ws/install/particle_filter/share/particle_filter/package.bash'
[2.063s] INFO:colcon.colcon_core.shell:Creating package script '/home/zuki/GalacticRacing/sim_ws/install/particle_filter/share/particle_filter/package.zsh'
[2.064s] Level 1:colcon.colcon_core.environment:create_file_with_runtime_dependencies(/home/zuki/GalacticRacing/sim_ws/install/particle_filter/share/colcon-core/packages/particle_filter)
[2.074s] DEBUG:colcon.colcon_parallel_executor.executor.parallel:closing loop
[2.085s] DEBUG:colcon.colcon_parallel_executor.executor.parallel:loop closed
[2.085s] DEBUG:colcon.colcon_parallel_executor.executor.parallel:run_until_complete finished with '0'
[2.085s] DEBUG:colcon.colcon_core.event_reactor:joining thread
[2.101s] INFO:colcon.colcon_core.plugin_system:Skipping extension 'colcon_notification.desktop_notification.terminal_notifier': Not used on non-Darwin systems
[2.101s] INFO:colcon.colcon_core.plugin_system:Skipping extension 'colcon_notification.desktop_notification.win32': Not used on non-Windows systems
[2.101s] INFO:colcon.colcon_notification.desktop_notification:Sending desktop notification using 'notify2'
[2.168s] DEBUG:colcon.colcon_core.event_reactor:joined thread
[2.168s] INFO:colcon.colcon_core.shell:Creating prefix script '/home/zuki/GalacticRacing/sim_ws/install/local_setup.ps1'
[2.169s] INFO:colcon.colcon_core.shell:Creating prefix util module '/home/zuki/GalacticRacing/sim_ws/install/_local_setup_util_ps1.py'
[2.170s] INFO:colcon.colcon_core.shell:Creating prefix chain script '/home/zuki/GalacticRacing/sim_ws/install/setup.ps1'
[2.172s] INFO:colcon.colcon_core.shell:Creating prefix script '/home/zuki/GalacticRacing/sim_ws/install/local_setup.sh'
[2.172s] INFO:colcon.colcon_core.shell:Creating prefix util module '/home/zuki/GalacticRacing/sim_ws/install/_local_setup_util_sh.py'
[2.176s] INFO:colcon.colcon_core.shell:Creating prefix chain script '/home/zuki/GalacticRacing/sim_ws/install/setup.sh'
[2.181s] INFO:colcon.colcon_core.shell:Creating prefix script '/home/zuki/GalacticRacing/sim_ws/install/local_setup.bash'
[2.182s] INFO:colcon.colcon_core.shell:Creating prefix chain script '/home/zuki/GalacticRacing/sim_ws/install/setup.bash'
[2.184s] INFO:colcon.colcon_core.shell:Creating prefix script '/home/zuki/GalacticRacing/sim_ws/install/local_setup.zsh'
[2.185s] INFO:colcon.colcon_core.shell:Creating prefix chain script '/home/zuki/GalacticRacing/sim_ws/install/setup.zsh'
