[0.417s] Invoking command in '/home/zuki/GalacticRacing/sim_ws/build/gap_follow': CMAKE_PREFIX_PATH=${CMAKE_PREFIX_PATH}:/home/zuki/GalacticRacing/sim_ws/install/particle_filter:/home/zuki/GalacticRacing/sim_ws/install/f1tenth_gym_ros:/opt/ros/foxy /usr/bin/cmake /home/zuki/GalacticRacing/sim_ws/src/gap_follow -DCMAKE_INSTALL_PREFIX=/home/zuki/GalacticRacing/sim_ws/install/gap_follow
[0.784s] -- The C compiler identification is GNU 9.4.0
[0.784s] -- The CXX compiler identification is GNU 9.4.0
[0.785s] -- Check for working C compiler: /usr/bin/cc
[0.911s] -- Check for working C compiler: /usr/bin/cc -- works
[0.911s] -- Detecting C compiler ABI info
[1.093s] -- Detecting C compiler ABI info - done
[1.116s] -- Detecting C compile features
[1.116s] -- Detecting C compile features - done
[1.119s] -- Check for working CXX compiler: /usr/bin/c++
[1.247s] -- Check for working CXX compiler: /usr/bin/c++ -- works
[1.249s] -- Detecting CXX compiler ABI info
[1.397s] -- Detecting CXX compiler ABI info - done
[1.430s] -- Detecting CXX compile features
[1.430s] -- Detecting CXX compile features - done
[1.438s] -- Found ament_cmake: 0.9.12 (/opt/ros/foxy/share/ament_cmake/cmake)
[1.474s] -- Found PythonInterp: /usr/bin/python3 (found suitable version "3.8.10", minimum required is "3") 
[1.474s] -- Using PYTHON_EXECUTABLE: /usr/bin/python3
[1.748s] -- Found rclcpp: 2.4.3 (/opt/ros/foxy/share/rclcpp/cmake)
[1.833s] -- Using all available rosidl_typesupport_c: rosidl_typesupport_fastrtps_c;rosidl_typesupport_introspection_c
[1.851s] -- Found rosidl_adapter: 1.3.1 (/opt/ros/foxy/share/rosidl_adapter/cmake)
[2.034s] -- Found OpenSSL: /usr/lib/x86_64-linux-gnu/libcrypto.so (found version "1.1.1f")  
[2.089s] -- Found FastRTPS: /opt/ros/foxy/include  
[2.185s] -- Using all available rosidl_typesupport_cpp: rosidl_typesupport_fastrtps_cpp;rosidl_typesupport_introspection_cpp
[2.261s] -- Found rmw_implementation_cmake: 1.0.4 (/opt/ros/foxy/share/rmw_implementation_cmake/cmake)
[2.262s] -- Using RMW implementation 'rmw_fastrtps_cpp' as default
[2.263s] -- Looking for pthread.h
[2.405s] -- Looking for pthread.h - found
[2.407s] -- Performing Test CMAKE_HAVE_LIBC_PTHREAD
[2.543s] -- Performing Test CMAKE_HAVE_LIBC_PTHREAD - Failed
[2.543s] -- Looking for pthread_create in pthreads
[2.637s] -- Looking for pthread_create in pthreads - not found
[2.637s] -- Looking for pthread_create in pthread
[2.909s] -- Looking for pthread_create in pthread - found
[2.909s] -- Found Threads: TRUE  
[3.065s] -- Found rclpy: 1.0.13 (/opt/ros/foxy/share/rclpy/cmake)
[3.069s] -- Found geometry_msgs: 2.0.5 (/opt/ros/foxy/share/geometry_msgs/cmake)
[3.118s] -- Found nav_msgs: 2.0.5 (/opt/ros/foxy/share/nav_msgs/cmake)
[3.244s] -- Found ackermann_msgs: 2.0.2 (/opt/ros/foxy/share/ackermann_msgs/cmake)
[3.291s] -- Found sensor_msgs: 2.0.5 (/opt/ros/foxy/share/sensor_msgs/cmake)
[3.431s] -- Found ament_lint_auto: 0.9.8 (/opt/ros/foxy/share/ament_lint_auto/cmake)
[3.522s] -- Added test 'copyright' to check source files copyright and LICENSE
[3.524s] -- Added test 'cppcheck' to perform static code analysis on C / C++ code
[3.524s] -- Configured cppcheck include dirs: /home/zuki/GalacticRacing/sim_ws/src/gap_follow/include
[3.524s] -- Configured cppcheck exclude dirs and/or files: 
[3.525s] -- Added test 'cpplint' to check C / C++ code against the Google style
[3.525s] -- Configured cpplint exclude dirs and/or files: 
[3.525s] -- Added test 'flake8' to check Python code syntax and style conventions
[3.526s] -- Added test 'lint_cmake' to check CMake code style
[3.527s] -- Added test 'pep257' to check Python code against some of the style conventions in PEP 257
[3.528s] -- Added test 'uncrustify' to check C / C++ code style
[3.528s] -- Configured uncrustify additional arguments: 
[3.530s] -- Added test 'xmllint' to check XML markup files
[3.534s] -- Configuring done
[3.548s] -- Generating done
[3.552s] -- Build files have been written to: /home/zuki/GalacticRacing/sim_ws/build/gap_follow
[3.566s] Invoked command in '/home/zuki/GalacticRacing/sim_ws/build/gap_follow' returned '0': CMAKE_PREFIX_PATH=${CMAKE_PREFIX_PATH}:/home/zuki/GalacticRacing/sim_ws/install/particle_filter:/home/zuki/GalacticRacing/sim_ws/install/f1tenth_gym_ros:/opt/ros/foxy /usr/bin/cmake /home/zuki/GalacticRacing/sim_ws/src/gap_follow -DCMAKE_INSTALL_PREFIX=/home/zuki/GalacticRacing/sim_ws/install/gap_follow
[3.568s] Invoking command in '/home/zuki/GalacticRacing/sim_ws/build/gap_follow': CMAKE_PREFIX_PATH=${CMAKE_PREFIX_PATH}:/home/zuki/GalacticRacing/sim_ws/install/particle_filter:/home/zuki/GalacticRacing/sim_ws/install/f1tenth_gym_ros:/opt/ros/foxy /usr/bin/cmake --build /home/zuki/GalacticRacing/sim_ws/build/gap_follow -- -j6 -l6
[3.687s] [35m[1mScanning dependencies of target reactive_node[0m
[3.727s] [ 50%] [32mBuilding CXX object CMakeFiles/reactive_node.dir/src/reactive_node.cpp.o[0m
[5.319s] [01m[K/home/zuki/GalacticRacing/sim_ws/src/gap_follow/src/reactive_node.cpp:[m[K In member function ‘[01m[Kvoid ReactiveFollowGap::preprocess_lidar(float*)[m[K’:
[5.319s] [01m[K/home/zuki/GalacticRacing/sim_ws/src/gap_follow/src/reactive_node.cpp:24:34:[m[K [01;35m[Kwarning: [m[Kunused parameter ‘[01m[Kranges[m[K’ [[01;35m[K-Wunused-parameter[m[K]
[5.319s]    24 |     void preprocess_lidar([01;35m[Kfloat* ranges[m[K)
[5.319s]       |                           [01;35m[K~~~~~~~^~~~~~[m[K
[5.320s] [01m[K/home/zuki/GalacticRacing/sim_ws/src/gap_follow/src/reactive_node.cpp:[m[K In member function ‘[01m[Kvoid ReactiveFollowGap::find_max_gap(float*, int*)[m[K’:
[5.320s] [01m[K/home/zuki/GalacticRacing/sim_ws/src/gap_follow/src/reactive_node.cpp:32:30:[m[K [01;35m[Kwarning: [m[Kunused parameter ‘[01m[Kranges[m[K’ [[01;35m[K-Wunused-parameter[m[K]
[5.320s]    32 |     void find_max_gap([01;35m[Kfloat* ranges[m[K, int* indice)
[5.320s]       |                       [01;35m[K~~~~~~~^~~~~~[m[K
[5.320s] [01m[K/home/zuki/GalacticRacing/sim_ws/src/gap_follow/src/reactive_node.cpp:32:43:[m[K [01;35m[Kwarning: [m[Kunused parameter ‘[01m[Kindice[m[K’ [[01;35m[K-Wunused-parameter[m[K]
[5.320s]    32 |     void find_max_gap(float* ranges, [01;35m[Kint* indice[m[K)
[5.320s]       |                                      [01;35m[K~~~~~^~~~~~[m[K
[5.330s] [01m[K/home/zuki/GalacticRacing/sim_ws/src/gap_follow/src/reactive_node.cpp:[m[K In member function ‘[01m[Kvoid ReactiveFollowGap::find_best_point(float*, int*)[m[K’:
[5.330s] [01m[K/home/zuki/GalacticRacing/sim_ws/src/gap_follow/src/reactive_node.cpp:38:33:[m[K [01;35m[Kwarning: [m[Kunused parameter ‘[01m[Kranges[m[K’ [[01;35m[K-Wunused-parameter[m[K]
[5.330s]    38 |     void find_best_point([01;35m[Kfloat* ranges[m[K, int* indice)
[5.330s]       |                          [01;35m[K~~~~~~~^~~~~~[m[K
[5.330s] [01m[K/home/zuki/GalacticRacing/sim_ws/src/gap_follow/src/reactive_node.cpp:38:46:[m[K [01;35m[Kwarning: [m[Kunused parameter ‘[01m[Kindice[m[K’ [[01;35m[K-Wunused-parameter[m[K]
[5.330s]    38 |     void find_best_point(float* ranges, [01;35m[Kint* indice[m[K)
[5.330s]       |                                         [01;35m[K~~~~~^~~~~~[m[K
[5.331s] [01m[K/home/zuki/GalacticRacing/sim_ws/src/gap_follow/src/reactive_node.cpp:[m[K In member function ‘[01m[Kvoid ReactiveFollowGap::lidar_callback(sensor_msgs::msg::LaserScan_<std::allocator<void> >::ConstSharedPtr)[m[K’:
[5.332s] [01m[K/home/zuki/GalacticRacing/sim_ws/src/gap_follow/src/reactive_node.cpp:47:75:[m[K [01;35m[Kwarning: [m[Kunused parameter ‘[01m[Kscan_msg[m[K’ [[01;35m[K-Wunused-parameter[m[K]
[5.332s]    47 | oid lidar_callback([01;35m[Kconst sensor_msgs::msg::LaserScan::ConstSharedPtr scan_msg[m[K)
[5.332s]       |                    [01;35m[K~~~~~~~~~~~~~~~~~~~~~~~~~~~~~~~~~~~~~~~~~~~~~~~~~~^~~~~~~~[m[K
[5.332s] 
[5.977s] [100%] [32m[1mLinking CXX executable reactive_node[0m
[6.124s] [100%] Built target reactive_node
[6.141s] Invoked command in '/home/zuki/GalacticRacing/sim_ws/build/gap_follow' returned '0': CMAKE_PREFIX_PATH=${CMAKE_PREFIX_PATH}:/home/zuki/GalacticRacing/sim_ws/install/particle_filter:/home/zuki/GalacticRacing/sim_ws/install/f1tenth_gym_ros:/opt/ros/foxy /usr/bin/cmake --build /home/zuki/GalacticRacing/sim_ws/build/gap_follow -- -j6 -l6
[7.556s] Invoking command in '/home/zuki/GalacticRacing/sim_ws/build/gap_follow': CMAKE_PREFIX_PATH=${CMAKE_PREFIX_PATH}:/home/zuki/GalacticRacing/sim_ws/install/particle_filter:/home/zuki/GalacticRacing/sim_ws/install/f1tenth_gym_ros:/opt/ros/foxy /usr/bin/cmake --install /home/zuki/GalacticRacing/sim_ws/build/gap_follow
[7.598s] -- Install configuration: ""
[7.598s] -- Installing: /home/zuki/GalacticRacing/sim_ws/install/gap_follow/lib/gap_follow/reactive_node
[7.599s] -- Set runtime path of "/home/zuki/GalacticRacing/sim_ws/install/gap_follow/lib/gap_follow/reactive_node" to ""
[7.599s] -- Installing: /home/zuki/GalacticRacing/sim_ws/install/gap_follow/share/gap_follow/environment/pythonpath.sh
[7.599s] -- Installing: /home/zuki/GalacticRacing/sim_ws/install/gap_follow/share/gap_follow/environment/pythonpath.dsv
[7.599s] -- Installing: /home/zuki/GalacticRacing/sim_ws/install/gap_follow/lib/python3.8/site-packages/gap_follow
[7.600s] -- Installing: /home/zuki/GalacticRacing/sim_ws/install/gap_follow/lib/python3.8/site-packages/gap_follow/helper.py
[7.600s] -- Installing: /home/zuki/GalacticRacing/sim_ws/install/gap_follow/lib/python3.8/site-packages/gap_follow/__init__.py
[7.600s] -- Installing: /home/zuki/GalacticRacing/sim_ws/install/gap_follow/lib/python3.8/site-packages/gap_follow/variables.py
[7.630s] Listing '/home/zuki/GalacticRacing/sim_ws/install/gap_follow/lib/python3.8/site-packages/gap_follow'...
[7.631s] Compiling '/home/zuki/GalacticRacing/sim_ws/install/gap_follow/lib/python3.8/site-packages/gap_follow/__init__.py'...
[7.631s] Compiling '/home/zuki/GalacticRacing/sim_ws/install/gap_follow/lib/python3.8/site-packages/gap_follow/helper.py'...
[7.631s] Compiling '/home/zuki/GalacticRacing/sim_ws/install/gap_follow/lib/python3.8/site-packages/gap_follow/variables.py'...
[7.634s] -- Installing: /home/zuki/GalacticRacing/sim_ws/install/gap_follow/lib/gap_follow/reactive_node.py
[7.634s] -- Installing: /home/zuki/GalacticRacing/sim_ws/install/gap_follow/share/ament_index/resource_index/package_run_dependencies/gap_follow
[7.635s] -- Installing: /home/zuki/GalacticRacing/sim_ws/install/gap_follow/share/ament_index/resource_index/parent_prefix_path/gap_follow
[7.635s] -- Installing: /home/zuki/GalacticRacing/sim_ws/install/gap_follow/share/gap_follow/environment/ament_prefix_path.sh
[7.635s] -- Installing: /home/zuki/GalacticRacing/sim_ws/install/gap_follow/share/gap_follow/environment/ament_prefix_path.dsv
[7.636s] -- Installing: /home/zuki/GalacticRacing/sim_ws/install/gap_follow/share/gap_follow/environment/path.sh
[7.636s] -- Installing: /home/zuki/GalacticRacing/sim_ws/install/gap_follow/share/gap_follow/environment/path.dsv
[7.636s] -- Installing: /home/zuki/GalacticRacing/sim_ws/install/gap_follow/share/gap_follow/local_setup.bash
[7.636s] -- Installing: /home/zuki/GalacticRacing/sim_ws/install/gap_follow/share/gap_follow/local_setup.sh
[7.637s] -- Installing: /home/zuki/GalacticRacing/sim_ws/install/gap_follow/share/gap_follow/local_setup.zsh
[7.637s] -- Installing: /home/zuki/GalacticRacing/sim_ws/install/gap_follow/share/gap_follow/local_setup.dsv
[7.637s] -- Installing: /home/zuki/GalacticRacing/sim_ws/install/gap_follow/share/gap_follow/package.dsv
[7.637s] -- Installing: /home/zuki/GalacticRacing/sim_ws/install/gap_follow/share/ament_index/resource_index/packages/gap_follow
[7.638s] -- Installing: /home/zuki/GalacticRacing/sim_ws/install/gap_follow/share/gap_follow/cmake/gap_followConfig.cmake
[7.638s] -- Installing: /home/zuki/GalacticRacing/sim_ws/install/gap_follow/share/gap_follow/cmake/gap_followConfig-version.cmake
[7.638s] -- Installing: /home/zuki/GalacticRacing/sim_ws/install/gap_follow/share/gap_follow/package.xml
[7.647s] Invoked command in '/home/zuki/GalacticRacing/sim_ws/build/gap_follow' returned '0': CMAKE_PREFIX_PATH=${CMAKE_PREFIX_PATH}:/home/zuki/GalacticRacing/sim_ws/install/particle_filter:/home/zuki/GalacticRacing/sim_ws/install/f1tenth_gym_ros:/opt/ros/foxy /usr/bin/cmake --install /home/zuki/GalacticRacing/sim_ws/build/gap_follow
