Performing C SOURCE FILE Test CMAKE_HAVE_LIBC_PTHREAD failed with the following output:
Change Dir: /home/zuki/GalacticRacing/sim_ws/build/safety_node/CMakeFiles/CMakeTmp

<<<<<<< HEAD
Run Build Command(s):/usr/bin/make cmTC_8650e/fast && /usr/bin/make -f CMakeFiles/cmTC_8650e.dir/build.make CMakeFiles/cmTC_8650e.dir/build
make[1]: Entering directory '/home/zuki/GalacticRacing/sim_ws/build/safety_node/CMakeFiles/CMakeTmp'
Building C object CMakeFiles/cmTC_8650e.dir/src.c.o
/usr/bin/cc   -DCMAKE_HAVE_LIBC_PTHREAD   -o CMakeFiles/cmTC_8650e.dir/src.c.o   -c /home/zuki/GalacticRacing/sim_ws/build/safety_node/CMakeFiles/CMakeTmp/src.c
Linking C executable cmTC_8650e
/usr/bin/cmake -E cmake_link_script CMakeFiles/cmTC_8650e.dir/link.txt --verbose=1
/usr/bin/cc  -DCMAKE_HAVE_LIBC_PTHREAD    CMakeFiles/cmTC_8650e.dir/src.c.o  -o cmTC_8650e 
/usr/bin/ld: CMakeFiles/cmTC_8650e.dir/src.c.o: in function `main':
=======
Run Build Command(s):/usr/bin/make cmTC_5efdf/fast && /usr/bin/make -f CMakeFiles/cmTC_5efdf.dir/build.make CMakeFiles/cmTC_5efdf.dir/build
make[1]: Entering directory '/home/zuki/GalacticRacing/sim_ws/build/safety_node/CMakeFiles/CMakeTmp'
Building C object CMakeFiles/cmTC_5efdf.dir/src.c.o
/usr/bin/cc   -DCMAKE_HAVE_LIBC_PTHREAD   -o CMakeFiles/cmTC_5efdf.dir/src.c.o   -c /home/zuki/GalacticRacing/sim_ws/build/safety_node/CMakeFiles/CMakeTmp/src.c
Linking C executable cmTC_5efdf
/usr/bin/cmake -E cmake_link_script CMakeFiles/cmTC_5efdf.dir/link.txt --verbose=1
/usr/bin/cc  -DCMAKE_HAVE_LIBC_PTHREAD    CMakeFiles/cmTC_5efdf.dir/src.c.o  -o cmTC_5efdf 
/usr/bin/ld: CMakeFiles/cmTC_5efdf.dir/src.c.o: in function `main':
>>>>>>> 19ac4f60acb03b3873e8699909281bf0080a3369
src.c:(.text+0x46): undefined reference to `pthread_create'
/usr/bin/ld: src.c:(.text+0x52): undefined reference to `pthread_detach'
/usr/bin/ld: src.c:(.text+0x63): undefined reference to `pthread_join'
collect2: error: ld returned 1 exit status
<<<<<<< HEAD
make[1]: *** [CMakeFiles/cmTC_8650e.dir/build.make:87: cmTC_8650e] Error 1
make[1]: Leaving directory '/home/zuki/GalacticRacing/sim_ws/build/safety_node/CMakeFiles/CMakeTmp'
make: *** [Makefile:121: cmTC_8650e/fast] Error 2
=======
make[1]: *** [CMakeFiles/cmTC_5efdf.dir/build.make:87: cmTC_5efdf] Error 1
make[1]: Leaving directory '/home/zuki/GalacticRacing/sim_ws/build/safety_node/CMakeFiles/CMakeTmp'
make: *** [Makefile:121: cmTC_5efdf/fast] Error 2
>>>>>>> 19ac4f60acb03b3873e8699909281bf0080a3369


Source file was:
#include <pthread.h>

void* test_func(void* data)
{
  return data;
}

int main(void)
{
  pthread_t thread;
  pthread_create(&thread, NULL, test_func, NULL);
  pthread_detach(thread);
  pthread_join(thread, NULL);
  pthread_atfork(NULL, NULL, NULL);
  pthread_exit(NULL);

  return 0;
}

Determining if the function pthread_create exists in the pthreads failed with the following output:
Change Dir: /home/zuki/GalacticRacing/sim_ws/build/safety_node/CMakeFiles/CMakeTmp

<<<<<<< HEAD
Run Build Command(s):/usr/bin/make cmTC_3b949/fast && /usr/bin/make -f CMakeFiles/cmTC_3b949.dir/build.make CMakeFiles/cmTC_3b949.dir/build
make[1]: Entering directory '/home/zuki/GalacticRacing/sim_ws/build/safety_node/CMakeFiles/CMakeTmp'
Building C object CMakeFiles/cmTC_3b949.dir/CheckFunctionExists.c.o
/usr/bin/cc   -DCHECK_FUNCTION_EXISTS=pthread_create   -o CMakeFiles/cmTC_3b949.dir/CheckFunctionExists.c.o   -c /usr/share/cmake-3.16/Modules/CheckFunctionExists.c
Linking C executable cmTC_3b949
/usr/bin/cmake -E cmake_link_script CMakeFiles/cmTC_3b949.dir/link.txt --verbose=1
/usr/bin/cc  -DCHECK_FUNCTION_EXISTS=pthread_create    CMakeFiles/cmTC_3b949.dir/CheckFunctionExists.c.o  -o cmTC_3b949  -lpthreads 
/usr/bin/ld: cannot find -lpthreads
collect2: error: ld returned 1 exit status
make[1]: *** [CMakeFiles/cmTC_3b949.dir/build.make:87: cmTC_3b949] Error 1
make[1]: Leaving directory '/home/zuki/GalacticRacing/sim_ws/build/safety_node/CMakeFiles/CMakeTmp'
make: *** [Makefile:121: cmTC_3b949/fast] Error 2
=======
Run Build Command(s):/usr/bin/make cmTC_bb7e9/fast && /usr/bin/make -f CMakeFiles/cmTC_bb7e9.dir/build.make CMakeFiles/cmTC_bb7e9.dir/build
make[1]: Entering directory '/home/zuki/GalacticRacing/sim_ws/build/safety_node/CMakeFiles/CMakeTmp'
Building C object CMakeFiles/cmTC_bb7e9.dir/CheckFunctionExists.c.o
/usr/bin/cc   -DCHECK_FUNCTION_EXISTS=pthread_create   -o CMakeFiles/cmTC_bb7e9.dir/CheckFunctionExists.c.o   -c /usr/share/cmake-3.16/Modules/CheckFunctionExists.c
Linking C executable cmTC_bb7e9
/usr/bin/cmake -E cmake_link_script CMakeFiles/cmTC_bb7e9.dir/link.txt --verbose=1
/usr/bin/cc  -DCHECK_FUNCTION_EXISTS=pthread_create    CMakeFiles/cmTC_bb7e9.dir/CheckFunctionExists.c.o  -o cmTC_bb7e9  -lpthreads 
/usr/bin/ld: cannot find -lpthreads
collect2: error: ld returned 1 exit status
make[1]: *** [CMakeFiles/cmTC_bb7e9.dir/build.make:87: cmTC_bb7e9] Error 1
make[1]: Leaving directory '/home/zuki/GalacticRacing/sim_ws/build/safety_node/CMakeFiles/CMakeTmp'
make: *** [Makefile:121: cmTC_bb7e9/fast] Error 2
>>>>>>> 19ac4f60acb03b3873e8699909281bf0080a3369



