[0.335s] Invoking command in '/home/zuki/GalacticRacing/sim_ws/build/gap_follow': CMAKE_PREFIX_PATH=${CMAKE_PREFIX_PATH}:/home/zuki/GalacticRacing/sim_ws/install/particle_filter:/home/zuki/GalacticRacing/sim_ws/install/f1tenth_gym_ros:/opt/ros/foxy /usr/bin/cmake --build /home/zuki/GalacticRacing/sim_ws/build/gap_follow -- -j6 -l6
[0.698s] [100%] Built target reactive_node
[0.712s] Invoked command in '/home/zuki/GalacticRacing/sim_ws/build/gap_follow' returned '0': CMAKE_PREFIX_PATH=${CMAKE_PREFIX_PATH}:/home/zuki/GalacticRacing/sim_ws/install/particle_filter:/home/zuki/GalacticRacing/sim_ws/install/f1tenth_gym_ros:/opt/ros/foxy /usr/bin/cmake --build /home/zuki/GalacticRacing/sim_ws/build/gap_follow -- -j6 -l6
[0.875s] Invoking command in '/home/zuki/GalacticRacing/sim_ws/build/gap_follow': CMAKE_PREFIX_PATH=${CMAKE_PREFIX_PATH}:/home/zuki/GalacticRacing/sim_ws/install/particle_filter:/home/zuki/GalacticRacing/sim_ws/install/f1tenth_gym_ros:/opt/ros/foxy /usr/bin/cmake --install /home/zuki/GalacticRacing/sim_ws/build/gap_follow
[0.899s] -- Install configuration: ""
[0.899s] -- Up-to-date: /home/zuki/GalacticRacing/sim_ws/install/gap_follow/lib/gap_follow/reactive_node
[0.899s] -- Up-to-date: /home/zuki/GalacticRacing/sim_ws/install/gap_follow/share/gap_follow/environment/pythonpath.sh
[0.901s] -- Up-to-date: /home/zuki/GalacticRacing/sim_ws/install/gap_follow/share/gap_follow/environment/pythonpath.dsv
[0.902s] -- Up-to-date: /home/zuki/GalacticRacing/sim_ws/install/gap_follow/lib/python3.8/site-packages/gap_follow
[0.902s] -- Up-to-date: /home/zuki/GalacticRacing/sim_ws/install/gap_follow/lib/python3.8/site-packages/gap_follow/helper.py
[0.902s] -- Up-to-date: /home/zuki/GalacticRacing/sim_ws/install/gap_follow/lib/python3.8/site-packages/gap_follow/__init__.py
[0.902s] -- Up-to-date: /home/zuki/GalacticRacing/sim_ws/install/gap_follow/lib/python3.8/site-packages/gap_follow/variables.py
[0.976s] Listing '/home/zuki/GalacticRacing/sim_ws/install/gap_follow/lib/python3.8/site-packages/gap_follow'...
[0.976s] -- Up-to-date: /home/zuki/GalacticRacing/sim_ws/install/gap_follow/lib/gap_follow/reactive_node.py
[0.976s] -- Up-to-date: /home/zuki/GalacticRacing/sim_ws/install/gap_follow/share/ament_index/resource_index/package_run_dependencies/gap_follow
[0.976s] -- Up-to-date: /home/zuki/GalacticRacing/sim_ws/install/gap_follow/share/ament_index/resource_index/parent_prefix_path/gap_follow
[0.976s] -- Up-to-date: /home/zuki/GalacticRacing/sim_ws/install/gap_follow/share/gap_follow/environment/ament_prefix_path.sh
[0.976s] -- Up-to-date: /home/zuki/GalacticRacing/sim_ws/install/gap_follow/share/gap_follow/environment/ament_prefix_path.dsv
[0.976s] -- Up-to-date: /home/zuki/GalacticRacing/sim_ws/install/gap_follow/share/gap_follow/environment/path.sh
[0.976s] -- Up-to-date: /home/zuki/GalacticRacing/sim_ws/install/gap_follow/share/gap_follow/environment/path.dsv
[0.976s] -- Up-to-date: /home/zuki/GalacticRacing/sim_ws/install/gap_follow/share/gap_follow/local_setup.bash
[0.976s] -- Up-to-date: /home/zuki/GalacticRacing/sim_ws/install/gap_follow/share/gap_follow/local_setup.sh
[0.976s] -- Up-to-date: /home/zuki/GalacticRacing/sim_ws/install/gap_follow/share/gap_follow/local_setup.zsh
[0.976s] -- Up-to-date: /home/zuki/GalacticRacing/sim_ws/install/gap_follow/share/gap_follow/local_setup.dsv
[0.976s] -- Installing: /home/zuki/GalacticRacing/sim_ws/install/gap_follow/share/gap_follow/package.dsv
[0.977s] -- Up-to-date: /home/zuki/GalacticRacing/sim_ws/install/gap_follow/share/ament_index/resource_index/packages/gap_follow
[0.977s] -- Up-to-date: /home/zuki/GalacticRacing/sim_ws/install/gap_follow/share/gap_follow/cmake/gap_followConfig.cmake
[0.977s] -- Up-to-date: /home/zuki/GalacticRacing/sim_ws/install/gap_follow/share/gap_follow/cmake/gap_followConfig-version.cmake
[0.977s] -- Up-to-date: /home/zuki/GalacticRacing/sim_ws/install/gap_follow/share/gap_follow/package.xml
[1.011s] Invoked command in '/home/zuki/GalacticRacing/sim_ws/build/gap_follow' returned '0': CMAKE_PREFIX_PATH=${CMAKE_PREFIX_PATH}:/home/zuki/GalacticRacing/sim_ws/install/particle_filter:/home/zuki/GalacticRacing/sim_ws/install/f1tenth_gym_ros:/opt/ros/foxy /usr/bin/cmake --install /home/zuki/GalacticRacing/sim_ws/build/gap_follow
