[0.054s] Invoking command in '/home/zuki/GalacticRacing/sim_ws/build/wall_follow': CMAKE_PREFIX_PATH=${CMAKE_PREFIX_PATH}:/home/zuki/GalacticRacing/sim_ws/install/particle_filter:/home/zuki/GalacticRacing/sim_ws/install/f1tenth_gym_ros:/opt/ros/foxy /usr/bin/cmake --build /home/zuki/GalacticRacing/sim_ws/build/wall_follow -- -j6 -l6
[0.168s] [100%] Built target wall_follow_node
[0.227s] Invoked command in '/home/zuki/GalacticRacing/sim_ws/build/wall_follow' returned '0': CMAKE_PREFIX_PATH=${CMAKE_PREFIX_PATH}:/home/zuki/GalacticRacing/sim_ws/install/particle_filter:/home/zuki/GalacticRacing/sim_ws/install/f1tenth_gym_ros:/opt/ros/foxy /usr/bin/cmake --build /home/zuki/GalacticRacing/sim_ws/build/wall_follow -- -j6 -l6
[0.272s] Invoking command in '/home/zuki/GalacticRacing/sim_ws/build/wall_follow': CMAKE_PREFIX_PATH=${CMAKE_PREFIX_PATH}:/home/zuki/GalacticRacing/sim_ws/install/particle_filter:/home/zuki/GalacticRacing/sim_ws/install/f1tenth_gym_ros:/opt/ros/foxy /usr/bin/cmake --install /home/zuki/GalacticRacing/sim_ws/build/wall_follow
[0.283s] -- Install configuration: ""
[0.284s] -- Up-to-date: /home/zuki/GalacticRacing/sim_ws/install/wall_follow/lib/wall_follow/wall_follow_node
[0.285s] -- Up-to-date: /home/zuki/GalacticRacing/sim_ws/install/wall_follow/share/wall_follow/environment/pythonpath.sh
[0.285s] -- Up-to-date: /home/zuki/GalacticRacing/sim_ws/install/wall_follow/share/wall_follow/environment/pythonpath.dsv
[0.286s] -- Up-to-date: /home/zuki/GalacticRacing/sim_ws/install/wall_follow/lib/python3.8/site-packages/wall_follow
[0.287s] -- Up-to-date: /home/zuki/GalacticRacing/sim_ws/install/wall_follow/lib/python3.8/site-packages/wall_follow/__init__.py
[0.316s] Listing '/home/zuki/GalacticRacing/sim_ws/install/wall_follow/lib/python3.8/site-packages/wall_follow'...
[0.323s] -- Up-to-date: /home/zuki/GalacticRacing/sim_ws/install/wall_follow/lib/wall_follow/wall_follow_node.py
[0.323s] -- Up-to-date: /home/zuki/GalacticRacing/sim_ws/install/wall_follow/share/ament_index/resource_index/package_run_dependencies/wall_follow
[0.323s] -- Up-to-date: /home/zuki/GalacticRacing/sim_ws/install/wall_follow/share/ament_index/resource_index/parent_prefix_path/wall_follow
[0.323s] -- Up-to-date: /home/zuki/GalacticRacing/sim_ws/install/wall_follow/share/wall_follow/environment/ament_prefix_path.sh
[0.324s] -- Up-to-date: /home/zuki/GalacticRacing/sim_ws/install/wall_follow/share/wall_follow/environment/ament_prefix_path.dsv
[0.324s] -- Up-to-date: /home/zuki/GalacticRacing/sim_ws/install/wall_follow/share/wall_follow/environment/path.sh
[0.324s] -- Up-to-date: /home/zuki/GalacticRacing/sim_ws/install/wall_follow/share/wall_follow/environment/path.dsv
[0.324s] -- Up-to-date: /home/zuki/GalacticRacing/sim_ws/install/wall_follow/share/wall_follow/local_setup.bash
[0.324s] -- Up-to-date: /home/zuki/GalacticRacing/sim_ws/install/wall_follow/share/wall_follow/local_setup.sh
[0.325s] -- Up-to-date: /home/zuki/GalacticRacing/sim_ws/install/wall_follow/share/wall_follow/local_setup.zsh
[0.325s] -- Up-to-date: /home/zuki/GalacticRacing/sim_ws/install/wall_follow/share/wall_follow/local_setup.dsv
[0.325s] -- Installing: /home/zuki/GalacticRacing/sim_ws/install/wall_follow/share/wall_follow/package.dsv
[0.325s] -- Up-to-date: /home/zuki/GalacticRacing/sim_ws/install/wall_follow/share/ament_index/resource_index/packages/wall_follow
[0.327s] -- Up-to-date: /home/zuki/GalacticRacing/sim_ws/install/wall_follow/share/wall_follow/cmake/wall_followConfig.cmake
[0.342s] -- Up-to-date: /home/zuki/GalacticRacing/sim_ws/install/wall_follow/share/wall_follow/cmake/wall_followConfig-version.cmake
[0.343s] -- Up-to-date: /home/zuki/GalacticRacing/sim_ws/install/wall_follow/share/wall_follow/package.xml
[0.343s] Invoked command in '/home/zuki/GalacticRacing/sim_ws/build/wall_follow' returned '0': CMAKE_PREFIX_PATH=${CMAKE_PREFIX_PATH}:/home/zuki/GalacticRacing/sim_ws/install/particle_filter:/home/zuki/GalacticRacing/sim_ws/install/f1tenth_gym_ros:/opt/ros/foxy /usr/bin/cmake --install /home/zuki/GalacticRacing/sim_ws/build/wall_follow
