Performing C SOURCE FILE Test CMAKE_HAVE_LIBC_PTHREAD failed with the following output:
Change Dir: /home/zuki/GalacticRacing/sim_ws/build/pure_pursuit/CMakeFiles/CMakeTmp

<<<<<<< HEAD
Run Build Command(s):/usr/bin/make cmTC_6b9d5/fast && /usr/bin/make -f CMakeFiles/cmTC_6b9d5.dir/build.make CMakeFiles/cmTC_6b9d5.dir/build
make[1]: Entering directory '/home/zuki/GalacticRacing/sim_ws/build/pure_pursuit/CMakeFiles/CMakeTmp'
Building C object CMakeFiles/cmTC_6b9d5.dir/src.c.o
/usr/bin/cc   -DCMAKE_HAVE_LIBC_PTHREAD   -o CMakeFiles/cmTC_6b9d5.dir/src.c.o   -c /home/zuki/GalacticRacing/sim_ws/build/pure_pursuit/CMakeFiles/CMakeTmp/src.c
Linking C executable cmTC_6b9d5
/usr/bin/cmake -E cmake_link_script CMakeFiles/cmTC_6b9d5.dir/link.txt --verbose=1
/usr/bin/cc  -DCMAKE_HAVE_LIBC_PTHREAD    CMakeFiles/cmTC_6b9d5.dir/src.c.o  -o cmTC_6b9d5 
/usr/bin/ld: CMakeFiles/cmTC_6b9d5.dir/src.c.o: in function `main':
=======
Run Build Command(s):/usr/bin/make cmTC_2375b/fast && /usr/bin/make -f CMakeFiles/cmTC_2375b.dir/build.make CMakeFiles/cmTC_2375b.dir/build
make[1]: Entering directory '/home/zuki/GalacticRacing/sim_ws/build/pure_pursuit/CMakeFiles/CMakeTmp'
Building C object CMakeFiles/cmTC_2375b.dir/src.c.o
/usr/bin/cc   -DCMAKE_HAVE_LIBC_PTHREAD   -o CMakeFiles/cmTC_2375b.dir/src.c.o   -c /home/zuki/GalacticRacing/sim_ws/build/pure_pursuit/CMakeFiles/CMakeTmp/src.c
Linking C executable cmTC_2375b
/usr/bin/cmake -E cmake_link_script CMakeFiles/cmTC_2375b.dir/link.txt --verbose=1
/usr/bin/cc  -DCMAKE_HAVE_LIBC_PTHREAD    CMakeFiles/cmTC_2375b.dir/src.c.o  -o cmTC_2375b 
/usr/bin/ld: CMakeFiles/cmTC_2375b.dir/src.c.o: in function `main':
>>>>>>> 19ac4f60acb03b3873e8699909281bf0080a3369
src.c:(.text+0x46): undefined reference to `pthread_create'
/usr/bin/ld: src.c:(.text+0x52): undefined reference to `pthread_detach'
/usr/bin/ld: src.c:(.text+0x63): undefined reference to `pthread_join'
collect2: error: ld returned 1 exit status
<<<<<<< HEAD
make[1]: *** [CMakeFiles/cmTC_6b9d5.dir/build.make:87: cmTC_6b9d5] Error 1
make[1]: Leaving directory '/home/zuki/GalacticRacing/sim_ws/build/pure_pursuit/CMakeFiles/CMakeTmp'
make: *** [Makefile:121: cmTC_6b9d5/fast] Error 2
=======
make[1]: *** [CMakeFiles/cmTC_2375b.dir/build.make:87: cmTC_2375b] Error 1
make[1]: Leaving directory '/home/zuki/GalacticRacing/sim_ws/build/pure_pursuit/CMakeFiles/CMakeTmp'
make: *** [Makefile:121: cmTC_2375b/fast] Error 2
>>>>>>> 19ac4f60acb03b3873e8699909281bf0080a3369


Source file was:
#include <pthread.h>

void* test_func(void* data)
{
  return data;
}

int main(void)
{
  pthread_t thread;
  pthread_create(&thread, NULL, test_func, NULL);
  pthread_detach(thread);
  pthread_join(thread, NULL);
  pthread_atfork(NULL, NULL, NULL);
  pthread_exit(NULL);

  return 0;
}

Determining if the function pthread_create exists in the pthreads failed with the following output:
Change Dir: /home/zuki/GalacticRacing/sim_ws/build/pure_pursuit/CMakeFiles/CMakeTmp

<<<<<<< HEAD
Run Build Command(s):/usr/bin/make cmTC_8649b/fast && /usr/bin/make -f CMakeFiles/cmTC_8649b.dir/build.make CMakeFiles/cmTC_8649b.dir/build
make[1]: Entering directory '/home/zuki/GalacticRacing/sim_ws/build/pure_pursuit/CMakeFiles/CMakeTmp'
Building C object CMakeFiles/cmTC_8649b.dir/CheckFunctionExists.c.o
/usr/bin/cc   -DCHECK_FUNCTION_EXISTS=pthread_create   -o CMakeFiles/cmTC_8649b.dir/CheckFunctionExists.c.o   -c /usr/share/cmake-3.16/Modules/CheckFunctionExists.c
Linking C executable cmTC_8649b
/usr/bin/cmake -E cmake_link_script CMakeFiles/cmTC_8649b.dir/link.txt --verbose=1
/usr/bin/cc  -DCHECK_FUNCTION_EXISTS=pthread_create    CMakeFiles/cmTC_8649b.dir/CheckFunctionExists.c.o  -o cmTC_8649b  -lpthreads 
/usr/bin/ld: cannot find -lpthreads
collect2: error: ld returned 1 exit status
make[1]: *** [CMakeFiles/cmTC_8649b.dir/build.make:87: cmTC_8649b] Error 1
make[1]: Leaving directory '/home/zuki/GalacticRacing/sim_ws/build/pure_pursuit/CMakeFiles/CMakeTmp'
make: *** [Makefile:121: cmTC_8649b/fast] Error 2
=======
Run Build Command(s):/usr/bin/make cmTC_6dac8/fast && /usr/bin/make -f CMakeFiles/cmTC_6dac8.dir/build.make CMakeFiles/cmTC_6dac8.dir/build
make[1]: Entering directory '/home/zuki/GalacticRacing/sim_ws/build/pure_pursuit/CMakeFiles/CMakeTmp'
Building C object CMakeFiles/cmTC_6dac8.dir/CheckFunctionExists.c.o
/usr/bin/cc   -DCHECK_FUNCTION_EXISTS=pthread_create   -o CMakeFiles/cmTC_6dac8.dir/CheckFunctionExists.c.o   -c /usr/share/cmake-3.16/Modules/CheckFunctionExists.c
Linking C executable cmTC_6dac8
/usr/bin/cmake -E cmake_link_script CMakeFiles/cmTC_6dac8.dir/link.txt --verbose=1
/usr/bin/cc  -DCHECK_FUNCTION_EXISTS=pthread_create    CMakeFiles/cmTC_6dac8.dir/CheckFunctionExists.c.o  -o cmTC_6dac8  -lpthreads 
/usr/bin/ld: cannot find -lpthreads
collect2: error: ld returned 1 exit status
make[1]: *** [CMakeFiles/cmTC_6dac8.dir/build.make:87: cmTC_6dac8] Error 1
make[1]: Leaving directory '/home/zuki/GalacticRacing/sim_ws/build/pure_pursuit/CMakeFiles/CMakeTmp'
make: *** [Makefile:121: cmTC_6dac8/fast] Error 2
>>>>>>> 19ac4f60acb03b3873e8699909281bf0080a3369



