[0.035s] Invoking command in '/home/zuki/GalacticRacing/sim_ws/build/wall_follow': CMAKE_PREFIX_PATH=${CMAKE_PREFIX_PATH}:/home/zuki/GalacticRacing/sim_ws/install/particle_filter:/home/zuki/GalacticRacing/sim_ws/install/f1tenth_gym_ros:/home/zuki/sim_ws/install/f1tenth_gym_ros:/opt/ros/foxy /usr/bin/cmake --build /home/zuki/GalacticRacing/sim_ws/build/wall_follow -- -j6 -l6
[0.098s] -- Found ament_cmake: 0.9.12 (/opt/ros/foxy/share/ament_cmake/cmake)
[0.148s] -- Using PYTHON_EXECUTABLE: /usr/bin/python3
[0.372s] -- Found rclcpp: 2.4.3 (/opt/ros/foxy/share/rclcpp/cmake)
[0.408s] -- Using all available rosidl_typesupport_c: rosidl_typesupport_fastrtps_c;rosidl_typesupport_introspection_c
[0.411s] -- Found rosidl_adapter: 1.3.1 (/opt/ros/foxy/share/rosidl_adapter/cmake)
[0.553s] -- Using all available rosidl_typesupport_cpp: rosidl_typesupport_fastrtps_cpp;rosidl_typesupport_introspection_cpp
[0.615s] -- Found rmw_implementation_cmake: 1.0.4 (/opt/ros/foxy/share/rmw_implementation_cmake/cmake)
[0.620s] -- Using RMW implementation 'rmw_fastrtps_cpp' as default
[0.857s] -- Found rclpy: 1.0.13 (/opt/ros/foxy/share/rclpy/cmake)
[0.858s] -- Found geometry_msgs: 2.0.5 (/opt/ros/foxy/share/geometry_msgs/cmake)
[0.896s] -- Found nav_msgs: 2.0.5 (/opt/ros/foxy/share/nav_msgs/cmake)
[0.981s] -- Found ackermann_msgs: 2.0.2 (/opt/ros/foxy/share/ackermann_msgs/cmake)
[1.015s] -- Found sensor_msgs: 2.0.5 (/opt/ros/foxy/share/sensor_msgs/cmake)
[1.110s] -- Found ament_lint_auto: 0.9.8 (/opt/ros/foxy/share/ament_lint_auto/cmake)
[1.249s] -- Added test 'copyright' to check source files copyright and LICENSE
[1.250s] -- Added test 'cppcheck' to perform static code analysis on C / C++ code
[1.251s] -- Configured cppcheck include dirs: /home/zuki/GalacticRacing/sim_ws/src/wall_follow/include
[1.251s] -- Configured cppcheck exclude dirs and/or files: 
[1.252s] -- Added test 'cpplint' to check C / C++ code against the Google style
[1.252s] -- Configured cpplint exclude dirs and/or files: 
[1.253s] -- Added test 'flake8' to check Python code syntax and style conventions
[1.253s] -- Added test 'lint_cmake' to check CMake code style
[1.254s] -- Added test 'pep257' to check Python code against some of the style conventions in PEP 257
[1.254s] -- Added test 'uncrustify' to check C / C++ code style
[1.255s] -- Configured uncrustify additional arguments: 
[1.255s] -- Added test 'xmllint' to check XML markup files
[1.257s] -- Configuring done
[1.272s] -- Generating done
[1.276s] -- Build files have been written to: /home/zuki/GalacticRacing/sim_ws/build/wall_follow
[1.301s] [35m[1mScanning dependencies of target wall_follow_node[0m
[1.424s] [ 50%] [32mBuilding CXX object CMakeFiles/wall_follow_node.dir/src/wall_follow_node.cpp.o[0m
[4.703s] [01m[K/home/zuki/GalacticRacing/sim_ws/src/wall_follow/src/wall_follow_node.cpp:[m[K In member function ‘[01m[Kdouble WallFollow::get_range(float*, double)[m[K’:
[4.703s] [01m[K/home/zuki/GalacticRacing/sim_ws/src/wall_follow/src/wall_follow_node.cpp:30:29:[m[K [01;35m[Kwarning: [m[Kunused parameter ‘[01m[Krange_data[m[K’ [[01;35m[K-Wunused-parameter[m[K]
[4.703s]    30 |     double get_range([01;35m[Kfloat* range_data[m[K, double angle)
[4.703s]       |                      [01;35m[K~~~~~~~^~~~~~~~~~[m[K
[4.703s] [01m[K/home/zuki/GalacticRacing/sim_ws/src/wall_follow/src/wall_follow_node.cpp:30:48:[m[K [01;35m[Kwarning: [m[Kunused parameter ‘[01m[Kangle[m[K’ [[01;35m[K-Wunused-parameter[m[K]
[4.703s]    30 |     double get_range(float* range_data, [01;35m[Kdouble angle[m[K)
[4.703s]       |                                         [01;35m[K~~~~~~~^~~~~[m[K
[4.703s] [01m[K/home/zuki/GalacticRacing/sim_ws/src/wall_follow/src/wall_follow_node.cpp:[m[K In member function ‘[01m[Kdouble WallFollow::get_error(float*, double)[m[K’:
[4.703s] [01m[K/home/zuki/GalacticRacing/sim_ws/src/wall_follow/src/wall_follow_node.cpp:47:29:[m[K [01;35m[Kwarning: [m[Kunused parameter ‘[01m[Krange_data[m[K’ [[01;35m[K-Wunused-parameter[m[K]
[4.703s]    47 |     double get_error([01;35m[Kfloat* range_data[m[K, double dist)
[4.703s]       |                      [01;35m[K~~~~~~~^~~~~~~~~~[m[K
[4.703s] [01m[K/home/zuki/GalacticRacing/sim_ws/src/wall_follow/src/wall_follow_node.cpp:47:48:[m[K [01;35m[Kwarning: [m[Kunused parameter ‘[01m[Kdist[m[K’ [[01;35m[K-Wunused-parameter[m[K]
[4.704s]    47 |     double get_error(float* range_data, [01;35m[Kdouble dist[m[K)
[4.704s]       |                                         [01;35m[K~~~~~~~^~~~[m[K
[4.704s] [01m[K/home/zuki/GalacticRacing/sim_ws/src/wall_follow/src/wall_follow_node.cpp:[m[K In member function ‘[01m[Kvoid WallFollow::pid_control(double, double)[m[K’:
[4.704s] [01m[K/home/zuki/GalacticRacing/sim_ws/src/wall_follow/src/wall_follow_node.cpp:76:16:[m[K [01;35m[Kwarning: [m[Kunused variable ‘[01m[Kangle[m[K’ [[01;35m[K-Wunused-variable[m[K]
[4.704s]    76 |         double [01;35m[Kangle[m[K = 0.0;
[4.704s]       |                [01;35m[K^~~~~[m[K
[4.704s] [01m[K/home/zuki/GalacticRacing/sim_ws/src/wall_follow/src/wall_follow_node.cpp:64:29:[m[K [01;35m[Kwarning: [m[Kunused parameter ‘[01m[Kerror[m[K’ [[01;35m[K-Wunused-parameter[m[K]
[4.704s]    64 |     void pid_control([01;35m[Kdouble error[m[K, double velocity)
[4.704s]       |                      [01;35m[K~~~~~~~^~~~~[m[K
[4.704s] [01m[K/home/zuki/GalacticRacing/sim_ws/src/wall_follow/src/wall_follow_node.cpp:64:43:[m[K [01;35m[Kwarning: [m[Kunused parameter ‘[01m[Kvelocity[m[K’ [[01;35m[K-Wunused-parameter[m[K]
[4.704s]    64 |     void pid_control(double error, [01;35m[Kdouble velocity[m[K)
[4.704s]       |                                    [01;35m[K~~~~~~~^~~~~~~~[m[K
[4.706s] [01m[K/home/zuki/GalacticRacing/sim_ws/src/wall_follow/src/wall_follow_node.cpp:[m[K In member function ‘[01m[Kvoid WallFollow::scan_callback(sensor_msgs::msg::LaserScan_<std::allocator<void> >::ConstSharedPtr)[m[K’:
[4.706s] [01m[K/home/zuki/GalacticRacing/sim_ws/src/wall_follow/src/wall_follow_node.cpp:93:16:[m[K [01;35m[Kwarning: [m[Kunused variable ‘[01m[Kerror[m[K’ [[01;35m[K-Wunused-variable[m[K]
[4.706s]    93 |         double [01;35m[Kerror[m[K = 0.0; // TODO: replace with error calculated by get_error()
[4.706s]       |                [01;35m[K^~~~~[m[K
[4.706s] [01m[K/home/zuki/GalacticRacing/sim_ws/src/wall_follow/src/wall_follow_node.cpp:94:16:[m[K [01;35m[Kwarning: [m[Kunused variable ‘[01m[Kvelocity[m[K’ [[01;35m[K-Wunused-variable[m[K]
[4.706s]    94 |         double [01;35m[Kvelocity[m[K = 0.0; // TODO: calculate desired car velocity based on error
[4.706s]       |                [01;35m[K^~~~~~~~[m[K
[4.706s] [01m[K/home/zuki/GalacticRacing/sim_ws/src/wall_follow/src/wall_follow_node.cpp:82:74:[m[K [01;35m[Kwarning: [m[Kunused parameter ‘[01m[Kscan_msg[m[K’ [[01;35m[K-Wunused-parameter[m[K]
[4.706s]    82 |   void scan_callback([01;35m[Kconst sensor_msgs::msg::LaserScan::ConstSharedPtr scan_msg[m[K)
[4.706s]       |                      [01;35m[K~~~~~~~~~~~~~~~~~~~~~~~~~~~~~~~~~~~~~~~~~~~~~~~~~~^~~~~~~~[m[K
[4.706s] 
[5.227s] [100%] [32m[1mLinking CXX executable wall_follow_node[0m
[5.359s] [100%] Built target wall_follow_node
[5.382s] Invoked command in '/home/zuki/GalacticRacing/sim_ws/build/wall_follow' returned '0': CMAKE_PREFIX_PATH=${CMAKE_PREFIX_PATH}:/home/zuki/GalacticRacing/sim_ws/install/particle_filter:/home/zuki/GalacticRacing/sim_ws/install/f1tenth_gym_ros:/home/zuki/sim_ws/install/f1tenth_gym_ros:/opt/ros/foxy /usr/bin/cmake --build /home/zuki/GalacticRacing/sim_ws/build/wall_follow -- -j6 -l6
[5.426s] Invoking command in '/home/zuki/GalacticRacing/sim_ws/build/wall_follow': CMAKE_PREFIX_PATH=${CMAKE_PREFIX_PATH}:/home/zuki/GalacticRacing/sim_ws/install/particle_filter:/home/zuki/GalacticRacing/sim_ws/install/f1tenth_gym_ros:/home/zuki/sim_ws/install/f1tenth_gym_ros:/opt/ros/foxy /usr/bin/cmake --install /home/zuki/GalacticRacing/sim_ws/build/wall_follow
[5.434s] -- Install configuration: ""
[5.434s] -- Installing: /home/zuki/GalacticRacing/sim_ws/install/wall_follow/lib/wall_follow/wall_follow_node
[5.435s] -- Set runtime path of "/home/zuki/GalacticRacing/sim_ws/install/wall_follow/lib/wall_follow/wall_follow_node" to ""
[5.435s] -- Up-to-date: /home/zuki/GalacticRacing/sim_ws/install/wall_follow/share/wall_follow/environment/pythonpath.sh
[5.435s] -- Installing: /home/zuki/GalacticRacing/sim_ws/install/wall_follow/share/wall_follow/environment/pythonpath.dsv
[5.435s] -- Up-to-date: /home/zuki/GalacticRacing/sim_ws/install/wall_follow/lib/python3.8/site-packages/wall_follow
[5.435s] -- Up-to-date: /home/zuki/GalacticRacing/sim_ws/install/wall_follow/lib/python3.8/site-packages/wall_follow/__init__.py
[5.470s] Listing '/home/zuki/GalacticRacing/sim_ws/install/wall_follow/lib/python3.8/site-packages/wall_follow'...
[5.470s] Compiling '/home/zuki/GalacticRacing/sim_ws/install/wall_follow/lib/python3.8/site-packages/wall_follow/__init__.py'...
[5.473s] -- Up-to-date: /home/zuki/GalacticRacing/sim_ws/install/wall_follow/lib/wall_follow/wall_follow_node.py
[5.474s] -- Up-to-date: /home/zuki/GalacticRacing/sim_ws/install/wall_follow/share/ament_index/resource_index/package_run_dependencies/wall_follow
[5.474s] -- Installing: /home/zuki/GalacticRacing/sim_ws/install/wall_follow/share/ament_index/resource_index/parent_prefix_path/wall_follow
[5.474s] -- Installing: /home/zuki/GalacticRacing/sim_ws/install/wall_follow/share/wall_follow/environment/ament_prefix_path.sh
[5.474s] -- Installing: /home/zuki/GalacticRacing/sim_ws/install/wall_follow/share/wall_follow/environment/ament_prefix_path.dsv
[5.474s] -- Installing: /home/zuki/GalacticRacing/sim_ws/install/wall_follow/share/wall_follow/environment/path.sh
[5.474s] -- Installing: /home/zuki/GalacticRacing/sim_ws/install/wall_follow/share/wall_follow/environment/path.dsv
[5.474s] -- Up-to-date: /home/zuki/GalacticRacing/sim_ws/install/wall_follow/share/wall_follow/local_setup.bash
[5.474s] -- Up-to-date: /home/zuki/GalacticRacing/sim_ws/install/wall_follow/share/wall_follow/local_setup.sh
[5.475s] -- Up-to-date: /home/zuki/GalacticRacing/sim_ws/install/wall_follow/share/wall_follow/local_setup.zsh
[5.475s] -- Installing: /home/zuki/GalacticRacing/sim_ws/install/wall_follow/share/wall_follow/local_setup.dsv
[5.475s] -- Installing: /home/zuki/GalacticRacing/sim_ws/install/wall_follow/share/wall_follow/package.dsv
[5.475s] -- Up-to-date: /home/zuki/GalacticRacing/sim_ws/install/wall_follow/share/ament_index/resource_index/packages/wall_follow
[5.476s] -- Up-to-date: /home/zuki/GalacticRacing/sim_ws/install/wall_follow/share/wall_follow/cmake/wall_followConfig.cmake
[5.478s] -- Up-to-date: /home/zuki/GalacticRacing/sim_ws/install/wall_follow/share/wall_follow/cmake/wall_followConfig-version.cmake
[5.478s] -- Up-to-date: /home/zuki/GalacticRacing/sim_ws/install/wall_follow/share/wall_follow/package.xml
[5.483s] Invoked command in '/home/zuki/GalacticRacing/sim_ws/build/wall_follow' returned '0': CMAKE_PREFIX_PATH=${CMAKE_PREFIX_PATH}:/home/zuki/GalacticRacing/sim_ws/install/particle_filter:/home/zuki/GalacticRacing/sim_ws/install/f1tenth_gym_ros:/home/zuki/sim_ws/install/f1tenth_gym_ros:/opt/ros/foxy /usr/bin/cmake --install /home/zuki/GalacticRacing/sim_ws/build/wall_follow
