[1.399s] Invoking command in '/home/zuki/GalacticRacing/sim_ws/build/wall_follow': CMAKE_PREFIX_PATH=${CMAKE_PREFIX_PATH}:/home/zuki/GalacticRacing/sim_ws/install/particle_filter:/home/zuki/GalacticRacing/sim_ws/install/f1tenth_gym_ros:/home/zuki/sim_ws/install/particle_filter:/home/zuki/sim_ws/install/f1tenth_gym_ros:/opt/ros/foxy /usr/bin/cmake --build /home/zuki/GalacticRacing/sim_ws/build/wall_follow -- -j8 -l8
[1.510s] [100%] Built target wall_follow_node
[1.822s] Invoked command in '/home/zuki/GalacticRacing/sim_ws/build/wall_follow' returned '0': CMAKE_PREFIX_PATH=${CMAKE_PREFIX_PATH}:/home/zuki/GalacticRacing/sim_ws/install/particle_filter:/home/zuki/GalacticRacing/sim_ws/install/f1tenth_gym_ros:/home/zuki/sim_ws/install/particle_filter:/home/zuki/sim_ws/install/f1tenth_gym_ros:/opt/ros/foxy /usr/bin/cmake --build /home/zuki/GalacticRacing/sim_ws/build/wall_follow -- -j8 -l8
[2.368s] Invoking command in '/home/zuki/GalacticRacing/sim_ws/build/wall_follow': CMAKE_PREFIX_PATH=${CMAKE_PREFIX_PATH}:/home/zuki/GalacticRacing/sim_ws/install/particle_filter:/home/zuki/GalacticRacing/sim_ws/install/f1tenth_gym_ros:/home/zuki/sim_ws/install/particle_filter:/home/zuki/sim_ws/install/f1tenth_gym_ros:/opt/ros/foxy /usr/bin/cmake --install /home/zuki/GalacticRacing/sim_ws/build/wall_follow
[2.453s] -- Install configuration: ""
[2.453s] -- Up-to-date: /home/zuki/GalacticRacing/sim_ws/install/wall_follow/lib/wall_follow/wall_follow_node
[2.453s] -- Up-to-date: /home/zuki/GalacticRacing/sim_ws/install/wall_follow/share/wall_follow/environment/pythonpath.sh
[2.453s] -- Up-to-date: /home/zuki/GalacticRacing/sim_ws/install/wall_follow/share/wall_follow/environment/pythonpath.dsv
[2.453s] -- Up-to-date: /home/zuki/GalacticRacing/sim_ws/install/wall_follow/lib/python3.8/site-packages/wall_follow
[2.453s] -- Up-to-date: /home/zuki/GalacticRacing/sim_ws/install/wall_follow/lib/python3.8/site-packages/wall_follow/__init__.py
[2.518s] Listing '/home/zuki/GalacticRacing/sim_ws/install/wall_follow/lib/python3.8/site-packages/wall_follow'...
[2.518s] -- Up-to-date: /home/zuki/GalacticRacing/sim_ws/install/wall_follow/lib/wall_follow/wall_follow_node.py
[2.518s] -- Up-to-date: /home/zuki/GalacticRacing/sim_ws/install/wall_follow/share/ament_index/resource_index/package_run_dependencies/wall_follow
[2.518s] -- Up-to-date: /home/zuki/GalacticRacing/sim_ws/install/wall_follow/share/ament_index/resource_index/parent_prefix_path/wall_follow
[2.518s] -- Up-to-date: /home/zuki/GalacticRacing/sim_ws/install/wall_follow/share/wall_follow/environment/ament_prefix_path.sh
[2.518s] -- Up-to-date: /home/zuki/GalacticRacing/sim_ws/install/wall_follow/share/wall_follow/environment/ament_prefix_path.dsv
[2.518s] -- Up-to-date: /home/zuki/GalacticRacing/sim_ws/install/wall_follow/share/wall_follow/environment/path.sh
[2.518s] -- Up-to-date: /home/zuki/GalacticRacing/sim_ws/install/wall_follow/share/wall_follow/environment/path.dsv
[2.519s] -- Up-to-date: /home/zuki/GalacticRacing/sim_ws/install/wall_follow/share/wall_follow/local_setup.bash
[2.531s] -- Up-to-date: /home/zuki/GalacticRacing/sim_ws/install/wall_follow/share/wall_follow/local_setup.sh
[2.531s] -- Up-to-date: /home/zuki/GalacticRacing/sim_ws/install/wall_follow/share/wall_follow/local_setup.zsh
[2.531s] -- Up-to-date: /home/zuki/GalacticRacing/sim_ws/install/wall_follow/share/wall_follow/local_setup.dsv
[2.531s] -- Installing: /home/zuki/GalacticRacing/sim_ws/install/wall_follow/share/wall_follow/package.dsv
[2.532s] -- Up-to-date: /home/zuki/GalacticRacing/sim_ws/install/wall_follow/share/ament_index/resource_index/packages/wall_follow
[2.532s] -- Up-to-date: /home/zuki/GalacticRacing/sim_ws/install/wall_follow/share/wall_follow/cmake/wall_followConfig.cmake
[2.532s] -- Up-to-date: /home/zuki/GalacticRacing/sim_ws/install/wall_follow/share/wall_follow/cmake/wall_followConfig-version.cmake
[2.532s] -- Up-to-date: /home/zuki/GalacticRacing/sim_ws/install/wall_follow/share/wall_follow/package.xml
[3.527s] Invoked command in '/home/zuki/GalacticRacing/sim_ws/build/wall_follow' returned '0': CMAKE_PREFIX_PATH=${CMAKE_PREFIX_PATH}:/home/zuki/GalacticRacing/sim_ws/install/particle_filter:/home/zuki/GalacticRacing/sim_ws/install/f1tenth_gym_ros:/home/zuki/sim_ws/install/particle_filter:/home/zuki/sim_ws/install/f1tenth_gym_ros:/opt/ros/foxy /usr/bin/cmake --install /home/zuki/GalacticRacing/sim_ws/build/wall_follow
