[0.108s] Invoking command in '/home/zuki/GalacticRacing/sim_ws/build/safety_node': CMAKE_PREFIX_PATH=${CMAKE_PREFIX_PATH}:/home/zuki/GalacticRacing/sim_ws/install/particle_filter:/home/zuki/GalacticRacing/sim_ws/install/f1tenth_gym_ros:/opt/ros/foxy /usr/bin/cmake --build /home/zuki/GalacticRacing/sim_ws/build/safety_node -- -j6 -l6
[0.173s] [100%] Built target safety_node
[0.197s] Invoked command in '/home/zuki/GalacticRacing/sim_ws/build/safety_node' returned '0': CMAKE_PREFIX_PATH=${CMAKE_PREFIX_PATH}:/home/zuki/GalacticRacing/sim_ws/install/particle_filter:/home/zuki/GalacticRacing/sim_ws/install/f1tenth_gym_ros:/opt/ros/foxy /usr/bin/cmake --build /home/zuki/GalacticRacing/sim_ws/build/safety_node -- -j6 -l6
[0.305s] Invoking command in '/home/zuki/GalacticRacing/sim_ws/build/safety_node': CMAKE_PREFIX_PATH=${CMAKE_PREFIX_PATH}:/home/zuki/GalacticRacing/sim_ws/install/particle_filter:/home/zuki/GalacticRacing/sim_ws/install/f1tenth_gym_ros:/opt/ros/foxy /usr/bin/cmake --install /home/zuki/GalacticRacing/sim_ws/build/safety_node
[0.334s] -- Install configuration: ""
[0.334s] -- Up-to-date: /home/zuki/GalacticRacing/sim_ws/install/safety_node/lib/safety_node/safety_node
[0.334s] -- Up-to-date: /home/zuki/GalacticRacing/sim_ws/install/safety_node/share/safety_node/environment/pythonpath.sh
[0.334s] -- Up-to-date: /home/zuki/GalacticRacing/sim_ws/install/safety_node/share/safety_node/environment/pythonpath.dsv
[0.334s] -- Up-to-date: /home/zuki/GalacticRacing/sim_ws/install/safety_node/lib/python3.8/site-packages/safety_node
[0.334s] -- Up-to-date: /home/zuki/GalacticRacing/sim_ws/install/safety_node/lib/python3.8/site-packages/safety_node/__init__.py
[0.357s] Listing '/home/zuki/GalacticRacing/sim_ws/install/safety_node/lib/python3.8/site-packages/safety_node'...
[0.361s] -- Up-to-date: /home/zuki/GalacticRacing/sim_ws/install/safety_node/lib/safety_node/safety_node.py
[0.362s] -- Up-to-date: /home/zuki/GalacticRacing/sim_ws/install/safety_node/share/ament_index/resource_index/package_run_dependencies/safety_node
[0.363s] -- Up-to-date: /home/zuki/GalacticRacing/sim_ws/install/safety_node/share/ament_index/resource_index/parent_prefix_path/safety_node
[0.365s] -- Up-to-date: /home/zuki/GalacticRacing/sim_ws/install/safety_node/share/safety_node/environment/ament_prefix_path.sh
[0.365s] -- Up-to-date: /home/zuki/GalacticRacing/sim_ws/install/safety_node/share/safety_node/environment/ament_prefix_path.dsv
[0.365s] -- Up-to-date: /home/zuki/GalacticRacing/sim_ws/install/safety_node/share/safety_node/environment/path.sh
[0.365s] -- Up-to-date: /home/zuki/GalacticRacing/sim_ws/install/safety_node/share/safety_node/environment/path.dsv
[0.365s] -- Up-to-date: /home/zuki/GalacticRacing/sim_ws/install/safety_node/share/safety_node/local_setup.bash
[0.366s] -- Up-to-date: /home/zuki/GalacticRacing/sim_ws/install/safety_node/share/safety_node/local_setup.sh
[0.366s] -- Up-to-date: /home/zuki/GalacticRacing/sim_ws/install/safety_node/share/safety_node/local_setup.zsh
[0.369s] -- Up-to-date: /home/zuki/GalacticRacing/sim_ws/install/safety_node/share/safety_node/local_setup.dsv
[0.369s] -- Installing: /home/zuki/GalacticRacing/sim_ws/install/safety_node/share/safety_node/package.dsv
[0.369s] -- Up-to-date: /home/zuki/GalacticRacing/sim_ws/install/safety_node/share/ament_index/resource_index/packages/safety_node
[0.369s] -- Up-to-date: /home/zuki/GalacticRacing/sim_ws/install/safety_node/share/safety_node/cmake/safety_nodeConfig.cmake
[0.369s] -- Up-to-date: /home/zuki/GalacticRacing/sim_ws/install/safety_node/share/safety_node/cmake/safety_nodeConfig-version.cmake
[0.370s] -- Up-to-date: /home/zuki/GalacticRacing/sim_ws/install/safety_node/share/safety_node/package.xml
[0.379s] Invoked command in '/home/zuki/GalacticRacing/sim_ws/build/safety_node' returned '0': CMAKE_PREFIX_PATH=${CMAKE_PREFIX_PATH}:/home/zuki/GalacticRacing/sim_ws/install/particle_filter:/home/zuki/GalacticRacing/sim_ws/install/f1tenth_gym_ros:/opt/ros/foxy /usr/bin/cmake --install /home/zuki/GalacticRacing/sim_ws/build/safety_node
