[0.588s] Invoking command in '/home/zuki/GalacticRacing/sim_ws/build/gap_follow': CMAKE_PREFIX_PATH=${CMAKE_PREFIX_PATH}:/home/zuki/GalacticRacing/sim_ws/install/particle_filter:/home/zuki/GalacticRacing/sim_ws/install/f1tenth_gym_ros:/opt/ros/foxy /usr/bin/cmake --build /home/zuki/GalacticRacing/sim_ws/build/gap_follow -- -j6 -l6
[0.948s] [100%] Built target reactive_node
[0.991s] Invoked command in '/home/zuki/GalacticRacing/sim_ws/build/gap_follow' returned '0': CMAKE_PREFIX_PATH=${CMAKE_PREFIX_PATH}:/home/zuki/GalacticRacing/sim_ws/install/particle_filter:/home/zuki/GalacticRacing/sim_ws/install/f1tenth_gym_ros:/opt/ros/foxy /usr/bin/cmake --build /home/zuki/GalacticRacing/sim_ws/build/gap_follow -- -j6 -l6
[1.094s] Invoking command in '/home/zuki/GalacticRacing/sim_ws/build/gap_follow': CMAKE_PREFIX_PATH=${CMAKE_PREFIX_PATH}:/home/zuki/GalacticRacing/sim_ws/install/particle_filter:/home/zuki/GalacticRacing/sim_ws/install/f1tenth_gym_ros:/opt/ros/foxy /usr/bin/cmake --install /home/zuki/GalacticRacing/sim_ws/build/gap_follow
[1.107s] -- Install configuration: ""
[1.107s] -- Up-to-date: /home/zuki/GalacticRacing/sim_ws/install/gap_follow/lib/gap_follow/reactive_node
[1.107s] -- Up-to-date: /home/zuki/GalacticRacing/sim_ws/install/gap_follow/share/gap_follow/environment/pythonpath.sh
[1.107s] -- Up-to-date: /home/zuki/GalacticRacing/sim_ws/install/gap_follow/share/gap_follow/environment/pythonpath.dsv
[1.107s] -- Up-to-date: /home/zuki/GalacticRacing/sim_ws/install/gap_follow/lib/python3.8/site-packages/gap_follow
[1.107s] -- Up-to-date: /home/zuki/GalacticRacing/sim_ws/install/gap_follow/lib/python3.8/site-packages/gap_follow/helper.py
[1.108s] -- Up-to-date: /home/zuki/GalacticRacing/sim_ws/install/gap_follow/lib/python3.8/site-packages/gap_follow/__init__.py
[1.108s] -- Up-to-date: /home/zuki/GalacticRacing/sim_ws/install/gap_follow/lib/python3.8/site-packages/gap_follow/variables.py
[1.150s] Listing '/home/zuki/GalacticRacing/sim_ws/install/gap_follow/lib/python3.8/site-packages/gap_follow'...
[1.163s] -- Up-to-date: /home/zuki/GalacticRacing/sim_ws/install/gap_follow/lib/gap_follow/reactive_node.py
[1.163s] -- Up-to-date: /home/zuki/GalacticRacing/sim_ws/install/gap_follow/share/ament_index/resource_index/package_run_dependencies/gap_follow
[1.163s] -- Up-to-date: /home/zuki/GalacticRacing/sim_ws/install/gap_follow/share/ament_index/resource_index/parent_prefix_path/gap_follow
[1.163s] -- Up-to-date: /home/zuki/GalacticRacing/sim_ws/install/gap_follow/share/gap_follow/environment/ament_prefix_path.sh
[1.168s] -- Up-to-date: /home/zuki/GalacticRacing/sim_ws/install/gap_follow/share/gap_follow/environment/ament_prefix_path.dsv
[1.168s] -- Up-to-date: /home/zuki/GalacticRacing/sim_ws/install/gap_follow/share/gap_follow/environment/path.sh
[1.168s] -- Up-to-date: /home/zuki/GalacticRacing/sim_ws/install/gap_follow/share/gap_follow/environment/path.dsv
[1.168s] -- Up-to-date: /home/zuki/GalacticRacing/sim_ws/install/gap_follow/share/gap_follow/local_setup.bash
[1.168s] -- Up-to-date: /home/zuki/GalacticRacing/sim_ws/install/gap_follow/share/gap_follow/local_setup.sh
[1.168s] -- Up-to-date: /home/zuki/GalacticRacing/sim_ws/install/gap_follow/share/gap_follow/local_setup.zsh
[1.168s] -- Up-to-date: /home/zuki/GalacticRacing/sim_ws/install/gap_follow/share/gap_follow/local_setup.dsv
[1.168s] -- Installing: /home/zuki/GalacticRacing/sim_ws/install/gap_follow/share/gap_follow/package.dsv
[1.168s] -- Up-to-date: /home/zuki/GalacticRacing/sim_ws/install/gap_follow/share/ament_index/resource_index/packages/gap_follow
[1.168s] -- Up-to-date: /home/zuki/GalacticRacing/sim_ws/install/gap_follow/share/gap_follow/cmake/gap_followConfig.cmake
[1.168s] -- Up-to-date: /home/zuki/GalacticRacing/sim_ws/install/gap_follow/share/gap_follow/cmake/gap_followConfig-version.cmake
[1.168s] -- Up-to-date: /home/zuki/GalacticRacing/sim_ws/install/gap_follow/share/gap_follow/package.xml
[1.199s] Invoked command in '/home/zuki/GalacticRacing/sim_ws/build/gap_follow' returned '0': CMAKE_PREFIX_PATH=${CMAKE_PREFIX_PATH}:/home/zuki/GalacticRacing/sim_ws/install/particle_filter:/home/zuki/GalacticRacing/sim_ws/install/f1tenth_gym_ros:/opt/ros/foxy /usr/bin/cmake --install /home/zuki/GalacticRacing/sim_ws/build/gap_follow
