[0.388s] Invoking command in '/home/zuki/GalacticRacing/sim_ws/build/waypoint_logger': CMAKE_PREFIX_PATH=${CMAKE_PREFIX_PATH}:/home/zuki/GalacticRacing/sim_ws/install/particle_filter:/home/zuki/GalacticRacing/sim_ws/install/f1tenth_gym_ros:/opt/ros/foxy /usr/bin/cmake --build /home/zuki/GalacticRacing/sim_ws/build/waypoint_logger -- -j8 -l8
[1.002s] Invoked command in '/home/zuki/GalacticRacing/sim_ws/build/waypoint_logger' returned '0': CMAKE_PREFIX_PATH=${CMAKE_PREFIX_PATH}:/home/zuki/GalacticRacing/sim_ws/install/particle_filter:/home/zuki/GalacticRacing/sim_ws/install/f1tenth_gym_ros:/opt/ros/foxy /usr/bin/cmake --build /home/zuki/GalacticRacing/sim_ws/build/waypoint_logger -- -j8 -l8
[2.477s] Invoking command in '/home/zuki/GalacticRacing/sim_ws/build/waypoint_logger': CMAKE_PREFIX_PATH=${CMAKE_PREFIX_PATH}:/home/zuki/GalacticRacing/sim_ws/install/particle_filter:/home/zuki/GalacticRacing/sim_ws/install/f1tenth_gym_ros:/opt/ros/foxy /usr/bin/cmake --install /home/zuki/GalacticRacing/sim_ws/build/waypoint_logger
[2.489s] -- Install configuration: ""
[2.489s] -- Up-to-date: /home/zuki/GalacticRacing/sim_ws/install/waypoint_logger/share/waypoint_logger/environment/pythonpath.sh
[2.489s] -- Up-to-date: /home/zuki/GalacticRacing/sim_ws/install/waypoint_logger/share/waypoint_logger/environment/pythonpath.dsv
[2.489s] -- Up-to-date: /home/zuki/GalacticRacing/sim_ws/install/waypoint_logger/lib/python3.8/site-packages/waypoint_logger
[2.489s] -- Up-to-date: /home/zuki/GalacticRacing/sim_ws/install/waypoint_logger/lib/python3.8/site-packages/waypoint_logger/__init__.py
[2.519s] Listing '/home/zuki/GalacticRacing/sim_ws/install/waypoint_logger/lib/python3.8/site-packages/waypoint_logger'...
[2.521s] Compiling '/home/zuki/GalacticRacing/sim_ws/install/waypoint_logger/lib/python3.8/site-packages/waypoint_logger/__init__.py'...
[2.521s] -- Up-to-date: /home/zuki/GalacticRacing/sim_ws/install/waypoint_logger/lib/waypoint_logger/waypoint_logger.py
[2.524s] -- Up-to-date: /home/zuki/GalacticRacing/sim_ws/install/waypoint_logger/share/ament_index/resource_index/package_run_dependencies/waypoint_logger
[2.524s] -- Up-to-date: /home/zuki/GalacticRacing/sim_ws/install/waypoint_logger/share/ament_index/resource_index/parent_prefix_path/waypoint_logger
[2.524s] -- Up-to-date: /home/zuki/GalacticRacing/sim_ws/install/waypoint_logger/share/waypoint_logger/environment/ament_prefix_path.sh
[2.524s] -- Up-to-date: /home/zuki/GalacticRacing/sim_ws/install/waypoint_logger/share/waypoint_logger/environment/ament_prefix_path.dsv
[2.524s] -- Up-to-date: /home/zuki/GalacticRacing/sim_ws/install/waypoint_logger/share/waypoint_logger/environment/path.sh
[2.524s] -- Up-to-date: /home/zuki/GalacticRacing/sim_ws/install/waypoint_logger/share/waypoint_logger/environment/path.dsv
[2.524s] -- Up-to-date: /home/zuki/GalacticRacing/sim_ws/install/waypoint_logger/share/waypoint_logger/local_setup.bash
[2.524s] -- Up-to-date: /home/zuki/GalacticRacing/sim_ws/install/waypoint_logger/share/waypoint_logger/local_setup.sh
[2.524s] -- Up-to-date: /home/zuki/GalacticRacing/sim_ws/install/waypoint_logger/share/waypoint_logger/local_setup.zsh
[2.524s] -- Up-to-date: /home/zuki/GalacticRacing/sim_ws/install/waypoint_logger/share/waypoint_logger/local_setup.dsv
[2.525s] -- Installing: /home/zuki/GalacticRacing/sim_ws/install/waypoint_logger/share/waypoint_logger/package.dsv
[2.525s] -- Up-to-date: /home/zuki/GalacticRacing/sim_ws/install/waypoint_logger/share/ament_index/resource_index/packages/waypoint_logger
[2.525s] -- Up-to-date: /home/zuki/GalacticRacing/sim_ws/install/waypoint_logger/share/waypoint_logger/cmake/waypoint_loggerConfig.cmake
[2.525s] -- Up-to-date: /home/zuki/GalacticRacing/sim_ws/install/waypoint_logger/share/waypoint_logger/cmake/waypoint_loggerConfig-version.cmake
[2.525s] -- Up-to-date: /home/zuki/GalacticRacing/sim_ws/install/waypoint_logger/share/waypoint_logger/package.xml
[3.051s] Invoked command in '/home/zuki/GalacticRacing/sim_ws/build/waypoint_logger' returned '0': CMAKE_PREFIX_PATH=${CMAKE_PREFIX_PATH}:/home/zuki/GalacticRacing/sim_ws/install/particle_filter:/home/zuki/GalacticRacing/sim_ws/install/f1tenth_gym_ros:/opt/ros/foxy /usr/bin/cmake --install /home/zuki/GalacticRacing/sim_ws/build/waypoint_logger
