[0.297s] Invoking command in '/home/zuki/GalacticRacing/sim_ws/build/lab5_pkg': CMAKE_PREFIX_PATH=${CMAKE_PREFIX_PATH}:/home/zuki/GalacticRacing/sim_ws/install/particle_filter:/home/zuki/GalacticRacing/sim_ws/install/f1tenth_gym_ros:/opt/ros/foxy /usr/bin/cmake --build /home/zuki/GalacticRacing/sim_ws/build/lab5_pkg -- -j6 -l6
[0.575s] -- Found ament_cmake: 0.9.12 (/opt/ros/foxy/share/ament_cmake/cmake)
[0.577s] -- Using PYTHON_EXECUTABLE: /usr/bin/python3
[0.580s] -- Found rclcpp: 2.4.3 (/opt/ros/foxy/share/rclcpp/cmake)
[0.596s] -- Using all available rosidl_typesupport_c: rosidl_typesupport_fastrtps_c;rosidl_typesupport_introspection_c
[0.599s] -- Found rosidl_adapter: 1.3.1 (/opt/ros/foxy/share/rosidl_adapter/cmake)
[0.758s] -- Using all available rosidl_typesupport_cpp: rosidl_typesupport_fastrtps_cpp;rosidl_typesupport_introspection_cpp
[0.832s] -- Found rmw_implementation_cmake: 1.0.4 (/opt/ros/foxy/share/rmw_implementation_cmake/cmake)
[0.834s] -- Using RMW implementation 'rmw_fastrtps_cpp' as default
[1.042s] -- Found rclpy: 1.0.13 (/opt/ros/foxy/share/rclpy/cmake)
[1.043s] -- Found geometry_msgs: 2.0.5 (/opt/ros/foxy/share/geometry_msgs/cmake)
[1.093s] -- Found nav_msgs: 2.0.5 (/opt/ros/foxy/share/nav_msgs/cmake)
[1.201s] -- Found ackermann_msgs: 2.0.2 (/opt/ros/foxy/share/ackermann_msgs/cmake)
[1.264s] -- Found sensor_msgs: 2.0.5 (/opt/ros/foxy/share/sensor_msgs/cmake)
[1.417s] -- Found visualization_msgs: 2.0.5 (/opt/ros/foxy/share/visualization_msgs/cmake)
[1.574s] -- Found tf2_ros: 0.13.14 (/opt/ros/foxy/share/tf2_ros/cmake)
[2.032s] -- Found ament_lint_auto: 0.9.8 (/opt/ros/foxy/share/ament_lint_auto/cmake)
[2.113s] -- Added test 'copyright' to check source files copyright and LICENSE
[2.118s] -- Added test 'cppcheck' to perform static code analysis on C / C++ code
[2.122s] -- Configured cppcheck include dirs: /home/zuki/GalacticRacing/sim_ws/lab5_pkg/include
[2.122s] -- Configured cppcheck exclude dirs and/or files: 
[2.124s] -- Added test 'cpplint' to check C / C++ code against the Google style
[2.124s] -- Configured cpplint exclude dirs and/or files: 
[2.124s] -- Added test 'flake8' to check Python code syntax and style conventions
[2.125s] -- Added test 'lint_cmake' to check CMake code style
[2.128s] -- Added test 'pep257' to check Python code against some of the style conventions in PEP 257
[2.137s] -- Added test 'uncrustify' to check C / C++ code style
[2.137s] -- Configured uncrustify additional arguments: 
[2.137s] -- Added test 'xmllint' to check XML markup files
[2.146s] -- Configuring done
[2.188s] -- Generating done
[2.196s] -- Build files have been written to: /home/zuki/GalacticRacing/sim_ws/build/lab5_pkg
[2.307s] [35m[1mScanning dependencies of target scanmatch_node[0m
[2.429s] [ 20%] [32mBuilding CXX object CMakeFiles/scanmatch_node.dir/src/transform.cpp.o[0m
[2.442s] [ 40%] [32mBuilding CXX object CMakeFiles/scanmatch_node.dir/src/visualization.cpp.o[0m
[2.446s] [ 60%] [32mBuilding CXX object CMakeFiles/scanmatch_node.dir/src/scanmatch_node.cpp.o[0m
[2.463s] [ 80%] [32mBuilding CXX object CMakeFiles/scanmatch_node.dir/src/correspond.cpp.o[0m
[3.621s] [01m[K/home/zuki/GalacticRacing/sim_ws/lab5_pkg/src/correspond.cpp:[m[K In function ‘[01m[Kvoid getNaiveCorrespondence(std::vector<Point>&, std::vector<Point>&, std::vector<Point>&, std::vector<std::vector<int> >&, std::vector<Correspondence>&, float)[m[K’:
[3.621s] [01m[K/home/zuki/GalacticRacing/sim_ws/lab5_pkg/src/correspond.cpp:16:7:[m[K [01;35m[Kwarning: [m[Kunused variable ‘[01m[Klast_best[m[K’ [[01;35m[K-Wunused-variable[m[K]
[3.621s]    16 |   int [01;35m[Klast_best[m[K = -1;
[3.621s]       |       [01;35m[K^~~~~~~~~[m[K
[3.621s] [01m[K/home/zuki/GalacticRacing/sim_ws/lab5_pkg/src/correspond.cpp:12:50:[m[K [01;35m[Kwarning: [m[Kunused parameter ‘[01m[Kjump_table[m[K’ [[01;35m[K-Wunused-parameter[m[K]
[3.621s]    12 |                             [01;35m[Kvector<vector<int>> &jump_table[m[K, vector<Correspondence> &c, float prob)
[3.622s]       |                             [01;35m[K~~~~~~~~~~~~~~~~~~~~~^~~~~~~~~~[m[K
[3.622s] [01m[K/home/zuki/GalacticRacing/sim_ws/lab5_pkg/src/correspond.cpp:12:95:[m[K [01;35m[Kwarning: [m[Kunused parameter ‘[01m[Kprob[m[K’ [[01;35m[K-Wunused-parameter[m[K]
[3.622s]    12 |                             vector<vector<int>> &jump_table, vector<Correspondence> &c, [01;35m[Kfloat prob[m[K)
[3.622s]       |                                                                                         [01;35m[K~~~~~~^~~~[m[K
[3.622s] [01m[K/home/zuki/GalacticRacing/sim_ws/lab5_pkg/src/correspond.cpp:[m[K In function ‘[01m[Kvoid getCorrespondence(std::vector<Point>&, std::vector<Point>&, std::vector<Point>&, std::vector<std::vector<int> >&, std::vector<Correspondence>&, float)[m[K’:
[3.622s] [01m[K/home/zuki/GalacticRacing/sim_ws/lab5_pkg/src/correspond.cpp:61:7:[m[K [01;35m[Kwarning: [m[Kunused variable ‘[01m[Klast_best[m[K’ [[01;35m[K-Wunused-variable[m[K]
[3.622s]    61 |   int [01;35m[Klast_best[m[K = -1;
[3.622s]       |       [01;35m[K^~~~~~~~~[m[K
[3.622s] [01m[K/home/zuki/GalacticRacing/sim_ws/lab5_pkg/src/correspond.cpp:48:45:[m[K [01;35m[Kwarning: [m[Kunused parameter ‘[01m[Kjump_table[m[K’ [[01;35m[K-Wunused-parameter[m[K]
[3.623s]    48 |                        [01;35m[Kvector<vector<int>> &jump_table[m[K, vector<Correspondence> &c, float prob)
[3.623s]       |                        [01;35m[K~~~~~~~~~~~~~~~~~~~~~^~~~~~~~~~[m[K
[3.623s] [01m[K/home/zuki/GalacticRacing/sim_ws/lab5_pkg/src/correspond.cpp:48:90:[m[K [01;35m[Kwarning: [m[Kunused parameter ‘[01m[Kprob[m[K’ [[01;35m[K-Wunused-parameter[m[K]
[3.623s]    48 |                        vector<vector<int>> &jump_table, vector<Correspondence> &c, [01;35m[Kfloat prob[m[K)
[3.623s]       |                                                                                    [01;35m[K~~~~~~^~~~[m[K
[4.432s] [01m[K/home/zuki/GalacticRacing/sim_ws/lab5_pkg/src/transform.cpp:[m[K In function ‘[01m[Kvoid transformPoints(const std::vector<Point>&, Transform&, std::vector<Point>&)[m[K’:
[4.432s] [01m[K/home/zuki/GalacticRacing/sim_ws/lab5_pkg/src/transform.cpp:12:21:[m[K [01;35m[Kwarning: [m[Kcomparison of integer expressions of different signedness: ‘[01m[Kint[m[K’ and ‘[01m[Kstd::vector<Point>::size_type[m[K’ {aka ‘[01m[Klong unsigned int[m[K’} [[01;35m[K-Wsign-compare[m[K]
[4.432s]    12 |   for (int i = 0; [01;35m[Ki < points.size()[m[K; i++)
[4.432s]       |                   [01;35m[K~~^~~~~~~~~~~~~~~[m[K
[6.601s] [01m[K/home/zuki/GalacticRacing/sim_ws/lab5_pkg/src/scanmatch_node.cpp:[m[K In member function ‘[01m[Kvoid ScanMatch::readScan(sensor_msgs::msg::LaserScan_<std::allocator<void> >::ConstSharedPtr)[m[K’:
[6.601s] [01m[K/home/zuki/GalacticRacing/sim_ws/lab5_pkg/src/scanmatch_node.cpp:140:27:[m[K [01;35m[Kwarning: [m[Kcomparison of integer expressions of different signedness: ‘[01m[Kint[m[K’ and ‘[01m[Kstd::vector<float>::size_type[m[K’ {aka ‘[01m[Klong unsigned int[m[K’} [[01;35m[K-Wsign-compare[m[K]
[6.601s]   140 |         for (int i = 0; [01;35m[Ki < ranges.size()[m[K; ++i)
[6.601s]       |                         [01;35m[K~~^~~~~~~~~~~~~~~[m[K
[7.754s] [01m[K/home/zuki/GalacticRacing/sim_ws/lab5_pkg/src/transform.cpp:[m[K In function ‘[01m[Kfloat greatest_real_root(float, float, float, float, float)[m[K’:
[7.754s] [01m[K/home/zuki/GalacticRacing/sim_ws/lab5_pkg/src/transform.cpp:274:1:[m[K [01;35m[Kwarning: [m[Kcontrol reaches end of non-void function [[01;35m[K-Wreturn-type[m[K]
[7.754s]   274 | [01;35m[K}[m[K
[7.754s]       | [01;35m[K^[m[K
[8.656s] In file included from [01m[K/home/zuki/GalacticRacing/sim_ws/lab5_pkg/src/scanmatch_node.cpp:20[m[K:
[8.656s] [01m[K/home/zuki/GalacticRacing/sim_ws/lab5_pkg/include/scan_matching_skeleton/visualization.h:[m[K At global scope:
[8.656s] [01m[K/home/zuki/GalacticRacing/sim_ws/lab5_pkg/include/scan_matching_skeleton/visualization.h:9:12:[m[K [01;35m[Kwarning: [m[K‘[01m[Knum_visuals[m[K’ defined but not used [[01;35m[K-Wunused-variable[m[K]
[8.656s]     9 | static int [01;35m[Knum_visuals[m[K = 0;
[8.657s]       |            [01;35m[K^~~~~~~~~~~[m[K
[11.501s] [100%] [32m[1mLinking CXX executable scanmatch_node[0m
[11.968s] [100%] Built target scanmatch_node
[11.982s] Invoked command in '/home/zuki/GalacticRacing/sim_ws/build/lab5_pkg' returned '0': CMAKE_PREFIX_PATH=${CMAKE_PREFIX_PATH}:/home/zuki/GalacticRacing/sim_ws/install/particle_filter:/home/zuki/GalacticRacing/sim_ws/install/f1tenth_gym_ros:/opt/ros/foxy /usr/bin/cmake --build /home/zuki/GalacticRacing/sim_ws/build/lab5_pkg -- -j6 -l6
[12.037s] Invoking command in '/home/zuki/GalacticRacing/sim_ws/build/lab5_pkg': CMAKE_PREFIX_PATH=${CMAKE_PREFIX_PATH}:/home/zuki/GalacticRacing/sim_ws/install/particle_filter:/home/zuki/GalacticRacing/sim_ws/install/f1tenth_gym_ros:/opt/ros/foxy /usr/bin/cmake --install /home/zuki/GalacticRacing/sim_ws/build/lab5_pkg
[12.045s] -- Install configuration: ""
[12.045s] -- Installing: /home/zuki/GalacticRacing/sim_ws/install/lab5_pkg/lib/lab5_pkg/scanmatch_node
[12.051s] -- Set runtime path of "/home/zuki/GalacticRacing/sim_ws/install/lab5_pkg/lib/lab5_pkg/scanmatch_node" to ""
[12.051s] -- Up-to-date: /home/zuki/GalacticRacing/sim_ws/install/lab5_pkg/share/lab5_pkg/environment/pythonpath.sh
[12.052s] -- Installing: /home/zuki/GalacticRacing/sim_ws/install/lab5_pkg/share/lab5_pkg/environment/pythonpath.dsv
[12.053s] -- Up-to-date: /home/zuki/GalacticRacing/sim_ws/install/lab5_pkg/lib/python3.8/site-packages/lab5_pkg
[12.053s] -- Up-to-date: /home/zuki/GalacticRacing/sim_ws/install/lab5_pkg/lib/python3.8/site-packages/lab5_pkg/__init__.py
[12.084s] Listing '/home/zuki/GalacticRacing/sim_ws/install/lab5_pkg/lib/python3.8/site-packages/lab5_pkg'...
[12.084s] Compiling '/home/zuki/GalacticRacing/sim_ws/install/lab5_pkg/lib/python3.8/site-packages/lab5_pkg/__init__.py'...
[12.087s] -- Up-to-date: /home/zuki/GalacticRacing/sim_ws/install/lab5_pkg/share/ament_index/resource_index/package_run_dependencies/lab5_pkg
[12.087s] -- Installing: /home/zuki/GalacticRacing/sim_ws/install/lab5_pkg/share/ament_index/resource_index/parent_prefix_path/lab5_pkg
[12.089s] -- Installing: /home/zuki/GalacticRacing/sim_ws/install/lab5_pkg/share/lab5_pkg/environment/ament_prefix_path.sh
[12.089s] -- Installing: /home/zuki/GalacticRacing/sim_ws/install/lab5_pkg/share/lab5_pkg/environment/ament_prefix_path.dsv
[12.090s] -- Installing: /home/zuki/GalacticRacing/sim_ws/install/lab5_pkg/share/lab5_pkg/environment/path.sh
[12.090s] -- Installing: /home/zuki/GalacticRacing/sim_ws/install/lab5_pkg/share/lab5_pkg/environment/path.dsv
[12.091s] -- Up-to-date: /home/zuki/GalacticRacing/sim_ws/install/lab5_pkg/share/lab5_pkg/local_setup.bash
[12.091s] -- Up-to-date: /home/zuki/GalacticRacing/sim_ws/install/lab5_pkg/share/lab5_pkg/local_setup.sh
[12.093s] -- Up-to-date: /home/zuki/GalacticRacing/sim_ws/install/lab5_pkg/share/lab5_pkg/local_setup.zsh
[12.093s] -- Installing: /home/zuki/GalacticRacing/sim_ws/install/lab5_pkg/share/lab5_pkg/local_setup.dsv
[12.093s] -- Installing: /home/zuki/GalacticRacing/sim_ws/install/lab5_pkg/share/lab5_pkg/package.dsv
[12.093s] -- Up-to-date: /home/zuki/GalacticRacing/sim_ws/install/lab5_pkg/share/ament_index/resource_index/packages/lab5_pkg
[12.094s] -- Up-to-date: /home/zuki/GalacticRacing/sim_ws/install/lab5_pkg/share/lab5_pkg/cmake/lab5_pkgConfig.cmake
[12.094s] -- Up-to-date: /home/zuki/GalacticRacing/sim_ws/install/lab5_pkg/share/lab5_pkg/cmake/lab5_pkgConfig-version.cmake
[12.094s] -- Up-to-date: /home/zuki/GalacticRacing/sim_ws/install/lab5_pkg/share/lab5_pkg/package.xml
[12.106s] Invoked command in '/home/zuki/GalacticRacing/sim_ws/build/lab5_pkg' returned '0': CMAKE_PREFIX_PATH=${CMAKE_PREFIX_PATH}:/home/zuki/GalacticRacing/sim_ws/install/particle_filter:/home/zuki/GalacticRacing/sim_ws/install/f1tenth_gym_ros:/opt/ros/foxy /usr/bin/cmake --install /home/zuki/GalacticRacing/sim_ws/build/lab5_pkg
