[1.283s] Invoking command in '/home/zuki/GalacticRacing/sim_ws/build/safety_node': CMAKE_PREFIX_PATH=${CMAKE_PREFIX_PATH}:/home/zuki/GalacticRacing/sim_ws/install/particle_filter:/home/zuki/GalacticRacing/sim_ws/install/f1tenth_gym_ros:/opt/ros/foxy /usr/bin/cmake --build /home/zuki/GalacticRacing/sim_ws/build/safety_node -- -j8 -l8
[1.328s] -- Found ament_cmake: 0.9.12 (/opt/ros/foxy/share/ament_cmake/cmake)
[1.346s] -- Using PYTHON_EXECUTABLE: /usr/bin/python3
[1.523s] -- Found rclcpp: 2.4.3 (/opt/ros/foxy/share/rclcpp/cmake)
[1.570s] -- Using all available rosidl_typesupport_c: rosidl_typesupport_fastrtps_c;rosidl_typesupport_introspection_c
[1.592s] -- Found rosidl_adapter: 1.3.1 (/opt/ros/foxy/share/rosidl_adapter/cmake)
[1.757s] -- Using all available rosidl_typesupport_cpp: rosidl_typesupport_fastrtps_cpp;rosidl_typesupport_introspection_cpp
[1.860s] -- Found rmw_implementation_cmake: 1.0.4 (/opt/ros/foxy/share/rmw_implementation_cmake/cmake)
[1.860s] -- Using RMW implementation 'rmw_fastrtps_cpp' as default
[1.947s] -- Found rclpy: 1.0.13 (/opt/ros/foxy/share/rclpy/cmake)
[1.947s] -- Found nav_msgs: 2.0.5 (/opt/ros/foxy/share/nav_msgs/cmake)
[2.064s] -- Found ackermann_msgs: 2.0.2 (/opt/ros/foxy/share/ackermann_msgs/cmake)
[2.122s] -- Found sensor_msgs: 2.0.5 (/opt/ros/foxy/share/sensor_msgs/cmake)
[2.166s] -- Found ament_lint_auto: 0.9.8 (/opt/ros/foxy/share/ament_lint_auto/cmake)
[2.233s] -- Added test 'copyright' to check source files copyright and LICENSE
[2.234s] -- Added test 'cppcheck' to perform static code analysis on C / C++ code
[2.234s] -- Configured cppcheck include dirs: /home/zuki/GalacticRacing/sim_ws/src/safety_node/include
[2.234s] -- Configured cppcheck exclude dirs and/or files: 
[2.236s] -- Added test 'cpplint' to check C / C++ code against the Google style
[2.236s] -- Configured cpplint exclude dirs and/or files: 
[2.236s] -- Added test 'flake8' to check Python code syntax and style conventions
[2.236s] -- Added test 'lint_cmake' to check CMake code style
[2.236s] -- Added test 'pep257' to check Python code against some of the style conventions in PEP 257
[2.237s] -- Added test 'uncrustify' to check C / C++ code style
[2.237s] -- Configured uncrustify additional arguments: 
[2.242s] -- Added test 'xmllint' to check XML markup files
[2.242s] -- Configuring done
[2.248s] -- Generating done
[2.292s] -- Build files have been written to: /home/zuki/GalacticRacing/sim_ws/build/safety_node
[2.491s] [35m[1mScanning dependencies of target safety_node[0m
[2.613s] [ 50%] [32mBuilding CXX object CMakeFiles/safety_node.dir/src/safety_node.cpp.o[0m
[4.311s] [01m[K/home/zuki/GalacticRacing/sim_ws/src/safety_node/src/safety_node.cpp:[m[K In member function ‘[01m[Kvoid Safety::drive_callback(nav_msgs::msg::Odometry_<std::allocator<void> >::ConstSharedPtr)[m[K’:
[4.313s] [01m[K/home/zuki/GalacticRacing/sim_ws/src/safety_node/src/safety_node.cpp:33:71:[m[K [01;35m[Kwarning: [m[Kunused parameter ‘[01m[Kmsg[m[K’ [[01;35m[K-Wunused-parameter[m[K]
[4.313s]    33 | [01;35m[Knst nav_msgs::msg::Odometry::ConstSharedPtr msg[m[K)
[4.314s]       | [01;35m[K~~~~~~~~~~~~~~~~~~~~~~~~~~~~~~~~~~~~~~~~~~~~^~~[m[K
[4.315s] 
[4.315s] [01m[K/home/zuki/GalacticRacing/sim_ws/src/safety_node/src/safety_node.cpp:[m[K In member function ‘[01m[Kvoid Safety::scan_callback(sensor_msgs::msg::LaserScan_<std::allocator<void> >::ConstSharedPtr)[m[K’:
[4.315s] [01m[K/home/zuki/GalacticRacing/sim_ws/src/safety_node/src/safety_node.cpp:38:74:[m[K [01;35m[Kwarning: [m[Kunused parameter ‘[01m[Kscan_msg[m[K’ [[01;35m[K-Wunused-parameter[m[K]
[4.315s]    38 | k([01;35m[Kconst sensor_msgs::msg::LaserScan::ConstSharedPtr scan_msg[m[K)
[4.316s]       |   [01;35m[K~~~~~~~~~~~~~~~~~~~~~~~~~~~~~~~~~~~~~~~~~~~~~~~~~~^~~~~~~~[m[K
[4.316s] 
[4.779s] [100%] [32m[1mLinking CXX executable safety_node[0m
[4.971s] [100%] Built target safety_node
[5.299s] Invoked command in '/home/zuki/GalacticRacing/sim_ws/build/safety_node' returned '0': CMAKE_PREFIX_PATH=${CMAKE_PREFIX_PATH}:/home/zuki/GalacticRacing/sim_ws/install/particle_filter:/home/zuki/GalacticRacing/sim_ws/install/f1tenth_gym_ros:/opt/ros/foxy /usr/bin/cmake --build /home/zuki/GalacticRacing/sim_ws/build/safety_node -- -j8 -l8
[5.706s] Invoking command in '/home/zuki/GalacticRacing/sim_ws/build/safety_node': CMAKE_PREFIX_PATH=${CMAKE_PREFIX_PATH}:/home/zuki/GalacticRacing/sim_ws/install/particle_filter:/home/zuki/GalacticRacing/sim_ws/install/f1tenth_gym_ros:/opt/ros/foxy /usr/bin/cmake --install /home/zuki/GalacticRacing/sim_ws/build/safety_node
[5.714s] -- Install configuration: ""
[5.714s] -- Installing: /home/zuki/GalacticRacing/sim_ws/install/safety_node/lib/safety_node/safety_node
[5.715s] -- Set runtime path of "/home/zuki/GalacticRacing/sim_ws/install/safety_node/lib/safety_node/safety_node" to ""
[5.715s] -- Up-to-date: /home/zuki/GalacticRacing/sim_ws/install/safety_node/share/safety_node/environment/pythonpath.sh
[5.715s] -- Installing: /home/zuki/GalacticRacing/sim_ws/install/safety_node/share/safety_node/environment/pythonpath.dsv
[5.715s] -- Up-to-date: /home/zuki/GalacticRacing/sim_ws/install/safety_node/lib/python3.8/site-packages/safety_node
[5.715s] -- Up-to-date: /home/zuki/GalacticRacing/sim_ws/install/safety_node/lib/python3.8/site-packages/safety_node/__init__.py
[5.759s] Listing '/home/zuki/GalacticRacing/sim_ws/install/safety_node/lib/python3.8/site-packages/safety_node'...
[5.759s] Compiling '/home/zuki/GalacticRacing/sim_ws/install/safety_node/lib/python3.8/site-packages/safety_node/__init__.py'...
[5.760s] -- Up-to-date: /home/zuki/GalacticRacing/sim_ws/install/safety_node/lib/safety_node/safety_node.py
[5.761s] -- Up-to-date: /home/zuki/GalacticRacing/sim_ws/install/safety_node/share/ament_index/resource_index/package_run_dependencies/safety_node
[5.761s] -- Installing: /home/zuki/GalacticRacing/sim_ws/install/safety_node/share/ament_index/resource_index/parent_prefix_path/safety_node
[5.762s] -- Installing: /home/zuki/GalacticRacing/sim_ws/install/safety_node/share/safety_node/environment/ament_prefix_path.sh
[5.762s] -- Installing: /home/zuki/GalacticRacing/sim_ws/install/safety_node/share/safety_node/environment/ament_prefix_path.dsv
[5.765s] -- Installing: /home/zuki/GalacticRacing/sim_ws/install/safety_node/share/safety_node/environment/path.sh
[5.765s] -- Installing: /home/zuki/GalacticRacing/sim_ws/install/safety_node/share/safety_node/environment/path.dsv
[5.766s] -- Up-to-date: /home/zuki/GalacticRacing/sim_ws/install/safety_node/share/safety_node/local_setup.bash
[5.766s] -- Up-to-date: /home/zuki/GalacticRacing/sim_ws/install/safety_node/share/safety_node/local_setup.sh
[5.766s] -- Up-to-date: /home/zuki/GalacticRacing/sim_ws/install/safety_node/share/safety_node/local_setup.zsh
[5.767s] -- Installing: /home/zuki/GalacticRacing/sim_ws/install/safety_node/share/safety_node/local_setup.dsv
[5.768s] -- Installing: /home/zuki/GalacticRacing/sim_ws/install/safety_node/share/safety_node/package.dsv
[5.768s] -- Up-to-date: /home/zuki/GalacticRacing/sim_ws/install/safety_node/share/ament_index/resource_index/packages/safety_node
[5.768s] -- Up-to-date: /home/zuki/GalacticRacing/sim_ws/install/safety_node/share/safety_node/cmake/safety_nodeConfig.cmake
[5.768s] -- Up-to-date: /home/zuki/GalacticRacing/sim_ws/install/safety_node/share/safety_node/cmake/safety_nodeConfig-version.cmake
[5.768s] -- Up-to-date: /home/zuki/GalacticRacing/sim_ws/install/safety_node/share/safety_node/package.xml
[6.186s] Invoked command in '/home/zuki/GalacticRacing/sim_ws/build/safety_node' returned '0': CMAKE_PREFIX_PATH=${CMAKE_PREFIX_PATH}:/home/zuki/GalacticRacing/sim_ws/install/particle_filter:/home/zuki/GalacticRacing/sim_ws/install/f1tenth_gym_ros:/opt/ros/foxy /usr/bin/cmake --install /home/zuki/GalacticRacing/sim_ws/build/safety_node
