[2.358s] Invoking command in '/home/zuki/GalacticRacing/sim_ws/build/pure_pursuit': CMAKE_PREFIX_PATH=${CMAKE_PREFIX_PATH}:/home/zuki/GalacticRacing/sim_ws/install/particle_filter:/home/zuki/GalacticRacing/sim_ws/install/f1tenth_gym_ros:/home/zuki/sim_ws/install/particle_filter:/home/zuki/sim_ws/install/f1tenth_gym_ros:/opt/ros/foxy /usr/bin/cmake --build /home/zuki/GalacticRacing/sim_ws/build/pure_pursuit -- -j8 -l8
[2.488s] [100%] Built target pure_pursuit_node
[2.948s] Invoked command in '/home/zuki/GalacticRacing/sim_ws/build/pure_pursuit' returned '0': CMAKE_PREFIX_PATH=${CMAKE_PREFIX_PATH}:/home/zuki/GalacticRacing/sim_ws/install/particle_filter:/home/zuki/GalacticRacing/sim_ws/install/f1tenth_gym_ros:/home/zuki/sim_ws/install/particle_filter:/home/zuki/sim_ws/install/f1tenth_gym_ros:/opt/ros/foxy /usr/bin/cmake --build /home/zuki/GalacticRacing/sim_ws/build/pure_pursuit -- -j8 -l8
[3.464s] Invoking command in '/home/zuki/GalacticRacing/sim_ws/build/pure_pursuit': CMAKE_PREFIX_PATH=${CMAKE_PREFIX_PATH}:/home/zuki/GalacticRacing/sim_ws/install/particle_filter:/home/zuki/GalacticRacing/sim_ws/install/f1tenth_gym_ros:/home/zuki/sim_ws/install/particle_filter:/home/zuki/sim_ws/install/f1tenth_gym_ros:/opt/ros/foxy /usr/bin/cmake --install /home/zuki/GalacticRacing/sim_ws/build/pure_pursuit
[3.792s] -- Install configuration: ""
[3.792s] -- Up-to-date: /home/zuki/GalacticRacing/sim_ws/install/pure_pursuit/lib/pure_pursuit/pure_pursuit_node
[3.792s] -- Up-to-date: /home/zuki/GalacticRacing/sim_ws/install/pure_pursuit/share/pure_pursuit/environment/pythonpath.sh
[3.792s] -- Up-to-date: /home/zuki/GalacticRacing/sim_ws/install/pure_pursuit/share/pure_pursuit/environment/pythonpath.dsv
[3.792s] -- Up-to-date: /home/zuki/GalacticRacing/sim_ws/install/pure_pursuit/lib/python3.8/site-packages/pure_pursuit
[3.793s] -- Up-to-date: /home/zuki/GalacticRacing/sim_ws/install/pure_pursuit/lib/python3.8/site-packages/pure_pursuit/__init__.py
[3.793s] Listing '/home/zuki/GalacticRacing/sim_ws/install/pure_pursuit/lib/python3.8/site-packages/pure_pursuit'...
[3.793s] -- Up-to-date: /home/zuki/GalacticRacing/sim_ws/install/pure_pursuit/lib/pure_pursuit/pure_pursuit_node.py
[3.793s] -- Up-to-date: /home/zuki/GalacticRacing/sim_ws/install/pure_pursuit/share/ament_index/resource_index/package_run_dependencies/pure_pursuit
[3.793s] -- Up-to-date: /home/zuki/GalacticRacing/sim_ws/install/pure_pursuit/share/ament_index/resource_index/parent_prefix_path/pure_pursuit
[3.793s] -- Up-to-date: /home/zuki/GalacticRacing/sim_ws/install/pure_pursuit/share/pure_pursuit/environment/ament_prefix_path.sh
[3.793s] -- Up-to-date: /home/zuki/GalacticRacing/sim_ws/install/pure_pursuit/share/pure_pursuit/environment/ament_prefix_path.dsv
[3.798s] -- Up-to-date: /home/zuki/GalacticRacing/sim_ws/install/pure_pursuit/share/pure_pursuit/environment/path.sh
[3.798s] -- Up-to-date: /home/zuki/GalacticRacing/sim_ws/install/pure_pursuit/share/pure_pursuit/environment/path.dsv
[3.798s] -- Up-to-date: /home/zuki/GalacticRacing/sim_ws/install/pure_pursuit/share/pure_pursuit/local_setup.bash
[3.799s] -- Up-to-date: /home/zuki/GalacticRacing/sim_ws/install/pure_pursuit/share/pure_pursuit/local_setup.sh
[3.802s] -- Up-to-date: /home/zuki/GalacticRacing/sim_ws/install/pure_pursuit/share/pure_pursuit/local_setup.zsh
[3.802s] -- Up-to-date: /home/zuki/GalacticRacing/sim_ws/install/pure_pursuit/share/pure_pursuit/local_setup.dsv
[3.802s] -- Installing: /home/zuki/GalacticRacing/sim_ws/install/pure_pursuit/share/pure_pursuit/package.dsv
[3.803s] -- Up-to-date: /home/zuki/GalacticRacing/sim_ws/install/pure_pursuit/share/ament_index/resource_index/packages/pure_pursuit
[3.803s] -- Up-to-date: /home/zuki/GalacticRacing/sim_ws/install/pure_pursuit/share/pure_pursuit/cmake/pure_pursuitConfig.cmake
[3.803s] -- Up-to-date: /home/zuki/GalacticRacing/sim_ws/install/pure_pursuit/share/pure_pursuit/cmake/pure_pursuitConfig-version.cmake
[3.803s] -- Up-to-date: /home/zuki/GalacticRacing/sim_ws/install/pure_pursuit/share/pure_pursuit/package.xml
[4.541s] Invoked command in '/home/zuki/GalacticRacing/sim_ws/build/pure_pursuit' returned '0': CMAKE_PREFIX_PATH=${CMAKE_PREFIX_PATH}:/home/zuki/GalacticRacing/sim_ws/install/particle_filter:/home/zuki/GalacticRacing/sim_ws/install/f1tenth_gym_ros:/home/zuki/sim_ws/install/particle_filter:/home/zuki/sim_ws/install/f1tenth_gym_ros:/opt/ros/foxy /usr/bin/cmake --install /home/zuki/GalacticRacing/sim_ws/build/pure_pursuit
