[0.756s] Invoking command in '/home/zuki/GalacticRacing/sim_ws/build/waypoint_logger': CMAKE_PREFIX_PATH=${CMAKE_PREFIX_PATH}:/home/zuki/GalacticRacing/sim_ws/install/particle_filter:/home/zuki/GalacticRacing/sim_ws/install/f1tenth_gym_ros:/home/zuki/sim_ws/install/particle_filter:/home/zuki/sim_ws/install/f1tenth_gym_ros:/opt/ros/foxy /usr/bin/cmake /home/zuki/GalacticRacing/sim_ws/src/waypoint_logger -DCMAKE_INSTALL_PREFIX=/home/zuki/GalacticRacing/sim_ws/install/waypoint_logger
[1.058s] -- The C compiler identification is GNU 9.4.0
[1.058s] -- The CXX compiler identification is GNU 9.4.0
[1.058s] -- Check for working C compiler: /usr/bin/cc
[1.100s] -- Check for working C compiler: /usr/bin/cc -- works
[1.101s] -- Detecting C compiler ABI info
[1.197s] -- Detecting C compiler ABI info - done
[1.205s] -- Detecting C compile features
[1.205s] -- Detecting C compile features - done
[1.223s] -- Check for working CXX compiler: /usr/bin/c++
[1.301s] -- Check for working CXX compiler: /usr/bin/c++ -- works
[1.301s] -- Detecting CXX compiler ABI info
[1.398s] -- Detecting CXX compiler ABI info - done
[1.406s] -- Detecting CXX compile features
[1.406s] -- Detecting CXX compile features - done
[1.409s] -- Found ament_cmake: 0.9.12 (/opt/ros/foxy/share/ament_cmake/cmake)
[1.431s] -- Found PythonInterp: /usr/bin/python3 (found suitable version "3.8.10", minimum required is "3") 
[1.431s] -- Using PYTHON_EXECUTABLE: /usr/bin/python3
[1.627s] -- Found rclcpp: 2.4.3 (/opt/ros/foxy/share/rclcpp/cmake)
[1.698s] -- Using all available rosidl_typesupport_c: rosidl_typesupport_fastrtps_c;rosidl_typesupport_introspection_c
[1.709s] -- Found rosidl_adapter: 1.3.1 (/opt/ros/foxy/share/rosidl_adapter/cmake)
[1.838s] -- Found OpenSSL: /usr/lib/x86_64-linux-gnu/libcrypto.so (found version "1.1.1f")  
[1.861s] -- Found FastRTPS: /opt/ros/foxy/include  
[1.945s] -- Using all available rosidl_typesupport_cpp: rosidl_typesupport_fastrtps_cpp;rosidl_typesupport_introspection_cpp
[2.005s] -- Found rmw_implementation_cmake: 1.0.4 (/opt/ros/foxy/share/rmw_implementation_cmake/cmake)
[2.006s] -- Using RMW implementation 'rmw_fastrtps_cpp' as default
[2.007s] -- Looking for pthread.h
[2.154s] -- Looking for pthread.h - found
[2.154s] -- Performing Test CMAKE_HAVE_LIBC_PTHREAD
[2.422s] -- Performing Test CMAKE_HAVE_LIBC_PTHREAD - Failed
[2.423s] -- Looking for pthread_create in pthreads
[2.762s] -- Looking for pthread_create in pthreads - not found
[2.762s] -- Looking for pthread_create in pthread
[3.243s] -- Looking for pthread_create in pthread - found
[3.243s] -- Found Threads: TRUE  
[3.430s] -- Found rclpy: 1.0.13 (/opt/ros/foxy/share/rclpy/cmake)
[3.432s] -- Found geometry_msgs: 2.0.5 (/opt/ros/foxy/share/geometry_msgs/cmake)
[3.482s] -- Found nav_msgs: 2.0.5 (/opt/ros/foxy/share/nav_msgs/cmake)
[3.572s] -- Found ackermann_msgs: 2.0.2 (/opt/ros/foxy/share/ackermann_msgs/cmake)
[3.664s] -- Found sensor_msgs: 2.0.5 (/opt/ros/foxy/share/sensor_msgs/cmake)
[3.732s] -- Found visualization_msgs: 2.0.5 (/opt/ros/foxy/share/visualization_msgs/cmake)
[3.810s] -- Found tf2_ros: 0.13.14 (/opt/ros/foxy/share/tf2_ros/cmake)
[4.179s] -- Found ament_lint_auto: 0.9.8 (/opt/ros/foxy/share/ament_lint_auto/cmake)
[4.359s] -- Added test 'copyright' to check source files copyright and LICENSE
[4.360s] -- Added test 'flake8' to check Python code syntax and style conventions
[4.360s] -- Added test 'lint_cmake' to check CMake code style
[4.360s] -- Added test 'pep257' to check Python code against some of the style conventions in PEP 257
[4.360s] -- Added test 'xmllint' to check XML markup files
[4.360s] -- Configuring done
[4.362s] -- Generating done
[4.362s] -- Build files have been written to: /home/zuki/GalacticRacing/sim_ws/build/waypoint_logger
[4.389s] Invoked command in '/home/zuki/GalacticRacing/sim_ws/build/waypoint_logger' returned '0': CMAKE_PREFIX_PATH=${CMAKE_PREFIX_PATH}:/home/zuki/GalacticRacing/sim_ws/install/particle_filter:/home/zuki/GalacticRacing/sim_ws/install/f1tenth_gym_ros:/home/zuki/sim_ws/install/particle_filter:/home/zuki/sim_ws/install/f1tenth_gym_ros:/opt/ros/foxy /usr/bin/cmake /home/zuki/GalacticRacing/sim_ws/src/waypoint_logger -DCMAKE_INSTALL_PREFIX=/home/zuki/GalacticRacing/sim_ws/install/waypoint_logger
[4.398s] Invoking command in '/home/zuki/GalacticRacing/sim_ws/build/waypoint_logger': CMAKE_PREFIX_PATH=${CMAKE_PREFIX_PATH}:/home/zuki/GalacticRacing/sim_ws/install/particle_filter:/home/zuki/GalacticRacing/sim_ws/install/f1tenth_gym_ros:/home/zuki/sim_ws/install/particle_filter:/home/zuki/sim_ws/install/f1tenth_gym_ros:/opt/ros/foxy /usr/bin/cmake --build /home/zuki/GalacticRacing/sim_ws/build/waypoint_logger -- -j8 -l8
[4.936s] Invoked command in '/home/zuki/GalacticRacing/sim_ws/build/waypoint_logger' returned '0': CMAKE_PREFIX_PATH=${CMAKE_PREFIX_PATH}:/home/zuki/GalacticRacing/sim_ws/install/particle_filter:/home/zuki/GalacticRacing/sim_ws/install/f1tenth_gym_ros:/home/zuki/sim_ws/install/particle_filter:/home/zuki/sim_ws/install/f1tenth_gym_ros:/opt/ros/foxy /usr/bin/cmake --build /home/zuki/GalacticRacing/sim_ws/build/waypoint_logger -- -j8 -l8
[4.973s] Invoking command in '/home/zuki/GalacticRacing/sim_ws/build/waypoint_logger': CMAKE_PREFIX_PATH=${CMAKE_PREFIX_PATH}:/home/zuki/GalacticRacing/sim_ws/install/particle_filter:/home/zuki/GalacticRacing/sim_ws/install/f1tenth_gym_ros:/home/zuki/sim_ws/install/particle_filter:/home/zuki/sim_ws/install/f1tenth_gym_ros:/opt/ros/foxy /usr/bin/cmake --install /home/zuki/GalacticRacing/sim_ws/build/waypoint_logger
[5.025s] -- Install configuration: ""
[5.027s] -- Installing: /home/zuki/GalacticRacing/sim_ws/install/waypoint_logger/share/waypoint_logger/environment/pythonpath.sh
[5.036s] -- Installing: /home/zuki/GalacticRacing/sim_ws/install/waypoint_logger/share/waypoint_logger/environment/pythonpath.dsv
[5.036s] -- Installing: /home/zuki/GalacticRacing/sim_ws/install/waypoint_logger/lib/python3.8/site-packages/waypoint_logger
[5.036s] -- Installing: /home/zuki/GalacticRacing/sim_ws/install/waypoint_logger/lib/python3.8/site-packages/waypoint_logger/__init__.py
[5.064s] Listing '/home/zuki/GalacticRacing/sim_ws/install/waypoint_logger/lib/python3.8/site-packages/waypoint_logger'...
[5.064s] Compiling '/home/zuki/GalacticRacing/sim_ws/install/waypoint_logger/lib/python3.8/site-packages/waypoint_logger/__init__.py'...
[5.068s] -- Installing: /home/zuki/GalacticRacing/sim_ws/install/waypoint_logger/lib/waypoint_logger/waypoint_logger.py
[5.068s] -- Installing: /home/zuki/GalacticRacing/sim_ws/install/waypoint_logger/share/ament_index/resource_index/package_run_dependencies/waypoint_logger
[5.068s] -- Installing: /home/zuki/GalacticRacing/sim_ws/install/waypoint_logger/share/ament_index/resource_index/parent_prefix_path/waypoint_logger
[5.068s] -- Installing: /home/zuki/GalacticRacing/sim_ws/install/waypoint_logger/share/waypoint_logger/environment/ament_prefix_path.sh
[5.068s] -- Installing: /home/zuki/GalacticRacing/sim_ws/install/waypoint_logger/share/waypoint_logger/environment/ament_prefix_path.dsv
[5.068s] -- Installing: /home/zuki/GalacticRacing/sim_ws/install/waypoint_logger/share/waypoint_logger/environment/path.sh
[5.068s] -- Installing: /home/zuki/GalacticRacing/sim_ws/install/waypoint_logger/share/waypoint_logger/environment/path.dsv
[5.068s] -- Installing: /home/zuki/GalacticRacing/sim_ws/install/waypoint_logger/share/waypoint_logger/local_setup.bash
[5.068s] -- Installing: /home/zuki/GalacticRacing/sim_ws/install/waypoint_logger/share/waypoint_logger/local_setup.sh
[5.070s] -- Installing: /home/zuki/GalacticRacing/sim_ws/install/waypoint_logger/share/waypoint_logger/local_setup.zsh
[5.070s] -- Installing: /home/zuki/GalacticRacing/sim_ws/install/waypoint_logger/share/waypoint_logger/local_setup.dsv
[5.070s] -- Installing: /home/zuki/GalacticRacing/sim_ws/install/waypoint_logger/share/waypoint_logger/package.dsv
[5.070s] -- Installing: /home/zuki/GalacticRacing/sim_ws/install/waypoint_logger/share/ament_index/resource_index/packages/waypoint_logger
[5.070s] -- Installing: /home/zuki/GalacticRacing/sim_ws/install/waypoint_logger/share/waypoint_logger/cmake/waypoint_loggerConfig.cmake
[5.070s] -- Installing: /home/zuki/GalacticRacing/sim_ws/install/waypoint_logger/share/waypoint_logger/cmake/waypoint_loggerConfig-version.cmake
[5.071s] -- Installing: /home/zuki/GalacticRacing/sim_ws/install/waypoint_logger/share/waypoint_logger/package.xml
[5.073s] Invoked command in '/home/zuki/GalacticRacing/sim_ws/build/waypoint_logger' returned '0': CMAKE_PREFIX_PATH=${CMAKE_PREFIX_PATH}:/home/zuki/GalacticRacing/sim_ws/install/particle_filter:/home/zuki/GalacticRacing/sim_ws/install/f1tenth_gym_ros:/home/zuki/sim_ws/install/particle_filter:/home/zuki/sim_ws/install/f1tenth_gym_ros:/opt/ros/foxy /usr/bin/cmake --install /home/zuki/GalacticRacing/sim_ws/build/waypoint_logger
