[1.036s] Invoking command in '/home/zuki/GalacticRacing/sim_ws/build/safety_node': CMAKE_PREFIX_PATH=${CMAKE_PREFIX_PATH}:/home/zuki/GalacticRacing/sim_ws/install/particle_filter:/home/zuki/GalacticRacing/sim_ws/install/f1tenth_gym_ros:/opt/ros/foxy /usr/bin/cmake --build /home/zuki/GalacticRacing/sim_ws/build/safety_node -- -j8 -l8
[1.157s] [100%] Built target safety_node
[1.435s] Invoked command in '/home/zuki/GalacticRacing/sim_ws/build/safety_node' returned '0': CMAKE_PREFIX_PATH=${CMAKE_PREFIX_PATH}:/home/zuki/GalacticRacing/sim_ws/install/particle_filter:/home/zuki/GalacticRacing/sim_ws/install/f1tenth_gym_ros:/opt/ros/foxy /usr/bin/cmake --build /home/zuki/GalacticRacing/sim_ws/build/safety_node -- -j8 -l8
[1.506s] Invoking command in '/home/zuki/GalacticRacing/sim_ws/build/safety_node': CMAKE_PREFIX_PATH=${CMAKE_PREFIX_PATH}:/home/zuki/GalacticRacing/sim_ws/install/particle_filter:/home/zuki/GalacticRacing/sim_ws/install/f1tenth_gym_ros:/opt/ros/foxy /usr/bin/cmake --install /home/zuki/GalacticRacing/sim_ws/build/safety_node
[1.525s] -- Install configuration: ""
[1.525s] -- Up-to-date: /home/zuki/GalacticRacing/sim_ws/install/safety_node/lib/safety_node/safety_node
[1.525s] -- Up-to-date: /home/zuki/GalacticRacing/sim_ws/install/safety_node/share/safety_node/environment/pythonpath.sh
[1.525s] -- Up-to-date: /home/zuki/GalacticRacing/sim_ws/install/safety_node/share/safety_node/environment/pythonpath.dsv
[1.525s] -- Up-to-date: /home/zuki/GalacticRacing/sim_ws/install/safety_node/lib/python3.8/site-packages/safety_node
[1.525s] -- Up-to-date: /home/zuki/GalacticRacing/sim_ws/install/safety_node/lib/python3.8/site-packages/safety_node/__init__.py
[1.551s] Listing '/home/zuki/GalacticRacing/sim_ws/install/safety_node/lib/python3.8/site-packages/safety_node'...
[1.553s] -- Up-to-date: /home/zuki/GalacticRacing/sim_ws/install/safety_node/lib/safety_node/safety_node.py
[1.554s] -- Up-to-date: /home/zuki/GalacticRacing/sim_ws/install/safety_node/share/ament_index/resource_index/package_run_dependencies/safety_node
[1.554s] -- Up-to-date: /home/zuki/GalacticRacing/sim_ws/install/safety_node/share/ament_index/resource_index/parent_prefix_path/safety_node
[1.554s] -- Up-to-date: /home/zuki/GalacticRacing/sim_ws/install/safety_node/share/safety_node/environment/ament_prefix_path.sh
[1.555s] -- Up-to-date: /home/zuki/GalacticRacing/sim_ws/install/safety_node/share/safety_node/environment/ament_prefix_path.dsv
[1.555s] -- Up-to-date: /home/zuki/GalacticRacing/sim_ws/install/safety_node/share/safety_node/environment/path.sh
[1.555s] -- Up-to-date: /home/zuki/GalacticRacing/sim_ws/install/safety_node/share/safety_node/environment/path.dsv
[1.555s] -- Up-to-date: /home/zuki/GalacticRacing/sim_ws/install/safety_node/share/safety_node/local_setup.bash
[1.556s] -- Up-to-date: /home/zuki/GalacticRacing/sim_ws/install/safety_node/share/safety_node/local_setup.sh
[1.560s] -- Up-to-date: /home/zuki/GalacticRacing/sim_ws/install/safety_node/share/safety_node/local_setup.zsh
[1.560s] -- Up-to-date: /home/zuki/GalacticRacing/sim_ws/install/safety_node/share/safety_node/local_setup.dsv
[1.560s] -- Installing: /home/zuki/GalacticRacing/sim_ws/install/safety_node/share/safety_node/package.dsv
[1.560s] -- Up-to-date: /home/zuki/GalacticRacing/sim_ws/install/safety_node/share/ament_index/resource_index/packages/safety_node
[1.560s] -- Up-to-date: /home/zuki/GalacticRacing/sim_ws/install/safety_node/share/safety_node/cmake/safety_nodeConfig.cmake
[1.561s] -- Up-to-date: /home/zuki/GalacticRacing/sim_ws/install/safety_node/share/safety_node/cmake/safety_nodeConfig-version.cmake
[1.561s] -- Up-to-date: /home/zuki/GalacticRacing/sim_ws/install/safety_node/share/safety_node/package.xml
[2.391s] Invoked command in '/home/zuki/GalacticRacing/sim_ws/build/safety_node' returned '0': CMAKE_PREFIX_PATH=${CMAKE_PREFIX_PATH}:/home/zuki/GalacticRacing/sim_ws/install/particle_filter:/home/zuki/GalacticRacing/sim_ws/install/f1tenth_gym_ros:/opt/ros/foxy /usr/bin/cmake --install /home/zuki/GalacticRacing/sim_ws/build/safety_node
