Performing C SOURCE FILE Test CMAKE_HAVE_LIBC_PTHREAD failed with the following output:
Change Dir: /home/zuki/GalacticRacing/sim_ws/build/gap_follow/CMakeFiles/CMakeTmp

<<<<<<< HEAD
Run Build Command(s):/usr/bin/make cmTC_91ae6/fast && /usr/bin/make -f CMakeFiles/cmTC_91ae6.dir/build.make CMakeFiles/cmTC_91ae6.dir/build
make[1]: Entering directory '/home/zuki/GalacticRacing/sim_ws/build/gap_follow/CMakeFiles/CMakeTmp'
Building C object CMakeFiles/cmTC_91ae6.dir/src.c.o
/usr/bin/cc   -DCMAKE_HAVE_LIBC_PTHREAD   -o CMakeFiles/cmTC_91ae6.dir/src.c.o   -c /home/zuki/GalacticRacing/sim_ws/build/gap_follow/CMakeFiles/CMakeTmp/src.c
Linking C executable cmTC_91ae6
/usr/bin/cmake -E cmake_link_script CMakeFiles/cmTC_91ae6.dir/link.txt --verbose=1
/usr/bin/cc  -DCMAKE_HAVE_LIBC_PTHREAD    CMakeFiles/cmTC_91ae6.dir/src.c.o  -o cmTC_91ae6 
/usr/bin/ld: CMakeFiles/cmTC_91ae6.dir/src.c.o: in function `main':
=======
Run Build Command(s):/usr/bin/make cmTC_fe658/fast && /usr/bin/make -f CMakeFiles/cmTC_fe658.dir/build.make CMakeFiles/cmTC_fe658.dir/build
make[1]: Entering directory '/home/zuki/GalacticRacing/sim_ws/build/gap_follow/CMakeFiles/CMakeTmp'
Building C object CMakeFiles/cmTC_fe658.dir/src.c.o
/usr/bin/cc   -DCMAKE_HAVE_LIBC_PTHREAD   -o CMakeFiles/cmTC_fe658.dir/src.c.o   -c /home/zuki/GalacticRacing/sim_ws/build/gap_follow/CMakeFiles/CMakeTmp/src.c
Linking C executable cmTC_fe658
/usr/bin/cmake -E cmake_link_script CMakeFiles/cmTC_fe658.dir/link.txt --verbose=1
/usr/bin/cc  -DCMAKE_HAVE_LIBC_PTHREAD    CMakeFiles/cmTC_fe658.dir/src.c.o  -o cmTC_fe658 
/usr/bin/ld: CMakeFiles/cmTC_fe658.dir/src.c.o: in function `main':
>>>>>>> 19ac4f60acb03b3873e8699909281bf0080a3369
src.c:(.text+0x46): undefined reference to `pthread_create'
/usr/bin/ld: src.c:(.text+0x52): undefined reference to `pthread_detach'
/usr/bin/ld: src.c:(.text+0x63): undefined reference to `pthread_join'
collect2: error: ld returned 1 exit status
<<<<<<< HEAD
make[1]: *** [CMakeFiles/cmTC_91ae6.dir/build.make:87: cmTC_91ae6] Error 1
make[1]: Leaving directory '/home/zuki/GalacticRacing/sim_ws/build/gap_follow/CMakeFiles/CMakeTmp'
make: *** [Makefile:121: cmTC_91ae6/fast] Error 2
=======
make[1]: *** [CMakeFiles/cmTC_fe658.dir/build.make:87: cmTC_fe658] Error 1
make[1]: Leaving directory '/home/zuki/GalacticRacing/sim_ws/build/gap_follow/CMakeFiles/CMakeTmp'
make: *** [Makefile:121: cmTC_fe658/fast] Error 2
>>>>>>> 19ac4f60acb03b3873e8699909281bf0080a3369


Source file was:
#include <pthread.h>

void* test_func(void* data)
{
  return data;
}

int main(void)
{
  pthread_t thread;
  pthread_create(&thread, NULL, test_func, NULL);
  pthread_detach(thread);
  pthread_join(thread, NULL);
  pthread_atfork(NULL, NULL, NULL);
  pthread_exit(NULL);

  return 0;
}

Determining if the function pthread_create exists in the pthreads failed with the following output:
Change Dir: /home/zuki/GalacticRacing/sim_ws/build/gap_follow/CMakeFiles/CMakeTmp

<<<<<<< HEAD
Run Build Command(s):/usr/bin/make cmTC_056e9/fast && /usr/bin/make -f CMakeFiles/cmTC_056e9.dir/build.make CMakeFiles/cmTC_056e9.dir/build
make[1]: Entering directory '/home/zuki/GalacticRacing/sim_ws/build/gap_follow/CMakeFiles/CMakeTmp'
Building C object CMakeFiles/cmTC_056e9.dir/CheckFunctionExists.c.o
/usr/bin/cc   -DCHECK_FUNCTION_EXISTS=pthread_create   -o CMakeFiles/cmTC_056e9.dir/CheckFunctionExists.c.o   -c /usr/share/cmake-3.16/Modules/CheckFunctionExists.c
Linking C executable cmTC_056e9
/usr/bin/cmake -E cmake_link_script CMakeFiles/cmTC_056e9.dir/link.txt --verbose=1
/usr/bin/cc  -DCHECK_FUNCTION_EXISTS=pthread_create    CMakeFiles/cmTC_056e9.dir/CheckFunctionExists.c.o  -o cmTC_056e9  -lpthreads 
/usr/bin/ld: cannot find -lpthreads
collect2: error: ld returned 1 exit status
make[1]: *** [CMakeFiles/cmTC_056e9.dir/build.make:87: cmTC_056e9] Error 1
make[1]: Leaving directory '/home/zuki/GalacticRacing/sim_ws/build/gap_follow/CMakeFiles/CMakeTmp'
make: *** [Makefile:121: cmTC_056e9/fast] Error 2
=======
Run Build Command(s):/usr/bin/make cmTC_d8c7f/fast && /usr/bin/make -f CMakeFiles/cmTC_d8c7f.dir/build.make CMakeFiles/cmTC_d8c7f.dir/build
make[1]: Entering directory '/home/zuki/GalacticRacing/sim_ws/build/gap_follow/CMakeFiles/CMakeTmp'
Building C object CMakeFiles/cmTC_d8c7f.dir/CheckFunctionExists.c.o
/usr/bin/cc   -DCHECK_FUNCTION_EXISTS=pthread_create   -o CMakeFiles/cmTC_d8c7f.dir/CheckFunctionExists.c.o   -c /usr/share/cmake-3.16/Modules/CheckFunctionExists.c
Linking C executable cmTC_d8c7f
/usr/bin/cmake -E cmake_link_script CMakeFiles/cmTC_d8c7f.dir/link.txt --verbose=1
/usr/bin/cc  -DCHECK_FUNCTION_EXISTS=pthread_create    CMakeFiles/cmTC_d8c7f.dir/CheckFunctionExists.c.o  -o cmTC_d8c7f  -lpthreads 
/usr/bin/ld: cannot find -lpthreads
collect2: error: ld returned 1 exit status
make[1]: *** [CMakeFiles/cmTC_d8c7f.dir/build.make:87: cmTC_d8c7f] Error 1
make[1]: Leaving directory '/home/zuki/GalacticRacing/sim_ws/build/gap_follow/CMakeFiles/CMakeTmp'
make: *** [Makefile:121: cmTC_d8c7f/fast] Error 2
>>>>>>> 19ac4f60acb03b3873e8699909281bf0080a3369



