[0.166s] DEBUG:colcon:Command line arguments: ['/usr/bin/colcon', 'build']
[0.166s] DEBUG:colcon:Parsed command line arguments: Namespace(allow_overriding=[], ament_cmake_args=None, base_paths=['.'], build_base='build', catkin_cmake_args=None, catkin_skip_building_tests=False, cmake_args=None, cmake_clean_cache=False, cmake_clean_first=False, cmake_force_configure=False, cmake_target=None, cmake_target_skip_unavailable=False, continue_on_error=False, event_handlers=None, executor='parallel', ignore_user_meta=False, install_base='install', log_base=None, log_level=None, main=<bound method BuildVerb.main of <colcon_core.verb.build.BuildVerb object at 0x7f817540ee80>>, merge_install=False, metas=['./colcon.meta'], packages_above=None, packages_above_and_dependencies=None, packages_above_depth=None, packages_end=None, packages_ignore=None, packages_ignore_regex=None, packages_select=None, packages_select_build_failed=False, packages_select_by_dep=None, packages_select_regex=None, packages_select_test_failures=False, packages_skip=None, packages_skip_build_finished=False, packages_skip_by_dep=None, packages_skip_regex=None, packages_skip_test_passed=False, packages_skip_up_to=None, packages_start=None, packages_up_to=None, packages_up_to_regex=None, parallel_workers=6, paths=None, symlink_install=False, test_result_base=None, verb_extension=<colcon_core.verb.build.BuildVerb object at 0x7f817540ee80>, verb_name='build', verb_parser=<colcon_defaults.argument_parser.defaults.DefaultArgumentsDecorator object at 0x7f8175328a00>)
[0.299s] Level 1:colcon.colcon_core.package_discovery:discover_packages(colcon_meta) check parameters
[0.299s] Level 1:colcon.colcon_core.package_discovery:discover_packages(recursive) check parameters
[0.299s] Level 1:colcon.colcon_core.package_discovery:discover_packages(ignore) check parameters
[0.299s] Level 1:colcon.colcon_core.package_discovery:discover_packages(path) check parameters
[0.299s] Level 1:colcon.colcon_core.package_discovery:discover_packages(colcon_meta) discover
[0.300s] Level 1:colcon.colcon_core.package_discovery:discover_packages(recursive) discover
[0.300s] INFO:colcon.colcon_core.package_discovery:Crawling recursively for packages in '/home/zuki/GalacticRacing/sim_ws'
[0.300s] Level 1:colcon.colcon_core.package_identification:_identify(.) by extensions ['ignore', 'ignore_ament_install']
[0.300s] Level 1:colcon.colcon_core.package_identification:_identify(.) by extension 'ignore'
[0.300s] Level 1:colcon.colcon_core.package_identification:_identify(.) by extension 'ignore_ament_install'
[0.300s] Level 1:colcon.colcon_core.package_identification:_identify(.) by extensions ['colcon_pkg']
[0.300s] Level 1:colcon.colcon_core.package_identification:_identify(.) by extension 'colcon_pkg'
[0.300s] Level 1:colcon.colcon_core.package_identification:_identify(.) by extensions ['colcon_meta']
[0.300s] Level 1:colcon.colcon_core.package_identification:_identify(.) by extension 'colcon_meta'
[0.300s] Level 1:colcon.colcon_core.package_identification:_identify(.) by extensions ['ros']
[0.300s] Level 1:colcon.colcon_core.package_identification:_identify(.) by extension 'ros'
[0.310s] Level 1:colcon.colcon_core.package_identification:_identify(.) by extensions ['cmake', 'python']
[0.310s] Level 1:colcon.colcon_core.package_identification:_identify(.) by extension 'cmake'
[0.310s] Level 1:colcon.colcon_core.package_identification:_identify(.) by extension 'python'
[0.310s] Level 1:colcon.colcon_core.package_identification:_identify(.) by extensions ['python_setup_py']
[0.310s] Level 1:colcon.colcon_core.package_identification:_identify(.) by extension 'python_setup_py'
[0.310s] Level 1:colcon.colcon_core.package_identification:_identify(build) by extensions ['ignore', 'ignore_ament_install']
[0.310s] Level 1:colcon.colcon_core.package_identification:_identify(build) by extension 'ignore'
[0.311s] Level 1:colcon.colcon_core.package_identification:_identify(build) ignored
[0.311s] Level 1:colcon.colcon_core.package_identification:_identify(install) by extensions ['ignore', 'ignore_ament_install']
[0.311s] Level 1:colcon.colcon_core.package_identification:_identify(install) by extension 'ignore'
[0.311s] Level 1:colcon.colcon_core.package_identification:_identify(install) ignored
[0.311s] Level 1:colcon.colcon_core.package_identification:_identify(lab5_pkg) by extensions ['ignore', 'ignore_ament_install']
[0.311s] Level 1:colcon.colcon_core.package_identification:_identify(lab5_pkg) by extension 'ignore'
[0.311s] Level 1:colcon.colcon_core.package_identification:_identify(lab5_pkg) by extension 'ignore_ament_install'
[0.311s] Level 1:colcon.colcon_core.package_identification:_identify(lab5_pkg) by extensions ['colcon_pkg']
[0.311s] Level 1:colcon.colcon_core.package_identification:_identify(lab5_pkg) by extension 'colcon_pkg'
[0.311s] Level 1:colcon.colcon_core.package_identification:_identify(lab5_pkg) by extensions ['colcon_meta']
[0.311s] Level 1:colcon.colcon_core.package_identification:_identify(lab5_pkg) by extension 'colcon_meta'
[0.311s] Level 1:colcon.colcon_core.package_identification:_identify(lab5_pkg) by extensions ['ros']
[0.311s] Level 1:colcon.colcon_core.package_identification:_identify(lab5_pkg) by extension 'ros'
[0.314s] DEBUG:colcon.colcon_core.package_identification:Package 'lab5_pkg' with type 'ros.ament_cmake' and name 'lab5_pkg'
[0.314s] Level 1:colcon.colcon_core.package_identification:_identify(log) by extensions ['ignore', 'ignore_ament_install']
[0.314s] Level 1:colcon.colcon_core.package_identification:_identify(log) by extension 'ignore'
[0.315s] Level 1:colcon.colcon_core.package_identification:_identify(log) ignored
[0.315s] Level 1:colcon.colcon_core.package_identification:_identify(range_libc) by extensions ['ignore', 'ignore_ament_install']
[0.315s] Level 1:colcon.colcon_core.package_identification:_identify(range_libc) by extension 'ignore'
[0.315s] Level 1:colcon.colcon_core.package_identification:_identify(range_libc) by extension 'ignore_ament_install'
[0.315s] Level 1:colcon.colcon_core.package_identification:_identify(range_libc) by extensions ['colcon_pkg']
[0.315s] Level 1:colcon.colcon_core.package_identification:_identify(range_libc) by extension 'colcon_pkg'
[0.315s] Level 1:colcon.colcon_core.package_identification:_identify(range_libc) by extensions ['colcon_meta']
[0.315s] Level 1:colcon.colcon_core.package_identification:_identify(range_libc) by extension 'colcon_meta'
[0.315s] Level 1:colcon.colcon_core.package_identification:_identify(range_libc) by extensions ['ros']
[0.315s] Level 1:colcon.colcon_core.package_identification:_identify(range_libc) by extension 'ros'
[0.315s] Level 1:colcon.colcon_core.package_identification:_identify(range_libc) by extensions ['cmake', 'python']
[0.315s] Level 1:colcon.colcon_core.package_identification:_identify(range_libc) by extension 'cmake'
[0.323s] Level 1:colcon.colcon_core.package_identification:_identify(range_libc) by extension 'python'
[0.323s] DEBUG:colcon.colcon_core.package_identification:Package 'range_libc' with type 'cmake' and name 'range_lib'
[0.323s] Level 1:colcon.colcon_core.package_identification:_identify(src) by extensions ['ignore', 'ignore_ament_install']
[0.323s] Level 1:colcon.colcon_core.package_identification:_identify(src) by extension 'ignore'
[0.323s] Level 1:colcon.colcon_core.package_identification:_identify(src) by extension 'ignore_ament_install'
[0.323s] Level 1:colcon.colcon_core.package_identification:_identify(src) by extensions ['colcon_pkg']
[0.324s] Level 1:colcon.colcon_core.package_identification:_identify(src) by extension 'colcon_pkg'
[0.324s] Level 1:colcon.colcon_core.package_identification:_identify(src) by extensions ['colcon_meta']
[0.324s] Level 1:colcon.colcon_core.package_identification:_identify(src) by extension 'colcon_meta'
[0.324s] Level 1:colcon.colcon_core.package_identification:_identify(src) by extensions ['ros']
[0.324s] Level 1:colcon.colcon_core.package_identification:_identify(src) by extension 'ros'
[0.324s] Level 1:colcon.colcon_core.package_identification:_identify(src) by extensions ['cmake', 'python']
[0.324s] Level 1:colcon.colcon_core.package_identification:_identify(src) by extension 'cmake'
[0.324s] Level 1:colcon.colcon_core.package_identification:_identify(src) by extension 'python'
[0.324s] Level 1:colcon.colcon_core.package_identification:_identify(src) by extensions ['python_setup_py']
[0.324s] Level 1:colcon.colcon_core.package_identification:_identify(src) by extension 'python_setup_py'
[0.324s] Level 1:colcon.colcon_core.package_identification:_identify(src/f1tenth_gym_ros) by extensions ['ignore', 'ignore_ament_install']
[0.324s] Level 1:colcon.colcon_core.package_identification:_identify(src/f1tenth_gym_ros) by extension 'ignore'
[0.324s] Level 1:colcon.colcon_core.package_identification:_identify(src/f1tenth_gym_ros) by extension 'ignore_ament_install'
[0.324s] Level 1:colcon.colcon_core.package_identification:_identify(src/f1tenth_gym_ros) by extensions ['colcon_pkg']
[0.324s] Level 1:colcon.colcon_core.package_identification:_identify(src/f1tenth_gym_ros) by extension 'colcon_pkg'
[0.324s] Level 1:colcon.colcon_core.package_identification:_identify(src/f1tenth_gym_ros) by extensions ['colcon_meta']
[0.324s] Level 1:colcon.colcon_core.package_identification:_identify(src/f1tenth_gym_ros) by extension 'colcon_meta'
[0.324s] Level 1:colcon.colcon_core.package_identification:_identify(src/f1tenth_gym_ros) by extensions ['ros']
[0.324s] Level 1:colcon.colcon_core.package_identification:_identify(src/f1tenth_gym_ros) by extension 'ros'
[0.325s] DEBUG:colcon.colcon_core.package_identification:Package 'src/f1tenth_gym_ros' with type 'ros.ament_python' and name 'f1tenth_gym_ros'
[0.325s] Level 1:colcon.colcon_core.package_identification:_identify(src/gap_follow) by extensions ['ignore', 'ignore_ament_install']
[0.325s] Level 1:colcon.colcon_core.package_identification:_identify(src/gap_follow) by extension 'ignore'
[0.325s] Level 1:colcon.colcon_core.package_identification:_identify(src/gap_follow) by extension 'ignore_ament_install'
[0.325s] Level 1:colcon.colcon_core.package_identification:_identify(src/gap_follow) by extensions ['colcon_pkg']
[0.325s] Level 1:colcon.colcon_core.package_identification:_identify(src/gap_follow) by extension 'colcon_pkg'
[0.325s] Level 1:colcon.colcon_core.package_identification:_identify(src/gap_follow) by extensions ['colcon_meta']
[0.325s] Level 1:colcon.colcon_core.package_identification:_identify(src/gap_follow) by extension 'colcon_meta'
[0.325s] Level 1:colcon.colcon_core.package_identification:_identify(src/gap_follow) by extensions ['ros']
[0.325s] Level 1:colcon.colcon_core.package_identification:_identify(src/gap_follow) by extension 'ros'
[0.326s] DEBUG:colcon.colcon_core.package_identification:Package 'src/gap_follow' with type 'ros.ament_cmake' and name 'gap_follow'
[0.326s] Level 1:colcon.colcon_core.package_identification:_identify(src/lab5_pkg) by extensions ['ignore', 'ignore_ament_install']
[0.326s] Level 1:colcon.colcon_core.package_identification:_identify(src/lab5_pkg) by extension 'ignore'
[0.327s] Level 1:colcon.colcon_core.package_identification:_identify(src/lab5_pkg) by extension 'ignore_ament_install'
[0.327s] Level 1:colcon.colcon_core.package_identification:_identify(src/lab5_pkg) by extensions ['colcon_pkg']
[0.327s] Level 1:colcon.colcon_core.package_identification:_identify(src/lab5_pkg) by extension 'colcon_pkg'
[0.327s] Level 1:colcon.colcon_core.package_identification:_identify(src/lab5_pkg) by extensions ['colcon_meta']
[0.327s] Level 1:colcon.colcon_core.package_identification:_identify(src/lab5_pkg) by extension 'colcon_meta'
[0.327s] Level 1:colcon.colcon_core.package_identification:_identify(src/lab5_pkg) by extensions ['ros']
[0.327s] Level 1:colcon.colcon_core.package_identification:_identify(src/lab5_pkg) by extension 'ros'
[0.327s] Level 1:colcon.colcon_core.package_identification:_identify(src/lab5_pkg) by extensions ['cmake', 'python']
[0.327s] Level 1:colcon.colcon_core.package_identification:_identify(src/lab5_pkg) by extension 'cmake'
[0.327s] Level 1:colcon.colcon_core.package_identification:_identify(src/lab5_pkg) by extension 'python'
[0.327s] Level 1:colcon.colcon_core.package_identification:_identify(src/lab5_pkg) by extensions ['python_setup_py']
[0.327s] Level 1:colcon.colcon_core.package_identification:_identify(src/lab5_pkg) by extension 'python_setup_py'
[0.327s] Level 1:colcon.colcon_core.package_identification:_identify(src/particle_filter) by extensions ['ignore', 'ignore_ament_install']
[0.327s] Level 1:colcon.colcon_core.package_identification:_identify(src/particle_filter) by extension 'ignore'
[0.327s] Level 1:colcon.colcon_core.package_identification:_identify(src/particle_filter) by extension 'ignore_ament_install'
[0.327s] Level 1:colcon.colcon_core.package_identification:_identify(src/particle_filter) by extensions ['colcon_pkg']
[0.327s] Level 1:colcon.colcon_core.package_identification:_identify(src/particle_filter) by extension 'colcon_pkg'
[0.327s] Level 1:colcon.colcon_core.package_identification:_identify(src/particle_filter) by extensions ['colcon_meta']
[0.327s] Level 1:colcon.colcon_core.package_identification:_identify(src/particle_filter) by extension 'colcon_meta'
[0.327s] Level 1:colcon.colcon_core.package_identification:_identify(src/particle_filter) by extensions ['ros']
[0.327s] Level 1:colcon.colcon_core.package_identification:_identify(src/particle_filter) by extension 'ros'
[0.328s] DEBUG:colcon.colcon_core.package_identification:Package 'src/particle_filter' with type 'ros.ament_python' and name 'particle_filter'
[0.328s] Level 1:colcon.colcon_core.package_identification:_identify(src/pure_pursuit) by extensions ['ignore', 'ignore_ament_install']
[0.328s] Level 1:colcon.colcon_core.package_identification:_identify(src/pure_pursuit) by extension 'ignore'
[0.328s] Level 1:colcon.colcon_core.package_identification:_identify(src/pure_pursuit) by extension 'ignore_ament_install'
[0.328s] Level 1:colcon.colcon_core.package_identification:_identify(src/pure_pursuit) by extensions ['colcon_pkg']
[0.328s] Level 1:colcon.colcon_core.package_identification:_identify(src/pure_pursuit) by extension 'colcon_pkg'
[0.328s] Level 1:colcon.colcon_core.package_identification:_identify(src/pure_pursuit) by extensions ['colcon_meta']
[0.328s] Level 1:colcon.colcon_core.package_identification:_identify(src/pure_pursuit) by extension 'colcon_meta'
[0.328s] Level 1:colcon.colcon_core.package_identification:_identify(src/pure_pursuit) by extensions ['ros']
[0.329s] Level 1:colcon.colcon_core.package_identification:_identify(src/pure_pursuit) by extension 'ros'
[0.329s] DEBUG:colcon.colcon_core.package_identification:Package 'src/pure_pursuit' with type 'ros.ament_cmake' and name 'pure_pursuit'
[0.330s] Level 1:colcon.colcon_core.package_identification:_identify(src/safety_node) by extensions ['ignore', 'ignore_ament_install']
[0.330s] Level 1:colcon.colcon_core.package_identification:_identify(src/safety_node) by extension 'ignore'
[0.330s] Level 1:colcon.colcon_core.package_identification:_identify(src/safety_node) by extension 'ignore_ament_install'
[0.330s] Level 1:colcon.colcon_core.package_identification:_identify(src/safety_node) by extensions ['colcon_pkg']
[0.330s] Level 1:colcon.colcon_core.package_identification:_identify(src/safety_node) by extension 'colcon_pkg'
[0.330s] Level 1:colcon.colcon_core.package_identification:_identify(src/safety_node) by extensions ['colcon_meta']
[0.330s] Level 1:colcon.colcon_core.package_identification:_identify(src/safety_node) by extension 'colcon_meta'
[0.330s] Level 1:colcon.colcon_core.package_identification:_identify(src/safety_node) by extensions ['ros']
[0.330s] Level 1:colcon.colcon_core.package_identification:_identify(src/safety_node) by extension 'ros'
[0.331s] DEBUG:colcon.colcon_core.package_identification:Package 'src/safety_node' with type 'ros.ament_cmake' and name 'safety_node'
[0.331s] Level 1:colcon.colcon_core.package_identification:_identify(src/wall_follow) by extensions ['ignore', 'ignore_ament_install']
[0.331s] Level 1:colcon.colcon_core.package_identification:_identify(src/wall_follow) by extension 'ignore'
[0.331s] Level 1:colcon.colcon_core.package_identification:_identify(src/wall_follow) by extension 'ignore_ament_install'
[0.331s] Level 1:colcon.colcon_core.package_identification:_identify(src/wall_follow) by extensions ['colcon_pkg']
[0.331s] Level 1:colcon.colcon_core.package_identification:_identify(src/wall_follow) by extension 'colcon_pkg'
[0.331s] Level 1:colcon.colcon_core.package_identification:_identify(src/wall_follow) by extensions ['colcon_meta']
[0.331s] Level 1:colcon.colcon_core.package_identification:_identify(src/wall_follow) by extension 'colcon_meta'
[0.331s] Level 1:colcon.colcon_core.package_identification:_identify(src/wall_follow) by extensions ['ros']
[0.331s] Level 1:colcon.colcon_core.package_identification:_identify(src/wall_follow) by extension 'ros'
[0.332s] DEBUG:colcon.colcon_core.package_identification:Package 'src/wall_follow' with type 'ros.ament_cmake' and name 'wall_follow'
[0.332s] Level 1:colcon.colcon_core.package_identification:_identify(src/waypoint_logger) by extensions ['ignore', 'ignore_ament_install']
[0.332s] Level 1:colcon.colcon_core.package_identification:_identify(src/waypoint_logger) by extension 'ignore'
[0.332s] Level 1:colcon.colcon_core.package_identification:_identify(src/waypoint_logger) by extension 'ignore_ament_install'
[0.332s] Level 1:colcon.colcon_core.package_identification:_identify(src/waypoint_logger) by extensions ['colcon_pkg']
[0.332s] Level 1:colcon.colcon_core.package_identification:_identify(src/waypoint_logger) by extension 'colcon_pkg'
[0.332s] Level 1:colcon.colcon_core.package_identification:_identify(src/waypoint_logger) by extensions ['colcon_meta']
[0.332s] Level 1:colcon.colcon_core.package_identification:_identify(src/waypoint_logger) by extension 'colcon_meta'
[0.332s] Level 1:colcon.colcon_core.package_identification:_identify(src/waypoint_logger) by extensions ['ros']
[0.332s] Level 1:colcon.colcon_core.package_identification:_identify(src/waypoint_logger) by extension 'ros'
[0.333s] DEBUG:colcon.colcon_core.package_identification:Package 'src/waypoint_logger' with type 'ros.ament_cmake' and name 'waypoint_logger'
[0.333s] Level 1:colcon.colcon_core.package_discovery:discover_packages(recursive) using defaults
[0.333s] Level 1:colcon.colcon_core.package_discovery:discover_packages(ignore) discover
[0.333s] Level 1:colcon.colcon_core.package_discovery:discover_packages(ignore) using defaults
[0.333s] Level 1:colcon.colcon_core.package_discovery:discover_packages(path) discover
[0.334s] Level 1:colcon.colcon_core.package_discovery:discover_packages(path) using defaults
[0.348s] Level 1:colcon.colcon_core.package_discovery:discover_packages(prefix_path) check parameters
[0.348s] Level 1:colcon.colcon_core.package_discovery:discover_packages(prefix_path) discover
[0.349s] DEBUG:colcon.colcon_installed_package_information.package_discovery:Found 8 installed packages in /home/zuki/GalacticRacing/sim_ws/install
[0.352s] DEBUG:colcon.colcon_installed_package_information.package_discovery:Found 302 installed packages in /opt/ros/foxy
[0.362s] Level 1:colcon.colcon_core.package_discovery:discover_packages(prefix_path) using defaults
[0.413s] Level 5:colcon.colcon_core.verb:set package 'f1tenth_gym_ros' build argument 'cmake_args' from command line to 'None'
[0.413s] Level 5:colcon.colcon_core.verb:set package 'f1tenth_gym_ros' build argument 'cmake_target' from command line to 'None'
[0.413s] Level 5:colcon.colcon_core.verb:set package 'f1tenth_gym_ros' build argument 'cmake_target_skip_unavailable' from command line to 'False'
[0.413s] Level 5:colcon.colcon_core.verb:set package 'f1tenth_gym_ros' build argument 'cmake_clean_cache' from command line to 'False'
[0.413s] Level 5:colcon.colcon_core.verb:set package 'f1tenth_gym_ros' build argument 'cmake_clean_first' from command line to 'False'
[0.413s] Level 5:colcon.colcon_core.verb:set package 'f1tenth_gym_ros' build argument 'cmake_force_configure' from command line to 'False'
[0.413s] Level 5:colcon.colcon_core.verb:set package 'f1tenth_gym_ros' build argument 'ament_cmake_args' from command line to 'None'
[0.413s] Level 5:colcon.colcon_core.verb:set package 'f1tenth_gym_ros' build argument 'catkin_cmake_args' from command line to 'None'
[0.413s] Level 5:colcon.colcon_core.verb:set package 'f1tenth_gym_ros' build argument 'catkin_skip_building_tests' from command line to 'False'
[0.413s] DEBUG:colcon.colcon_core.verb:Building package 'f1tenth_gym_ros' with the following arguments: {'ament_cmake_args': None, 'build_base': '/home/zuki/GalacticRacing/sim_ws/build/f1tenth_gym_ros', 'catkin_cmake_args': None, 'catkin_skip_building_tests': False, 'cmake_args': None, 'cmake_clean_cache': False, 'cmake_clean_first': False, 'cmake_force_configure': False, 'cmake_target': None, 'cmake_target_skip_unavailable': False, 'install_base': '/home/zuki/GalacticRacing/sim_ws/install/f1tenth_gym_ros', 'merge_install': False, 'path': '/home/zuki/GalacticRacing/sim_ws/src/f1tenth_gym_ros', 'symlink_install': False, 'test_result_base': None}
[0.414s] Level 5:colcon.colcon_core.verb:set package 'gap_follow' build argument 'cmake_args' from command line to 'None'
[0.414s] Level 5:colcon.colcon_core.verb:set package 'gap_follow' build argument 'cmake_target' from command line to 'None'
[0.414s] Level 5:colcon.colcon_core.verb:set package 'gap_follow' build argument 'cmake_target_skip_unavailable' from command line to 'False'
[0.414s] Level 5:colcon.colcon_core.verb:set package 'gap_follow' build argument 'cmake_clean_cache' from command line to 'False'
[0.414s] Level 5:colcon.colcon_core.verb:set package 'gap_follow' build argument 'cmake_clean_first' from command line to 'False'
[0.415s] Level 5:colcon.colcon_core.verb:set package 'gap_follow' build argument 'cmake_force_configure' from command line to 'False'
[0.415s] Level 5:colcon.colcon_core.verb:set package 'gap_follow' build argument 'ament_cmake_args' from command line to 'None'
[0.415s] Level 5:colcon.colcon_core.verb:set package 'gap_follow' build argument 'catkin_cmake_args' from command line to 'None'
[0.415s] Level 5:colcon.colcon_core.verb:set package 'gap_follow' build argument 'catkin_skip_building_tests' from command line to 'False'
[0.415s] DEBUG:colcon.colcon_core.verb:Building package 'gap_follow' with the following arguments: {'ament_cmake_args': None, 'build_base': '/home/zuki/GalacticRacing/sim_ws/build/gap_follow', 'catkin_cmake_args': None, 'catkin_skip_building_tests': False, 'cmake_args': None, 'cmake_clean_cache': False, 'cmake_clean_first': False, 'cmake_force_configure': False, 'cmake_target': None, 'cmake_target_skip_unavailable': False, 'install_base': '/home/zuki/GalacticRacing/sim_ws/install/gap_follow', 'merge_install': False, 'path': '/home/zuki/GalacticRacing/sim_ws/src/gap_follow', 'symlink_install': False, 'test_result_base': None}
[0.415s] Level 5:colcon.colcon_core.verb:set package 'lab5_pkg' build argument 'cmake_args' from command line to 'None'
[0.415s] Level 5:colcon.colcon_core.verb:set package 'lab5_pkg' build argument 'cmake_target' from command line to 'None'
[0.415s] Level 5:colcon.colcon_core.verb:set package 'lab5_pkg' build argument 'cmake_target_skip_unavailable' from command line to 'False'
[0.415s] Level 5:colcon.colcon_core.verb:set package 'lab5_pkg' build argument 'cmake_clean_cache' from command line to 'False'
[0.415s] Level 5:colcon.colcon_core.verb:set package 'lab5_pkg' build argument 'cmake_clean_first' from command line to 'False'
[0.415s] Level 5:colcon.colcon_core.verb:set package 'lab5_pkg' build argument 'cmake_force_configure' from command line to 'False'
[0.415s] Level 5:colcon.colcon_core.verb:set package 'lab5_pkg' build argument 'ament_cmake_args' from command line to 'None'
[0.415s] Level 5:colcon.colcon_core.verb:set package 'lab5_pkg' build argument 'catkin_cmake_args' from command line to 'None'
[0.415s] Level 5:colcon.colcon_core.verb:set package 'lab5_pkg' build argument 'catkin_skip_building_tests' from command line to 'False'
[0.415s] DEBUG:colcon.colcon_core.verb:Building package 'lab5_pkg' with the following arguments: {'ament_cmake_args': None, 'build_base': '/home/zuki/GalacticRacing/sim_ws/build/lab5_pkg', 'catkin_cmake_args': None, 'catkin_skip_building_tests': False, 'cmake_args': None, 'cmake_clean_cache': False, 'cmake_clean_first': False, 'cmake_force_configure': False, 'cmake_target': None, 'cmake_target_skip_unavailable': False, 'install_base': '/home/zuki/GalacticRacing/sim_ws/install/lab5_pkg', 'merge_install': False, 'path': '/home/zuki/GalacticRacing/sim_ws/lab5_pkg', 'symlink_install': False, 'test_result_base': None}
[0.416s] Level 5:colcon.colcon_core.verb:set package 'particle_filter' build argument 'cmake_args' from command line to 'None'
[0.416s] Level 5:colcon.colcon_core.verb:set package 'particle_filter' build argument 'cmake_target' from command line to 'None'
[0.416s] Level 5:colcon.colcon_core.verb:set package 'particle_filter' build argument 'cmake_target_skip_unavailable' from command line to 'False'
[0.416s] Level 5:colcon.colcon_core.verb:set package 'particle_filter' build argument 'cmake_clean_cache' from command line to 'False'
[0.416s] Level 5:colcon.colcon_core.verb:set package 'particle_filter' build argument 'cmake_clean_first' from command line to 'False'
[0.416s] Level 5:colcon.colcon_core.verb:set package 'particle_filter' build argument 'cmake_force_configure' from command line to 'False'
[0.416s] Level 5:colcon.colcon_core.verb:set package 'particle_filter' build argument 'ament_cmake_args' from command line to 'None'
[0.416s] Level 5:colcon.colcon_core.verb:set package 'particle_filter' build argument 'catkin_cmake_args' from command line to 'None'
[0.416s] Level 5:colcon.colcon_core.verb:set package 'particle_filter' build argument 'catkin_skip_building_tests' from command line to 'False'
[0.416s] DEBUG:colcon.colcon_core.verb:Building package 'particle_filter' with the following arguments: {'ament_cmake_args': None, 'build_base': '/home/zuki/GalacticRacing/sim_ws/build/particle_filter', 'catkin_cmake_args': None, 'catkin_skip_building_tests': False, 'cmake_args': None, 'cmake_clean_cache': False, 'cmake_clean_first': False, 'cmake_force_configure': False, 'cmake_target': None, 'cmake_target_skip_unavailable': False, 'install_base': '/home/zuki/GalacticRacing/sim_ws/install/particle_filter', 'merge_install': False, 'path': '/home/zuki/GalacticRacing/sim_ws/src/particle_filter', 'symlink_install': False, 'test_result_base': None}
[0.416s] Level 5:colcon.colcon_core.verb:set package 'pure_pursuit' build argument 'cmake_args' from command line to 'None'
[0.416s] Level 5:colcon.colcon_core.verb:set package 'pure_pursuit' build argument 'cmake_target' from command line to 'None'
[0.416s] Level 5:colcon.colcon_core.verb:set package 'pure_pursuit' build argument 'cmake_target_skip_unavailable' from command line to 'False'
[0.416s] Level 5:colcon.colcon_core.verb:set package 'pure_pursuit' build argument 'cmake_clean_cache' from command line to 'False'
[0.416s] Level 5:colcon.colcon_core.verb:set package 'pure_pursuit' build argument 'cmake_clean_first' from command line to 'False'
[0.416s] Level 5:colcon.colcon_core.verb:set package 'pure_pursuit' build argument 'cmake_force_configure' from command line to 'False'
[0.416s] Level 5:colcon.colcon_core.verb:set package 'pure_pursuit' build argument 'ament_cmake_args' from command line to 'None'
[0.416s] Level 5:colcon.colcon_core.verb:set package 'pure_pursuit' build argument 'catkin_cmake_args' from command line to 'None'
[0.416s] Level 5:colcon.colcon_core.verb:set package 'pure_pursuit' build argument 'catkin_skip_building_tests' from command line to 'False'
[0.416s] DEBUG:colcon.colcon_core.verb:Building package 'pure_pursuit' with the following arguments: {'ament_cmake_args': None, 'build_base': '/home/zuki/GalacticRacing/sim_ws/build/pure_pursuit', 'catkin_cmake_args': None, 'catkin_skip_building_tests': False, 'cmake_args': None, 'cmake_clean_cache': False, 'cmake_clean_first': False, 'cmake_force_configure': False, 'cmake_target': None, 'cmake_target_skip_unavailable': False, 'install_base': '/home/zuki/GalacticRacing/sim_ws/install/pure_pursuit', 'merge_install': False, 'path': '/home/zuki/GalacticRacing/sim_ws/src/pure_pursuit', 'symlink_install': False, 'test_result_base': None}
[0.416s] Level 5:colcon.colcon_core.verb:set package 'range_lib' build argument 'cmake_args' from command line to 'None'
[0.416s] Level 5:colcon.colcon_core.verb:set package 'range_lib' build argument 'cmake_target' from command line to 'None'
[0.416s] Level 5:colcon.colcon_core.verb:set package 'range_lib' build argument 'cmake_target_skip_unavailable' from command line to 'False'
[0.416s] Level 5:colcon.colcon_core.verb:set package 'range_lib' build argument 'cmake_clean_cache' from command line to 'False'
[0.416s] Level 5:colcon.colcon_core.verb:set package 'range_lib' build argument 'cmake_clean_first' from command line to 'False'
[0.417s] Level 5:colcon.colcon_core.verb:set package 'range_lib' build argument 'cmake_force_configure' from command line to 'False'
[0.417s] Level 5:colcon.colcon_core.verb:set package 'range_lib' build argument 'ament_cmake_args' from command line to 'None'
[0.417s] Level 5:colcon.colcon_core.verb:set package 'range_lib' build argument 'catkin_cmake_args' from command line to 'None'
[0.417s] Level 5:colcon.colcon_core.verb:set package 'range_lib' build argument 'catkin_skip_building_tests' from command line to 'False'
[0.417s] DEBUG:colcon.colcon_core.verb:Building package 'range_lib' with the following arguments: {'ament_cmake_args': None, 'build_base': '/home/zuki/GalacticRacing/sim_ws/build/range_lib', 'catkin_cmake_args': None, 'catkin_skip_building_tests': False, 'cmake_args': None, 'cmake_clean_cache': False, 'cmake_clean_first': False, 'cmake_force_configure': False, 'cmake_target': None, 'cmake_target_skip_unavailable': False, 'install_base': '/home/zuki/GalacticRacing/sim_ws/install/range_lib', 'merge_install': False, 'path': '/home/zuki/GalacticRacing/sim_ws/range_libc', 'symlink_install': False, 'test_result_base': None}
[0.417s] Level 5:colcon.colcon_core.verb:set package 'safety_node' build argument 'cmake_args' from command line to 'None'
[0.417s] Level 5:colcon.colcon_core.verb:set package 'safety_node' build argument 'cmake_target' from command line to 'None'
[0.417s] Level 5:colcon.colcon_core.verb:set package 'safety_node' build argument 'cmake_target_skip_unavailable' from command line to 'False'
[0.417s] Level 5:colcon.colcon_core.verb:set package 'safety_node' build argument 'cmake_clean_cache' from command line to 'False'
[0.417s] Level 5:colcon.colcon_core.verb:set package 'safety_node' build argument 'cmake_clean_first' from command line to 'False'
[0.417s] Level 5:colcon.colcon_core.verb:set package 'safety_node' build argument 'cmake_force_configure' from command line to 'False'
[0.417s] Level 5:colcon.colcon_core.verb:set package 'safety_node' build argument 'ament_cmake_args' from command line to 'None'
[0.417s] Level 5:colcon.colcon_core.verb:set package 'safety_node' build argument 'catkin_cmake_args' from command line to 'None'
[0.417s] Level 5:colcon.colcon_core.verb:set package 'safety_node' build argument 'catkin_skip_building_tests' from command line to 'False'
[0.417s] DEBUG:colcon.colcon_core.verb:Building package 'safety_node' with the following arguments: {'ament_cmake_args': None, 'build_base': '/home/zuki/GalacticRacing/sim_ws/build/safety_node', 'catkin_cmake_args': None, 'catkin_skip_building_tests': False, 'cmake_args': None, 'cmake_clean_cache': False, 'cmake_clean_first': False, 'cmake_force_configure': False, 'cmake_target': None, 'cmake_target_skip_unavailable': False, 'install_base': '/home/zuki/GalacticRacing/sim_ws/install/safety_node', 'merge_install': False, 'path': '/home/zuki/GalacticRacing/sim_ws/src/safety_node', 'symlink_install': False, 'test_result_base': None}
[0.418s] Level 5:colcon.colcon_core.verb:set package 'wall_follow' build argument 'cmake_args' from command line to 'None'
[0.418s] Level 5:colcon.colcon_core.verb:set package 'wall_follow' build argument 'cmake_target' from command line to 'None'
[0.418s] Level 5:colcon.colcon_core.verb:set package 'wall_follow' build argument 'cmake_target_skip_unavailable' from command line to 'False'
[0.418s] Level 5:colcon.colcon_core.verb:set package 'wall_follow' build argument 'cmake_clean_cache' from command line to 'False'
[0.418s] Level 5:colcon.colcon_core.verb:set package 'wall_follow' build argument 'cmake_clean_first' from command line to 'False'
[0.418s] Level 5:colcon.colcon_core.verb:set package 'wall_follow' build argument 'cmake_force_configure' from command line to 'False'
[0.418s] Level 5:colcon.colcon_core.verb:set package 'wall_follow' build argument 'ament_cmake_args' from command line to 'None'
[0.419s] Level 5:colcon.colcon_core.verb:set package 'wall_follow' build argument 'catkin_cmake_args' from command line to 'None'
[0.419s] Level 5:colcon.colcon_core.verb:set package 'wall_follow' build argument 'catkin_skip_building_tests' from command line to 'False'
[0.419s] DEBUG:colcon.colcon_core.verb:Building package 'wall_follow' with the following arguments: {'ament_cmake_args': None, 'build_base': '/home/zuki/GalacticRacing/sim_ws/build/wall_follow', 'catkin_cmake_args': None, 'catkin_skip_building_tests': False, 'cmake_args': None, 'cmake_clean_cache': False, 'cmake_clean_first': False, 'cmake_force_configure': False, 'cmake_target': None, 'cmake_target_skip_unavailable': False, 'install_base': '/home/zuki/GalacticRacing/sim_ws/install/wall_follow', 'merge_install': False, 'path': '/home/zuki/GalacticRacing/sim_ws/src/wall_follow', 'symlink_install': False, 'test_result_base': None}
[0.419s] Level 5:colcon.colcon_core.verb:set package 'waypoint_logger' build argument 'cmake_args' from command line to 'None'
[0.419s] Level 5:colcon.colcon_core.verb:set package 'waypoint_logger' build argument 'cmake_target' from command line to 'None'
[0.420s] Level 5:colcon.colcon_core.verb:set package 'waypoint_logger' build argument 'cmake_target_skip_unavailable' from command line to 'False'
[0.420s] Level 5:colcon.colcon_core.verb:set package 'waypoint_logger' build argument 'cmake_clean_cache' from command line to 'False'
[0.420s] Level 5:colcon.colcon_core.verb:set package 'waypoint_logger' build argument 'cmake_clean_first' from command line to 'False'
[0.420s] Level 5:colcon.colcon_core.verb:set package 'waypoint_logger' build argument 'cmake_force_configure' from command line to 'False'
[0.420s] Level 5:colcon.colcon_core.verb:set package 'waypoint_logger' build argument 'ament_cmake_args' from command line to 'None'
[0.420s] Level 5:colcon.colcon_core.verb:set package 'waypoint_logger' build argument 'catkin_cmake_args' from command line to 'None'
[0.420s] Level 5:colcon.colcon_core.verb:set package 'waypoint_logger' build argument 'catkin_skip_building_tests' from command line to 'False'
[0.420s] DEBUG:colcon.colcon_core.verb:Building package 'waypoint_logger' with the following arguments: {'ament_cmake_args': None, 'build_base': '/home/zuki/GalacticRacing/sim_ws/build/waypoint_logger', 'catkin_cmake_args': None, 'catkin_skip_building_tests': False, 'cmake_args': None, 'cmake_clean_cache': False, 'cmake_clean_first': False, 'cmake_force_configure': False, 'cmake_target': None, 'cmake_target_skip_unavailable': False, 'install_base': '/home/zuki/GalacticRacing/sim_ws/install/waypoint_logger', 'merge_install': False, 'path': '/home/zuki/GalacticRacing/sim_ws/src/waypoint_logger', 'symlink_install': False, 'test_result_base': None}
[0.420s] INFO:colcon.colcon_core.executor:Executing jobs using 'parallel' executor
[0.421s] DEBUG:colcon.colcon_parallel_executor.executor.parallel:run_until_complete
[0.423s] INFO:colcon.colcon_ros.task.ament_python.build:Building ROS package in '/home/zuki/GalacticRacing/sim_ws/src/f1tenth_gym_ros' with build type 'ament_python'
[0.423s] Level 1:colcon.colcon_core.shell:create_environment_hook('f1tenth_gym_ros', 'ament_prefix_path')
[0.426s] INFO:colcon.colcon_core.plugin_system:Skipping extension 'colcon_core.shell.bat': Not used on non-Windows systems
[0.427s] INFO:colcon.colcon_core.shell:Creating environment hook '/home/zuki/GalacticRacing/sim_ws/install/f1tenth_gym_ros/share/f1tenth_gym_ros/hook/ament_prefix_path.ps1'
[0.428s] INFO:colcon.colcon_core.shell:Creating environment descriptor '/home/zuki/GalacticRacing/sim_ws/install/f1tenth_gym_ros/share/f1tenth_gym_ros/hook/ament_prefix_path.dsv'
[0.429s] INFO:colcon.colcon_core.shell:Creating environment hook '/home/zuki/GalacticRacing/sim_ws/install/f1tenth_gym_ros/share/f1tenth_gym_ros/hook/ament_prefix_path.sh'
[0.430s] INFO:colcon.colcon_core.shell:Skip shell extension 'powershell' for command environment: Not usable outside of PowerShell
[0.430s] DEBUG:colcon.colcon_core.shell:Skip shell extension 'dsv' for command environment
[0.436s] INFO:colcon.colcon_ros.task.ament_cmake.build:Building ROS package in '/home/zuki/GalacticRacing/sim_ws/src/gap_follow' with build type 'ament_cmake'
[0.439s] INFO:colcon.colcon_cmake.task.cmake.build:Building CMake package in '/home/zuki/GalacticRacing/sim_ws/src/gap_follow'
[0.441s] INFO:colcon.colcon_core.shell:Skip shell extension 'powershell' for command environment: Not usable outside of PowerShell
[0.442s] DEBUG:colcon.colcon_core.shell:Skip shell extension 'dsv' for command environment
[0.448s] INFO:colcon.colcon_ros.task.ament_cmake.build:Building ROS package in '/home/zuki/GalacticRacing/sim_ws/lab5_pkg' with build type 'ament_cmake'
[0.450s] INFO:colcon.colcon_cmake.task.cmake.build:Building CMake package in '/home/zuki/GalacticRacing/sim_ws/lab5_pkg'
[0.452s] INFO:colcon.colcon_core.shell:Skip shell extension 'powershell' for command environment: Not usable outside of PowerShell
[0.452s] DEBUG:colcon.colcon_core.shell:Skip shell extension 'dsv' for command environment
[0.460s] INFO:colcon.colcon_ros.task.ament_python.build:Building ROS package in '/home/zuki/GalacticRacing/sim_ws/src/particle_filter' with build type 'ament_python'
[0.462s] Level 1:colcon.colcon_core.shell:create_environment_hook('particle_filter', 'ament_prefix_path')
[0.469s] INFO:colcon.colcon_core.shell:Creating environment hook '/home/zuki/GalacticRacing/sim_ws/install/particle_filter/share/particle_filter/hook/ament_prefix_path.ps1'
[0.475s] INFO:colcon.colcon_core.shell:Creating environment descriptor '/home/zuki/GalacticRacing/sim_ws/install/particle_filter/share/particle_filter/hook/ament_prefix_path.dsv'
[0.476s] INFO:colcon.colcon_core.shell:Creating environment hook '/home/zuki/GalacticRacing/sim_ws/install/particle_filter/share/particle_filter/hook/ament_prefix_path.sh'
[0.477s] INFO:colcon.colcon_core.shell:Skip shell extension 'powershell' for command environment: Not usable outside of PowerShell
[0.477s] DEBUG:colcon.colcon_core.shell:Skip shell extension 'dsv' for command environment
[0.484s] INFO:colcon.colcon_ros.task.ament_cmake.build:Building ROS package in '/home/zuki/GalacticRacing/sim_ws/src/pure_pursuit' with build type 'ament_cmake'
[0.486s] INFO:colcon.colcon_cmake.task.cmake.build:Building CMake package in '/home/zuki/GalacticRacing/sim_ws/src/pure_pursuit'
[0.493s] INFO:colcon.colcon_core.shell:Skip shell extension 'powershell' for command environment: Not usable outside of PowerShell
[0.493s] DEBUG:colcon.colcon_core.shell:Skip shell extension 'dsv' for command environment
[0.513s] INFO:colcon.colcon_cmake.task.cmake.build:Building CMake package in '/home/zuki/GalacticRacing/sim_ws/range_libc'
[0.518s] INFO:colcon.colcon_core.shell:Skip shell extension 'powershell' for command environment: Not usable outside of PowerShell
[0.520s] DEBUG:colcon.colcon_core.shell:Skip shell extension 'dsv' for command environment
[0.726s] INFO:colcon.colcon_core.task.python.build:Building Python package in '/home/zuki/GalacticRacing/sim_ws/src/f1tenth_gym_ros'
[0.727s] INFO:colcon.colcon_core.shell:Skip shell extension 'powershell' for command environment: Not usable outside of PowerShell
[0.727s] DEBUG:colcon.colcon_core.shell:Skip shell extension 'dsv' for command environment
[0.745s] DEBUG:colcon.colcon_core.event_handler.log_command:Invoking command in '/home/zuki/GalacticRacing/sim_ws/build/gap_follow': CMAKE_PREFIX_PATH=${CMAKE_PREFIX_PATH}:/home/zuki/GalacticRacing/sim_ws/install/particle_filter:/home/zuki/GalacticRacing/sim_ws/install/f1tenth_gym_ros:/opt/ros/foxy /usr/bin/cmake --build /home/zuki/GalacticRacing/sim_ws/build/gap_follow -- -j6 -l6
[0.758s] DEBUG:colcon.colcon_core.event_handler.log_command:Invoking command in '/home/zuki/GalacticRacing/sim_ws/build/lab5_pkg': CMAKE_PREFIX_PATH=${CMAKE_PREFIX_PATH}:/home/zuki/GalacticRacing/sim_ws/install/particle_filter:/home/zuki/GalacticRacing/sim_ws/install/f1tenth_gym_ros:/opt/ros/foxy /usr/bin/cmake --build /home/zuki/GalacticRacing/sim_ws/build/lab5_pkg -- -j6 -l6
[0.977s] INFO:colcon.colcon_core.task.python.build:Building Python package in '/home/zuki/GalacticRacing/sim_ws/src/particle_filter'
[0.978s] INFO:colcon.colcon_core.shell:Skip shell extension 'powershell' for command environment: Not usable outside of PowerShell
[0.978s] DEBUG:colcon.colcon_core.shell:Skip shell extension 'dsv' for command environment
[0.996s] DEBUG:colcon.colcon_core.event_handler.log_command:Invoking command in '/home/zuki/GalacticRacing/sim_ws/build/pure_pursuit': CMAKE_PREFIX_PATH=${CMAKE_PREFIX_PATH}:/home/zuki/GalacticRacing/sim_ws/install/particle_filter:/home/zuki/GalacticRacing/sim_ws/install/f1tenth_gym_ros:/opt/ros/foxy /usr/bin/cmake --build /home/zuki/GalacticRacing/sim_ws/build/pure_pursuit -- -j6 -l6
[1.000s] DEBUG:colcon.colcon_core.event_handler.log_command:Invoking command in '/home/zuki/GalacticRacing/sim_ws/build/range_lib': /usr/bin/cmake /home/zuki/GalacticRacing/sim_ws/range_libc -DCMAKE_INSTALL_PREFIX=/home/zuki/GalacticRacing/sim_ws/install/range_lib
[1.017s] DEBUG:colcon.colcon_core.event_handler.log_command:Invoked command in '/home/zuki/GalacticRacing/sim_ws/build/gap_follow' returned '0': CMAKE_PREFIX_PATH=${CMAKE_PREFIX_PATH}:/home/zuki/GalacticRacing/sim_ws/install/particle_filter:/home/zuki/GalacticRacing/sim_ws/install/f1tenth_gym_ros:/opt/ros/foxy /usr/bin/cmake --build /home/zuki/GalacticRacing/sim_ws/build/gap_follow -- -j6 -l6
[1.022s] DEBUG:colcon.colcon_core.event_handler.log_command:Invoked command in '/home/zuki/GalacticRacing/sim_ws/build/lab5_pkg' returned '0': CMAKE_PREFIX_PATH=${CMAKE_PREFIX_PATH}:/home/zuki/GalacticRacing/sim_ws/install/particle_filter:/home/zuki/GalacticRacing/sim_ws/install/f1tenth_gym_ros:/opt/ros/foxy /usr/bin/cmake --build /home/zuki/GalacticRacing/sim_ws/build/lab5_pkg -- -j6 -l6
[1.098s] DEBUG:colcon.colcon_core.event_handler.log_command:Invoking command in '/home/zuki/GalacticRacing/sim_ws/build/gap_follow': CMAKE_PREFIX_PATH=${CMAKE_PREFIX_PATH}:/home/zuki/GalacticRacing/sim_ws/install/particle_filter:/home/zuki/GalacticRacing/sim_ws/install/f1tenth_gym_ros:/opt/ros/foxy /usr/bin/cmake --install /home/zuki/GalacticRacing/sim_ws/build/gap_follow
[1.104s] WARNING:colcon.colcon_cmake.task.cmake.build:Could not build CMake package 'range_lib' because the CMake cache has no 'CMAKE_PROJECT_NAME' variable
[1.108s] DEBUG:colcon.colcon_core.event_handler.log_command:Invoked command in '/home/zuki/GalacticRacing/sim_ws/build/range_lib' returned '0': /usr/bin/cmake /home/zuki/GalacticRacing/sim_ws/range_libc -DCMAKE_INSTALL_PREFIX=/home/zuki/GalacticRacing/sim_ws/install/range_lib
[1.109s] INFO:colcon.colcon_ros.task.ament_cmake.build:Building ROS package in '/home/zuki/GalacticRacing/sim_ws/src/safety_node' with build type 'ament_cmake'
[1.110s] INFO:colcon.colcon_cmake.task.cmake.build:Building CMake package in '/home/zuki/GalacticRacing/sim_ws/src/safety_node'
[1.110s] INFO:colcon.colcon_core.shell:Skip shell extension 'powershell' for command environment: Not usable outside of PowerShell
[1.110s] DEBUG:colcon.colcon_core.shell:Skip shell extension 'dsv' for command environment
[1.125s] DEBUG:colcon.colcon_core.event_handler.log_command:Invoking command in '/home/zuki/GalacticRacing/sim_ws/build/lab5_pkg': CMAKE_PREFIX_PATH=${CMAKE_PREFIX_PATH}:/home/zuki/GalacticRacing/sim_ws/install/particle_filter:/home/zuki/GalacticRacing/sim_ws/install/f1tenth_gym_ros:/opt/ros/foxy /usr/bin/cmake --install /home/zuki/GalacticRacing/sim_ws/build/lab5_pkg
[1.137s] DEBUG:colcon.colcon_core.event_handler.log_command:Invoked command in '/home/zuki/GalacticRacing/sim_ws/build/pure_pursuit' returned '0': CMAKE_PREFIX_PATH=${CMAKE_PREFIX_PATH}:/home/zuki/GalacticRacing/sim_ws/install/particle_filter:/home/zuki/GalacticRacing/sim_ws/install/f1tenth_gym_ros:/opt/ros/foxy /usr/bin/cmake --build /home/zuki/GalacticRacing/sim_ws/build/pure_pursuit -- -j6 -l6
[1.172s] DEBUG:colcon.colcon_core.event_handler.log_command:Invoking command in '/home/zuki/GalacticRacing/sim_ws/build/safety_node': CMAKE_PREFIX_PATH=${CMAKE_PREFIX_PATH}:/home/zuki/GalacticRacing/sim_ws/install/particle_filter:/home/zuki/GalacticRacing/sim_ws/install/f1tenth_gym_ros:/opt/ros/foxy /usr/bin/cmake --build /home/zuki/GalacticRacing/sim_ws/build/safety_node -- -j6 -l6
[1.176s] Level 1:colcon.colcon_core.environment:create_environment_scripts_only(gap_follow)
[1.179s] DEBUG:colcon.colcon_core.event_handler.log_command:Invoked command in '/home/zuki/GalacticRacing/sim_ws/build/gap_follow' returned '0': CMAKE_PREFIX_PATH=${CMAKE_PREFIX_PATH}:/home/zuki/GalacticRacing/sim_ws/install/particle_filter:/home/zuki/GalacticRacing/sim_ws/install/f1tenth_gym_ros:/opt/ros/foxy /usr/bin/cmake --install /home/zuki/GalacticRacing/sim_ws/build/gap_follow
[1.181s] Level 1:colcon.colcon_core.environment:checking '/home/zuki/GalacticRacing/sim_ws/install/gap_follow' for CMake module files
[1.181s] Level 1:colcon.colcon_core.environment:checking '/home/zuki/GalacticRacing/sim_ws/install/gap_follow' for CMake config files
[1.181s] Level 1:colcon.colcon_core.shell:create_environment_hook('gap_follow', 'cmake_prefix_path')
[1.182s] INFO:colcon.colcon_core.shell:Creating environment hook '/home/zuki/GalacticRacing/sim_ws/install/gap_follow/share/gap_follow/hook/cmake_prefix_path.ps1'
[1.183s] INFO:colcon.colcon_core.shell:Creating environment descriptor '/home/zuki/GalacticRacing/sim_ws/install/gap_follow/share/gap_follow/hook/cmake_prefix_path.dsv'
[1.184s] INFO:colcon.colcon_core.shell:Creating environment hook '/home/zuki/GalacticRacing/sim_ws/install/gap_follow/share/gap_follow/hook/cmake_prefix_path.sh'
[1.192s] Level 1:colcon.colcon_core.environment:checking '/home/zuki/GalacticRacing/sim_ws/install/gap_follow/lib'
[1.193s] Level 1:colcon.colcon_core.environment:checking '/home/zuki/GalacticRacing/sim_ws/install/gap_follow/bin'
[1.193s] Level 1:colcon.colcon_core.environment:checking '/home/zuki/GalacticRacing/sim_ws/install/gap_follow/lib/pkgconfig/gap_follow.pc'
[1.193s] Level 1:colcon.colcon_core.environment:checking '/home/zuki/GalacticRacing/sim_ws/install/gap_follow/lib/python3.8/site-packages'
[1.195s] Level 1:colcon.colcon_core.shell:create_environment_hook('gap_follow', 'pythonpath')
[1.196s] INFO:colcon.colcon_core.shell:Creating environment hook '/home/zuki/GalacticRacing/sim_ws/install/gap_follow/share/gap_follow/hook/pythonpath.ps1'
[1.199s] INFO:colcon.colcon_core.shell:Creating environment descriptor '/home/zuki/GalacticRacing/sim_ws/install/gap_follow/share/gap_follow/hook/pythonpath.dsv'
[1.199s] INFO:colcon.colcon_core.shell:Creating environment hook '/home/zuki/GalacticRacing/sim_ws/install/gap_follow/share/gap_follow/hook/pythonpath.sh'
[1.200s] Level 1:colcon.colcon_core.environment:checking '/home/zuki/GalacticRacing/sim_ws/install/gap_follow/bin'
[1.200s] INFO:colcon.colcon_core.shell:Creating package script '/home/zuki/GalacticRacing/sim_ws/install/gap_follow/share/gap_follow/package.ps1'
[1.201s] INFO:colcon.colcon_core.shell:Creating package descriptor '/home/zuki/GalacticRacing/sim_ws/install/gap_follow/share/gap_follow/package.dsv'
[1.202s] INFO:colcon.colcon_core.shell:Creating package script '/home/zuki/GalacticRacing/sim_ws/install/gap_follow/share/gap_follow/package.sh'
[1.202s] INFO:colcon.colcon_core.shell:Creating package script '/home/zuki/GalacticRacing/sim_ws/install/gap_follow/share/gap_follow/package.bash'
[1.203s] INFO:colcon.colcon_core.shell:Creating package script '/home/zuki/GalacticRacing/sim_ws/install/gap_follow/share/gap_follow/package.zsh'
[1.204s] Level 1:colcon.colcon_core.environment:create_file_with_runtime_dependencies(/home/zuki/GalacticRacing/sim_ws/install/gap_follow/share/colcon-core/packages/gap_follow)
[1.218s] DEBUG:colcon.colcon_core.event_handler.log_command:Invoking command in '/home/zuki/GalacticRacing/sim_ws/build/pure_pursuit': CMAKE_PREFIX_PATH=${CMAKE_PREFIX_PATH}:/home/zuki/GalacticRacing/sim_ws/install/particle_filter:/home/zuki/GalacticRacing/sim_ws/install/f1tenth_gym_ros:/opt/ros/foxy /usr/bin/cmake --install /home/zuki/GalacticRacing/sim_ws/build/pure_pursuit
[1.228s] Level 1:colcon.colcon_core.environment:create_environment_scripts_only(lab5_pkg)
[1.229s] Level 1:colcon.colcon_core.environment:checking '/home/zuki/GalacticRacing/sim_ws/install/lab5_pkg' for CMake module files
[1.229s] DEBUG:colcon.colcon_core.event_handler.log_command:Invoked command in '/home/zuki/GalacticRacing/sim_ws/build/lab5_pkg' returned '0': CMAKE_PREFIX_PATH=${CMAKE_PREFIX_PATH}:/home/zuki/GalacticRacing/sim_ws/install/particle_filter:/home/zuki/GalacticRacing/sim_ws/install/f1tenth_gym_ros:/opt/ros/foxy /usr/bin/cmake --install /home/zuki/GalacticRacing/sim_ws/build/lab5_pkg
[1.245s] Level 1:colcon.colcon_core.environment:checking '/home/zuki/GalacticRacing/sim_ws/install/lab5_pkg' for CMake config files
[1.246s] Level 1:colcon.colcon_core.shell:create_environment_hook('lab5_pkg', 'cmake_prefix_path')
[1.246s] INFO:colcon.colcon_core.shell:Creating environment hook '/home/zuki/GalacticRacing/sim_ws/install/lab5_pkg/share/lab5_pkg/hook/cmake_prefix_path.ps1'
[1.246s] INFO:colcon.colcon_core.shell:Creating environment descriptor '/home/zuki/GalacticRacing/sim_ws/install/lab5_pkg/share/lab5_pkg/hook/cmake_prefix_path.dsv'
[1.247s] INFO:colcon.colcon_core.shell:Creating environment hook '/home/zuki/GalacticRacing/sim_ws/install/lab5_pkg/share/lab5_pkg/hook/cmake_prefix_path.sh'
[1.248s] Level 1:colcon.colcon_core.environment:checking '/home/zuki/GalacticRacing/sim_ws/install/lab5_pkg/lib'
[1.248s] Level 1:colcon.colcon_core.environment:checking '/home/zuki/GalacticRacing/sim_ws/install/lab5_pkg/bin'
[1.248s] Level 1:colcon.colcon_core.environment:checking '/home/zuki/GalacticRacing/sim_ws/install/lab5_pkg/lib/pkgconfig/lab5_pkg.pc'
[1.249s] Level 1:colcon.colcon_core.environment:checking '/home/zuki/GalacticRacing/sim_ws/install/lab5_pkg/lib/python3.8/site-packages'
[1.249s] Level 1:colcon.colcon_core.shell:create_environment_hook('lab5_pkg', 'pythonpath')
[1.249s] INFO:colcon.colcon_core.shell:Creating environment hook '/home/zuki/GalacticRacing/sim_ws/install/lab5_pkg/share/lab5_pkg/hook/pythonpath.ps1'
[1.251s] INFO:colcon.colcon_core.shell:Creating environment descriptor '/home/zuki/GalacticRacing/sim_ws/install/lab5_pkg/share/lab5_pkg/hook/pythonpath.dsv'
[1.252s] INFO:colcon.colcon_core.shell:Creating environment hook '/home/zuki/GalacticRacing/sim_ws/install/lab5_pkg/share/lab5_pkg/hook/pythonpath.sh'
[1.254s] Level 1:colcon.colcon_core.environment:checking '/home/zuki/GalacticRacing/sim_ws/install/lab5_pkg/bin'
[1.256s] INFO:colcon.colcon_core.shell:Creating package script '/home/zuki/GalacticRacing/sim_ws/install/lab5_pkg/share/lab5_pkg/package.ps1'
[1.260s] INFO:colcon.colcon_core.shell:Creating package descriptor '/home/zuki/GalacticRacing/sim_ws/install/lab5_pkg/share/lab5_pkg/package.dsv'
[1.261s] INFO:colcon.colcon_core.shell:Creating package script '/home/zuki/GalacticRacing/sim_ws/install/lab5_pkg/share/lab5_pkg/package.sh'
[1.261s] INFO:colcon.colcon_core.shell:Creating package script '/home/zuki/GalacticRacing/sim_ws/install/lab5_pkg/share/lab5_pkg/package.bash'
[1.262s] INFO:colcon.colcon_core.shell:Creating package script '/home/zuki/GalacticRacing/sim_ws/install/lab5_pkg/share/lab5_pkg/package.zsh'
[1.263s] Level 1:colcon.colcon_core.environment:create_file_with_runtime_dependencies(/home/zuki/GalacticRacing/sim_ws/install/lab5_pkg/share/colcon-core/packages/lab5_pkg)
[1.289s] Level 1:colcon.colcon_core.environment:create_environment_scripts_only(gap_follow)
[1.289s] Level 1:colcon.colcon_core.environment:checking '/home/zuki/GalacticRacing/sim_ws/install/gap_follow' for CMake module files
[1.294s] Level 1:colcon.colcon_core.environment:checking '/home/zuki/GalacticRacing/sim_ws/install/gap_follow' for CMake config files
[1.295s] Level 1:colcon.colcon_core.shell:create_environment_hook('gap_follow', 'cmake_prefix_path')
[1.295s] INFO:colcon.colcon_core.shell:Creating environment hook '/home/zuki/GalacticRacing/sim_ws/install/gap_follow/share/gap_follow/hook/cmake_prefix_path.ps1'
[1.296s] INFO:colcon.colcon_core.shell:Creating environment descriptor '/home/zuki/GalacticRacing/sim_ws/install/gap_follow/share/gap_follow/hook/cmake_prefix_path.dsv'
[1.296s] INFO:colcon.colcon_core.shell:Creating environment hook '/home/zuki/GalacticRacing/sim_ws/install/gap_follow/share/gap_follow/hook/cmake_prefix_path.sh'
[1.297s] Level 1:colcon.colcon_core.environment:checking '/home/zuki/GalacticRacing/sim_ws/install/gap_follow/lib'
[1.297s] Level 1:colcon.colcon_core.environment:checking '/home/zuki/GalacticRacing/sim_ws/install/gap_follow/bin'
[1.297s] Level 1:colcon.colcon_core.environment:checking '/home/zuki/GalacticRacing/sim_ws/install/gap_follow/lib/pkgconfig/gap_follow.pc'
[1.297s] Level 1:colcon.colcon_core.environment:checking '/home/zuki/GalacticRacing/sim_ws/install/gap_follow/lib/python3.8/site-packages'
[1.298s] Level 1:colcon.colcon_core.shell:create_environment_hook('gap_follow', 'pythonpath')
[1.298s] INFO:colcon.colcon_core.shell:Creating environment hook '/home/zuki/GalacticRacing/sim_ws/install/gap_follow/share/gap_follow/hook/pythonpath.ps1'
[1.298s] INFO:colcon.colcon_core.shell:Creating environment descriptor '/home/zuki/GalacticRacing/sim_ws/install/gap_follow/share/gap_follow/hook/pythonpath.dsv'
[1.299s] INFO:colcon.colcon_core.shell:Creating environment hook '/home/zuki/GalacticRacing/sim_ws/install/gap_follow/share/gap_follow/hook/pythonpath.sh'
[1.300s] Level 1:colcon.colcon_core.environment:checking '/home/zuki/GalacticRacing/sim_ws/install/gap_follow/bin'
[1.300s] INFO:colcon.colcon_core.shell:Creating package script '/home/zuki/GalacticRacing/sim_ws/install/gap_follow/share/gap_follow/package.ps1'
[1.301s] INFO:colcon.colcon_core.shell:Creating package descriptor '/home/zuki/GalacticRacing/sim_ws/install/gap_follow/share/gap_follow/package.dsv'
[1.302s] INFO:colcon.colcon_core.shell:Creating package script '/home/zuki/GalacticRacing/sim_ws/install/gap_follow/share/gap_follow/package.sh'
[1.302s] INFO:colcon.colcon_core.shell:Creating package script '/home/zuki/GalacticRacing/sim_ws/install/gap_follow/share/gap_follow/package.bash'
[1.303s] INFO:colcon.colcon_core.shell:Creating package script '/home/zuki/GalacticRacing/sim_ws/install/gap_follow/share/gap_follow/package.zsh'
[1.304s] Level 1:colcon.colcon_core.environment:create_file_with_runtime_dependencies(/home/zuki/GalacticRacing/sim_ws/install/gap_follow/share/colcon-core/packages/gap_follow)
[1.309s] INFO:colcon.colcon_ros.task.ament_cmake.build:Building ROS package in '/home/zuki/GalacticRacing/sim_ws/src/wall_follow' with build type 'ament_cmake'
[1.309s] INFO:colcon.colcon_cmake.task.cmake.build:Building CMake package in '/home/zuki/GalacticRacing/sim_ws/src/wall_follow'
[1.310s] INFO:colcon.colcon_core.shell:Skip shell extension 'powershell' for command environment: Not usable outside of PowerShell
[1.310s] DEBUG:colcon.colcon_core.shell:Skip shell extension 'dsv' for command environment
[1.327s] DEBUG:colcon.colcon_core.event_handler.log_command:Invoked command in '/home/zuki/GalacticRacing/sim_ws/build/safety_node' returned '0': CMAKE_PREFIX_PATH=${CMAKE_PREFIX_PATH}:/home/zuki/GalacticRacing/sim_ws/install/particle_filter:/home/zuki/GalacticRacing/sim_ws/install/f1tenth_gym_ros:/opt/ros/foxy /usr/bin/cmake --build /home/zuki/GalacticRacing/sim_ws/build/safety_node -- -j6 -l6
[1.332s] Level 1:colcon.colcon_core.environment:create_environment_scripts_only(pure_pursuit)
[1.333s] Level 1:colcon.colcon_core.environment:checking '/home/zuki/GalacticRacing/sim_ws/install/pure_pursuit' for CMake module files
[1.334s] DEBUG:colcon.colcon_core.event_handler.log_command:Invoked command in '/home/zuki/GalacticRacing/sim_ws/build/pure_pursuit' returned '0': CMAKE_PREFIX_PATH=${CMAKE_PREFIX_PATH}:/home/zuki/GalacticRacing/sim_ws/install/particle_filter:/home/zuki/GalacticRacing/sim_ws/install/f1tenth_gym_ros:/opt/ros/foxy /usr/bin/cmake --install /home/zuki/GalacticRacing/sim_ws/build/pure_pursuit
[1.335s] Level 1:colcon.colcon_core.environment:checking '/home/zuki/GalacticRacing/sim_ws/install/pure_pursuit' for CMake config files
[1.335s] Level 1:colcon.colcon_core.shell:create_environment_hook('pure_pursuit', 'cmake_prefix_path')
[1.336s] INFO:colcon.colcon_core.shell:Creating environment hook '/home/zuki/GalacticRacing/sim_ws/install/pure_pursuit/share/pure_pursuit/hook/cmake_prefix_path.ps1'
[1.336s] INFO:colcon.colcon_core.shell:Creating environment descriptor '/home/zuki/GalacticRacing/sim_ws/install/pure_pursuit/share/pure_pursuit/hook/cmake_prefix_path.dsv'
[1.337s] INFO:colcon.colcon_core.shell:Creating environment hook '/home/zuki/GalacticRacing/sim_ws/install/pure_pursuit/share/pure_pursuit/hook/cmake_prefix_path.sh'
[1.338s] Level 1:colcon.colcon_core.environment:checking '/home/zuki/GalacticRacing/sim_ws/install/pure_pursuit/lib'
[1.338s] Level 1:colcon.colcon_core.environment:checking '/home/zuki/GalacticRacing/sim_ws/install/pure_pursuit/bin'
[1.338s] Level 1:colcon.colcon_core.environment:checking '/home/zuki/GalacticRacing/sim_ws/install/pure_pursuit/lib/pkgconfig/pure_pursuit.pc'
[1.340s] Level 1:colcon.colcon_core.environment:checking '/home/zuki/GalacticRacing/sim_ws/install/pure_pursuit/lib/python3.8/site-packages'
[1.341s] Level 1:colcon.colcon_core.shell:create_environment_hook('pure_pursuit', 'pythonpath')
[1.341s] INFO:colcon.colcon_core.shell:Creating environment hook '/home/zuki/GalacticRacing/sim_ws/install/pure_pursuit/share/pure_pursuit/hook/pythonpath.ps1'
[1.344s] INFO:colcon.colcon_core.shell:Creating environment descriptor '/home/zuki/GalacticRacing/sim_ws/install/pure_pursuit/share/pure_pursuit/hook/pythonpath.dsv'
[1.344s] INFO:colcon.colcon_core.shell:Creating environment hook '/home/zuki/GalacticRacing/sim_ws/install/pure_pursuit/share/pure_pursuit/hook/pythonpath.sh'
[1.345s] Level 1:colcon.colcon_core.environment:checking '/home/zuki/GalacticRacing/sim_ws/install/pure_pursuit/bin'
[1.345s] INFO:colcon.colcon_core.shell:Creating package script '/home/zuki/GalacticRacing/sim_ws/install/pure_pursuit/share/pure_pursuit/package.ps1'
[1.347s] INFO:colcon.colcon_core.shell:Creating package descriptor '/home/zuki/GalacticRacing/sim_ws/install/pure_pursuit/share/pure_pursuit/package.dsv'
[1.347s] INFO:colcon.colcon_core.shell:Creating package script '/home/zuki/GalacticRacing/sim_ws/install/pure_pursuit/share/pure_pursuit/package.sh'
[1.348s] INFO:colcon.colcon_core.shell:Creating package script '/home/zuki/GalacticRacing/sim_ws/install/pure_pursuit/share/pure_pursuit/package.bash'
[1.348s] INFO:colcon.colcon_core.shell:Creating package script '/home/zuki/GalacticRacing/sim_ws/install/pure_pursuit/share/pure_pursuit/package.zsh'
[1.349s] Level 1:colcon.colcon_core.environment:create_file_with_runtime_dependencies(/home/zuki/GalacticRacing/sim_ws/install/pure_pursuit/share/colcon-core/packages/pure_pursuit)
[1.359s] Level 1:colcon.colcon_core.environment:create_environment_scripts_only(lab5_pkg)
[1.359s] Level 1:colcon.colcon_core.environment:checking '/home/zuki/GalacticRacing/sim_ws/install/lab5_pkg' for CMake module files
[1.359s] Level 1:colcon.colcon_core.environment:checking '/home/zuki/GalacticRacing/sim_ws/install/lab5_pkg' for CMake config files
[1.361s] Level 1:colcon.colcon_core.shell:create_environment_hook('lab5_pkg', 'cmake_prefix_path')
[1.361s] INFO:colcon.colcon_core.shell:Creating environment hook '/home/zuki/GalacticRacing/sim_ws/install/lab5_pkg/share/lab5_pkg/hook/cmake_prefix_path.ps1'
[1.362s] INFO:colcon.colcon_core.shell:Creating environment descriptor '/home/zuki/GalacticRacing/sim_ws/install/lab5_pkg/share/lab5_pkg/hook/cmake_prefix_path.dsv'
[1.362s] INFO:colcon.colcon_core.shell:Creating environment hook '/home/zuki/GalacticRacing/sim_ws/install/lab5_pkg/share/lab5_pkg/hook/cmake_prefix_path.sh'
[1.363s] Level 1:colcon.colcon_core.environment:checking '/home/zuki/GalacticRacing/sim_ws/install/lab5_pkg/lib'
[1.363s] Level 1:colcon.colcon_core.environment:checking '/home/zuki/GalacticRacing/sim_ws/install/lab5_pkg/bin'
[1.363s] Level 1:colcon.colcon_core.environment:checking '/home/zuki/GalacticRacing/sim_ws/install/lab5_pkg/lib/pkgconfig/lab5_pkg.pc'
[1.363s] Level 1:colcon.colcon_core.environment:checking '/home/zuki/GalacticRacing/sim_ws/install/lab5_pkg/lib/python3.8/site-packages'
[1.363s] Level 1:colcon.colcon_core.shell:create_environment_hook('lab5_pkg', 'pythonpath')
[1.364s] INFO:colcon.colcon_core.shell:Creating environment hook '/home/zuki/GalacticRacing/sim_ws/install/lab5_pkg/share/lab5_pkg/hook/pythonpath.ps1'
[1.364s] INFO:colcon.colcon_core.shell:Creating environment descriptor '/home/zuki/GalacticRacing/sim_ws/install/lab5_pkg/share/lab5_pkg/hook/pythonpath.dsv'
[1.365s] INFO:colcon.colcon_core.shell:Creating environment hook '/home/zuki/GalacticRacing/sim_ws/install/lab5_pkg/share/lab5_pkg/hook/pythonpath.sh'
[1.365s] Level 1:colcon.colcon_core.environment:checking '/home/zuki/GalacticRacing/sim_ws/install/lab5_pkg/bin'
[1.365s] INFO:colcon.colcon_core.shell:Creating package script '/home/zuki/GalacticRacing/sim_ws/install/lab5_pkg/share/lab5_pkg/package.ps1'
[1.366s] INFO:colcon.colcon_core.shell:Creating package descriptor '/home/zuki/GalacticRacing/sim_ws/install/lab5_pkg/share/lab5_pkg/package.dsv'
[1.367s] INFO:colcon.colcon_core.shell:Creating package script '/home/zuki/GalacticRacing/sim_ws/install/lab5_pkg/share/lab5_pkg/package.sh'
[1.367s] INFO:colcon.colcon_core.shell:Creating package script '/home/zuki/GalacticRacing/sim_ws/install/lab5_pkg/share/lab5_pkg/package.bash'
[1.368s] INFO:colcon.colcon_core.shell:Creating package script '/home/zuki/GalacticRacing/sim_ws/install/lab5_pkg/share/lab5_pkg/package.zsh'
[1.368s] Level 1:colcon.colcon_core.environment:create_file_with_runtime_dependencies(/home/zuki/GalacticRacing/sim_ws/install/lab5_pkg/share/colcon-core/packages/lab5_pkg)
[1.372s] DEBUG:colcon.colcon_core.event_handler.log_command:Invoking command in '/home/zuki/GalacticRacing/sim_ws/build/wall_follow': CMAKE_PREFIX_PATH=${CMAKE_PREFIX_PATH}:/home/zuki/GalacticRacing/sim_ws/install/particle_filter:/home/zuki/GalacticRacing/sim_ws/install/f1tenth_gym_ros:/opt/ros/foxy /usr/bin/cmake --build /home/zuki/GalacticRacing/sim_ws/build/wall_follow -- -j6 -l6
[1.377s] INFO:colcon.colcon_ros.task.ament_cmake.build:Building ROS package in '/home/zuki/GalacticRacing/sim_ws/src/waypoint_logger' with build type 'ament_cmake'
[1.377s] INFO:colcon.colcon_cmake.task.cmake.build:Building CMake package in '/home/zuki/GalacticRacing/sim_ws/src/waypoint_logger'
[1.378s] INFO:colcon.colcon_core.shell:Skip shell extension 'powershell' for command environment: Not usable outside of PowerShell
[1.378s] DEBUG:colcon.colcon_core.shell:Skip shell extension 'dsv' for command environment
[1.400s] DEBUG:colcon.colcon_core.event_handler.log_command:Invoking command in '/home/zuki/GalacticRacing/sim_ws/build/safety_node': CMAKE_PREFIX_PATH=${CMAKE_PREFIX_PATH}:/home/zuki/GalacticRacing/sim_ws/install/particle_filter:/home/zuki/GalacticRacing/sim_ws/install/f1tenth_gym_ros:/opt/ros/foxy /usr/bin/cmake --install /home/zuki/GalacticRacing/sim_ws/build/safety_node
[1.410s] DEBUG:colcon.colcon_core.event_handler.log_command:Invoking command in '/home/zuki/GalacticRacing/sim_ws/build/waypoint_logger': CMAKE_PREFIX_PATH=${CMAKE_PREFIX_PATH}:/home/zuki/GalacticRacing/sim_ws/install/particle_filter:/home/zuki/GalacticRacing/sim_ws/install/f1tenth_gym_ros:/opt/ros/foxy /usr/bin/cmake --build /home/zuki/GalacticRacing/sim_ws/build/waypoint_logger -- -j6 -l6
[1.434s] Level 1:colcon.colcon_core.environment:create_environment_scripts_only(pure_pursuit)
[1.434s] Level 1:colcon.colcon_core.environment:checking '/home/zuki/GalacticRacing/sim_ws/install/pure_pursuit' for CMake module files
[1.434s] Level 1:colcon.colcon_core.environment:checking '/home/zuki/GalacticRacing/sim_ws/install/pure_pursuit' for CMake config files
[1.436s] Level 1:colcon.colcon_core.shell:create_environment_hook('pure_pursuit', 'cmake_prefix_path')
[1.436s] INFO:colcon.colcon_core.shell:Creating environment hook '/home/zuki/GalacticRacing/sim_ws/install/pure_pursuit/share/pure_pursuit/hook/cmake_prefix_path.ps1'
[1.437s] INFO:colcon.colcon_core.shell:Creating environment descriptor '/home/zuki/GalacticRacing/sim_ws/install/pure_pursuit/share/pure_pursuit/hook/cmake_prefix_path.dsv'
[1.437s] INFO:colcon.colcon_core.shell:Creating environment hook '/home/zuki/GalacticRacing/sim_ws/install/pure_pursuit/share/pure_pursuit/hook/cmake_prefix_path.sh'
[1.438s] Level 1:colcon.colcon_core.environment:checking '/home/zuki/GalacticRacing/sim_ws/install/pure_pursuit/lib'
[1.438s] Level 1:colcon.colcon_core.environment:checking '/home/zuki/GalacticRacing/sim_ws/install/pure_pursuit/bin'
[1.438s] Level 1:colcon.colcon_core.environment:checking '/home/zuki/GalacticRacing/sim_ws/install/pure_pursuit/lib/pkgconfig/pure_pursuit.pc'
[1.439s] Level 1:colcon.colcon_core.environment:checking '/home/zuki/GalacticRacing/sim_ws/install/pure_pursuit/lib/python3.8/site-packages'
[1.439s] Level 1:colcon.colcon_core.shell:create_environment_hook('pure_pursuit', 'pythonpath')
[1.439s] INFO:colcon.colcon_core.shell:Creating environment hook '/home/zuki/GalacticRacing/sim_ws/install/pure_pursuit/share/pure_pursuit/hook/pythonpath.ps1'
[1.439s] INFO:colcon.colcon_core.shell:Creating environment descriptor '/home/zuki/GalacticRacing/sim_ws/install/pure_pursuit/share/pure_pursuit/hook/pythonpath.dsv'
[1.440s] INFO:colcon.colcon_core.shell:Creating environment hook '/home/zuki/GalacticRacing/sim_ws/install/pure_pursuit/share/pure_pursuit/hook/pythonpath.sh'
[1.440s] Level 1:colcon.colcon_core.environment:checking '/home/zuki/GalacticRacing/sim_ws/install/pure_pursuit/bin'
[1.441s] INFO:colcon.colcon_core.shell:Creating package script '/home/zuki/GalacticRacing/sim_ws/install/pure_pursuit/share/pure_pursuit/package.ps1'
[1.442s] INFO:colcon.colcon_core.shell:Creating package descriptor '/home/zuki/GalacticRacing/sim_ws/install/pure_pursuit/share/pure_pursuit/package.dsv'
[1.443s] INFO:colcon.colcon_core.shell:Creating package script '/home/zuki/GalacticRacing/sim_ws/install/pure_pursuit/share/pure_pursuit/package.sh'
[1.445s] INFO:colcon.colcon_core.shell:Creating package script '/home/zuki/GalacticRacing/sim_ws/install/pure_pursuit/share/pure_pursuit/package.bash'
[1.447s] INFO:colcon.colcon_core.shell:Creating package script '/home/zuki/GalacticRacing/sim_ws/install/pure_pursuit/share/pure_pursuit/package.zsh'
[1.447s] Level 1:colcon.colcon_core.environment:create_file_with_runtime_dependencies(/home/zuki/GalacticRacing/sim_ws/install/pure_pursuit/share/colcon-core/packages/pure_pursuit)
[1.456s] DEBUG:colcon.colcon_core.event_handler.log_command:Invoking command in '/home/zuki/GalacticRacing/sim_ws/src/particle_filter': PYTHONPATH=/home/zuki/GalacticRacing/sim_ws/build/particle_filter/prefix_override:/home/zuki/GalacticRacing/sim_ws/install/particle_filter/lib/python3.8/site-packages:${PYTHONPATH} /usr/bin/python3 -W ignore:setup.py install is deprecated setup.py egg_info --egg-base ../../build/particle_filter build --build-base /home/zuki/GalacticRacing/sim_ws/build/particle_filter/build install --record /home/zuki/GalacticRacing/sim_ws/build/particle_filter/install.log --install-scripts $base/lib/particle_filter --single-version-externally-managed install_data
[1.469s] DEBUG:colcon.colcon_core.event_handler.log_command:Invoked command in '/home/zuki/GalacticRacing/sim_ws/build/waypoint_logger' returned '0': CMAKE_PREFIX_PATH=${CMAKE_PREFIX_PATH}:/home/zuki/GalacticRacing/sim_ws/install/particle_filter:/home/zuki/GalacticRacing/sim_ws/install/f1tenth_gym_ros:/opt/ros/foxy /usr/bin/cmake --build /home/zuki/GalacticRacing/sim_ws/build/waypoint_logger -- -j6 -l6
[1.483s] Level 1:colcon.colcon_core.environment:create_environment_scripts_only(safety_node)
[1.483s] Level 1:colcon.colcon_core.environment:checking '/home/zuki/GalacticRacing/sim_ws/install/safety_node' for CMake module files
[1.484s] Level 1:colcon.colcon_core.environment:checking '/home/zuki/GalacticRacing/sim_ws/install/safety_node' for CMake config files
[1.484s] Level 1:colcon.colcon_core.shell:create_environment_hook('safety_node', 'cmake_prefix_path')
[1.484s] INFO:colcon.colcon_core.shell:Creating environment hook '/home/zuki/GalacticRacing/sim_ws/install/safety_node/share/safety_node/hook/cmake_prefix_path.ps1'
[1.485s] INFO:colcon.colcon_core.shell:Creating environment descriptor '/home/zuki/GalacticRacing/sim_ws/install/safety_node/share/safety_node/hook/cmake_prefix_path.dsv'
[1.486s] INFO:colcon.colcon_core.shell:Creating environment hook '/home/zuki/GalacticRacing/sim_ws/install/safety_node/share/safety_node/hook/cmake_prefix_path.sh'
[1.486s] Level 1:colcon.colcon_core.environment:checking '/home/zuki/GalacticRacing/sim_ws/install/safety_node/lib'
[1.488s] Level 1:colcon.colcon_core.environment:checking '/home/zuki/GalacticRacing/sim_ws/install/safety_node/bin'
[1.488s] Level 1:colcon.colcon_core.environment:checking '/home/zuki/GalacticRacing/sim_ws/install/safety_node/lib/pkgconfig/safety_node.pc'
[1.488s] Level 1:colcon.colcon_core.environment:checking '/home/zuki/GalacticRacing/sim_ws/install/safety_node/lib/python3.8/site-packages'
[1.488s] Level 1:colcon.colcon_core.shell:create_environment_hook('safety_node', 'pythonpath')
[1.489s] INFO:colcon.colcon_core.shell:Creating environment hook '/home/zuki/GalacticRacing/sim_ws/install/safety_node/share/safety_node/hook/pythonpath.ps1'
[1.489s] INFO:colcon.colcon_core.shell:Creating environment descriptor '/home/zuki/GalacticRacing/sim_ws/install/safety_node/share/safety_node/hook/pythonpath.dsv'
[1.490s] INFO:colcon.colcon_core.shell:Creating environment hook '/home/zuki/GalacticRacing/sim_ws/install/safety_node/share/safety_node/hook/pythonpath.sh'
[1.491s] Level 1:colcon.colcon_core.environment:checking '/home/zuki/GalacticRacing/sim_ws/install/safety_node/bin'
[1.492s] INFO:colcon.colcon_core.shell:Creating package script '/home/zuki/GalacticRacing/sim_ws/install/safety_node/share/safety_node/package.ps1'
[1.492s] INFO:colcon.colcon_core.shell:Creating package descriptor '/home/zuki/GalacticRacing/sim_ws/install/safety_node/share/safety_node/package.dsv'
[1.494s] INFO:colcon.colcon_core.shell:Creating package script '/home/zuki/GalacticRacing/sim_ws/install/safety_node/share/safety_node/package.sh'
[1.494s] DEBUG:colcon.colcon_core.event_handler.log_command:Invoked command in '/home/zuki/GalacticRacing/sim_ws/build/safety_node' returned '0': CMAKE_PREFIX_PATH=${CMAKE_PREFIX_PATH}:/home/zuki/GalacticRacing/sim_ws/install/particle_filter:/home/zuki/GalacticRacing/sim_ws/install/f1tenth_gym_ros:/opt/ros/foxy /usr/bin/cmake --install /home/zuki/GalacticRacing/sim_ws/build/safety_node
[1.495s] INFO:colcon.colcon_core.shell:Creating package script '/home/zuki/GalacticRacing/sim_ws/install/safety_node/share/safety_node/package.bash'
[1.496s] INFO:colcon.colcon_core.shell:Creating package script '/home/zuki/GalacticRacing/sim_ws/install/safety_node/share/safety_node/package.zsh'
[1.496s] Level 1:colcon.colcon_core.environment:create_file_with_runtime_dependencies(/home/zuki/GalacticRacing/sim_ws/install/safety_node/share/colcon-core/packages/safety_node)
[1.518s] DEBUG:colcon.colcon_core.event_handler.log_command:Invoking command in '/home/zuki/GalacticRacing/sim_ws/src/f1tenth_gym_ros': PYTHONPATH=/home/zuki/GalacticRacing/sim_ws/build/f1tenth_gym_ros/prefix_override:/home/zuki/GalacticRacing/sim_ws/install/f1tenth_gym_ros/lib/python3.8/site-packages:${PYTHONPATH} /usr/bin/python3 -W ignore:setup.py install is deprecated setup.py egg_info --egg-base ../../build/f1tenth_gym_ros build --build-base /home/zuki/GalacticRacing/sim_ws/build/f1tenth_gym_ros/build install --record /home/zuki/GalacticRacing/sim_ws/build/f1tenth_gym_ros/install.log --install-scripts $base/lib/f1tenth_gym_ros --single-version-externally-managed install_data
[1.527s] DEBUG:colcon.colcon_core.event_handler.log_command:Invoking command in '/home/zuki/GalacticRacing/sim_ws/build/waypoint_logger': CMAKE_PREFIX_PATH=${CMAKE_PREFIX_PATH}:/home/zuki/GalacticRacing/sim_ws/install/particle_filter:/home/zuki/GalacticRacing/sim_ws/install/f1tenth_gym_ros:/opt/ros/foxy /usr/bin/cmake --install /home/zuki/GalacticRacing/sim_ws/build/waypoint_logger
[1.530s] DEBUG:colcon.colcon_core.event_handler.log_command:Invoked command in '/home/zuki/GalacticRacing/sim_ws/build/wall_follow' returned '0': CMAKE_PREFIX_PATH=${CMAKE_PREFIX_PATH}:/home/zuki/GalacticRacing/sim_ws/install/particle_filter:/home/zuki/GalacticRacing/sim_ws/install/f1tenth_gym_ros:/opt/ros/foxy /usr/bin/cmake --build /home/zuki/GalacticRacing/sim_ws/build/wall_follow -- -j6 -l6
[1.563s] Level 1:colcon.colcon_core.environment:create_environment_scripts_only(safety_node)
[1.563s] Level 1:colcon.colcon_core.environment:checking '/home/zuki/GalacticRacing/sim_ws/install/safety_node' for CMake module files
[1.564s] Level 1:colcon.colcon_core.environment:checking '/home/zuki/GalacticRacing/sim_ws/install/safety_node' for CMake config files
[1.564s] Level 1:colcon.colcon_core.shell:create_environment_hook('safety_node', 'cmake_prefix_path')
[1.564s] INFO:colcon.colcon_core.shell:Creating environment hook '/home/zuki/GalacticRacing/sim_ws/install/safety_node/share/safety_node/hook/cmake_prefix_path.ps1'
[1.565s] INFO:colcon.colcon_core.shell:Creating environment descriptor '/home/zuki/GalacticRacing/sim_ws/install/safety_node/share/safety_node/hook/cmake_prefix_path.dsv'
[1.565s] INFO:colcon.colcon_core.shell:Creating environment hook '/home/zuki/GalacticRacing/sim_ws/install/safety_node/share/safety_node/hook/cmake_prefix_path.sh'
[1.565s] Level 1:colcon.colcon_core.environment:checking '/home/zuki/GalacticRacing/sim_ws/install/safety_node/lib'
[1.566s] Level 1:colcon.colcon_core.environment:checking '/home/zuki/GalacticRacing/sim_ws/install/safety_node/bin'
[1.566s] Level 1:colcon.colcon_core.environment:checking '/home/zuki/GalacticRacing/sim_ws/install/safety_node/lib/pkgconfig/safety_node.pc'
[1.566s] Level 1:colcon.colcon_core.environment:checking '/home/zuki/GalacticRacing/sim_ws/install/safety_node/lib/python3.8/site-packages'
[1.566s] Level 1:colcon.colcon_core.shell:create_environment_hook('safety_node', 'pythonpath')
[1.566s] INFO:colcon.colcon_core.shell:Creating environment hook '/home/zuki/GalacticRacing/sim_ws/install/safety_node/share/safety_node/hook/pythonpath.ps1'
[1.566s] INFO:colcon.colcon_core.shell:Creating environment descriptor '/home/zuki/GalacticRacing/sim_ws/install/safety_node/share/safety_node/hook/pythonpath.dsv'
[1.568s] INFO:colcon.colcon_core.shell:Creating environment hook '/home/zuki/GalacticRacing/sim_ws/install/safety_node/share/safety_node/hook/pythonpath.sh'
[1.569s] Level 1:colcon.colcon_core.environment:checking '/home/zuki/GalacticRacing/sim_ws/install/safety_node/bin'
[1.570s] INFO:colcon.colcon_core.shell:Creating package script '/home/zuki/GalacticRacing/sim_ws/install/safety_node/share/safety_node/package.ps1'
[1.570s] INFO:colcon.colcon_core.shell:Creating package descriptor '/home/zuki/GalacticRacing/sim_ws/install/safety_node/share/safety_node/package.dsv'
[1.572s] INFO:colcon.colcon_core.shell:Creating package script '/home/zuki/GalacticRacing/sim_ws/install/safety_node/share/safety_node/package.sh'
[1.572s] INFO:colcon.colcon_core.shell:Creating package script '/home/zuki/GalacticRacing/sim_ws/install/safety_node/share/safety_node/package.bash'
[1.573s] INFO:colcon.colcon_core.shell:Creating package script '/home/zuki/GalacticRacing/sim_ws/install/safety_node/share/safety_node/package.zsh'
[1.574s] Level 1:colcon.colcon_core.environment:create_file_with_runtime_dependencies(/home/zuki/GalacticRacing/sim_ws/install/safety_node/share/colcon-core/packages/safety_node)
[1.589s] Level 1:colcon.colcon_core.environment:create_environment_scripts_only(waypoint_logger)
[1.589s] DEBUG:colcon.colcon_core.event_handler.log_command:Invoked command in '/home/zuki/GalacticRacing/sim_ws/build/waypoint_logger' returned '0': CMAKE_PREFIX_PATH=${CMAKE_PREFIX_PATH}:/home/zuki/GalacticRacing/sim_ws/install/particle_filter:/home/zuki/GalacticRacing/sim_ws/install/f1tenth_gym_ros:/opt/ros/foxy /usr/bin/cmake --install /home/zuki/GalacticRacing/sim_ws/build/waypoint_logger
[1.590s] Level 1:colcon.colcon_core.environment:checking '/home/zuki/GalacticRacing/sim_ws/install/waypoint_logger' for CMake module files
[1.590s] Level 1:colcon.colcon_core.environment:checking '/home/zuki/GalacticRacing/sim_ws/install/waypoint_logger' for CMake config files
[1.591s] Level 1:colcon.colcon_core.shell:create_environment_hook('waypoint_logger', 'cmake_prefix_path')
[1.591s] INFO:colcon.colcon_core.shell:Creating environment hook '/home/zuki/GalacticRacing/sim_ws/install/waypoint_logger/share/waypoint_logger/hook/cmake_prefix_path.ps1'
[1.592s] INFO:colcon.colcon_core.shell:Creating environment descriptor '/home/zuki/GalacticRacing/sim_ws/install/waypoint_logger/share/waypoint_logger/hook/cmake_prefix_path.dsv'
[1.594s] INFO:colcon.colcon_core.shell:Creating environment hook '/home/zuki/GalacticRacing/sim_ws/install/waypoint_logger/share/waypoint_logger/hook/cmake_prefix_path.sh'
[1.595s] Level 1:colcon.colcon_core.environment:checking '/home/zuki/GalacticRacing/sim_ws/install/waypoint_logger/lib'
[1.595s] Level 1:colcon.colcon_core.environment:checking '/home/zuki/GalacticRacing/sim_ws/install/waypoint_logger/bin'
[1.595s] Level 1:colcon.colcon_core.environment:checking '/home/zuki/GalacticRacing/sim_ws/install/waypoint_logger/lib/pkgconfig/waypoint_logger.pc'
[1.595s] Level 1:colcon.colcon_core.environment:checking '/home/zuki/GalacticRacing/sim_ws/install/waypoint_logger/lib/python3.8/site-packages'
[1.595s] Level 1:colcon.colcon_core.shell:create_environment_hook('waypoint_logger', 'pythonpath')
[1.596s] INFO:colcon.colcon_core.shell:Creating environment hook '/home/zuki/GalacticRacing/sim_ws/install/waypoint_logger/share/waypoint_logger/hook/pythonpath.ps1'
[1.598s] INFO:colcon.colcon_core.shell:Creating environment descriptor '/home/zuki/GalacticRacing/sim_ws/install/waypoint_logger/share/waypoint_logger/hook/pythonpath.dsv'
[1.598s] INFO:colcon.colcon_core.shell:Creating environment hook '/home/zuki/GalacticRacing/sim_ws/install/waypoint_logger/share/waypoint_logger/hook/pythonpath.sh'
[1.599s] Level 1:colcon.colcon_core.environment:checking '/home/zuki/GalacticRacing/sim_ws/install/waypoint_logger/bin'
[1.599s] INFO:colcon.colcon_core.shell:Creating package script '/home/zuki/GalacticRacing/sim_ws/install/waypoint_logger/share/waypoint_logger/package.ps1'
[1.599s] INFO:colcon.colcon_core.shell:Creating package descriptor '/home/zuki/GalacticRacing/sim_ws/install/waypoint_logger/share/waypoint_logger/package.dsv'
[1.600s] INFO:colcon.colcon_core.shell:Creating package script '/home/zuki/GalacticRacing/sim_ws/install/waypoint_logger/share/waypoint_logger/package.sh'
[1.601s] INFO:colcon.colcon_core.shell:Creating package script '/home/zuki/GalacticRacing/sim_ws/install/waypoint_logger/share/waypoint_logger/package.bash'
[1.601s] INFO:colcon.colcon_core.shell:Creating package script '/home/zuki/GalacticRacing/sim_ws/install/waypoint_logger/share/waypoint_logger/package.zsh'
[1.602s] Level 1:colcon.colcon_core.environment:create_file_with_runtime_dependencies(/home/zuki/GalacticRacing/sim_ws/install/waypoint_logger/share/colcon-core/packages/waypoint_logger)
[1.609s] DEBUG:colcon.colcon_core.event_handler.log_command:Invoking command in '/home/zuki/GalacticRacing/sim_ws/build/wall_follow': CMAKE_PREFIX_PATH=${CMAKE_PREFIX_PATH}:/home/zuki/GalacticRacing/sim_ws/install/particle_filter:/home/zuki/GalacticRacing/sim_ws/install/f1tenth_gym_ros:/opt/ros/foxy /usr/bin/cmake --install /home/zuki/GalacticRacing/sim_ws/build/wall_follow
[1.634s] Level 1:colcon.colcon_core.environment:create_environment_scripts_only(waypoint_logger)
[1.635s] Level 1:colcon.colcon_core.environment:checking '/home/zuki/GalacticRacing/sim_ws/install/waypoint_logger' for CMake module files
[1.635s] Level 1:colcon.colcon_core.environment:checking '/home/zuki/GalacticRacing/sim_ws/install/waypoint_logger' for CMake config files
[1.635s] Level 1:colcon.colcon_core.shell:create_environment_hook('waypoint_logger', 'cmake_prefix_path')
[1.635s] INFO:colcon.colcon_core.shell:Creating environment hook '/home/zuki/GalacticRacing/sim_ws/install/waypoint_logger/share/waypoint_logger/hook/cmake_prefix_path.ps1'
[1.636s] INFO:colcon.colcon_core.shell:Creating environment descriptor '/home/zuki/GalacticRacing/sim_ws/install/waypoint_logger/share/waypoint_logger/hook/cmake_prefix_path.dsv'
[1.637s] INFO:colcon.colcon_core.shell:Creating environment hook '/home/zuki/GalacticRacing/sim_ws/install/waypoint_logger/share/waypoint_logger/hook/cmake_prefix_path.sh'
[1.637s] Level 1:colcon.colcon_core.environment:checking '/home/zuki/GalacticRacing/sim_ws/install/waypoint_logger/lib'
[1.637s] Level 1:colcon.colcon_core.environment:checking '/home/zuki/GalacticRacing/sim_ws/install/waypoint_logger/bin'
[1.638s] Level 1:colcon.colcon_core.environment:checking '/home/zuki/GalacticRacing/sim_ws/install/waypoint_logger/lib/pkgconfig/waypoint_logger.pc'
[1.638s] Level 1:colcon.colcon_core.environment:checking '/home/zuki/GalacticRacing/sim_ws/install/waypoint_logger/lib/python3.8/site-packages'
[1.638s] Level 1:colcon.colcon_core.shell:create_environment_hook('waypoint_logger', 'pythonpath')
[1.638s] INFO:colcon.colcon_core.shell:Creating environment hook '/home/zuki/GalacticRacing/sim_ws/install/waypoint_logger/share/waypoint_logger/hook/pythonpath.ps1'
[1.639s] INFO:colcon.colcon_core.shell:Creating environment descriptor '/home/zuki/GalacticRacing/sim_ws/install/waypoint_logger/share/waypoint_logger/hook/pythonpath.dsv'
[1.639s] INFO:colcon.colcon_core.shell:Creating environment hook '/home/zuki/GalacticRacing/sim_ws/install/waypoint_logger/share/waypoint_logger/hook/pythonpath.sh'
[1.640s] Level 1:colcon.colcon_core.environment:checking '/home/zuki/GalacticRacing/sim_ws/install/waypoint_logger/bin'
[1.640s] INFO:colcon.colcon_core.shell:Creating package script '/home/zuki/GalacticRacing/sim_ws/install/waypoint_logger/share/waypoint_logger/package.ps1'
[1.640s] INFO:colcon.colcon_core.shell:Creating package descriptor '/home/zuki/GalacticRacing/sim_ws/install/waypoint_logger/share/waypoint_logger/package.dsv'
[1.641s] INFO:colcon.colcon_core.shell:Creating package script '/home/zuki/GalacticRacing/sim_ws/install/waypoint_logger/share/waypoint_logger/package.sh'
[1.642s] INFO:colcon.colcon_core.shell:Creating package script '/home/zuki/GalacticRacing/sim_ws/install/waypoint_logger/share/waypoint_logger/package.bash'
[1.642s] INFO:colcon.colcon_core.shell:Creating package script '/home/zuki/GalacticRacing/sim_ws/install/waypoint_logger/share/waypoint_logger/package.zsh'
[1.643s] Level 1:colcon.colcon_core.environment:create_file_with_runtime_dependencies(/home/zuki/GalacticRacing/sim_ws/install/waypoint_logger/share/colcon-core/packages/waypoint_logger)
[1.666s] Level 1:colcon.colcon_core.environment:create_environment_scripts_only(wall_follow)
[1.668s] Level 1:colcon.colcon_core.environment:checking '/home/zuki/GalacticRacing/sim_ws/install/wall_follow' for CMake module files
[1.671s] Level 1:colcon.colcon_core.environment:checking '/home/zuki/GalacticRacing/sim_ws/install/wall_follow' for CMake config files
[1.672s] Level 1:colcon.colcon_core.shell:create_environment_hook('wall_follow', 'cmake_prefix_path')
[1.672s] INFO:colcon.colcon_core.shell:Creating environment hook '/home/zuki/GalacticRacing/sim_ws/install/wall_follow/share/wall_follow/hook/cmake_prefix_path.ps1'
[1.674s] DEBUG:colcon.colcon_core.event_handler.log_command:Invoked command in '/home/zuki/GalacticRacing/sim_ws/build/wall_follow' returned '0': CMAKE_PREFIX_PATH=${CMAKE_PREFIX_PATH}:/home/zuki/GalacticRacing/sim_ws/install/particle_filter:/home/zuki/GalacticRacing/sim_ws/install/f1tenth_gym_ros:/opt/ros/foxy /usr/bin/cmake --install /home/zuki/GalacticRacing/sim_ws/build/wall_follow
[1.677s] INFO:colcon.colcon_core.shell:Creating environment descriptor '/home/zuki/GalacticRacing/sim_ws/install/wall_follow/share/wall_follow/hook/cmake_prefix_path.dsv'
[1.678s] INFO:colcon.colcon_core.shell:Creating environment hook '/home/zuki/GalacticRacing/sim_ws/install/wall_follow/share/wall_follow/hook/cmake_prefix_path.sh'
[1.680s] Level 1:colcon.colcon_core.environment:checking '/home/zuki/GalacticRacing/sim_ws/install/wall_follow/lib'
[1.680s] Level 1:colcon.colcon_core.environment:checking '/home/zuki/GalacticRacing/sim_ws/install/wall_follow/bin'
[1.680s] Level 1:colcon.colcon_core.environment:checking '/home/zuki/GalacticRacing/sim_ws/install/wall_follow/lib/pkgconfig/wall_follow.pc'
[1.680s] Level 1:colcon.colcon_core.environment:checking '/home/zuki/GalacticRacing/sim_ws/install/wall_follow/lib/python3.8/site-packages'
[1.680s] Level 1:colcon.colcon_core.shell:create_environment_hook('wall_follow', 'pythonpath')
[1.681s] INFO:colcon.colcon_core.shell:Creating environment hook '/home/zuki/GalacticRacing/sim_ws/install/wall_follow/share/wall_follow/hook/pythonpath.ps1'
[1.681s] INFO:colcon.colcon_core.shell:Creating environment descriptor '/home/zuki/GalacticRacing/sim_ws/install/wall_follow/share/wall_follow/hook/pythonpath.dsv'
[1.683s] INFO:colcon.colcon_core.shell:Creating environment hook '/home/zuki/GalacticRacing/sim_ws/install/wall_follow/share/wall_follow/hook/pythonpath.sh'
[1.684s] Level 1:colcon.colcon_core.environment:checking '/home/zuki/GalacticRacing/sim_ws/install/wall_follow/bin'
[1.684s] INFO:colcon.colcon_core.shell:Creating package script '/home/zuki/GalacticRacing/sim_ws/install/wall_follow/share/wall_follow/package.ps1'
[1.684s] INFO:colcon.colcon_core.shell:Creating package descriptor '/home/zuki/GalacticRacing/sim_ws/install/wall_follow/share/wall_follow/package.dsv'
[1.685s] INFO:colcon.colcon_core.shell:Creating package script '/home/zuki/GalacticRacing/sim_ws/install/wall_follow/share/wall_follow/package.sh'
[1.686s] INFO:colcon.colcon_core.shell:Creating package script '/home/zuki/GalacticRacing/sim_ws/install/wall_follow/share/wall_follow/package.bash'
[1.686s] INFO:colcon.colcon_core.shell:Creating package script '/home/zuki/GalacticRacing/sim_ws/install/wall_follow/share/wall_follow/package.zsh'
[1.686s] Level 1:colcon.colcon_core.environment:create_file_with_runtime_dependencies(/home/zuki/GalacticRacing/sim_ws/install/wall_follow/share/colcon-core/packages/wall_follow)
[1.736s] Level 1:colcon.colcon_core.environment:create_environment_scripts_only(wall_follow)
[1.737s] Level 1:colcon.colcon_core.environment:checking '/home/zuki/GalacticRacing/sim_ws/install/wall_follow' for CMake module files
[1.740s] Level 1:colcon.colcon_core.environment:checking '/home/zuki/GalacticRacing/sim_ws/install/wall_follow' for CMake config files
[1.741s] Level 1:colcon.colcon_core.shell:create_environment_hook('wall_follow', 'cmake_prefix_path')
[1.742s] INFO:colcon.colcon_core.shell:Creating environment hook '/home/zuki/GalacticRacing/sim_ws/install/wall_follow/share/wall_follow/hook/cmake_prefix_path.ps1'
[1.743s] INFO:colcon.colcon_core.shell:Creating environment descriptor '/home/zuki/GalacticRacing/sim_ws/install/wall_follow/share/wall_follow/hook/cmake_prefix_path.dsv'
[1.743s] INFO:colcon.colcon_core.shell:Creating environment hook '/home/zuki/GalacticRacing/sim_ws/install/wall_follow/share/wall_follow/hook/cmake_prefix_path.sh'
[1.745s] Level 1:colcon.colcon_core.environment:checking '/home/zuki/GalacticRacing/sim_ws/install/wall_follow/lib'
[1.745s] Level 1:colcon.colcon_core.environment:checking '/home/zuki/GalacticRacing/sim_ws/install/wall_follow/bin'
[1.746s] Level 1:colcon.colcon_core.environment:checking '/home/zuki/GalacticRacing/sim_ws/install/wall_follow/lib/pkgconfig/wall_follow.pc'
[1.746s] Level 1:colcon.colcon_core.environment:checking '/home/zuki/GalacticRacing/sim_ws/install/wall_follow/lib/python3.8/site-packages'
[1.746s] Level 1:colcon.colcon_core.shell:create_environment_hook('wall_follow', 'pythonpath')
[1.746s] INFO:colcon.colcon_core.shell:Creating environment hook '/home/zuki/GalacticRacing/sim_ws/install/wall_follow/share/wall_follow/hook/pythonpath.ps1'
[1.747s] INFO:colcon.colcon_core.shell:Creating environment descriptor '/home/zuki/GalacticRacing/sim_ws/install/wall_follow/share/wall_follow/hook/pythonpath.dsv'
[1.747s] INFO:colcon.colcon_core.shell:Creating environment hook '/home/zuki/GalacticRacing/sim_ws/install/wall_follow/share/wall_follow/hook/pythonpath.sh'
[1.748s] Level 1:colcon.colcon_core.environment:checking '/home/zuki/GalacticRacing/sim_ws/install/wall_follow/bin'
[1.748s] INFO:colcon.colcon_core.shell:Creating package script '/home/zuki/GalacticRacing/sim_ws/install/wall_follow/share/wall_follow/package.ps1'
[1.749s] INFO:colcon.colcon_core.shell:Creating package descriptor '/home/zuki/GalacticRacing/sim_ws/install/wall_follow/share/wall_follow/package.dsv'
[1.750s] INFO:colcon.colcon_core.shell:Creating package script '/home/zuki/GalacticRacing/sim_ws/install/wall_follow/share/wall_follow/package.sh'
[1.751s] INFO:colcon.colcon_core.shell:Creating package script '/home/zuki/GalacticRacing/sim_ws/install/wall_follow/share/wall_follow/package.bash'
[1.752s] INFO:colcon.colcon_core.shell:Creating package script '/home/zuki/GalacticRacing/sim_ws/install/wall_follow/share/wall_follow/package.zsh'
[1.752s] Level 1:colcon.colcon_core.environment:create_file_with_runtime_dependencies(/home/zuki/GalacticRacing/sim_ws/install/wall_follow/share/colcon-core/packages/wall_follow)
[1.761s] Level 1:colcon.colcon_core.environment:checking '/home/zuki/GalacticRacing/sim_ws/install/particle_filter' for CMake module files
[1.764s] DEBUG:colcon.colcon_core.event_handler.log_command:Invoked command in '/home/zuki/GalacticRacing/sim_ws/src/particle_filter' returned '0': PYTHONPATH=/home/zuki/GalacticRacing/sim_ws/build/particle_filter/prefix_override:/home/zuki/GalacticRacing/sim_ws/install/particle_filter/lib/python3.8/site-packages:${PYTHONPATH} /usr/bin/python3 -W ignore:setup.py install is deprecated setup.py egg_info --egg-base ../../build/particle_filter build --build-base /home/zuki/GalacticRacing/sim_ws/build/particle_filter/build install --record /home/zuki/GalacticRacing/sim_ws/build/particle_filter/install.log --install-scripts $base/lib/particle_filter --single-version-externally-managed install_data
[1.774s] Level 1:colcon.colcon_core.environment:checking '/home/zuki/GalacticRacing/sim_ws/install/particle_filter' for CMake config files
[1.775s] Level 1:colcon.colcon_core.environment:checking '/home/zuki/GalacticRacing/sim_ws/install/particle_filter/lib'
[1.775s] Level 1:colcon.colcon_core.environment:checking '/home/zuki/GalacticRacing/sim_ws/install/particle_filter/bin'
[1.775s] Level 1:colcon.colcon_core.environment:checking '/home/zuki/GalacticRacing/sim_ws/install/particle_filter/lib/pkgconfig/particle_filter.pc'
[1.776s] Level 1:colcon.colcon_core.environment:checking '/home/zuki/GalacticRacing/sim_ws/install/particle_filter/lib/python3.8/site-packages'
[1.776s] Level 1:colcon.colcon_core.shell:create_environment_hook('particle_filter', 'pythonpath')
[1.776s] INFO:colcon.colcon_core.shell:Creating environment hook '/home/zuki/GalacticRacing/sim_ws/install/particle_filter/share/particle_filter/hook/pythonpath.ps1'
[1.776s] INFO:colcon.colcon_core.shell:Creating environment descriptor '/home/zuki/GalacticRacing/sim_ws/install/particle_filter/share/particle_filter/hook/pythonpath.dsv'
[1.777s] INFO:colcon.colcon_core.shell:Creating environment hook '/home/zuki/GalacticRacing/sim_ws/install/particle_filter/share/particle_filter/hook/pythonpath.sh'
[1.777s] Level 1:colcon.colcon_core.environment:checking '/home/zuki/GalacticRacing/sim_ws/install/particle_filter/bin'
[1.777s] Level 1:colcon.colcon_core.environment:create_environment_scripts_only(particle_filter)
[1.778s] INFO:colcon.colcon_core.shell:Creating package script '/home/zuki/GalacticRacing/sim_ws/install/particle_filter/share/particle_filter/package.ps1'
[1.779s] INFO:colcon.colcon_core.shell:Creating package descriptor '/home/zuki/GalacticRacing/sim_ws/install/particle_filter/share/particle_filter/package.dsv'
[1.779s] INFO:colcon.colcon_core.shell:Creating package script '/home/zuki/GalacticRacing/sim_ws/install/particle_filter/share/particle_filter/package.sh'
[1.780s] INFO:colcon.colcon_core.shell:Creating package script '/home/zuki/GalacticRacing/sim_ws/install/particle_filter/share/particle_filter/package.bash'
[1.780s] INFO:colcon.colcon_core.shell:Creating package script '/home/zuki/GalacticRacing/sim_ws/install/particle_filter/share/particle_filter/package.zsh'
[1.781s] Level 1:colcon.colcon_core.environment:create_file_with_runtime_dependencies(/home/zuki/GalacticRacing/sim_ws/install/particle_filter/share/colcon-core/packages/particle_filter)
[1.877s] Level 1:colcon.colcon_core.environment:checking '/home/zuki/GalacticRacing/sim_ws/install/f1tenth_gym_ros' for CMake module files
[1.878s] DEBUG:colcon.colcon_core.event_handler.log_command:Invoked command in '/home/zuki/GalacticRacing/sim_ws/src/f1tenth_gym_ros' returned '0': PYTHONPATH=/home/zuki/GalacticRacing/sim_ws/build/f1tenth_gym_ros/prefix_override:/home/zuki/GalacticRacing/sim_ws/install/f1tenth_gym_ros/lib/python3.8/site-packages:${PYTHONPATH} /usr/bin/python3 -W ignore:setup.py install is deprecated setup.py egg_info --egg-base ../../build/f1tenth_gym_ros build --build-base /home/zuki/GalacticRacing/sim_ws/build/f1tenth_gym_ros/build install --record /home/zuki/GalacticRacing/sim_ws/build/f1tenth_gym_ros/install.log --install-scripts $base/lib/f1tenth_gym_ros --single-version-externally-managed install_data
[1.882s] Level 1:colcon.colcon_core.environment:checking '/home/zuki/GalacticRacing/sim_ws/install/f1tenth_gym_ros' for CMake config files
[1.884s] Level 1:colcon.colcon_core.environment:checking '/home/zuki/GalacticRacing/sim_ws/install/f1tenth_gym_ros/lib'
[1.884s] Level 1:colcon.colcon_core.environment:checking '/home/zuki/GalacticRacing/sim_ws/install/f1tenth_gym_ros/bin'
[1.884s] Level 1:colcon.colcon_core.environment:checking '/home/zuki/GalacticRacing/sim_ws/install/f1tenth_gym_ros/lib/pkgconfig/f1tenth_gym_ros.pc'
[1.885s] Level 1:colcon.colcon_core.environment:checking '/home/zuki/GalacticRacing/sim_ws/install/f1tenth_gym_ros/lib/python3.8/site-packages'
[1.885s] Level 1:colcon.colcon_core.shell:create_environment_hook('f1tenth_gym_ros', 'pythonpath')
[1.885s] INFO:colcon.colcon_core.shell:Creating environment hook '/home/zuki/GalacticRacing/sim_ws/install/f1tenth_gym_ros/share/f1tenth_gym_ros/hook/pythonpath.ps1'
[1.885s] INFO:colcon.colcon_core.shell:Creating environment descriptor '/home/zuki/GalacticRacing/sim_ws/install/f1tenth_gym_ros/share/f1tenth_gym_ros/hook/pythonpath.dsv'
[1.886s] INFO:colcon.colcon_core.shell:Creating environment hook '/home/zuki/GalacticRacing/sim_ws/install/f1tenth_gym_ros/share/f1tenth_gym_ros/hook/pythonpath.sh'
[1.888s] Level 1:colcon.colcon_core.environment:checking '/home/zuki/GalacticRacing/sim_ws/install/f1tenth_gym_ros/bin'
[1.888s] Level 1:colcon.colcon_core.environment:create_environment_scripts_only(f1tenth_gym_ros)
[1.888s] INFO:colcon.colcon_core.shell:Creating package script '/home/zuki/GalacticRacing/sim_ws/install/f1tenth_gym_ros/share/f1tenth_gym_ros/package.ps1'
[1.889s] INFO:colcon.colcon_core.shell:Creating package descriptor '/home/zuki/GalacticRacing/sim_ws/install/f1tenth_gym_ros/share/f1tenth_gym_ros/package.dsv'
[1.889s] INFO:colcon.colcon_core.shell:Creating package script '/home/zuki/GalacticRacing/sim_ws/install/f1tenth_gym_ros/share/f1tenth_gym_ros/package.sh'
[1.893s] INFO:colcon.colcon_core.shell:Creating package script '/home/zuki/GalacticRacing/sim_ws/install/f1tenth_gym_ros/share/f1tenth_gym_ros/package.bash'
[1.894s] INFO:colcon.colcon_core.shell:Creating package script '/home/zuki/GalacticRacing/sim_ws/install/f1tenth_gym_ros/share/f1tenth_gym_ros/package.zsh'
[1.894s] Level 1:colcon.colcon_core.environment:create_file_with_runtime_dependencies(/home/zuki/GalacticRacing/sim_ws/install/f1tenth_gym_ros/share/colcon-core/packages/f1tenth_gym_ros)
[1.900s] DEBUG:colcon.colcon_parallel_executor.executor.parallel:closing loop
[1.900s] DEBUG:colcon.colcon_parallel_executor.executor.parallel:loop closed
[1.900s] DEBUG:colcon.colcon_parallel_executor.executor.parallel:run_until_complete finished with '0'
[1.900s] DEBUG:colcon.colcon_core.event_reactor:joining thread
[1.952s] INFO:colcon.colcon_core.plugin_system:Skipping extension 'colcon_notification.desktop_notification.terminal_notifier': Not used on non-Darwin systems
[1.954s] INFO:colcon.colcon_core.plugin_system:Skipping extension 'colcon_notification.desktop_notification.win32': Not used on non-Windows systems
[1.955s] INFO:colcon.colcon_notification.desktop_notification:Sending desktop notification using 'notify2'
[1.999s] DEBUG:colcon.colcon_core.event_reactor:joined thread
[2.000s] INFO:colcon.colcon_core.shell:Creating prefix script '/home/zuki/GalacticRacing/sim_ws/install/local_setup.ps1'
[2.001s] INFO:colcon.colcon_core.shell:Creating prefix util module '/home/zuki/GalacticRacing/sim_ws/install/_local_setup_util_ps1.py'
[2.002s] INFO:colcon.colcon_core.shell:Creating prefix chain script '/home/zuki/GalacticRacing/sim_ws/install/setup.ps1'
[2.004s] INFO:colcon.colcon_core.shell:Creating prefix script '/home/zuki/GalacticRacing/sim_ws/install/local_setup.sh'
[2.005s] INFO:colcon.colcon_core.shell:Creating prefix util module '/home/zuki/GalacticRacing/sim_ws/install/_local_setup_util_sh.py'
[2.006s] INFO:colcon.colcon_core.shell:Creating prefix chain script '/home/zuki/GalacticRacing/sim_ws/install/setup.sh'
[2.011s] INFO:colcon.colcon_core.shell:Creating prefix script '/home/zuki/GalacticRacing/sim_ws/install/local_setup.bash'
[2.013s] INFO:colcon.colcon_core.shell:Creating prefix chain script '/home/zuki/GalacticRacing/sim_ws/install/setup.bash'
[2.014s] INFO:colcon.colcon_core.shell:Creating prefix script '/home/zuki/GalacticRacing/sim_ws/install/local_setup.zsh'
[2.017s] INFO:colcon.colcon_core.shell:Creating prefix chain script '/home/zuki/GalacticRacing/sim_ws/install/setup.zsh'
