[0.020s] Invoking command in '/home/zuki/GalacticRacing/sim_ws/build/waypoint_logger': CMAKE_PREFIX_PATH=${CMAKE_PREFIX_PATH}:/home/zuki/GalacticRacing/sim_ws/install/particle_filter:/home/zuki/GalacticRacing/sim_ws/install/f1tenth_gym_ros:/opt/ros/foxy /usr/bin/cmake --build /home/zuki/GalacticRacing/sim_ws/build/waypoint_logger -- -j6 -l6
[0.163s] Invoked command in '/home/zuki/GalacticRacing/sim_ws/build/waypoint_logger' returned '0': CMAKE_PREFIX_PATH=${CMAKE_PREFIX_PATH}:/home/zuki/GalacticRacing/sim_ws/install/particle_filter:/home/zuki/GalacticRacing/sim_ws/install/f1tenth_gym_ros:/opt/ros/foxy /usr/bin/cmake --build /home/zuki/GalacticRacing/sim_ws/build/waypoint_logger -- -j6 -l6
[0.306s] Invoking command in '/home/zuki/GalacticRacing/sim_ws/build/waypoint_logger': CMAKE_PREFIX_PATH=${CMAKE_PREFIX_PATH}:/home/zuki/GalacticRacing/sim_ws/install/particle_filter:/home/zuki/GalacticRacing/sim_ws/install/f1tenth_gym_ros:/opt/ros/foxy /usr/bin/cmake --install /home/zuki/GalacticRacing/sim_ws/build/waypoint_logger
[0.314s] -- Install configuration: ""
[0.314s] -- Up-to-date: /home/zuki/GalacticRacing/sim_ws/install/waypoint_logger/share/waypoint_logger/environment/pythonpath.sh
[0.315s] -- Up-to-date: /home/zuki/GalacticRacing/sim_ws/install/waypoint_logger/share/waypoint_logger/environment/pythonpath.dsv
[0.315s] -- Up-to-date: /home/zuki/GalacticRacing/sim_ws/install/waypoint_logger/lib/python3.8/site-packages/waypoint_logger
[0.318s] -- Up-to-date: /home/zuki/GalacticRacing/sim_ws/install/waypoint_logger/lib/python3.8/site-packages/waypoint_logger/__init__.py
[0.387s] Listing '/home/zuki/GalacticRacing/sim_ws/install/waypoint_logger/lib/python3.8/site-packages/waypoint_logger'...
[0.402s] -- Up-to-date: /home/zuki/GalacticRacing/sim_ws/install/waypoint_logger/lib/waypoint_logger/waypoint_logger.py
[0.402s] -- Up-to-date: /home/zuki/GalacticRacing/sim_ws/install/waypoint_logger/share/ament_index/resource_index/package_run_dependencies/waypoint_logger
[0.403s] -- Up-to-date: /home/zuki/GalacticRacing/sim_ws/install/waypoint_logger/share/ament_index/resource_index/parent_prefix_path/waypoint_logger
[0.405s] -- Up-to-date: /home/zuki/GalacticRacing/sim_ws/install/waypoint_logger/share/waypoint_logger/environment/ament_prefix_path.sh
[0.405s] -- Up-to-date: /home/zuki/GalacticRacing/sim_ws/install/waypoint_logger/share/waypoint_logger/environment/ament_prefix_path.dsv
[0.405s] -- Up-to-date: /home/zuki/GalacticRacing/sim_ws/install/waypoint_logger/share/waypoint_logger/environment/path.sh
[0.406s] -- Up-to-date: /home/zuki/GalacticRacing/sim_ws/install/waypoint_logger/share/waypoint_logger/environment/path.dsv
[0.406s] -- Up-to-date: /home/zuki/GalacticRacing/sim_ws/install/waypoint_logger/share/waypoint_logger/local_setup.bash
[0.406s] -- Up-to-date: /home/zuki/GalacticRacing/sim_ws/install/waypoint_logger/share/waypoint_logger/local_setup.sh
[0.407s] -- Up-to-date: /home/zuki/GalacticRacing/sim_ws/install/waypoint_logger/share/waypoint_logger/local_setup.zsh
[0.407s] -- Up-to-date: /home/zuki/GalacticRacing/sim_ws/install/waypoint_logger/share/waypoint_logger/local_setup.dsv
[0.407s] -- Installing: /home/zuki/GalacticRacing/sim_ws/install/waypoint_logger/share/waypoint_logger/package.dsv
[0.413s] -- Up-to-date: /home/zuki/GalacticRacing/sim_ws/install/waypoint_logger/share/ament_index/resource_index/packages/waypoint_logger
[0.417s] -- Up-to-date: /home/zuki/GalacticRacing/sim_ws/install/waypoint_logger/share/waypoint_logger/cmake/waypoint_loggerConfig.cmake
[0.417s] -- Up-to-date: /home/zuki/GalacticRacing/sim_ws/install/waypoint_logger/share/waypoint_logger/cmake/waypoint_loggerConfig-version.cmake
[0.417s] -- Up-to-date: /home/zuki/GalacticRacing/sim_ws/install/waypoint_logger/share/waypoint_logger/package.xml
[0.435s] Invoked command in '/home/zuki/GalacticRacing/sim_ws/build/waypoint_logger' returned '0': CMAKE_PREFIX_PATH=${CMAKE_PREFIX_PATH}:/home/zuki/GalacticRacing/sim_ws/install/particle_filter:/home/zuki/GalacticRacing/sim_ws/install/f1tenth_gym_ros:/opt/ros/foxy /usr/bin/cmake --install /home/zuki/GalacticRacing/sim_ws/build/waypoint_logger
