[0.174s] DEBUG:colcon:Command line arguments: ['/usr/bin/colcon', 'build']
[0.175s] DEBUG:colcon:Parsed command line arguments: Namespace(allow_overriding=[], ament_cmake_args=None, base_paths=['.'], build_base='build', catkin_cmake_args=None, catkin_skip_building_tests=False, cmake_args=None, cmake_clean_cache=False, cmake_clean_first=False, cmake_force_configure=False, cmake_target=None, cmake_target_skip_unavailable=False, continue_on_error=False, event_handlers=None, executor='parallel', ignore_user_meta=False, install_base='install', log_base=None, log_level=None, main=<bound method BuildVerb.main of <colcon_core.verb.build.BuildVerb object at 0x7fd77c4a7eb0>>, merge_install=False, metas=['./colcon.meta'], packages_above=None, packages_above_and_dependencies=None, packages_above_depth=None, packages_end=None, packages_ignore=None, packages_ignore_regex=None, packages_select=None, packages_select_build_failed=False, packages_select_by_dep=None, packages_select_regex=None, packages_select_test_failures=False, packages_skip=None, packages_skip_build_finished=False, packages_skip_by_dep=None, packages_skip_regex=None, packages_skip_test_passed=False, packages_skip_up_to=None, packages_start=None, packages_up_to=None, packages_up_to_regex=None, parallel_workers=6, paths=None, symlink_install=False, test_result_base=None, verb_extension=<colcon_core.verb.build.BuildVerb object at 0x7fd77c4a7eb0>, verb_name='build', verb_parser=<colcon_defaults.argument_parser.defaults.DefaultArgumentsDecorator object at 0x7fd77c3c1a30>)
[0.339s] Level 1:colcon.colcon_core.package_discovery:discover_packages(colcon_meta) check parameters
[0.339s] Level 1:colcon.colcon_core.package_discovery:discover_packages(recursive) check parameters
[0.339s] Level 1:colcon.colcon_core.package_discovery:discover_packages(ignore) check parameters
[0.339s] Level 1:colcon.colcon_core.package_discovery:discover_packages(path) check parameters
[0.339s] Level 1:colcon.colcon_core.package_discovery:discover_packages(colcon_meta) discover
[0.339s] Level 1:colcon.colcon_core.package_discovery:discover_packages(recursive) discover
[0.340s] INFO:colcon.colcon_core.package_discovery:Crawling recursively for packages in '/home/zuki/GalacticRacing/sim_ws'
[0.340s] Level 1:colcon.colcon_core.package_identification:_identify(.) by extensions ['ignore', 'ignore_ament_install']
[0.340s] Level 1:colcon.colcon_core.package_identification:_identify(.) by extension 'ignore'
[0.340s] Level 1:colcon.colcon_core.package_identification:_identify(.) by extension 'ignore_ament_install'
[0.340s] Level 1:colcon.colcon_core.package_identification:_identify(.) by extensions ['colcon_pkg']
[0.340s] Level 1:colcon.colcon_core.package_identification:_identify(.) by extension 'colcon_pkg'
[0.340s] Level 1:colcon.colcon_core.package_identification:_identify(.) by extensions ['colcon_meta']
[0.340s] Level 1:colcon.colcon_core.package_identification:_identify(.) by extension 'colcon_meta'
[0.341s] Level 1:colcon.colcon_core.package_identification:_identify(.) by extensions ['ros']
[0.341s] Level 1:colcon.colcon_core.package_identification:_identify(.) by extension 'ros'
[0.351s] Level 1:colcon.colcon_core.package_identification:_identify(.) by extensions ['cmake', 'python']
[0.351s] Level 1:colcon.colcon_core.package_identification:_identify(.) by extension 'cmake'
[0.351s] Level 1:colcon.colcon_core.package_identification:_identify(.) by extension 'python'
[0.351s] Level 1:colcon.colcon_core.package_identification:_identify(.) by extensions ['python_setup_py']
[0.351s] Level 1:colcon.colcon_core.package_identification:_identify(.) by extension 'python_setup_py'
[0.352s] Level 1:colcon.colcon_core.package_identification:_identify(build) by extensions ['ignore', 'ignore_ament_install']
[0.352s] Level 1:colcon.colcon_core.package_identification:_identify(build) by extension 'ignore'
[0.352s] Level 1:colcon.colcon_core.package_identification:_identify(build) ignored
[0.352s] Level 1:colcon.colcon_core.package_identification:_identify(install) by extensions ['ignore', 'ignore_ament_install']
[0.352s] Level 1:colcon.colcon_core.package_identification:_identify(install) by extension 'ignore'
[0.352s] Level 1:colcon.colcon_core.package_identification:_identify(install) ignored
[0.352s] Level 1:colcon.colcon_core.package_identification:_identify(lab5_pkg) by extensions ['ignore', 'ignore_ament_install']
[0.353s] Level 1:colcon.colcon_core.package_identification:_identify(lab5_pkg) by extension 'ignore'
[0.353s] Level 1:colcon.colcon_core.package_identification:_identify(lab5_pkg) by extension 'ignore_ament_install'
[0.353s] Level 1:colcon.colcon_core.package_identification:_identify(lab5_pkg) by extensions ['colcon_pkg']
[0.353s] Level 1:colcon.colcon_core.package_identification:_identify(lab5_pkg) by extension 'colcon_pkg'
[0.353s] Level 1:colcon.colcon_core.package_identification:_identify(lab5_pkg) by extensions ['colcon_meta']
[0.353s] Level 1:colcon.colcon_core.package_identification:_identify(lab5_pkg) by extension 'colcon_meta'
[0.353s] Level 1:colcon.colcon_core.package_identification:_identify(lab5_pkg) by extensions ['ros']
[0.353s] Level 1:colcon.colcon_core.package_identification:_identify(lab5_pkg) by extension 'ros'
[0.356s] DEBUG:colcon.colcon_core.package_identification:Package 'lab5_pkg' with type 'ros.ament_cmake' and name 'lab5_pkg'
[0.357s] Level 1:colcon.colcon_core.package_identification:_identify(log) by extensions ['ignore', 'ignore_ament_install']
[0.357s] Level 1:colcon.colcon_core.package_identification:_identify(log) by extension 'ignore'
[0.357s] Level 1:colcon.colcon_core.package_identification:_identify(log) ignored
[0.357s] Level 1:colcon.colcon_core.package_identification:_identify(range_libc) by extensions ['ignore', 'ignore_ament_install']
[0.357s] Level 1:colcon.colcon_core.package_identification:_identify(range_libc) by extension 'ignore'
[0.357s] Level 1:colcon.colcon_core.package_identification:_identify(range_libc) by extension 'ignore_ament_install'
[0.357s] Level 1:colcon.colcon_core.package_identification:_identify(range_libc) by extensions ['colcon_pkg']
[0.357s] Level 1:colcon.colcon_core.package_identification:_identify(range_libc) by extension 'colcon_pkg'
[0.358s] Level 1:colcon.colcon_core.package_identification:_identify(range_libc) by extensions ['colcon_meta']
[0.358s] Level 1:colcon.colcon_core.package_identification:_identify(range_libc) by extension 'colcon_meta'
[0.358s] Level 1:colcon.colcon_core.package_identification:_identify(range_libc) by extensions ['ros']
[0.358s] Level 1:colcon.colcon_core.package_identification:_identify(range_libc) by extension 'ros'
[0.358s] Level 1:colcon.colcon_core.package_identification:_identify(range_libc) by extensions ['cmake', 'python']
[0.358s] Level 1:colcon.colcon_core.package_identification:_identify(range_libc) by extension 'cmake'
[0.370s] Level 1:colcon.colcon_core.package_identification:_identify(range_libc) by extension 'python'
[0.370s] DEBUG:colcon.colcon_core.package_identification:Package 'range_libc' with type 'cmake' and name 'range_lib'
[0.370s] Level 1:colcon.colcon_core.package_identification:_identify(src) by extensions ['ignore', 'ignore_ament_install']
[0.371s] Level 1:colcon.colcon_core.package_identification:_identify(src) by extension 'ignore'
[0.371s] Level 1:colcon.colcon_core.package_identification:_identify(src) by extension 'ignore_ament_install'
[0.371s] Level 1:colcon.colcon_core.package_identification:_identify(src) by extensions ['colcon_pkg']
[0.371s] Level 1:colcon.colcon_core.package_identification:_identify(src) by extension 'colcon_pkg'
[0.371s] Level 1:colcon.colcon_core.package_identification:_identify(src) by extensions ['colcon_meta']
[0.372s] Level 1:colcon.colcon_core.package_identification:_identify(src) by extension 'colcon_meta'
[0.372s] Level 1:colcon.colcon_core.package_identification:_identify(src) by extensions ['ros']
[0.372s] Level 1:colcon.colcon_core.package_identification:_identify(src) by extension 'ros'
[0.372s] Level 1:colcon.colcon_core.package_identification:_identify(src) by extensions ['cmake', 'python']
[0.372s] Level 1:colcon.colcon_core.package_identification:_identify(src) by extension 'cmake'
[0.372s] Level 1:colcon.colcon_core.package_identification:_identify(src) by extension 'python'
[0.372s] Level 1:colcon.colcon_core.package_identification:_identify(src) by extensions ['python_setup_py']
[0.372s] Level 1:colcon.colcon_core.package_identification:_identify(src) by extension 'python_setup_py'
[0.373s] Level 1:colcon.colcon_core.package_identification:_identify(src/f1tenth_gym_ros) by extensions ['ignore', 'ignore_ament_install']
[0.373s] Level 1:colcon.colcon_core.package_identification:_identify(src/f1tenth_gym_ros) by extension 'ignore'
[0.373s] Level 1:colcon.colcon_core.package_identification:_identify(src/f1tenth_gym_ros) by extension 'ignore_ament_install'
[0.374s] Level 1:colcon.colcon_core.package_identification:_identify(src/f1tenth_gym_ros) by extensions ['colcon_pkg']
[0.374s] Level 1:colcon.colcon_core.package_identification:_identify(src/f1tenth_gym_ros) by extension 'colcon_pkg'
[0.374s] Level 1:colcon.colcon_core.package_identification:_identify(src/f1tenth_gym_ros) by extensions ['colcon_meta']
[0.374s] Level 1:colcon.colcon_core.package_identification:_identify(src/f1tenth_gym_ros) by extension 'colcon_meta'
[0.374s] Level 1:colcon.colcon_core.package_identification:_identify(src/f1tenth_gym_ros) by extensions ['ros']
[0.374s] Level 1:colcon.colcon_core.package_identification:_identify(src/f1tenth_gym_ros) by extension 'ros'
[0.375s] DEBUG:colcon.colcon_core.package_identification:Package 'src/f1tenth_gym_ros' with type 'ros.ament_python' and name 'f1tenth_gym_ros'
[0.375s] Level 1:colcon.colcon_core.package_identification:_identify(src/gap_follow) by extensions ['ignore', 'ignore_ament_install']
[0.376s] Level 1:colcon.colcon_core.package_identification:_identify(src/gap_follow) by extension 'ignore'
[0.376s] Level 1:colcon.colcon_core.package_identification:_identify(src/gap_follow) by extension 'ignore_ament_install'
[0.376s] Level 1:colcon.colcon_core.package_identification:_identify(src/gap_follow) by extensions ['colcon_pkg']
[0.376s] Level 1:colcon.colcon_core.package_identification:_identify(src/gap_follow) by extension 'colcon_pkg'
[0.376s] Level 1:colcon.colcon_core.package_identification:_identify(src/gap_follow) by extensions ['colcon_meta']
[0.376s] Level 1:colcon.colcon_core.package_identification:_identify(src/gap_follow) by extension 'colcon_meta'
[0.376s] Level 1:colcon.colcon_core.package_identification:_identify(src/gap_follow) by extensions ['ros']
[0.376s] Level 1:colcon.colcon_core.package_identification:_identify(src/gap_follow) by extension 'ros'
[0.377s] DEBUG:colcon.colcon_core.package_identification:Package 'src/gap_follow' with type 'ros.ament_cmake' and name 'gap_follow'
[0.377s] Level 1:colcon.colcon_core.package_identification:_identify(src/lab5_pkg) by extensions ['ignore', 'ignore_ament_install']
[0.377s] Level 1:colcon.colcon_core.package_identification:_identify(src/lab5_pkg) by extension 'ignore'
[0.377s] Level 1:colcon.colcon_core.package_identification:_identify(src/lab5_pkg) by extension 'ignore_ament_install'
[0.378s] Level 1:colcon.colcon_core.package_identification:_identify(src/lab5_pkg) by extensions ['colcon_pkg']
[0.378s] Level 1:colcon.colcon_core.package_identification:_identify(src/lab5_pkg) by extension 'colcon_pkg'
[0.378s] Level 1:colcon.colcon_core.package_identification:_identify(src/lab5_pkg) by extensions ['colcon_meta']
[0.378s] Level 1:colcon.colcon_core.package_identification:_identify(src/lab5_pkg) by extension 'colcon_meta'
[0.378s] Level 1:colcon.colcon_core.package_identification:_identify(src/lab5_pkg) by extensions ['ros']
[0.378s] Level 1:colcon.colcon_core.package_identification:_identify(src/lab5_pkg) by extension 'ros'
[0.378s] Level 1:colcon.colcon_core.package_identification:_identify(src/lab5_pkg) by extensions ['cmake', 'python']
[0.378s] Level 1:colcon.colcon_core.package_identification:_identify(src/lab5_pkg) by extension 'cmake'
[0.378s] Level 1:colcon.colcon_core.package_identification:_identify(src/lab5_pkg) by extension 'python'
[0.379s] Level 1:colcon.colcon_core.package_identification:_identify(src/lab5_pkg) by extensions ['python_setup_py']
[0.379s] Level 1:colcon.colcon_core.package_identification:_identify(src/lab5_pkg) by extension 'python_setup_py'
[0.379s] Level 1:colcon.colcon_core.package_identification:_identify(src/particle_filter) by extensions ['ignore', 'ignore_ament_install']
[0.379s] Level 1:colcon.colcon_core.package_identification:_identify(src/particle_filter) by extension 'ignore'
[0.379s] Level 1:colcon.colcon_core.package_identification:_identify(src/particle_filter) by extension 'ignore_ament_install'
[0.379s] Level 1:colcon.colcon_core.package_identification:_identify(src/particle_filter) by extensions ['colcon_pkg']
[0.379s] Level 1:colcon.colcon_core.package_identification:_identify(src/particle_filter) by extension 'colcon_pkg'
[0.379s] Level 1:colcon.colcon_core.package_identification:_identify(src/particle_filter) by extensions ['colcon_meta']
[0.380s] Level 1:colcon.colcon_core.package_identification:_identify(src/particle_filter) by extension 'colcon_meta'
[0.380s] Level 1:colcon.colcon_core.package_identification:_identify(src/particle_filter) by extensions ['ros']
[0.380s] Level 1:colcon.colcon_core.package_identification:_identify(src/particle_filter) by extension 'ros'
[0.381s] DEBUG:colcon.colcon_core.package_identification:Package 'src/particle_filter' with type 'ros.ament_python' and name 'particle_filter'
[0.382s] Level 1:colcon.colcon_core.package_identification:_identify(src/pure_pursuit) by extensions ['ignore', 'ignore_ament_install']
[0.383s] Level 1:colcon.colcon_core.package_identification:_identify(src/pure_pursuit) by extension 'ignore'
[0.383s] Level 1:colcon.colcon_core.package_identification:_identify(src/pure_pursuit) by extension 'ignore_ament_install'
[0.383s] Level 1:colcon.colcon_core.package_identification:_identify(src/pure_pursuit) by extensions ['colcon_pkg']
[0.383s] Level 1:colcon.colcon_core.package_identification:_identify(src/pure_pursuit) by extension 'colcon_pkg'
[0.383s] Level 1:colcon.colcon_core.package_identification:_identify(src/pure_pursuit) by extensions ['colcon_meta']
[0.383s] Level 1:colcon.colcon_core.package_identification:_identify(src/pure_pursuit) by extension 'colcon_meta'
[0.383s] Level 1:colcon.colcon_core.package_identification:_identify(src/pure_pursuit) by extensions ['ros']
[0.384s] Level 1:colcon.colcon_core.package_identification:_identify(src/pure_pursuit) by extension 'ros'
[0.385s] DEBUG:colcon.colcon_core.package_identification:Package 'src/pure_pursuit' with type 'ros.ament_cmake' and name 'pure_pursuit'
[0.385s] Level 1:colcon.colcon_core.package_identification:_identify(src/safety_node) by extensions ['ignore', 'ignore_ament_install']
[0.385s] Level 1:colcon.colcon_core.package_identification:_identify(src/safety_node) by extension 'ignore'
[0.385s] Level 1:colcon.colcon_core.package_identification:_identify(src/safety_node) by extension 'ignore_ament_install'
[0.385s] Level 1:colcon.colcon_core.package_identification:_identify(src/safety_node) by extensions ['colcon_pkg']
[0.385s] Level 1:colcon.colcon_core.package_identification:_identify(src/safety_node) by extension 'colcon_pkg'
[0.385s] Level 1:colcon.colcon_core.package_identification:_identify(src/safety_node) by extensions ['colcon_meta']
[0.386s] Level 1:colcon.colcon_core.package_identification:_identify(src/safety_node) by extension 'colcon_meta'
[0.386s] Level 1:colcon.colcon_core.package_identification:_identify(src/safety_node) by extensions ['ros']
[0.386s] Level 1:colcon.colcon_core.package_identification:_identify(src/safety_node) by extension 'ros'
[0.387s] DEBUG:colcon.colcon_core.package_identification:Package 'src/safety_node' with type 'ros.ament_cmake' and name 'safety_node'
[0.387s] Level 1:colcon.colcon_core.package_identification:_identify(src/wall_follow) by extensions ['ignore', 'ignore_ament_install']
[0.387s] Level 1:colcon.colcon_core.package_identification:_identify(src/wall_follow) by extension 'ignore'
[0.387s] Level 1:colcon.colcon_core.package_identification:_identify(src/wall_follow) by extension 'ignore_ament_install'
[0.387s] Level 1:colcon.colcon_core.package_identification:_identify(src/wall_follow) by extensions ['colcon_pkg']
[0.387s] Level 1:colcon.colcon_core.package_identification:_identify(src/wall_follow) by extension 'colcon_pkg'
[0.387s] Level 1:colcon.colcon_core.package_identification:_identify(src/wall_follow) by extensions ['colcon_meta']
[0.388s] Level 1:colcon.colcon_core.package_identification:_identify(src/wall_follow) by extension 'colcon_meta'
[0.388s] Level 1:colcon.colcon_core.package_identification:_identify(src/wall_follow) by extensions ['ros']
[0.388s] Level 1:colcon.colcon_core.package_identification:_identify(src/wall_follow) by extension 'ros'
[0.389s] DEBUG:colcon.colcon_core.package_identification:Package 'src/wall_follow' with type 'ros.ament_cmake' and name 'wall_follow'
[0.389s] Level 1:colcon.colcon_core.package_identification:_identify(src/waypoint_logger) by extensions ['ignore', 'ignore_ament_install']
[0.389s] Level 1:colcon.colcon_core.package_identification:_identify(src/waypoint_logger) by extension 'ignore'
[0.389s] Level 1:colcon.colcon_core.package_identification:_identify(src/waypoint_logger) by extension 'ignore_ament_install'
[0.389s] Level 1:colcon.colcon_core.package_identification:_identify(src/waypoint_logger) by extensions ['colcon_pkg']
[0.389s] Level 1:colcon.colcon_core.package_identification:_identify(src/waypoint_logger) by extension 'colcon_pkg'
[0.390s] Level 1:colcon.colcon_core.package_identification:_identify(src/waypoint_logger) by extensions ['colcon_meta']
[0.390s] Level 1:colcon.colcon_core.package_identification:_identify(src/waypoint_logger) by extension 'colcon_meta'
[0.390s] Level 1:colcon.colcon_core.package_identification:_identify(src/waypoint_logger) by extensions ['ros']
[0.390s] Level 1:colcon.colcon_core.package_identification:_identify(src/waypoint_logger) by extension 'ros'
[0.391s] DEBUG:colcon.colcon_core.package_identification:Package 'src/waypoint_logger' with type 'ros.ament_cmake' and name 'waypoint_logger'
[0.391s] Level 1:colcon.colcon_core.package_discovery:discover_packages(recursive) using defaults
[0.391s] Level 1:colcon.colcon_core.package_discovery:discover_packages(ignore) discover
[0.391s] Level 1:colcon.colcon_core.package_discovery:discover_packages(ignore) using defaults
[0.391s] Level 1:colcon.colcon_core.package_discovery:discover_packages(path) discover
[0.392s] Level 1:colcon.colcon_core.package_discovery:discover_packages(path) using defaults
[0.409s] Level 1:colcon.colcon_core.package_discovery:discover_packages(prefix_path) check parameters
[0.409s] Level 1:colcon.colcon_core.package_discovery:discover_packages(prefix_path) discover
[0.411s] DEBUG:colcon.colcon_installed_package_information.package_discovery:Found 8 installed packages in /home/zuki/GalacticRacing/sim_ws/install
[0.412s] DEBUG:colcon.colcon_installed_package_information.package_discovery:Found 302 installed packages in /opt/ros/foxy
[0.423s] Level 1:colcon.colcon_core.package_discovery:discover_packages(prefix_path) using defaults
[0.484s] Level 5:colcon.colcon_core.verb:set package 'f1tenth_gym_ros' build argument 'cmake_args' from command line to 'None'
[0.484s] Level 5:colcon.colcon_core.verb:set package 'f1tenth_gym_ros' build argument 'cmake_target' from command line to 'None'
[0.484s] Level 5:colcon.colcon_core.verb:set package 'f1tenth_gym_ros' build argument 'cmake_target_skip_unavailable' from command line to 'False'
[0.484s] Level 5:colcon.colcon_core.verb:set package 'f1tenth_gym_ros' build argument 'cmake_clean_cache' from command line to 'False'
[0.484s] Level 5:colcon.colcon_core.verb:set package 'f1tenth_gym_ros' build argument 'cmake_clean_first' from command line to 'False'
[0.484s] Level 5:colcon.colcon_core.verb:set package 'f1tenth_gym_ros' build argument 'cmake_force_configure' from command line to 'False'
[0.484s] Level 5:colcon.colcon_core.verb:set package 'f1tenth_gym_ros' build argument 'ament_cmake_args' from command line to 'None'
[0.484s] Level 5:colcon.colcon_core.verb:set package 'f1tenth_gym_ros' build argument 'catkin_cmake_args' from command line to 'None'
[0.484s] Level 5:colcon.colcon_core.verb:set package 'f1tenth_gym_ros' build argument 'catkin_skip_building_tests' from command line to 'False'
[0.485s] DEBUG:colcon.colcon_core.verb:Building package 'f1tenth_gym_ros' with the following arguments: {'ament_cmake_args': None, 'build_base': '/home/zuki/GalacticRacing/sim_ws/build/f1tenth_gym_ros', 'catkin_cmake_args': None, 'catkin_skip_building_tests': False, 'cmake_args': None, 'cmake_clean_cache': False, 'cmake_clean_first': False, 'cmake_force_configure': False, 'cmake_target': None, 'cmake_target_skip_unavailable': False, 'install_base': '/home/zuki/GalacticRacing/sim_ws/install/f1tenth_gym_ros', 'merge_install': False, 'path': '/home/zuki/GalacticRacing/sim_ws/src/f1tenth_gym_ros', 'symlink_install': False, 'test_result_base': None}
[0.485s] Level 5:colcon.colcon_core.verb:set package 'gap_follow' build argument 'cmake_args' from command line to 'None'
[0.485s] Level 5:colcon.colcon_core.verb:set package 'gap_follow' build argument 'cmake_target' from command line to 'None'
[0.485s] Level 5:colcon.colcon_core.verb:set package 'gap_follow' build argument 'cmake_target_skip_unavailable' from command line to 'False'
[0.485s] Level 5:colcon.colcon_core.verb:set package 'gap_follow' build argument 'cmake_clean_cache' from command line to 'False'
[0.485s] Level 5:colcon.colcon_core.verb:set package 'gap_follow' build argument 'cmake_clean_first' from command line to 'False'
[0.485s] Level 5:colcon.colcon_core.verb:set package 'gap_follow' build argument 'cmake_force_configure' from command line to 'False'
[0.485s] Level 5:colcon.colcon_core.verb:set package 'gap_follow' build argument 'ament_cmake_args' from command line to 'None'
[0.485s] Level 5:colcon.colcon_core.verb:set package 'gap_follow' build argument 'catkin_cmake_args' from command line to 'None'
[0.485s] Level 5:colcon.colcon_core.verb:set package 'gap_follow' build argument 'catkin_skip_building_tests' from command line to 'False'
[0.485s] DEBUG:colcon.colcon_core.verb:Building package 'gap_follow' with the following arguments: {'ament_cmake_args': None, 'build_base': '/home/zuki/GalacticRacing/sim_ws/build/gap_follow', 'catkin_cmake_args': None, 'catkin_skip_building_tests': False, 'cmake_args': None, 'cmake_clean_cache': False, 'cmake_clean_first': False, 'cmake_force_configure': False, 'cmake_target': None, 'cmake_target_skip_unavailable': False, 'install_base': '/home/zuki/GalacticRacing/sim_ws/install/gap_follow', 'merge_install': False, 'path': '/home/zuki/GalacticRacing/sim_ws/src/gap_follow', 'symlink_install': False, 'test_result_base': None}
[0.485s] Level 5:colcon.colcon_core.verb:set package 'lab5_pkg' build argument 'cmake_args' from command line to 'None'
[0.486s] Level 5:colcon.colcon_core.verb:set package 'lab5_pkg' build argument 'cmake_target' from command line to 'None'
[0.486s] Level 5:colcon.colcon_core.verb:set package 'lab5_pkg' build argument 'cmake_target_skip_unavailable' from command line to 'False'
[0.486s] Level 5:colcon.colcon_core.verb:set package 'lab5_pkg' build argument 'cmake_clean_cache' from command line to 'False'
[0.486s] Level 5:colcon.colcon_core.verb:set package 'lab5_pkg' build argument 'cmake_clean_first' from command line to 'False'
[0.486s] Level 5:colcon.colcon_core.verb:set package 'lab5_pkg' build argument 'cmake_force_configure' from command line to 'False'
[0.486s] Level 5:colcon.colcon_core.verb:set package 'lab5_pkg' build argument 'ament_cmake_args' from command line to 'None'
[0.486s] Level 5:colcon.colcon_core.verb:set package 'lab5_pkg' build argument 'catkin_cmake_args' from command line to 'None'
[0.486s] Level 5:colcon.colcon_core.verb:set package 'lab5_pkg' build argument 'catkin_skip_building_tests' from command line to 'False'
[0.486s] DEBUG:colcon.colcon_core.verb:Building package 'lab5_pkg' with the following arguments: {'ament_cmake_args': None, 'build_base': '/home/zuki/GalacticRacing/sim_ws/build/lab5_pkg', 'catkin_cmake_args': None, 'catkin_skip_building_tests': False, 'cmake_args': None, 'cmake_clean_cache': False, 'cmake_clean_first': False, 'cmake_force_configure': False, 'cmake_target': None, 'cmake_target_skip_unavailable': False, 'install_base': '/home/zuki/GalacticRacing/sim_ws/install/lab5_pkg', 'merge_install': False, 'path': '/home/zuki/GalacticRacing/sim_ws/lab5_pkg', 'symlink_install': False, 'test_result_base': None}
[0.486s] Level 5:colcon.colcon_core.verb:set package 'particle_filter' build argument 'cmake_args' from command line to 'None'
[0.487s] Level 5:colcon.colcon_core.verb:set package 'particle_filter' build argument 'cmake_target' from command line to 'None'
[0.487s] Level 5:colcon.colcon_core.verb:set package 'particle_filter' build argument 'cmake_target_skip_unavailable' from command line to 'False'
[0.487s] Level 5:colcon.colcon_core.verb:set package 'particle_filter' build argument 'cmake_clean_cache' from command line to 'False'
[0.487s] Level 5:colcon.colcon_core.verb:set package 'particle_filter' build argument 'cmake_clean_first' from command line to 'False'
[0.487s] Level 5:colcon.colcon_core.verb:set package 'particle_filter' build argument 'cmake_force_configure' from command line to 'False'
[0.487s] Level 5:colcon.colcon_core.verb:set package 'particle_filter' build argument 'ament_cmake_args' from command line to 'None'
[0.487s] Level 5:colcon.colcon_core.verb:set package 'particle_filter' build argument 'catkin_cmake_args' from command line to 'None'
[0.487s] Level 5:colcon.colcon_core.verb:set package 'particle_filter' build argument 'catkin_skip_building_tests' from command line to 'False'
[0.487s] DEBUG:colcon.colcon_core.verb:Building package 'particle_filter' with the following arguments: {'ament_cmake_args': None, 'build_base': '/home/zuki/GalacticRacing/sim_ws/build/particle_filter', 'catkin_cmake_args': None, 'catkin_skip_building_tests': False, 'cmake_args': None, 'cmake_clean_cache': False, 'cmake_clean_first': False, 'cmake_force_configure': False, 'cmake_target': None, 'cmake_target_skip_unavailable': False, 'install_base': '/home/zuki/GalacticRacing/sim_ws/install/particle_filter', 'merge_install': False, 'path': '/home/zuki/GalacticRacing/sim_ws/src/particle_filter', 'symlink_install': False, 'test_result_base': None}
[0.487s] Level 5:colcon.colcon_core.verb:set package 'pure_pursuit' build argument 'cmake_args' from command line to 'None'
[0.487s] Level 5:colcon.colcon_core.verb:set package 'pure_pursuit' build argument 'cmake_target' from command line to 'None'
[0.487s] Level 5:colcon.colcon_core.verb:set package 'pure_pursuit' build argument 'cmake_target_skip_unavailable' from command line to 'False'
[0.487s] Level 5:colcon.colcon_core.verb:set package 'pure_pursuit' build argument 'cmake_clean_cache' from command line to 'False'
[0.487s] Level 5:colcon.colcon_core.verb:set package 'pure_pursuit' build argument 'cmake_clean_first' from command line to 'False'
[0.487s] Level 5:colcon.colcon_core.verb:set package 'pure_pursuit' build argument 'cmake_force_configure' from command line to 'False'
[0.487s] Level 5:colcon.colcon_core.verb:set package 'pure_pursuit' build argument 'ament_cmake_args' from command line to 'None'
[0.487s] Level 5:colcon.colcon_core.verb:set package 'pure_pursuit' build argument 'catkin_cmake_args' from command line to 'None'
[0.487s] Level 5:colcon.colcon_core.verb:set package 'pure_pursuit' build argument 'catkin_skip_building_tests' from command line to 'False'
[0.487s] DEBUG:colcon.colcon_core.verb:Building package 'pure_pursuit' with the following arguments: {'ament_cmake_args': None, 'build_base': '/home/zuki/GalacticRacing/sim_ws/build/pure_pursuit', 'catkin_cmake_args': None, 'catkin_skip_building_tests': False, 'cmake_args': None, 'cmake_clean_cache': False, 'cmake_clean_first': False, 'cmake_force_configure': False, 'cmake_target': None, 'cmake_target_skip_unavailable': False, 'install_base': '/home/zuki/GalacticRacing/sim_ws/install/pure_pursuit', 'merge_install': False, 'path': '/home/zuki/GalacticRacing/sim_ws/src/pure_pursuit', 'symlink_install': False, 'test_result_base': None}
[0.488s] Level 5:colcon.colcon_core.verb:set package 'range_lib' build argument 'cmake_args' from command line to 'None'
[0.488s] Level 5:colcon.colcon_core.verb:set package 'range_lib' build argument 'cmake_target' from command line to 'None'
[0.488s] Level 5:colcon.colcon_core.verb:set package 'range_lib' build argument 'cmake_target_skip_unavailable' from command line to 'False'
[0.488s] Level 5:colcon.colcon_core.verb:set package 'range_lib' build argument 'cmake_clean_cache' from command line to 'False'
[0.488s] Level 5:colcon.colcon_core.verb:set package 'range_lib' build argument 'cmake_clean_first' from command line to 'False'
[0.488s] Level 5:colcon.colcon_core.verb:set package 'range_lib' build argument 'cmake_force_configure' from command line to 'False'
[0.488s] Level 5:colcon.colcon_core.verb:set package 'range_lib' build argument 'ament_cmake_args' from command line to 'None'
[0.488s] Level 5:colcon.colcon_core.verb:set package 'range_lib' build argument 'catkin_cmake_args' from command line to 'None'
[0.488s] Level 5:colcon.colcon_core.verb:set package 'range_lib' build argument 'catkin_skip_building_tests' from command line to 'False'
[0.488s] DEBUG:colcon.colcon_core.verb:Building package 'range_lib' with the following arguments: {'ament_cmake_args': None, 'build_base': '/home/zuki/GalacticRacing/sim_ws/build/range_lib', 'catkin_cmake_args': None, 'catkin_skip_building_tests': False, 'cmake_args': None, 'cmake_clean_cache': False, 'cmake_clean_first': False, 'cmake_force_configure': False, 'cmake_target': None, 'cmake_target_skip_unavailable': False, 'install_base': '/home/zuki/GalacticRacing/sim_ws/install/range_lib', 'merge_install': False, 'path': '/home/zuki/GalacticRacing/sim_ws/range_libc', 'symlink_install': False, 'test_result_base': None}
[0.488s] Level 5:colcon.colcon_core.verb:set package 'safety_node' build argument 'cmake_args' from command line to 'None'
[0.488s] Level 5:colcon.colcon_core.verb:set package 'safety_node' build argument 'cmake_target' from command line to 'None'
[0.488s] Level 5:colcon.colcon_core.verb:set package 'safety_node' build argument 'cmake_target_skip_unavailable' from command line to 'False'
[0.488s] Level 5:colcon.colcon_core.verb:set package 'safety_node' build argument 'cmake_clean_cache' from command line to 'False'
[0.488s] Level 5:colcon.colcon_core.verb:set package 'safety_node' build argument 'cmake_clean_first' from command line to 'False'
[0.488s] Level 5:colcon.colcon_core.verb:set package 'safety_node' build argument 'cmake_force_configure' from command line to 'False'
[0.488s] Level 5:colcon.colcon_core.verb:set package 'safety_node' build argument 'ament_cmake_args' from command line to 'None'
[0.488s] Level 5:colcon.colcon_core.verb:set package 'safety_node' build argument 'catkin_cmake_args' from command line to 'None'
[0.488s] Level 5:colcon.colcon_core.verb:set package 'safety_node' build argument 'catkin_skip_building_tests' from command line to 'False'
[0.489s] DEBUG:colcon.colcon_core.verb:Building package 'safety_node' with the following arguments: {'ament_cmake_args': None, 'build_base': '/home/zuki/GalacticRacing/sim_ws/build/safety_node', 'catkin_cmake_args': None, 'catkin_skip_building_tests': False, 'cmake_args': None, 'cmake_clean_cache': False, 'cmake_clean_first': False, 'cmake_force_configure': False, 'cmake_target': None, 'cmake_target_skip_unavailable': False, 'install_base': '/home/zuki/GalacticRacing/sim_ws/install/safety_node', 'merge_install': False, 'path': '/home/zuki/GalacticRacing/sim_ws/src/safety_node', 'symlink_install': False, 'test_result_base': None}
[0.489s] Level 5:colcon.colcon_core.verb:set package 'wall_follow' build argument 'cmake_args' from command line to 'None'
[0.489s] Level 5:colcon.colcon_core.verb:set package 'wall_follow' build argument 'cmake_target' from command line to 'None'
[0.489s] Level 5:colcon.colcon_core.verb:set package 'wall_follow' build argument 'cmake_target_skip_unavailable' from command line to 'False'
[0.489s] Level 5:colcon.colcon_core.verb:set package 'wall_follow' build argument 'cmake_clean_cache' from command line to 'False'
[0.489s] Level 5:colcon.colcon_core.verb:set package 'wall_follow' build argument 'cmake_clean_first' from command line to 'False'
[0.489s] Level 5:colcon.colcon_core.verb:set package 'wall_follow' build argument 'cmake_force_configure' from command line to 'False'
[0.489s] Level 5:colcon.colcon_core.verb:set package 'wall_follow' build argument 'ament_cmake_args' from command line to 'None'
[0.489s] Level 5:colcon.colcon_core.verb:set package 'wall_follow' build argument 'catkin_cmake_args' from command line to 'None'
[0.489s] Level 5:colcon.colcon_core.verb:set package 'wall_follow' build argument 'catkin_skip_building_tests' from command line to 'False'
[0.489s] DEBUG:colcon.colcon_core.verb:Building package 'wall_follow' with the following arguments: {'ament_cmake_args': None, 'build_base': '/home/zuki/GalacticRacing/sim_ws/build/wall_follow', 'catkin_cmake_args': None, 'catkin_skip_building_tests': False, 'cmake_args': None, 'cmake_clean_cache': False, 'cmake_clean_first': False, 'cmake_force_configure': False, 'cmake_target': None, 'cmake_target_skip_unavailable': False, 'install_base': '/home/zuki/GalacticRacing/sim_ws/install/wall_follow', 'merge_install': False, 'path': '/home/zuki/GalacticRacing/sim_ws/src/wall_follow', 'symlink_install': False, 'test_result_base': None}
[0.490s] Level 5:colcon.colcon_core.verb:set package 'waypoint_logger' build argument 'cmake_args' from command line to 'None'
[0.490s] Level 5:colcon.colcon_core.verb:set package 'waypoint_logger' build argument 'cmake_target' from command line to 'None'
[0.491s] Level 5:colcon.colcon_core.verb:set package 'waypoint_logger' build argument 'cmake_target_skip_unavailable' from command line to 'False'
[0.491s] Level 5:colcon.colcon_core.verb:set package 'waypoint_logger' build argument 'cmake_clean_cache' from command line to 'False'
[0.491s] Level 5:colcon.colcon_core.verb:set package 'waypoint_logger' build argument 'cmake_clean_first' from command line to 'False'
[0.491s] Level 5:colcon.colcon_core.verb:set package 'waypoint_logger' build argument 'cmake_force_configure' from command line to 'False'
[0.491s] Level 5:colcon.colcon_core.verb:set package 'waypoint_logger' build argument 'ament_cmake_args' from command line to 'None'
[0.491s] Level 5:colcon.colcon_core.verb:set package 'waypoint_logger' build argument 'catkin_cmake_args' from command line to 'None'
[0.491s] Level 5:colcon.colcon_core.verb:set package 'waypoint_logger' build argument 'catkin_skip_building_tests' from command line to 'False'
[0.491s] DEBUG:colcon.colcon_core.verb:Building package 'waypoint_logger' with the following arguments: {'ament_cmake_args': None, 'build_base': '/home/zuki/GalacticRacing/sim_ws/build/waypoint_logger', 'catkin_cmake_args': None, 'catkin_skip_building_tests': False, 'cmake_args': None, 'cmake_clean_cache': False, 'cmake_clean_first': False, 'cmake_force_configure': False, 'cmake_target': None, 'cmake_target_skip_unavailable': False, 'install_base': '/home/zuki/GalacticRacing/sim_ws/install/waypoint_logger', 'merge_install': False, 'path': '/home/zuki/GalacticRacing/sim_ws/src/waypoint_logger', 'symlink_install': False, 'test_result_base': None}
[0.491s] INFO:colcon.colcon_core.executor:Executing jobs using 'parallel' executor
[0.492s] DEBUG:colcon.colcon_parallel_executor.executor.parallel:run_until_complete
[0.493s] INFO:colcon.colcon_ros.task.ament_python.build:Building ROS package in '/home/zuki/GalacticRacing/sim_ws/src/f1tenth_gym_ros' with build type 'ament_python'
[0.496s] Level 1:colcon.colcon_core.shell:create_environment_hook('f1tenth_gym_ros', 'ament_prefix_path')
[0.500s] INFO:colcon.colcon_core.plugin_system:Skipping extension 'colcon_core.shell.bat': Not used on non-Windows systems
[0.501s] INFO:colcon.colcon_core.shell:Creating environment hook '/home/zuki/GalacticRacing/sim_ws/install/f1tenth_gym_ros/share/f1tenth_gym_ros/hook/ament_prefix_path.ps1'
[0.507s] INFO:colcon.colcon_core.shell:Creating environment descriptor '/home/zuki/GalacticRacing/sim_ws/install/f1tenth_gym_ros/share/f1tenth_gym_ros/hook/ament_prefix_path.dsv'
[0.508s] INFO:colcon.colcon_core.shell:Creating environment hook '/home/zuki/GalacticRacing/sim_ws/install/f1tenth_gym_ros/share/f1tenth_gym_ros/hook/ament_prefix_path.sh'
[0.509s] INFO:colcon.colcon_core.shell:Skip shell extension 'powershell' for command environment: Not usable outside of PowerShell
[0.509s] DEBUG:colcon.colcon_core.shell:Skip shell extension 'dsv' for command environment
[0.523s] INFO:colcon.colcon_ros.task.ament_cmake.build:Building ROS package in '/home/zuki/GalacticRacing/sim_ws/src/gap_follow' with build type 'ament_cmake'
[0.523s] INFO:colcon.colcon_cmake.task.cmake.build:Building CMake package in '/home/zuki/GalacticRacing/sim_ws/src/gap_follow'
[0.525s] INFO:colcon.colcon_core.shell:Skip shell extension 'powershell' for command environment: Not usable outside of PowerShell
[0.526s] DEBUG:colcon.colcon_core.shell:Skip shell extension 'dsv' for command environment
[0.533s] INFO:colcon.colcon_ros.task.ament_cmake.build:Building ROS package in '/home/zuki/GalacticRacing/sim_ws/lab5_pkg' with build type 'ament_cmake'
[0.533s] INFO:colcon.colcon_cmake.task.cmake.build:Building CMake package in '/home/zuki/GalacticRacing/sim_ws/lab5_pkg'
[0.534s] INFO:colcon.colcon_core.shell:Skip shell extension 'powershell' for command environment: Not usable outside of PowerShell
[0.534s] DEBUG:colcon.colcon_core.shell:Skip shell extension 'dsv' for command environment
[0.543s] INFO:colcon.colcon_ros.task.ament_python.build:Building ROS package in '/home/zuki/GalacticRacing/sim_ws/src/particle_filter' with build type 'ament_python'
[0.543s] Level 1:colcon.colcon_core.shell:create_environment_hook('particle_filter', 'ament_prefix_path')
[0.544s] INFO:colcon.colcon_core.shell:Creating environment hook '/home/zuki/GalacticRacing/sim_ws/install/particle_filter/share/particle_filter/hook/ament_prefix_path.ps1'
[0.545s] INFO:colcon.colcon_core.shell:Creating environment descriptor '/home/zuki/GalacticRacing/sim_ws/install/particle_filter/share/particle_filter/hook/ament_prefix_path.dsv'
[0.546s] INFO:colcon.colcon_core.shell:Creating environment hook '/home/zuki/GalacticRacing/sim_ws/install/particle_filter/share/particle_filter/hook/ament_prefix_path.sh'
[0.547s] INFO:colcon.colcon_core.shell:Skip shell extension 'powershell' for command environment: Not usable outside of PowerShell
[0.547s] DEBUG:colcon.colcon_core.shell:Skip shell extension 'dsv' for command environment
[0.552s] INFO:colcon.colcon_ros.task.ament_cmake.build:Building ROS package in '/home/zuki/GalacticRacing/sim_ws/src/pure_pursuit' with build type 'ament_cmake'
[0.553s] INFO:colcon.colcon_cmake.task.cmake.build:Building CMake package in '/home/zuki/GalacticRacing/sim_ws/src/pure_pursuit'
[0.553s] INFO:colcon.colcon_core.shell:Skip shell extension 'powershell' for command environment: Not usable outside of PowerShell
[0.553s] DEBUG:colcon.colcon_core.shell:Skip shell extension 'dsv' for command environment
[0.564s] INFO:colcon.colcon_cmake.task.cmake.build:Building CMake package in '/home/zuki/GalacticRacing/sim_ws/range_libc'
[0.565s] INFO:colcon.colcon_core.shell:Skip shell extension 'powershell' for command environment: Not usable outside of PowerShell
[0.565s] DEBUG:colcon.colcon_core.shell:Skip shell extension 'dsv' for command environment
[0.795s] INFO:colcon.colcon_core.task.python.build:Building Python package in '/home/zuki/GalacticRacing/sim_ws/src/f1tenth_gym_ros'
[0.795s] INFO:colcon.colcon_core.shell:Skip shell extension 'powershell' for command environment: Not usable outside of PowerShell
[0.796s] DEBUG:colcon.colcon_core.shell:Skip shell extension 'dsv' for command environment
[0.822s] DEBUG:colcon.colcon_core.event_handler.log_command:Invoking command in '/home/zuki/GalacticRacing/sim_ws/build/gap_follow': CMAKE_PREFIX_PATH=${CMAKE_PREFIX_PATH}:/home/zuki/GalacticRacing/sim_ws/install/particle_filter:/home/zuki/GalacticRacing/sim_ws/install/f1tenth_gym_ros:/opt/ros/foxy /usr/bin/cmake --build /home/zuki/GalacticRacing/sim_ws/build/gap_follow -- -j6 -l6
[0.828s] DEBUG:colcon.colcon_core.event_handler.log_command:Invoking command in '/home/zuki/GalacticRacing/sim_ws/build/lab5_pkg': CMAKE_PREFIX_PATH=${CMAKE_PREFIX_PATH}:/home/zuki/GalacticRacing/sim_ws/install/particle_filter:/home/zuki/GalacticRacing/sim_ws/install/f1tenth_gym_ros:/opt/ros/foxy /usr/bin/cmake --build /home/zuki/GalacticRacing/sim_ws/build/lab5_pkg -- -j6 -l6
[1.068s] INFO:colcon.colcon_core.task.python.build:Building Python package in '/home/zuki/GalacticRacing/sim_ws/src/particle_filter'
[1.069s] INFO:colcon.colcon_core.shell:Skip shell extension 'powershell' for command environment: Not usable outside of PowerShell
[1.069s] DEBUG:colcon.colcon_core.shell:Skip shell extension 'dsv' for command environment
[1.092s] DEBUG:colcon.colcon_core.event_handler.log_command:Invoking command in '/home/zuki/GalacticRacing/sim_ws/build/pure_pursuit': CMAKE_PREFIX_PATH=${CMAKE_PREFIX_PATH}:/home/zuki/GalacticRacing/sim_ws/install/particle_filter:/home/zuki/GalacticRacing/sim_ws/install/f1tenth_gym_ros:/opt/ros/foxy /usr/bin/cmake --build /home/zuki/GalacticRacing/sim_ws/build/pure_pursuit -- -j6 -l6
[1.103s] DEBUG:colcon.colcon_core.event_handler.log_command:Invoked command in '/home/zuki/GalacticRacing/sim_ws/build/gap_follow' returned '0': CMAKE_PREFIX_PATH=${CMAKE_PREFIX_PATH}:/home/zuki/GalacticRacing/sim_ws/install/particle_filter:/home/zuki/GalacticRacing/sim_ws/install/f1tenth_gym_ros:/opt/ros/foxy /usr/bin/cmake --build /home/zuki/GalacticRacing/sim_ws/build/gap_follow -- -j6 -l6
[1.119s] DEBUG:colcon.colcon_core.event_handler.log_command:Invoked command in '/home/zuki/GalacticRacing/sim_ws/build/lab5_pkg' returned '0': CMAKE_PREFIX_PATH=${CMAKE_PREFIX_PATH}:/home/zuki/GalacticRacing/sim_ws/install/particle_filter:/home/zuki/GalacticRacing/sim_ws/install/f1tenth_gym_ros:/opt/ros/foxy /usr/bin/cmake --build /home/zuki/GalacticRacing/sim_ws/build/lab5_pkg -- -j6 -l6
[1.131s] DEBUG:colcon.colcon_core.event_handler.log_command:Invoking command in '/home/zuki/GalacticRacing/sim_ws/build/range_lib': /usr/bin/cmake /home/zuki/GalacticRacing/sim_ws/range_libc -DCMAKE_INSTALL_PREFIX=/home/zuki/GalacticRacing/sim_ws/install/range_lib
[1.193s] DEBUG:colcon.colcon_core.event_handler.log_command:Invoking command in '/home/zuki/GalacticRacing/sim_ws/build/gap_follow': CMAKE_PREFIX_PATH=${CMAKE_PREFIX_PATH}:/home/zuki/GalacticRacing/sim_ws/install/particle_filter:/home/zuki/GalacticRacing/sim_ws/install/f1tenth_gym_ros:/opt/ros/foxy /usr/bin/cmake --install /home/zuki/GalacticRacing/sim_ws/build/gap_follow
[1.201s] DEBUG:colcon.colcon_core.event_handler.log_command:Invoked command in '/home/zuki/GalacticRacing/sim_ws/build/range_lib' returned '0': /usr/bin/cmake /home/zuki/GalacticRacing/sim_ws/range_libc -DCMAKE_INSTALL_PREFIX=/home/zuki/GalacticRacing/sim_ws/install/range_lib
[1.200s] WARNING:colcon.colcon_cmake.task.cmake.build:Could not build CMake package 'range_lib' because the CMake cache has no 'CMAKE_PROJECT_NAME' variable
[1.201s] INFO:colcon.colcon_ros.task.ament_cmake.build:Building ROS package in '/home/zuki/GalacticRacing/sim_ws/src/safety_node' with build type 'ament_cmake'
[1.201s] INFO:colcon.colcon_cmake.task.cmake.build:Building CMake package in '/home/zuki/GalacticRacing/sim_ws/src/safety_node'
[1.202s] INFO:colcon.colcon_core.shell:Skip shell extension 'powershell' for command environment: Not usable outside of PowerShell
[1.202s] DEBUG:colcon.colcon_core.shell:Skip shell extension 'dsv' for command environment
[1.229s] DEBUG:colcon.colcon_core.event_handler.log_command:Invoking command in '/home/zuki/GalacticRacing/sim_ws/build/lab5_pkg': CMAKE_PREFIX_PATH=${CMAKE_PREFIX_PATH}:/home/zuki/GalacticRacing/sim_ws/install/particle_filter:/home/zuki/GalacticRacing/sim_ws/install/f1tenth_gym_ros:/opt/ros/foxy /usr/bin/cmake --install /home/zuki/GalacticRacing/sim_ws/build/lab5_pkg
[1.250s] DEBUG:colcon.colcon_core.event_handler.log_command:Invoking command in '/home/zuki/GalacticRacing/sim_ws/build/safety_node': CMAKE_PREFIX_PATH=${CMAKE_PREFIX_PATH}:/home/zuki/GalacticRacing/sim_ws/install/particle_filter:/home/zuki/GalacticRacing/sim_ws/install/f1tenth_gym_ros:/opt/ros/foxy /usr/bin/cmake --build /home/zuki/GalacticRacing/sim_ws/build/safety_node -- -j6 -l6
[1.287s] DEBUG:colcon.colcon_core.event_handler.log_command:Invoked command in '/home/zuki/GalacticRacing/sim_ws/build/pure_pursuit' returned '0': CMAKE_PREFIX_PATH=${CMAKE_PREFIX_PATH}:/home/zuki/GalacticRacing/sim_ws/install/particle_filter:/home/zuki/GalacticRacing/sim_ws/install/f1tenth_gym_ros:/opt/ros/foxy /usr/bin/cmake --build /home/zuki/GalacticRacing/sim_ws/build/pure_pursuit -- -j6 -l6
[1.293s] Level 1:colcon.colcon_core.environment:create_environment_scripts_only(gap_follow)
[1.305s] Level 1:colcon.colcon_core.environment:checking '/home/zuki/GalacticRacing/sim_ws/install/gap_follow' for CMake module files
[1.306s] Level 1:colcon.colcon_core.environment:checking '/home/zuki/GalacticRacing/sim_ws/install/gap_follow' for CMake config files
[1.306s] Level 1:colcon.colcon_core.shell:create_environment_hook('gap_follow', 'cmake_prefix_path')
[1.307s] INFO:colcon.colcon_core.shell:Creating environment hook '/home/zuki/GalacticRacing/sim_ws/install/gap_follow/share/gap_follow/hook/cmake_prefix_path.ps1'
[1.308s] INFO:colcon.colcon_core.shell:Creating environment descriptor '/home/zuki/GalacticRacing/sim_ws/install/gap_follow/share/gap_follow/hook/cmake_prefix_path.dsv'
[1.310s] INFO:colcon.colcon_core.shell:Creating environment hook '/home/zuki/GalacticRacing/sim_ws/install/gap_follow/share/gap_follow/hook/cmake_prefix_path.sh'
[1.312s] DEBUG:colcon.colcon_core.event_handler.log_command:Invoked command in '/home/zuki/GalacticRacing/sim_ws/build/gap_follow' returned '0': CMAKE_PREFIX_PATH=${CMAKE_PREFIX_PATH}:/home/zuki/GalacticRacing/sim_ws/install/particle_filter:/home/zuki/GalacticRacing/sim_ws/install/f1tenth_gym_ros:/opt/ros/foxy /usr/bin/cmake --install /home/zuki/GalacticRacing/sim_ws/build/gap_follow
[1.313s] Level 1:colcon.colcon_core.environment:checking '/home/zuki/GalacticRacing/sim_ws/install/gap_follow/lib'
[1.313s] Level 1:colcon.colcon_core.environment:checking '/home/zuki/GalacticRacing/sim_ws/install/gap_follow/bin'
[1.313s] Level 1:colcon.colcon_core.environment:checking '/home/zuki/GalacticRacing/sim_ws/install/gap_follow/lib/pkgconfig/gap_follow.pc'
[1.316s] Level 1:colcon.colcon_core.environment:checking '/home/zuki/GalacticRacing/sim_ws/install/gap_follow/lib/python3.8/site-packages'
[1.317s] Level 1:colcon.colcon_core.shell:create_environment_hook('gap_follow', 'pythonpath')
[1.317s] INFO:colcon.colcon_core.shell:Creating environment hook '/home/zuki/GalacticRacing/sim_ws/install/gap_follow/share/gap_follow/hook/pythonpath.ps1'
[1.318s] INFO:colcon.colcon_core.shell:Creating environment descriptor '/home/zuki/GalacticRacing/sim_ws/install/gap_follow/share/gap_follow/hook/pythonpath.dsv'
[1.318s] INFO:colcon.colcon_core.shell:Creating environment hook '/home/zuki/GalacticRacing/sim_ws/install/gap_follow/share/gap_follow/hook/pythonpath.sh'
[1.319s] Level 1:colcon.colcon_core.environment:checking '/home/zuki/GalacticRacing/sim_ws/install/gap_follow/bin'
[1.319s] INFO:colcon.colcon_core.shell:Creating package script '/home/zuki/GalacticRacing/sim_ws/install/gap_follow/share/gap_follow/package.ps1'
[1.320s] INFO:colcon.colcon_core.shell:Creating package descriptor '/home/zuki/GalacticRacing/sim_ws/install/gap_follow/share/gap_follow/package.dsv'
[1.321s] INFO:colcon.colcon_core.shell:Creating package script '/home/zuki/GalacticRacing/sim_ws/install/gap_follow/share/gap_follow/package.sh'
[1.322s] INFO:colcon.colcon_core.shell:Creating package script '/home/zuki/GalacticRacing/sim_ws/install/gap_follow/share/gap_follow/package.bash'
[1.324s] INFO:colcon.colcon_core.shell:Creating package script '/home/zuki/GalacticRacing/sim_ws/install/gap_follow/share/gap_follow/package.zsh'
[1.326s] Level 1:colcon.colcon_core.environment:create_file_with_runtime_dependencies(/home/zuki/GalacticRacing/sim_ws/install/gap_follow/share/colcon-core/packages/gap_follow)
[1.338s] Level 1:colcon.colcon_core.environment:create_environment_scripts_only(lab5_pkg)
[1.338s] Level 1:colcon.colcon_core.environment:checking '/home/zuki/GalacticRacing/sim_ws/install/lab5_pkg' for CMake module files
[1.340s] Level 1:colcon.colcon_core.environment:checking '/home/zuki/GalacticRacing/sim_ws/install/lab5_pkg' for CMake config files
[1.340s] Level 1:colcon.colcon_core.shell:create_environment_hook('lab5_pkg', 'cmake_prefix_path')
[1.341s] INFO:colcon.colcon_core.shell:Creating environment hook '/home/zuki/GalacticRacing/sim_ws/install/lab5_pkg/share/lab5_pkg/hook/cmake_prefix_path.ps1'
[1.342s] INFO:colcon.colcon_core.shell:Creating environment descriptor '/home/zuki/GalacticRacing/sim_ws/install/lab5_pkg/share/lab5_pkg/hook/cmake_prefix_path.dsv'
[1.343s] DEBUG:colcon.colcon_core.event_handler.log_command:Invoked command in '/home/zuki/GalacticRacing/sim_ws/build/lab5_pkg' returned '0': CMAKE_PREFIX_PATH=${CMAKE_PREFIX_PATH}:/home/zuki/GalacticRacing/sim_ws/install/particle_filter:/home/zuki/GalacticRacing/sim_ws/install/f1tenth_gym_ros:/opt/ros/foxy /usr/bin/cmake --install /home/zuki/GalacticRacing/sim_ws/build/lab5_pkg
[1.345s] INFO:colcon.colcon_core.shell:Creating environment hook '/home/zuki/GalacticRacing/sim_ws/install/lab5_pkg/share/lab5_pkg/hook/cmake_prefix_path.sh'
[1.345s] Level 1:colcon.colcon_core.environment:checking '/home/zuki/GalacticRacing/sim_ws/install/lab5_pkg/lib'
[1.347s] Level 1:colcon.colcon_core.environment:checking '/home/zuki/GalacticRacing/sim_ws/install/lab5_pkg/bin'
[1.347s] Level 1:colcon.colcon_core.environment:checking '/home/zuki/GalacticRacing/sim_ws/install/lab5_pkg/lib/pkgconfig/lab5_pkg.pc'
[1.347s] Level 1:colcon.colcon_core.environment:checking '/home/zuki/GalacticRacing/sim_ws/install/lab5_pkg/lib/python3.8/site-packages'
[1.347s] Level 1:colcon.colcon_core.shell:create_environment_hook('lab5_pkg', 'pythonpath')
[1.347s] INFO:colcon.colcon_core.shell:Creating environment hook '/home/zuki/GalacticRacing/sim_ws/install/lab5_pkg/share/lab5_pkg/hook/pythonpath.ps1'
[1.348s] INFO:colcon.colcon_core.shell:Creating environment descriptor '/home/zuki/GalacticRacing/sim_ws/install/lab5_pkg/share/lab5_pkg/hook/pythonpath.dsv'
[1.349s] INFO:colcon.colcon_core.shell:Creating environment hook '/home/zuki/GalacticRacing/sim_ws/install/lab5_pkg/share/lab5_pkg/hook/pythonpath.sh'
[1.349s] Level 1:colcon.colcon_core.environment:checking '/home/zuki/GalacticRacing/sim_ws/install/lab5_pkg/bin'
[1.351s] INFO:colcon.colcon_core.shell:Creating package script '/home/zuki/GalacticRacing/sim_ws/install/lab5_pkg/share/lab5_pkg/package.ps1'
[1.352s] INFO:colcon.colcon_core.shell:Creating package descriptor '/home/zuki/GalacticRacing/sim_ws/install/lab5_pkg/share/lab5_pkg/package.dsv'
[1.353s] INFO:colcon.colcon_core.shell:Creating package script '/home/zuki/GalacticRacing/sim_ws/install/lab5_pkg/share/lab5_pkg/package.sh'
[1.354s] INFO:colcon.colcon_core.shell:Creating package script '/home/zuki/GalacticRacing/sim_ws/install/lab5_pkg/share/lab5_pkg/package.bash'
[1.354s] INFO:colcon.colcon_core.shell:Creating package script '/home/zuki/GalacticRacing/sim_ws/install/lab5_pkg/share/lab5_pkg/package.zsh'
[1.355s] Level 1:colcon.colcon_core.environment:create_file_with_runtime_dependencies(/home/zuki/GalacticRacing/sim_ws/install/lab5_pkg/share/colcon-core/packages/lab5_pkg)
[1.396s] DEBUG:colcon.colcon_core.event_handler.log_command:Invoking command in '/home/zuki/GalacticRacing/sim_ws/build/pure_pursuit': CMAKE_PREFIX_PATH=${CMAKE_PREFIX_PATH}:/home/zuki/GalacticRacing/sim_ws/install/particle_filter:/home/zuki/GalacticRacing/sim_ws/install/f1tenth_gym_ros:/opt/ros/foxy /usr/bin/cmake --install /home/zuki/GalacticRacing/sim_ws/build/pure_pursuit
[1.401s] Level 1:colcon.colcon_core.environment:create_environment_scripts_only(gap_follow)
[1.402s] Level 1:colcon.colcon_core.environment:checking '/home/zuki/GalacticRacing/sim_ws/install/gap_follow' for CMake module files
[1.402s] Level 1:colcon.colcon_core.environment:checking '/home/zuki/GalacticRacing/sim_ws/install/gap_follow' for CMake config files
[1.403s] Level 1:colcon.colcon_core.shell:create_environment_hook('gap_follow', 'cmake_prefix_path')
[1.403s] INFO:colcon.colcon_core.shell:Creating environment hook '/home/zuki/GalacticRacing/sim_ws/install/gap_follow/share/gap_follow/hook/cmake_prefix_path.ps1'
[1.404s] INFO:colcon.colcon_core.shell:Creating environment descriptor '/home/zuki/GalacticRacing/sim_ws/install/gap_follow/share/gap_follow/hook/cmake_prefix_path.dsv'
[1.407s] INFO:colcon.colcon_core.shell:Creating environment hook '/home/zuki/GalacticRacing/sim_ws/install/gap_follow/share/gap_follow/hook/cmake_prefix_path.sh'
[1.408s] Level 1:colcon.colcon_core.environment:checking '/home/zuki/GalacticRacing/sim_ws/install/gap_follow/lib'
[1.408s] Level 1:colcon.colcon_core.environment:checking '/home/zuki/GalacticRacing/sim_ws/install/gap_follow/bin'
[1.409s] Level 1:colcon.colcon_core.environment:checking '/home/zuki/GalacticRacing/sim_ws/install/gap_follow/lib/pkgconfig/gap_follow.pc'
[1.409s] Level 1:colcon.colcon_core.environment:checking '/home/zuki/GalacticRacing/sim_ws/install/gap_follow/lib/python3.8/site-packages'
[1.409s] Level 1:colcon.colcon_core.shell:create_environment_hook('gap_follow', 'pythonpath')
[1.409s] INFO:colcon.colcon_core.shell:Creating environment hook '/home/zuki/GalacticRacing/sim_ws/install/gap_follow/share/gap_follow/hook/pythonpath.ps1'
[1.411s] INFO:colcon.colcon_core.shell:Creating environment descriptor '/home/zuki/GalacticRacing/sim_ws/install/gap_follow/share/gap_follow/hook/pythonpath.dsv'
[1.412s] INFO:colcon.colcon_core.shell:Creating environment hook '/home/zuki/GalacticRacing/sim_ws/install/gap_follow/share/gap_follow/hook/pythonpath.sh'
[1.414s] Level 1:colcon.colcon_core.environment:checking '/home/zuki/GalacticRacing/sim_ws/install/gap_follow/bin'
[1.415s] INFO:colcon.colcon_core.shell:Creating package script '/home/zuki/GalacticRacing/sim_ws/install/gap_follow/share/gap_follow/package.ps1'
[1.416s] INFO:colcon.colcon_core.shell:Creating package descriptor '/home/zuki/GalacticRacing/sim_ws/install/gap_follow/share/gap_follow/package.dsv'
[1.419s] INFO:colcon.colcon_core.shell:Creating package script '/home/zuki/GalacticRacing/sim_ws/install/gap_follow/share/gap_follow/package.sh'
[1.420s] INFO:colcon.colcon_core.shell:Creating package script '/home/zuki/GalacticRacing/sim_ws/install/gap_follow/share/gap_follow/package.bash'
[1.421s] INFO:colcon.colcon_core.shell:Creating package script '/home/zuki/GalacticRacing/sim_ws/install/gap_follow/share/gap_follow/package.zsh'
[1.422s] Level 1:colcon.colcon_core.environment:create_file_with_runtime_dependencies(/home/zuki/GalacticRacing/sim_ws/install/gap_follow/share/colcon-core/packages/gap_follow)
[1.424s] INFO:colcon.colcon_ros.task.ament_cmake.build:Building ROS package in '/home/zuki/GalacticRacing/sim_ws/src/wall_follow' with build type 'ament_cmake'
[1.427s] INFO:colcon.colcon_cmake.task.cmake.build:Building CMake package in '/home/zuki/GalacticRacing/sim_ws/src/wall_follow'
[1.428s] INFO:colcon.colcon_core.shell:Skip shell extension 'powershell' for command environment: Not usable outside of PowerShell
[1.428s] DEBUG:colcon.colcon_core.shell:Skip shell extension 'dsv' for command environment
[1.446s] DEBUG:colcon.colcon_core.event_handler.log_command:Invoked command in '/home/zuki/GalacticRacing/sim_ws/build/safety_node' returned '0': CMAKE_PREFIX_PATH=${CMAKE_PREFIX_PATH}:/home/zuki/GalacticRacing/sim_ws/install/particle_filter:/home/zuki/GalacticRacing/sim_ws/install/f1tenth_gym_ros:/opt/ros/foxy /usr/bin/cmake --build /home/zuki/GalacticRacing/sim_ws/build/safety_node -- -j6 -l6
[1.460s] Level 1:colcon.colcon_core.environment:create_environment_scripts_only(lab5_pkg)
[1.460s] Level 1:colcon.colcon_core.environment:checking '/home/zuki/GalacticRacing/sim_ws/install/lab5_pkg' for CMake module files
[1.461s] Level 1:colcon.colcon_core.environment:checking '/home/zuki/GalacticRacing/sim_ws/install/lab5_pkg' for CMake config files
[1.461s] Level 1:colcon.colcon_core.shell:create_environment_hook('lab5_pkg', 'cmake_prefix_path')
[1.461s] INFO:colcon.colcon_core.shell:Creating environment hook '/home/zuki/GalacticRacing/sim_ws/install/lab5_pkg/share/lab5_pkg/hook/cmake_prefix_path.ps1'
[1.462s] INFO:colcon.colcon_core.shell:Creating environment descriptor '/home/zuki/GalacticRacing/sim_ws/install/lab5_pkg/share/lab5_pkg/hook/cmake_prefix_path.dsv'
[1.462s] INFO:colcon.colcon_core.shell:Creating environment hook '/home/zuki/GalacticRacing/sim_ws/install/lab5_pkg/share/lab5_pkg/hook/cmake_prefix_path.sh'
[1.463s] Level 1:colcon.colcon_core.environment:checking '/home/zuki/GalacticRacing/sim_ws/install/lab5_pkg/lib'
[1.463s] Level 1:colcon.colcon_core.environment:checking '/home/zuki/GalacticRacing/sim_ws/install/lab5_pkg/bin'
[1.463s] Level 1:colcon.colcon_core.environment:checking '/home/zuki/GalacticRacing/sim_ws/install/lab5_pkg/lib/pkgconfig/lab5_pkg.pc'
[1.464s] Level 1:colcon.colcon_core.environment:checking '/home/zuki/GalacticRacing/sim_ws/install/lab5_pkg/lib/python3.8/site-packages'
[1.464s] Level 1:colcon.colcon_core.shell:create_environment_hook('lab5_pkg', 'pythonpath')
[1.464s] INFO:colcon.colcon_core.shell:Creating environment hook '/home/zuki/GalacticRacing/sim_ws/install/lab5_pkg/share/lab5_pkg/hook/pythonpath.ps1'
[1.466s] INFO:colcon.colcon_core.shell:Creating environment descriptor '/home/zuki/GalacticRacing/sim_ws/install/lab5_pkg/share/lab5_pkg/hook/pythonpath.dsv'
[1.474s] INFO:colcon.colcon_core.shell:Creating environment hook '/home/zuki/GalacticRacing/sim_ws/install/lab5_pkg/share/lab5_pkg/hook/pythonpath.sh'
[1.475s] Level 1:colcon.colcon_core.environment:checking '/home/zuki/GalacticRacing/sim_ws/install/lab5_pkg/bin'
[1.475s] INFO:colcon.colcon_core.shell:Creating package script '/home/zuki/GalacticRacing/sim_ws/install/lab5_pkg/share/lab5_pkg/package.ps1'
[1.476s] INFO:colcon.colcon_core.shell:Creating package descriptor '/home/zuki/GalacticRacing/sim_ws/install/lab5_pkg/share/lab5_pkg/package.dsv'
[1.476s] INFO:colcon.colcon_core.shell:Creating package script '/home/zuki/GalacticRacing/sim_ws/install/lab5_pkg/share/lab5_pkg/package.sh'
[1.477s] INFO:colcon.colcon_core.shell:Creating package script '/home/zuki/GalacticRacing/sim_ws/install/lab5_pkg/share/lab5_pkg/package.bash'
[1.478s] INFO:colcon.colcon_core.shell:Creating package script '/home/zuki/GalacticRacing/sim_ws/install/lab5_pkg/share/lab5_pkg/package.zsh'
[1.479s] Level 1:colcon.colcon_core.environment:create_file_with_runtime_dependencies(/home/zuki/GalacticRacing/sim_ws/install/lab5_pkg/share/colcon-core/packages/lab5_pkg)
[1.480s] Level 1:colcon.colcon_core.environment:create_environment_scripts_only(pure_pursuit)
[1.481s] Level 1:colcon.colcon_core.environment:checking '/home/zuki/GalacticRacing/sim_ws/install/pure_pursuit' for CMake module files
[1.483s] DEBUG:colcon.colcon_core.event_handler.log_command:Invoked command in '/home/zuki/GalacticRacing/sim_ws/build/pure_pursuit' returned '0': CMAKE_PREFIX_PATH=${CMAKE_PREFIX_PATH}:/home/zuki/GalacticRacing/sim_ws/install/particle_filter:/home/zuki/GalacticRacing/sim_ws/install/f1tenth_gym_ros:/opt/ros/foxy /usr/bin/cmake --install /home/zuki/GalacticRacing/sim_ws/build/pure_pursuit
[1.483s] Level 1:colcon.colcon_core.environment:checking '/home/zuki/GalacticRacing/sim_ws/install/pure_pursuit' for CMake config files
[1.483s] Level 1:colcon.colcon_core.shell:create_environment_hook('pure_pursuit', 'cmake_prefix_path')
[1.484s] INFO:colcon.colcon_core.shell:Creating environment hook '/home/zuki/GalacticRacing/sim_ws/install/pure_pursuit/share/pure_pursuit/hook/cmake_prefix_path.ps1'
[1.484s] INFO:colcon.colcon_core.shell:Creating environment descriptor '/home/zuki/GalacticRacing/sim_ws/install/pure_pursuit/share/pure_pursuit/hook/cmake_prefix_path.dsv'
[1.485s] INFO:colcon.colcon_core.shell:Creating environment hook '/home/zuki/GalacticRacing/sim_ws/install/pure_pursuit/share/pure_pursuit/hook/cmake_prefix_path.sh'
[1.486s] Level 1:colcon.colcon_core.environment:checking '/home/zuki/GalacticRacing/sim_ws/install/pure_pursuit/lib'
[1.486s] Level 1:colcon.colcon_core.environment:checking '/home/zuki/GalacticRacing/sim_ws/install/pure_pursuit/bin'
[1.486s] Level 1:colcon.colcon_core.environment:checking '/home/zuki/GalacticRacing/sim_ws/install/pure_pursuit/lib/pkgconfig/pure_pursuit.pc'
[1.486s] Level 1:colcon.colcon_core.environment:checking '/home/zuki/GalacticRacing/sim_ws/install/pure_pursuit/lib/python3.8/site-packages'
[1.486s] Level 1:colcon.colcon_core.shell:create_environment_hook('pure_pursuit', 'pythonpath')
[1.487s] INFO:colcon.colcon_core.shell:Creating environment hook '/home/zuki/GalacticRacing/sim_ws/install/pure_pursuit/share/pure_pursuit/hook/pythonpath.ps1'
[1.488s] INFO:colcon.colcon_core.shell:Creating environment descriptor '/home/zuki/GalacticRacing/sim_ws/install/pure_pursuit/share/pure_pursuit/hook/pythonpath.dsv'
[1.489s] INFO:colcon.colcon_core.shell:Creating environment hook '/home/zuki/GalacticRacing/sim_ws/install/pure_pursuit/share/pure_pursuit/hook/pythonpath.sh'
[1.490s] Level 1:colcon.colcon_core.environment:checking '/home/zuki/GalacticRacing/sim_ws/install/pure_pursuit/bin'
[1.490s] INFO:colcon.colcon_core.shell:Creating package script '/home/zuki/GalacticRacing/sim_ws/install/pure_pursuit/share/pure_pursuit/package.ps1'
[1.491s] INFO:colcon.colcon_core.shell:Creating package descriptor '/home/zuki/GalacticRacing/sim_ws/install/pure_pursuit/share/pure_pursuit/package.dsv'
[1.491s] INFO:colcon.colcon_core.shell:Creating package script '/home/zuki/GalacticRacing/sim_ws/install/pure_pursuit/share/pure_pursuit/package.sh'
[1.492s] INFO:colcon.colcon_core.shell:Creating package script '/home/zuki/GalacticRacing/sim_ws/install/pure_pursuit/share/pure_pursuit/package.bash'
[1.493s] INFO:colcon.colcon_core.shell:Creating package script '/home/zuki/GalacticRacing/sim_ws/install/pure_pursuit/share/pure_pursuit/package.zsh'
[1.495s] Level 1:colcon.colcon_core.environment:create_file_with_runtime_dependencies(/home/zuki/GalacticRacing/sim_ws/install/pure_pursuit/share/colcon-core/packages/pure_pursuit)
[1.502s] INFO:colcon.colcon_ros.task.ament_cmake.build:Building ROS package in '/home/zuki/GalacticRacing/sim_ws/src/waypoint_logger' with build type 'ament_cmake'
[1.502s] INFO:colcon.colcon_cmake.task.cmake.build:Building CMake package in '/home/zuki/GalacticRacing/sim_ws/src/waypoint_logger'
[1.503s] INFO:colcon.colcon_core.shell:Skip shell extension 'powershell' for command environment: Not usable outside of PowerShell
[1.503s] DEBUG:colcon.colcon_core.shell:Skip shell extension 'dsv' for command environment
[1.524s] DEBUG:colcon.colcon_core.event_handler.log_command:Invoking command in '/home/zuki/GalacticRacing/sim_ws/build/wall_follow': CMAKE_PREFIX_PATH=${CMAKE_PREFIX_PATH}:/home/zuki/GalacticRacing/sim_ws/install/particle_filter:/home/zuki/GalacticRacing/sim_ws/install/f1tenth_gym_ros:/opt/ros/foxy /usr/bin/cmake --build /home/zuki/GalacticRacing/sim_ws/build/wall_follow -- -j6 -l6
[1.536s] DEBUG:colcon.colcon_core.event_handler.log_command:Invoking command in '/home/zuki/GalacticRacing/sim_ws/build/safety_node': CMAKE_PREFIX_PATH=${CMAKE_PREFIX_PATH}:/home/zuki/GalacticRacing/sim_ws/install/particle_filter:/home/zuki/GalacticRacing/sim_ws/install/f1tenth_gym_ros:/opt/ros/foxy /usr/bin/cmake --install /home/zuki/GalacticRacing/sim_ws/build/safety_node
[1.564s] DEBUG:colcon.colcon_core.event_handler.log_command:Invoking command in '/home/zuki/GalacticRacing/sim_ws/build/waypoint_logger': CMAKE_PREFIX_PATH=${CMAKE_PREFIX_PATH}:/home/zuki/GalacticRacing/sim_ws/install/particle_filter:/home/zuki/GalacticRacing/sim_ws/install/f1tenth_gym_ros:/opt/ros/foxy /usr/bin/cmake --build /home/zuki/GalacticRacing/sim_ws/build/waypoint_logger -- -j6 -l6
[1.572s] Level 1:colcon.colcon_core.environment:create_environment_scripts_only(pure_pursuit)
[1.573s] Level 1:colcon.colcon_core.environment:checking '/home/zuki/GalacticRacing/sim_ws/install/pure_pursuit' for CMake module files
[1.578s] Level 1:colcon.colcon_core.environment:checking '/home/zuki/GalacticRacing/sim_ws/install/pure_pursuit' for CMake config files
[1.578s] Level 1:colcon.colcon_core.shell:create_environment_hook('pure_pursuit', 'cmake_prefix_path')
[1.578s] INFO:colcon.colcon_core.shell:Creating environment hook '/home/zuki/GalacticRacing/sim_ws/install/pure_pursuit/share/pure_pursuit/hook/cmake_prefix_path.ps1'
[1.580s] INFO:colcon.colcon_core.shell:Creating environment descriptor '/home/zuki/GalacticRacing/sim_ws/install/pure_pursuit/share/pure_pursuit/hook/cmake_prefix_path.dsv'
[1.581s] INFO:colcon.colcon_core.shell:Creating environment hook '/home/zuki/GalacticRacing/sim_ws/install/pure_pursuit/share/pure_pursuit/hook/cmake_prefix_path.sh'
[1.583s] Level 1:colcon.colcon_core.environment:checking '/home/zuki/GalacticRacing/sim_ws/install/pure_pursuit/lib'
[1.583s] Level 1:colcon.colcon_core.environment:checking '/home/zuki/GalacticRacing/sim_ws/install/pure_pursuit/bin'
[1.583s] Level 1:colcon.colcon_core.environment:checking '/home/zuki/GalacticRacing/sim_ws/install/pure_pursuit/lib/pkgconfig/pure_pursuit.pc'
[1.583s] Level 1:colcon.colcon_core.environment:checking '/home/zuki/GalacticRacing/sim_ws/install/pure_pursuit/lib/python3.8/site-packages'
[1.583s] Level 1:colcon.colcon_core.shell:create_environment_hook('pure_pursuit', 'pythonpath')
[1.583s] INFO:colcon.colcon_core.shell:Creating environment hook '/home/zuki/GalacticRacing/sim_ws/install/pure_pursuit/share/pure_pursuit/hook/pythonpath.ps1'
[1.584s] INFO:colcon.colcon_core.shell:Creating environment descriptor '/home/zuki/GalacticRacing/sim_ws/install/pure_pursuit/share/pure_pursuit/hook/pythonpath.dsv'
[1.585s] INFO:colcon.colcon_core.shell:Creating environment hook '/home/zuki/GalacticRacing/sim_ws/install/pure_pursuit/share/pure_pursuit/hook/pythonpath.sh'
[1.586s] Level 1:colcon.colcon_core.environment:checking '/home/zuki/GalacticRacing/sim_ws/install/pure_pursuit/bin'
[1.587s] INFO:colcon.colcon_core.shell:Creating package script '/home/zuki/GalacticRacing/sim_ws/install/pure_pursuit/share/pure_pursuit/package.ps1'
[1.588s] INFO:colcon.colcon_core.shell:Creating package descriptor '/home/zuki/GalacticRacing/sim_ws/install/pure_pursuit/share/pure_pursuit/package.dsv'
[1.589s] INFO:colcon.colcon_core.shell:Creating package script '/home/zuki/GalacticRacing/sim_ws/install/pure_pursuit/share/pure_pursuit/package.sh'
[1.589s] INFO:colcon.colcon_core.shell:Creating package script '/home/zuki/GalacticRacing/sim_ws/install/pure_pursuit/share/pure_pursuit/package.bash'
[1.591s] INFO:colcon.colcon_core.shell:Creating package script '/home/zuki/GalacticRacing/sim_ws/install/pure_pursuit/share/pure_pursuit/package.zsh'
[1.592s] Level 1:colcon.colcon_core.environment:create_file_with_runtime_dependencies(/home/zuki/GalacticRacing/sim_ws/install/pure_pursuit/share/colcon-core/packages/pure_pursuit)
[1.613s] DEBUG:colcon.colcon_core.event_handler.log_command:Invoking command in '/home/zuki/GalacticRacing/sim_ws/src/particle_filter': PYTHONPATH=/home/zuki/GalacticRacing/sim_ws/build/particle_filter/prefix_override:/home/zuki/GalacticRacing/sim_ws/install/particle_filter/lib/python3.8/site-packages:${PYTHONPATH} /usr/bin/python3 -W ignore:setup.py install is deprecated setup.py egg_info --egg-base ../../build/particle_filter build --build-base /home/zuki/GalacticRacing/sim_ws/build/particle_filter/build install --record /home/zuki/GalacticRacing/sim_ws/build/particle_filter/install.log --install-scripts $base/lib/particle_filter --single-version-externally-managed install_data
[1.630s] Level 1:colcon.colcon_core.environment:create_environment_scripts_only(safety_node)
[1.630s] Level 1:colcon.colcon_core.environment:checking '/home/zuki/GalacticRacing/sim_ws/install/safety_node' for CMake module files
[1.631s] Level 1:colcon.colcon_core.environment:checking '/home/zuki/GalacticRacing/sim_ws/install/safety_node' for CMake config files
[1.631s] Level 1:colcon.colcon_core.shell:create_environment_hook('safety_node', 'cmake_prefix_path')
[1.631s] INFO:colcon.colcon_core.shell:Creating environment hook '/home/zuki/GalacticRacing/sim_ws/install/safety_node/share/safety_node/hook/cmake_prefix_path.ps1'
[1.632s] INFO:colcon.colcon_core.shell:Creating environment descriptor '/home/zuki/GalacticRacing/sim_ws/install/safety_node/share/safety_node/hook/cmake_prefix_path.dsv'
[1.633s] DEBUG:colcon.colcon_core.event_handler.log_command:Invoked command in '/home/zuki/GalacticRacing/sim_ws/build/safety_node' returned '0': CMAKE_PREFIX_PATH=${CMAKE_PREFIX_PATH}:/home/zuki/GalacticRacing/sim_ws/install/particle_filter:/home/zuki/GalacticRacing/sim_ws/install/f1tenth_gym_ros:/opt/ros/foxy /usr/bin/cmake --install /home/zuki/GalacticRacing/sim_ws/build/safety_node
[1.634s] INFO:colcon.colcon_core.shell:Creating environment hook '/home/zuki/GalacticRacing/sim_ws/install/safety_node/share/safety_node/hook/cmake_prefix_path.sh'
[1.635s] Level 1:colcon.colcon_core.environment:checking '/home/zuki/GalacticRacing/sim_ws/install/safety_node/lib'
[1.635s] Level 1:colcon.colcon_core.environment:checking '/home/zuki/GalacticRacing/sim_ws/install/safety_node/bin'
[1.635s] Level 1:colcon.colcon_core.environment:checking '/home/zuki/GalacticRacing/sim_ws/install/safety_node/lib/pkgconfig/safety_node.pc'
[1.635s] Level 1:colcon.colcon_core.environment:checking '/home/zuki/GalacticRacing/sim_ws/install/safety_node/lib/python3.8/site-packages'
[1.635s] Level 1:colcon.colcon_core.shell:create_environment_hook('safety_node', 'pythonpath')
[1.636s] INFO:colcon.colcon_core.shell:Creating environment hook '/home/zuki/GalacticRacing/sim_ws/install/safety_node/share/safety_node/hook/pythonpath.ps1'
[1.636s] INFO:colcon.colcon_core.shell:Creating environment descriptor '/home/zuki/GalacticRacing/sim_ws/install/safety_node/share/safety_node/hook/pythonpath.dsv'
[1.637s] INFO:colcon.colcon_core.shell:Creating environment hook '/home/zuki/GalacticRacing/sim_ws/install/safety_node/share/safety_node/hook/pythonpath.sh'
[1.638s] Level 1:colcon.colcon_core.environment:checking '/home/zuki/GalacticRacing/sim_ws/install/safety_node/bin'
[1.639s] INFO:colcon.colcon_core.shell:Creating package script '/home/zuki/GalacticRacing/sim_ws/install/safety_node/share/safety_node/package.ps1'
[1.640s] INFO:colcon.colcon_core.shell:Creating package descriptor '/home/zuki/GalacticRacing/sim_ws/install/safety_node/share/safety_node/package.dsv'
[1.640s] INFO:colcon.colcon_core.shell:Creating package script '/home/zuki/GalacticRacing/sim_ws/install/safety_node/share/safety_node/package.sh'
[1.642s] INFO:colcon.colcon_core.shell:Creating package script '/home/zuki/GalacticRacing/sim_ws/install/safety_node/share/safety_node/package.bash'
[1.642s] INFO:colcon.colcon_core.shell:Creating package script '/home/zuki/GalacticRacing/sim_ws/install/safety_node/share/safety_node/package.zsh'
[1.643s] Level 1:colcon.colcon_core.environment:create_file_with_runtime_dependencies(/home/zuki/GalacticRacing/sim_ws/install/safety_node/share/colcon-core/packages/safety_node)
[1.656s] DEBUG:colcon.colcon_core.event_handler.log_command:Invoked command in '/home/zuki/GalacticRacing/sim_ws/build/wall_follow' returned '0': CMAKE_PREFIX_PATH=${CMAKE_PREFIX_PATH}:/home/zuki/GalacticRacing/sim_ws/install/particle_filter:/home/zuki/GalacticRacing/sim_ws/install/f1tenth_gym_ros:/opt/ros/foxy /usr/bin/cmake --build /home/zuki/GalacticRacing/sim_ws/build/wall_follow -- -j6 -l6
[1.661s] DEBUG:colcon.colcon_core.event_handler.log_command:Invoking command in '/home/zuki/GalacticRacing/sim_ws/src/f1tenth_gym_ros': PYTHONPATH=/home/zuki/GalacticRacing/sim_ws/build/f1tenth_gym_ros/prefix_override:/home/zuki/GalacticRacing/sim_ws/install/f1tenth_gym_ros/lib/python3.8/site-packages:${PYTHONPATH} /usr/bin/python3 -W ignore:setup.py install is deprecated setup.py egg_info --egg-base ../../build/f1tenth_gym_ros build --build-base /home/zuki/GalacticRacing/sim_ws/build/f1tenth_gym_ros/build install --record /home/zuki/GalacticRacing/sim_ws/build/f1tenth_gym_ros/install.log --install-scripts $base/lib/f1tenth_gym_ros --single-version-externally-managed install_data
[1.698s] DEBUG:colcon.colcon_core.event_handler.log_command:Invoked command in '/home/zuki/GalacticRacing/sim_ws/build/waypoint_logger' returned '0': CMAKE_PREFIX_PATH=${CMAKE_PREFIX_PATH}:/home/zuki/GalacticRacing/sim_ws/install/particle_filter:/home/zuki/GalacticRacing/sim_ws/install/f1tenth_gym_ros:/opt/ros/foxy /usr/bin/cmake --build /home/zuki/GalacticRacing/sim_ws/build/waypoint_logger -- -j6 -l6
[1.724s] DEBUG:colcon.colcon_core.event_handler.log_command:Invoking command in '/home/zuki/GalacticRacing/sim_ws/build/wall_follow': CMAKE_PREFIX_PATH=${CMAKE_PREFIX_PATH}:/home/zuki/GalacticRacing/sim_ws/install/particle_filter:/home/zuki/GalacticRacing/sim_ws/install/f1tenth_gym_ros:/opt/ros/foxy /usr/bin/cmake --install /home/zuki/GalacticRacing/sim_ws/build/wall_follow
[1.727s] Level 1:colcon.colcon_core.environment:create_environment_scripts_only(safety_node)
[1.727s] Level 1:colcon.colcon_core.environment:checking '/home/zuki/GalacticRacing/sim_ws/install/safety_node' for CMake module files
[1.728s] Level 1:colcon.colcon_core.environment:checking '/home/zuki/GalacticRacing/sim_ws/install/safety_node' for CMake config files
[1.728s] Level 1:colcon.colcon_core.shell:create_environment_hook('safety_node', 'cmake_prefix_path')
[1.729s] INFO:colcon.colcon_core.shell:Creating environment hook '/home/zuki/GalacticRacing/sim_ws/install/safety_node/share/safety_node/hook/cmake_prefix_path.ps1'
[1.731s] INFO:colcon.colcon_core.shell:Creating environment descriptor '/home/zuki/GalacticRacing/sim_ws/install/safety_node/share/safety_node/hook/cmake_prefix_path.dsv'
[1.731s] INFO:colcon.colcon_core.shell:Creating environment hook '/home/zuki/GalacticRacing/sim_ws/install/safety_node/share/safety_node/hook/cmake_prefix_path.sh'
[1.732s] Level 1:colcon.colcon_core.environment:checking '/home/zuki/GalacticRacing/sim_ws/install/safety_node/lib'
[1.732s] Level 1:colcon.colcon_core.environment:checking '/home/zuki/GalacticRacing/sim_ws/install/safety_node/bin'
[1.732s] Level 1:colcon.colcon_core.environment:checking '/home/zuki/GalacticRacing/sim_ws/install/safety_node/lib/pkgconfig/safety_node.pc'
[1.734s] Level 1:colcon.colcon_core.environment:checking '/home/zuki/GalacticRacing/sim_ws/install/safety_node/lib/python3.8/site-packages'
[1.735s] Level 1:colcon.colcon_core.shell:create_environment_hook('safety_node', 'pythonpath')
[1.735s] INFO:colcon.colcon_core.shell:Creating environment hook '/home/zuki/GalacticRacing/sim_ws/install/safety_node/share/safety_node/hook/pythonpath.ps1'
[1.735s] INFO:colcon.colcon_core.shell:Creating environment descriptor '/home/zuki/GalacticRacing/sim_ws/install/safety_node/share/safety_node/hook/pythonpath.dsv'
[1.736s] INFO:colcon.colcon_core.shell:Creating environment hook '/home/zuki/GalacticRacing/sim_ws/install/safety_node/share/safety_node/hook/pythonpath.sh'
[1.736s] Level 1:colcon.colcon_core.environment:checking '/home/zuki/GalacticRacing/sim_ws/install/safety_node/bin'
[1.736s] INFO:colcon.colcon_core.shell:Creating package script '/home/zuki/GalacticRacing/sim_ws/install/safety_node/share/safety_node/package.ps1'
[1.738s] INFO:colcon.colcon_core.shell:Creating package descriptor '/home/zuki/GalacticRacing/sim_ws/install/safety_node/share/safety_node/package.dsv'
[1.738s] INFO:colcon.colcon_core.shell:Creating package script '/home/zuki/GalacticRacing/sim_ws/install/safety_node/share/safety_node/package.sh'
[1.739s] INFO:colcon.colcon_core.shell:Creating package script '/home/zuki/GalacticRacing/sim_ws/install/safety_node/share/safety_node/package.bash'
[1.740s] INFO:colcon.colcon_core.shell:Creating package script '/home/zuki/GalacticRacing/sim_ws/install/safety_node/share/safety_node/package.zsh'
[1.741s] Level 1:colcon.colcon_core.environment:create_file_with_runtime_dependencies(/home/zuki/GalacticRacing/sim_ws/install/safety_node/share/colcon-core/packages/safety_node)
[1.764s] DEBUG:colcon.colcon_core.event_handler.log_command:Invoking command in '/home/zuki/GalacticRacing/sim_ws/build/waypoint_logger': CMAKE_PREFIX_PATH=${CMAKE_PREFIX_PATH}:/home/zuki/GalacticRacing/sim_ws/install/particle_filter:/home/zuki/GalacticRacing/sim_ws/install/f1tenth_gym_ros:/opt/ros/foxy /usr/bin/cmake --install /home/zuki/GalacticRacing/sim_ws/build/waypoint_logger
[1.782s] Level 1:colcon.colcon_core.environment:create_environment_scripts_only(wall_follow)
[1.782s] Level 1:colcon.colcon_core.environment:checking '/home/zuki/GalacticRacing/sim_ws/install/wall_follow' for CMake module files
[1.783s] Level 1:colcon.colcon_core.environment:checking '/home/zuki/GalacticRacing/sim_ws/install/wall_follow' for CMake config files
[1.783s] Level 1:colcon.colcon_core.shell:create_environment_hook('wall_follow', 'cmake_prefix_path')
[1.783s] INFO:colcon.colcon_core.shell:Creating environment hook '/home/zuki/GalacticRacing/sim_ws/install/wall_follow/share/wall_follow/hook/cmake_prefix_path.ps1'
[1.784s] INFO:colcon.colcon_core.shell:Creating environment descriptor '/home/zuki/GalacticRacing/sim_ws/install/wall_follow/share/wall_follow/hook/cmake_prefix_path.dsv'
[1.785s] DEBUG:colcon.colcon_core.event_handler.log_command:Invoked command in '/home/zuki/GalacticRacing/sim_ws/build/wall_follow' returned '0': CMAKE_PREFIX_PATH=${CMAKE_PREFIX_PATH}:/home/zuki/GalacticRacing/sim_ws/install/particle_filter:/home/zuki/GalacticRacing/sim_ws/install/f1tenth_gym_ros:/opt/ros/foxy /usr/bin/cmake --install /home/zuki/GalacticRacing/sim_ws/build/wall_follow
[1.785s] INFO:colcon.colcon_core.shell:Creating environment hook '/home/zuki/GalacticRacing/sim_ws/install/wall_follow/share/wall_follow/hook/cmake_prefix_path.sh'
[1.786s] Level 1:colcon.colcon_core.environment:checking '/home/zuki/GalacticRacing/sim_ws/install/wall_follow/lib'
[1.786s] Level 1:colcon.colcon_core.environment:checking '/home/zuki/GalacticRacing/sim_ws/install/wall_follow/bin'
[1.786s] Level 1:colcon.colcon_core.environment:checking '/home/zuki/GalacticRacing/sim_ws/install/wall_follow/lib/pkgconfig/wall_follow.pc'
[1.786s] Level 1:colcon.colcon_core.environment:checking '/home/zuki/GalacticRacing/sim_ws/install/wall_follow/lib/python3.8/site-packages'
[1.786s] Level 1:colcon.colcon_core.shell:create_environment_hook('wall_follow', 'pythonpath')
[1.787s] INFO:colcon.colcon_core.shell:Creating environment hook '/home/zuki/GalacticRacing/sim_ws/install/wall_follow/share/wall_follow/hook/pythonpath.ps1'
[1.788s] INFO:colcon.colcon_core.shell:Creating environment descriptor '/home/zuki/GalacticRacing/sim_ws/install/wall_follow/share/wall_follow/hook/pythonpath.dsv'
[1.788s] INFO:colcon.colcon_core.shell:Creating environment hook '/home/zuki/GalacticRacing/sim_ws/install/wall_follow/share/wall_follow/hook/pythonpath.sh'
[1.789s] Level 1:colcon.colcon_core.environment:checking '/home/zuki/GalacticRacing/sim_ws/install/wall_follow/bin'
[1.790s] INFO:colcon.colcon_core.shell:Creating package script '/home/zuki/GalacticRacing/sim_ws/install/wall_follow/share/wall_follow/package.ps1'
[1.791s] INFO:colcon.colcon_core.shell:Creating package descriptor '/home/zuki/GalacticRacing/sim_ws/install/wall_follow/share/wall_follow/package.dsv'
[1.792s] INFO:colcon.colcon_core.shell:Creating package script '/home/zuki/GalacticRacing/sim_ws/install/wall_follow/share/wall_follow/package.sh'
[1.793s] INFO:colcon.colcon_core.shell:Creating package script '/home/zuki/GalacticRacing/sim_ws/install/wall_follow/share/wall_follow/package.bash'
[1.793s] INFO:colcon.colcon_core.shell:Creating package script '/home/zuki/GalacticRacing/sim_ws/install/wall_follow/share/wall_follow/package.zsh'
[1.794s] Level 1:colcon.colcon_core.environment:create_file_with_runtime_dependencies(/home/zuki/GalacticRacing/sim_ws/install/wall_follow/share/colcon-core/packages/wall_follow)
[1.815s] Level 1:colcon.colcon_core.environment:create_environment_scripts_only(waypoint_logger)
[1.816s] Level 1:colcon.colcon_core.environment:checking '/home/zuki/GalacticRacing/sim_ws/install/waypoint_logger' for CMake module files
[1.817s] DEBUG:colcon.colcon_core.event_handler.log_command:Invoked command in '/home/zuki/GalacticRacing/sim_ws/build/waypoint_logger' returned '0': CMAKE_PREFIX_PATH=${CMAKE_PREFIX_PATH}:/home/zuki/GalacticRacing/sim_ws/install/particle_filter:/home/zuki/GalacticRacing/sim_ws/install/f1tenth_gym_ros:/opt/ros/foxy /usr/bin/cmake --install /home/zuki/GalacticRacing/sim_ws/build/waypoint_logger
[1.817s] Level 1:colcon.colcon_core.environment:checking '/home/zuki/GalacticRacing/sim_ws/install/waypoint_logger' for CMake config files
[1.818s] Level 1:colcon.colcon_core.shell:create_environment_hook('waypoint_logger', 'cmake_prefix_path')
[1.818s] INFO:colcon.colcon_core.shell:Creating environment hook '/home/zuki/GalacticRacing/sim_ws/install/waypoint_logger/share/waypoint_logger/hook/cmake_prefix_path.ps1'
[1.819s] INFO:colcon.colcon_core.shell:Creating environment descriptor '/home/zuki/GalacticRacing/sim_ws/install/waypoint_logger/share/waypoint_logger/hook/cmake_prefix_path.dsv'
[1.821s] INFO:colcon.colcon_core.shell:Creating environment hook '/home/zuki/GalacticRacing/sim_ws/install/waypoint_logger/share/waypoint_logger/hook/cmake_prefix_path.sh'
[1.822s] Level 1:colcon.colcon_core.environment:checking '/home/zuki/GalacticRacing/sim_ws/install/waypoint_logger/lib'
[1.822s] Level 1:colcon.colcon_core.environment:checking '/home/zuki/GalacticRacing/sim_ws/install/waypoint_logger/bin'
[1.822s] Level 1:colcon.colcon_core.environment:checking '/home/zuki/GalacticRacing/sim_ws/install/waypoint_logger/lib/pkgconfig/waypoint_logger.pc'
[1.823s] Level 1:colcon.colcon_core.environment:checking '/home/zuki/GalacticRacing/sim_ws/install/waypoint_logger/lib/python3.8/site-packages'
[1.823s] Level 1:colcon.colcon_core.shell:create_environment_hook('waypoint_logger', 'pythonpath')
[1.823s] INFO:colcon.colcon_core.shell:Creating environment hook '/home/zuki/GalacticRacing/sim_ws/install/waypoint_logger/share/waypoint_logger/hook/pythonpath.ps1'
[1.824s] INFO:colcon.colcon_core.shell:Creating environment descriptor '/home/zuki/GalacticRacing/sim_ws/install/waypoint_logger/share/waypoint_logger/hook/pythonpath.dsv'
[1.825s] INFO:colcon.colcon_core.shell:Creating environment hook '/home/zuki/GalacticRacing/sim_ws/install/waypoint_logger/share/waypoint_logger/hook/pythonpath.sh'
[1.827s] Level 1:colcon.colcon_core.environment:checking '/home/zuki/GalacticRacing/sim_ws/install/waypoint_logger/bin'
[1.827s] INFO:colcon.colcon_core.shell:Creating package script '/home/zuki/GalacticRacing/sim_ws/install/waypoint_logger/share/waypoint_logger/package.ps1'
[1.829s] INFO:colcon.colcon_core.shell:Creating package descriptor '/home/zuki/GalacticRacing/sim_ws/install/waypoint_logger/share/waypoint_logger/package.dsv'
[1.830s] INFO:colcon.colcon_core.shell:Creating package script '/home/zuki/GalacticRacing/sim_ws/install/waypoint_logger/share/waypoint_logger/package.sh'
[1.831s] INFO:colcon.colcon_core.shell:Creating package script '/home/zuki/GalacticRacing/sim_ws/install/waypoint_logger/share/waypoint_logger/package.bash'
[1.832s] INFO:colcon.colcon_core.shell:Creating package script '/home/zuki/GalacticRacing/sim_ws/install/waypoint_logger/share/waypoint_logger/package.zsh'
[1.833s] Level 1:colcon.colcon_core.environment:create_file_with_runtime_dependencies(/home/zuki/GalacticRacing/sim_ws/install/waypoint_logger/share/colcon-core/packages/waypoint_logger)
[1.861s] Level 1:colcon.colcon_core.environment:create_environment_scripts_only(wall_follow)
[1.861s] Level 1:colcon.colcon_core.environment:checking '/home/zuki/GalacticRacing/sim_ws/install/wall_follow' for CMake module files
[1.862s] Level 1:colcon.colcon_core.environment:checking '/home/zuki/GalacticRacing/sim_ws/install/wall_follow' for CMake config files
[1.862s] Level 1:colcon.colcon_core.shell:create_environment_hook('wall_follow', 'cmake_prefix_path')
[1.862s] INFO:colcon.colcon_core.shell:Creating environment hook '/home/zuki/GalacticRacing/sim_ws/install/wall_follow/share/wall_follow/hook/cmake_prefix_path.ps1'
[1.863s] INFO:colcon.colcon_core.shell:Creating environment descriptor '/home/zuki/GalacticRacing/sim_ws/install/wall_follow/share/wall_follow/hook/cmake_prefix_path.dsv'
[1.863s] INFO:colcon.colcon_core.shell:Creating environment hook '/home/zuki/GalacticRacing/sim_ws/install/wall_follow/share/wall_follow/hook/cmake_prefix_path.sh'
[1.864s] Level 1:colcon.colcon_core.environment:checking '/home/zuki/GalacticRacing/sim_ws/install/wall_follow/lib'
[1.864s] Level 1:colcon.colcon_core.environment:checking '/home/zuki/GalacticRacing/sim_ws/install/wall_follow/bin'
[1.864s] Level 1:colcon.colcon_core.environment:checking '/home/zuki/GalacticRacing/sim_ws/install/wall_follow/lib/pkgconfig/wall_follow.pc'
[1.864s] Level 1:colcon.colcon_core.environment:checking '/home/zuki/GalacticRacing/sim_ws/install/wall_follow/lib/python3.8/site-packages'
[1.864s] Level 1:colcon.colcon_core.shell:create_environment_hook('wall_follow', 'pythonpath')
[1.864s] INFO:colcon.colcon_core.shell:Creating environment hook '/home/zuki/GalacticRacing/sim_ws/install/wall_follow/share/wall_follow/hook/pythonpath.ps1'
[1.865s] INFO:colcon.colcon_core.shell:Creating environment descriptor '/home/zuki/GalacticRacing/sim_ws/install/wall_follow/share/wall_follow/hook/pythonpath.dsv'
[1.865s] INFO:colcon.colcon_core.shell:Creating environment hook '/home/zuki/GalacticRacing/sim_ws/install/wall_follow/share/wall_follow/hook/pythonpath.sh'
[1.866s] Level 1:colcon.colcon_core.environment:checking '/home/zuki/GalacticRacing/sim_ws/install/wall_follow/bin'
[1.866s] INFO:colcon.colcon_core.shell:Creating package script '/home/zuki/GalacticRacing/sim_ws/install/wall_follow/share/wall_follow/package.ps1'
[1.867s] INFO:colcon.colcon_core.shell:Creating package descriptor '/home/zuki/GalacticRacing/sim_ws/install/wall_follow/share/wall_follow/package.dsv'
[1.867s] INFO:colcon.colcon_core.shell:Creating package script '/home/zuki/GalacticRacing/sim_ws/install/wall_follow/share/wall_follow/package.sh'
[1.868s] INFO:colcon.colcon_core.shell:Creating package script '/home/zuki/GalacticRacing/sim_ws/install/wall_follow/share/wall_follow/package.bash'
[1.869s] INFO:colcon.colcon_core.shell:Creating package script '/home/zuki/GalacticRacing/sim_ws/install/wall_follow/share/wall_follow/package.zsh'
[1.869s] Level 1:colcon.colcon_core.environment:create_file_with_runtime_dependencies(/home/zuki/GalacticRacing/sim_ws/install/wall_follow/share/colcon-core/packages/wall_follow)
[1.897s] Level 1:colcon.colcon_core.environment:create_environment_scripts_only(waypoint_logger)
[1.897s] Level 1:colcon.colcon_core.environment:checking '/home/zuki/GalacticRacing/sim_ws/install/waypoint_logger' for CMake module files
[1.898s] Level 1:colcon.colcon_core.environment:checking '/home/zuki/GalacticRacing/sim_ws/install/waypoint_logger' for CMake config files
[1.898s] Level 1:colcon.colcon_core.shell:create_environment_hook('waypoint_logger', 'cmake_prefix_path')
[1.898s] INFO:colcon.colcon_core.shell:Creating environment hook '/home/zuki/GalacticRacing/sim_ws/install/waypoint_logger/share/waypoint_logger/hook/cmake_prefix_path.ps1'
[1.899s] INFO:colcon.colcon_core.shell:Creating environment descriptor '/home/zuki/GalacticRacing/sim_ws/install/waypoint_logger/share/waypoint_logger/hook/cmake_prefix_path.dsv'
[1.899s] INFO:colcon.colcon_core.shell:Creating environment hook '/home/zuki/GalacticRacing/sim_ws/install/waypoint_logger/share/waypoint_logger/hook/cmake_prefix_path.sh'
[1.900s] Level 1:colcon.colcon_core.environment:checking '/home/zuki/GalacticRacing/sim_ws/install/waypoint_logger/lib'
[1.900s] Level 1:colcon.colcon_core.environment:checking '/home/zuki/GalacticRacing/sim_ws/install/waypoint_logger/bin'
[1.900s] Level 1:colcon.colcon_core.environment:checking '/home/zuki/GalacticRacing/sim_ws/install/waypoint_logger/lib/pkgconfig/waypoint_logger.pc'
[1.901s] Level 1:colcon.colcon_core.environment:checking '/home/zuki/GalacticRacing/sim_ws/install/waypoint_logger/lib/python3.8/site-packages'
[1.901s] Level 1:colcon.colcon_core.shell:create_environment_hook('waypoint_logger', 'pythonpath')
[1.901s] INFO:colcon.colcon_core.shell:Creating environment hook '/home/zuki/GalacticRacing/sim_ws/install/waypoint_logger/share/waypoint_logger/hook/pythonpath.ps1'
[1.901s] INFO:colcon.colcon_core.shell:Creating environment descriptor '/home/zuki/GalacticRacing/sim_ws/install/waypoint_logger/share/waypoint_logger/hook/pythonpath.dsv'
[1.903s] INFO:colcon.colcon_core.shell:Creating environment hook '/home/zuki/GalacticRacing/sim_ws/install/waypoint_logger/share/waypoint_logger/hook/pythonpath.sh'
[1.908s] Level 1:colcon.colcon_core.environment:checking '/home/zuki/GalacticRacing/sim_ws/install/waypoint_logger/bin'
[1.909s] INFO:colcon.colcon_core.shell:Creating package script '/home/zuki/GalacticRacing/sim_ws/install/waypoint_logger/share/waypoint_logger/package.ps1'
[1.911s] INFO:colcon.colcon_core.shell:Creating package descriptor '/home/zuki/GalacticRacing/sim_ws/install/waypoint_logger/share/waypoint_logger/package.dsv'
[1.915s] INFO:colcon.colcon_core.shell:Creating package script '/home/zuki/GalacticRacing/sim_ws/install/waypoint_logger/share/waypoint_logger/package.sh'
[1.915s] INFO:colcon.colcon_core.shell:Creating package script '/home/zuki/GalacticRacing/sim_ws/install/waypoint_logger/share/waypoint_logger/package.bash'
[1.916s] INFO:colcon.colcon_core.shell:Creating package script '/home/zuki/GalacticRacing/sim_ws/install/waypoint_logger/share/waypoint_logger/package.zsh'
[1.916s] Level 1:colcon.colcon_core.environment:create_file_with_runtime_dependencies(/home/zuki/GalacticRacing/sim_ws/install/waypoint_logger/share/colcon-core/packages/waypoint_logger)
[1.935s] Level 1:colcon.colcon_core.environment:checking '/home/zuki/GalacticRacing/sim_ws/install/particle_filter' for CMake module files
[1.935s] DEBUG:colcon.colcon_core.event_handler.log_command:Invoked command in '/home/zuki/GalacticRacing/sim_ws/src/particle_filter' returned '0': PYTHONPATH=/home/zuki/GalacticRacing/sim_ws/build/particle_filter/prefix_override:/home/zuki/GalacticRacing/sim_ws/install/particle_filter/lib/python3.8/site-packages:${PYTHONPATH} /usr/bin/python3 -W ignore:setup.py install is deprecated setup.py egg_info --egg-base ../../build/particle_filter build --build-base /home/zuki/GalacticRacing/sim_ws/build/particle_filter/build install --record /home/zuki/GalacticRacing/sim_ws/build/particle_filter/install.log --install-scripts $base/lib/particle_filter --single-version-externally-managed install_data
[1.936s] Level 1:colcon.colcon_core.environment:checking '/home/zuki/GalacticRacing/sim_ws/install/particle_filter' for CMake config files
[1.937s] Level 1:colcon.colcon_core.environment:checking '/home/zuki/GalacticRacing/sim_ws/install/particle_filter/lib'
[1.937s] Level 1:colcon.colcon_core.environment:checking '/home/zuki/GalacticRacing/sim_ws/install/particle_filter/bin'
[1.937s] Level 1:colcon.colcon_core.environment:checking '/home/zuki/GalacticRacing/sim_ws/install/particle_filter/lib/pkgconfig/particle_filter.pc'
[1.937s] Level 1:colcon.colcon_core.environment:checking '/home/zuki/GalacticRacing/sim_ws/install/particle_filter/lib/python3.8/site-packages'
[1.937s] Level 1:colcon.colcon_core.shell:create_environment_hook('particle_filter', 'pythonpath')
[1.937s] INFO:colcon.colcon_core.shell:Creating environment hook '/home/zuki/GalacticRacing/sim_ws/install/particle_filter/share/particle_filter/hook/pythonpath.ps1'
[1.938s] INFO:colcon.colcon_core.shell:Creating environment descriptor '/home/zuki/GalacticRacing/sim_ws/install/particle_filter/share/particle_filter/hook/pythonpath.dsv'
[1.938s] INFO:colcon.colcon_core.shell:Creating environment hook '/home/zuki/GalacticRacing/sim_ws/install/particle_filter/share/particle_filter/hook/pythonpath.sh'
[1.939s] Level 1:colcon.colcon_core.environment:checking '/home/zuki/GalacticRacing/sim_ws/install/particle_filter/bin'
[1.939s] Level 1:colcon.colcon_core.environment:create_environment_scripts_only(particle_filter)
[1.939s] INFO:colcon.colcon_core.shell:Creating package script '/home/zuki/GalacticRacing/sim_ws/install/particle_filter/share/particle_filter/package.ps1'
[1.940s] INFO:colcon.colcon_core.shell:Creating package descriptor '/home/zuki/GalacticRacing/sim_ws/install/particle_filter/share/particle_filter/package.dsv'
[1.940s] INFO:colcon.colcon_core.shell:Creating package script '/home/zuki/GalacticRacing/sim_ws/install/particle_filter/share/particle_filter/package.sh'
[1.941s] INFO:colcon.colcon_core.shell:Creating package script '/home/zuki/GalacticRacing/sim_ws/install/particle_filter/share/particle_filter/package.bash'
[1.941s] INFO:colcon.colcon_core.shell:Creating package script '/home/zuki/GalacticRacing/sim_ws/install/particle_filter/share/particle_filter/package.zsh'
[1.942s] Level 1:colcon.colcon_core.environment:create_file_with_runtime_dependencies(/home/zuki/GalacticRacing/sim_ws/install/particle_filter/share/colcon-core/packages/particle_filter)
[2.004s] Level 1:colcon.colcon_core.environment:checking '/home/zuki/GalacticRacing/sim_ws/install/f1tenth_gym_ros' for CMake module files
[2.004s] DEBUG:colcon.colcon_core.event_handler.log_command:Invoked command in '/home/zuki/GalacticRacing/sim_ws/src/f1tenth_gym_ros' returned '0': PYTHONPATH=/home/zuki/GalacticRacing/sim_ws/build/f1tenth_gym_ros/prefix_override:/home/zuki/GalacticRacing/sim_ws/install/f1tenth_gym_ros/lib/python3.8/site-packages:${PYTHONPATH} /usr/bin/python3 -W ignore:setup.py install is deprecated setup.py egg_info --egg-base ../../build/f1tenth_gym_ros build --build-base /home/zuki/GalacticRacing/sim_ws/build/f1tenth_gym_ros/build install --record /home/zuki/GalacticRacing/sim_ws/build/f1tenth_gym_ros/install.log --install-scripts $base/lib/f1tenth_gym_ros --single-version-externally-managed install_data
[2.005s] Level 1:colcon.colcon_core.environment:checking '/home/zuki/GalacticRacing/sim_ws/install/f1tenth_gym_ros' for CMake config files
[2.006s] Level 1:colcon.colcon_core.environment:checking '/home/zuki/GalacticRacing/sim_ws/install/f1tenth_gym_ros/lib'
[2.006s] Level 1:colcon.colcon_core.environment:checking '/home/zuki/GalacticRacing/sim_ws/install/f1tenth_gym_ros/bin'
[2.006s] Level 1:colcon.colcon_core.environment:checking '/home/zuki/GalacticRacing/sim_ws/install/f1tenth_gym_ros/lib/pkgconfig/f1tenth_gym_ros.pc'
[2.006s] Level 1:colcon.colcon_core.environment:checking '/home/zuki/GalacticRacing/sim_ws/install/f1tenth_gym_ros/lib/python3.8/site-packages'
[2.007s] Level 1:colcon.colcon_core.shell:create_environment_hook('f1tenth_gym_ros', 'pythonpath')
[2.008s] INFO:colcon.colcon_core.shell:Creating environment hook '/home/zuki/GalacticRacing/sim_ws/install/f1tenth_gym_ros/share/f1tenth_gym_ros/hook/pythonpath.ps1'
[2.008s] INFO:colcon.colcon_core.shell:Creating environment descriptor '/home/zuki/GalacticRacing/sim_ws/install/f1tenth_gym_ros/share/f1tenth_gym_ros/hook/pythonpath.dsv'
[2.009s] INFO:colcon.colcon_core.shell:Creating environment hook '/home/zuki/GalacticRacing/sim_ws/install/f1tenth_gym_ros/share/f1tenth_gym_ros/hook/pythonpath.sh'
[2.009s] Level 1:colcon.colcon_core.environment:checking '/home/zuki/GalacticRacing/sim_ws/install/f1tenth_gym_ros/bin'
[2.009s] Level 1:colcon.colcon_core.environment:create_environment_scripts_only(f1tenth_gym_ros)
[2.010s] INFO:colcon.colcon_core.shell:Creating package script '/home/zuki/GalacticRacing/sim_ws/install/f1tenth_gym_ros/share/f1tenth_gym_ros/package.ps1'
[2.012s] INFO:colcon.colcon_core.shell:Creating package descriptor '/home/zuki/GalacticRacing/sim_ws/install/f1tenth_gym_ros/share/f1tenth_gym_ros/package.dsv'
[2.013s] INFO:colcon.colcon_core.shell:Creating package script '/home/zuki/GalacticRacing/sim_ws/install/f1tenth_gym_ros/share/f1tenth_gym_ros/package.sh'
[2.016s] INFO:colcon.colcon_core.shell:Creating package script '/home/zuki/GalacticRacing/sim_ws/install/f1tenth_gym_ros/share/f1tenth_gym_ros/package.bash'
[2.017s] INFO:colcon.colcon_core.shell:Creating package script '/home/zuki/GalacticRacing/sim_ws/install/f1tenth_gym_ros/share/f1tenth_gym_ros/package.zsh'
[2.018s] Level 1:colcon.colcon_core.environment:create_file_with_runtime_dependencies(/home/zuki/GalacticRacing/sim_ws/install/f1tenth_gym_ros/share/colcon-core/packages/f1tenth_gym_ros)
[2.024s] DEBUG:colcon.colcon_parallel_executor.executor.parallel:closing loop
[2.028s] DEBUG:colcon.colcon_parallel_executor.executor.parallel:loop closed
[2.028s] DEBUG:colcon.colcon_parallel_executor.executor.parallel:run_until_complete finished with '0'
[2.028s] DEBUG:colcon.colcon_core.event_reactor:joining thread
[2.047s] INFO:colcon.colcon_core.plugin_system:Skipping extension 'colcon_notification.desktop_notification.terminal_notifier': Not used on non-Darwin systems
[2.051s] INFO:colcon.colcon_core.plugin_system:Skipping extension 'colcon_notification.desktop_notification.win32': Not used on non-Windows systems
[2.051s] INFO:colcon.colcon_notification.desktop_notification:Sending desktop notification using 'notify2'
[2.115s] DEBUG:colcon.colcon_core.event_reactor:joined thread
[2.118s] INFO:colcon.colcon_core.shell:Creating prefix script '/home/zuki/GalacticRacing/sim_ws/install/local_setup.ps1'
[2.120s] INFO:colcon.colcon_core.shell:Creating prefix util module '/home/zuki/GalacticRacing/sim_ws/install/_local_setup_util_ps1.py'
[2.124s] INFO:colcon.colcon_core.shell:Creating prefix chain script '/home/zuki/GalacticRacing/sim_ws/install/setup.ps1'
[2.128s] INFO:colcon.colcon_core.shell:Creating prefix script '/home/zuki/GalacticRacing/sim_ws/install/local_setup.sh'
[2.132s] INFO:colcon.colcon_core.shell:Creating prefix util module '/home/zuki/GalacticRacing/sim_ws/install/_local_setup_util_sh.py'
[2.133s] INFO:colcon.colcon_core.shell:Creating prefix chain script '/home/zuki/GalacticRacing/sim_ws/install/setup.sh'
[2.136s] INFO:colcon.colcon_core.shell:Creating prefix script '/home/zuki/GalacticRacing/sim_ws/install/local_setup.bash'
[2.137s] INFO:colcon.colcon_core.shell:Creating prefix chain script '/home/zuki/GalacticRacing/sim_ws/install/setup.bash'
[2.140s] INFO:colcon.colcon_core.shell:Creating prefix script '/home/zuki/GalacticRacing/sim_ws/install/local_setup.zsh'
[2.141s] INFO:colcon.colcon_core.shell:Creating prefix chain script '/home/zuki/GalacticRacing/sim_ws/install/setup.zsh'
