[0.283s] Invoking command in '/home/zuki/GalacticRacing/sim_ws/build/gap_follow': CMAKE_PREFIX_PATH=${CMAKE_PREFIX_PATH}:/home/zuki/GalacticRacing/sim_ws/install/particle_filter:/home/zuki/GalacticRacing/sim_ws/install/f1tenth_gym_ros:/opt/ros/foxy /usr/bin/cmake --build /home/zuki/GalacticRacing/sim_ws/build/gap_follow -- -j6 -l6
[0.540s] -- Found ament_cmake: 0.9.12 (/opt/ros/foxy/share/ament_cmake/cmake)
[0.542s] -- Using PYTHON_EXECUTABLE: /usr/bin/python3
[0.542s] -- Found rclcpp: 2.4.3 (/opt/ros/foxy/share/rclcpp/cmake)
[0.562s] -- Using all available rosidl_typesupport_c: rosidl_typesupport_fastrtps_c;rosidl_typesupport_introspection_c
[0.564s] -- Found rosidl_adapter: 1.3.1 (/opt/ros/foxy/share/rosidl_adapter/cmake)
[0.689s] -- Using all available rosidl_typesupport_cpp: rosidl_typesupport_fastrtps_cpp;rosidl_typesupport_introspection_cpp
[0.744s] -- Found rmw_implementation_cmake: 1.0.4 (/opt/ros/foxy/share/rmw_implementation_cmake/cmake)
[0.745s] -- Using RMW implementation 'rmw_fastrtps_cpp' as default
[0.929s] -- Found rclpy: 1.0.13 (/opt/ros/foxy/share/rclpy/cmake)
[0.929s] -- Found geometry_msgs: 2.0.5 (/opt/ros/foxy/share/geometry_msgs/cmake)
[0.966s] -- Found nav_msgs: 2.0.5 (/opt/ros/foxy/share/nav_msgs/cmake)
[1.044s] -- Found ackermann_msgs: 2.0.2 (/opt/ros/foxy/share/ackermann_msgs/cmake)
[1.081s] -- Found sensor_msgs: 2.0.5 (/opt/ros/foxy/share/sensor_msgs/cmake)
[1.169s] -- Found ament_lint_auto: 0.9.8 (/opt/ros/foxy/share/ament_lint_auto/cmake)
[1.241s] -- Added test 'copyright' to check source files copyright and LICENSE
[1.241s] -- Added test 'cppcheck' to perform static code analysis on C / C++ code
[1.241s] -- Configured cppcheck include dirs: /home/zuki/GalacticRacing/sim_ws/src/gap_follow/include
[1.241s] -- Configured cppcheck exclude dirs and/or files: 
[1.241s] -- Added test 'cpplint' to check C / C++ code against the Google style
[1.241s] -- Configured cpplint exclude dirs and/or files: 
[1.241s] -- Added test 'flake8' to check Python code syntax and style conventions
[1.241s] -- Added test 'lint_cmake' to check CMake code style
[1.241s] -- Added test 'pep257' to check Python code against some of the style conventions in PEP 257
[1.241s] -- Added test 'uncrustify' to check C / C++ code style
[1.241s] -- Configured uncrustify additional arguments: 
[1.241s] -- Added test 'xmllint' to check XML markup files
[1.241s] -- Configuring done
[1.254s] -- Generating done
[1.256s] -- Build files have been written to: /home/zuki/GalacticRacing/sim_ws/build/gap_follow
[1.310s] [100%] Built target reactive_node
[1.339s] Invoked command in '/home/zuki/GalacticRacing/sim_ws/build/gap_follow' returned '0': CMAKE_PREFIX_PATH=${CMAKE_PREFIX_PATH}:/home/zuki/GalacticRacing/sim_ws/install/particle_filter:/home/zuki/GalacticRacing/sim_ws/install/f1tenth_gym_ros:/opt/ros/foxy /usr/bin/cmake --build /home/zuki/GalacticRacing/sim_ws/build/gap_follow -- -j6 -l6
[1.397s] Invoking command in '/home/zuki/GalacticRacing/sim_ws/build/gap_follow': CMAKE_PREFIX_PATH=${CMAKE_PREFIX_PATH}:/home/zuki/GalacticRacing/sim_ws/install/particle_filter:/home/zuki/GalacticRacing/sim_ws/install/f1tenth_gym_ros:/opt/ros/foxy /usr/bin/cmake --install /home/zuki/GalacticRacing/sim_ws/build/gap_follow
[1.697s] -- Install configuration: ""
[1.697s] -- Up-to-date: /home/zuki/GalacticRacing/sim_ws/install/gap_follow/lib/gap_follow/reactive_node
[1.697s] -- Up-to-date: /home/zuki/GalacticRacing/sim_ws/install/gap_follow/share/gap_follow/environment/pythonpath.sh
[1.697s] -- Installing: /home/zuki/GalacticRacing/sim_ws/install/gap_follow/share/gap_follow/environment/pythonpath.dsv
[1.697s] -- Up-to-date: /home/zuki/GalacticRacing/sim_ws/install/gap_follow/lib/python3.8/site-packages/gap_follow
[1.697s] -- Up-to-date: /home/zuki/GalacticRacing/sim_ws/install/gap_follow/lib/python3.8/site-packages/gap_follow/helper.py
[1.697s] -- Up-to-date: /home/zuki/GalacticRacing/sim_ws/install/gap_follow/lib/python3.8/site-packages/gap_follow/__init__.py
[1.697s] -- Up-to-date: /home/zuki/GalacticRacing/sim_ws/install/gap_follow/lib/python3.8/site-packages/gap_follow/variables.py
[1.697s] Listing '/home/zuki/GalacticRacing/sim_ws/install/gap_follow/lib/python3.8/site-packages/gap_follow'...
[1.697s] Compiling '/home/zuki/GalacticRacing/sim_ws/install/gap_follow/lib/python3.8/site-packages/gap_follow/__init__.py'...
[1.697s] Compiling '/home/zuki/GalacticRacing/sim_ws/install/gap_follow/lib/python3.8/site-packages/gap_follow/helper.py'...
[1.697s] Compiling '/home/zuki/GalacticRacing/sim_ws/install/gap_follow/lib/python3.8/site-packages/gap_follow/variables.py'...
[1.698s] -- Up-to-date: /home/zuki/GalacticRacing/sim_ws/install/gap_follow/lib/gap_follow/reactive_node.py
[1.698s] -- Up-to-date: /home/zuki/GalacticRacing/sim_ws/install/gap_follow/share/ament_index/resource_index/package_run_dependencies/gap_follow
[1.698s] -- Up-to-date: /home/zuki/GalacticRacing/sim_ws/install/gap_follow/share/ament_index/resource_index/parent_prefix_path/gap_follow
[1.698s] -- Up-to-date: /home/zuki/GalacticRacing/sim_ws/install/gap_follow/share/gap_follow/environment/ament_prefix_path.sh
[1.698s] -- Installing: /home/zuki/GalacticRacing/sim_ws/install/gap_follow/share/gap_follow/environment/ament_prefix_path.dsv
[1.698s] -- Up-to-date: /home/zuki/GalacticRacing/sim_ws/install/gap_follow/share/gap_follow/environment/path.sh
[1.698s] -- Installing: /home/zuki/GalacticRacing/sim_ws/install/gap_follow/share/gap_follow/environment/path.dsv
[1.698s] -- Up-to-date: /home/zuki/GalacticRacing/sim_ws/install/gap_follow/share/gap_follow/local_setup.bash
[1.698s] -- Up-to-date: /home/zuki/GalacticRacing/sim_ws/install/gap_follow/share/gap_follow/local_setup.sh
[1.698s] -- Up-to-date: /home/zuki/GalacticRacing/sim_ws/install/gap_follow/share/gap_follow/local_setup.zsh
[1.698s] -- Installing: /home/zuki/GalacticRacing/sim_ws/install/gap_follow/share/gap_follow/local_setup.dsv
[1.698s] -- Installing: /home/zuki/GalacticRacing/sim_ws/install/gap_follow/share/gap_follow/package.dsv
[1.698s] -- Up-to-date: /home/zuki/GalacticRacing/sim_ws/install/gap_follow/share/ament_index/resource_index/packages/gap_follow
[1.698s] -- Up-to-date: /home/zuki/GalacticRacing/sim_ws/install/gap_follow/share/gap_follow/cmake/gap_followConfig.cmake
[1.698s] -- Up-to-date: /home/zuki/GalacticRacing/sim_ws/install/gap_follow/share/gap_follow/cmake/gap_followConfig-version.cmake
[1.698s] -- Up-to-date: /home/zuki/GalacticRacing/sim_ws/install/gap_follow/share/gap_follow/package.xml
[1.710s] Invoked command in '/home/zuki/GalacticRacing/sim_ws/build/gap_follow' returned '0': CMAKE_PREFIX_PATH=${CMAKE_PREFIX_PATH}:/home/zuki/GalacticRacing/sim_ws/install/particle_filter:/home/zuki/GalacticRacing/sim_ws/install/f1tenth_gym_ros:/opt/ros/foxy /usr/bin/cmake --install /home/zuki/GalacticRacing/sim_ws/build/gap_follow
