[0.164s] DEBUG:colcon:Command line arguments: ['/usr/bin/colcon', 'build']
[0.164s] DEBUG:colcon:Parsed command line arguments: Namespace(allow_overriding=[], ament_cmake_args=None, base_paths=['.'], build_base='build', catkin_cmake_args=None, catkin_skip_building_tests=False, cmake_args=None, cmake_clean_cache=False, cmake_clean_first=False, cmake_force_configure=False, cmake_target=None, cmake_target_skip_unavailable=False, continue_on_error=False, event_handlers=None, executor='parallel', ignore_user_meta=False, install_base='install', log_base=None, log_level=None, main=<bound method BuildVerb.main of <colcon_core.verb.build.BuildVerb object at 0x7f4d6a1a4eb0>>, merge_install=False, metas=['./colcon.meta'], packages_above=None, packages_above_and_dependencies=None, packages_above_depth=None, packages_end=None, packages_ignore=None, packages_ignore_regex=None, packages_select=None, packages_select_build_failed=False, packages_select_by_dep=None, packages_select_regex=None, packages_select_test_failures=False, packages_skip=None, packages_skip_build_finished=False, packages_skip_by_dep=None, packages_skip_regex=None, packages_skip_test_passed=False, packages_skip_up_to=None, packages_start=None, packages_up_to=None, packages_up_to_regex=None, parallel_workers=6, paths=None, symlink_install=False, test_result_base=None, verb_extension=<colcon_core.verb.build.BuildVerb object at 0x7f4d6a1a4eb0>, verb_name='build', verb_parser=<colcon_defaults.argument_parser.defaults.DefaultArgumentsDecorator object at 0x7f4d6a0bea30>)
[0.291s] Level 1:colcon.colcon_core.package_discovery:discover_packages(colcon_meta) check parameters
[0.291s] Level 1:colcon.colcon_core.package_discovery:discover_packages(recursive) check parameters
[0.291s] Level 1:colcon.colcon_core.package_discovery:discover_packages(ignore) check parameters
[0.291s] Level 1:colcon.colcon_core.package_discovery:discover_packages(path) check parameters
[0.291s] Level 1:colcon.colcon_core.package_discovery:discover_packages(colcon_meta) discover
[0.291s] Level 1:colcon.colcon_core.package_discovery:discover_packages(recursive) discover
[0.291s] INFO:colcon.colcon_core.package_discovery:Crawling recursively for packages in '/home/zuki/GalacticRacing/sim_ws'
[0.291s] Level 1:colcon.colcon_core.package_identification:_identify(.) by extensions ['ignore', 'ignore_ament_install']
[0.291s] Level 1:colcon.colcon_core.package_identification:_identify(.) by extension 'ignore'
[0.291s] Level 1:colcon.colcon_core.package_identification:_identify(.) by extension 'ignore_ament_install'
[0.291s] Level 1:colcon.colcon_core.package_identification:_identify(.) by extensions ['colcon_pkg']
[0.291s] Level 1:colcon.colcon_core.package_identification:_identify(.) by extension 'colcon_pkg'
[0.291s] Level 1:colcon.colcon_core.package_identification:_identify(.) by extensions ['colcon_meta']
[0.291s] Level 1:colcon.colcon_core.package_identification:_identify(.) by extension 'colcon_meta'
[0.292s] Level 1:colcon.colcon_core.package_identification:_identify(.) by extensions ['ros']
[0.292s] Level 1:colcon.colcon_core.package_identification:_identify(.) by extension 'ros'
[0.302s] Level 1:colcon.colcon_core.package_identification:_identify(.) by extensions ['cmake', 'python']
[0.302s] Level 1:colcon.colcon_core.package_identification:_identify(.) by extension 'cmake'
[0.302s] Level 1:colcon.colcon_core.package_identification:_identify(.) by extension 'python'
[0.302s] Level 1:colcon.colcon_core.package_identification:_identify(.) by extensions ['python_setup_py']
[0.302s] Level 1:colcon.colcon_core.package_identification:_identify(.) by extension 'python_setup_py'
[0.302s] Level 1:colcon.colcon_core.package_identification:_identify(build) by extensions ['ignore', 'ignore_ament_install']
[0.302s] Level 1:colcon.colcon_core.package_identification:_identify(build) by extension 'ignore'
[0.303s] Level 1:colcon.colcon_core.package_identification:_identify(build) ignored
[0.303s] Level 1:colcon.colcon_core.package_identification:_identify(install) by extensions ['ignore', 'ignore_ament_install']
[0.303s] Level 1:colcon.colcon_core.package_identification:_identify(install) by extension 'ignore'
[0.303s] Level 1:colcon.colcon_core.package_identification:_identify(install) ignored
[0.303s] Level 1:colcon.colcon_core.package_identification:_identify(lab5_pkg) by extensions ['ignore', 'ignore_ament_install']
[0.303s] Level 1:colcon.colcon_core.package_identification:_identify(lab5_pkg) by extension 'ignore'
[0.303s] Level 1:colcon.colcon_core.package_identification:_identify(lab5_pkg) by extension 'ignore_ament_install'
[0.303s] Level 1:colcon.colcon_core.package_identification:_identify(lab5_pkg) by extensions ['colcon_pkg']
[0.303s] Level 1:colcon.colcon_core.package_identification:_identify(lab5_pkg) by extension 'colcon_pkg'
[0.303s] Level 1:colcon.colcon_core.package_identification:_identify(lab5_pkg) by extensions ['colcon_meta']
[0.303s] Level 1:colcon.colcon_core.package_identification:_identify(lab5_pkg) by extension 'colcon_meta'
[0.303s] Level 1:colcon.colcon_core.package_identification:_identify(lab5_pkg) by extensions ['ros']
[0.303s] Level 1:colcon.colcon_core.package_identification:_identify(lab5_pkg) by extension 'ros'
[0.305s] DEBUG:colcon.colcon_core.package_identification:Package 'lab5_pkg' with type 'ros.ament_cmake' and name 'lab5_pkg'
[0.306s] Level 1:colcon.colcon_core.package_identification:_identify(log) by extensions ['ignore', 'ignore_ament_install']
[0.306s] Level 1:colcon.colcon_core.package_identification:_identify(log) by extension 'ignore'
[0.306s] Level 1:colcon.colcon_core.package_identification:_identify(log) ignored
[0.306s] Level 1:colcon.colcon_core.package_identification:_identify(range_libc) by extensions ['ignore', 'ignore_ament_install']
[0.306s] Level 1:colcon.colcon_core.package_identification:_identify(range_libc) by extension 'ignore'
[0.306s] Level 1:colcon.colcon_core.package_identification:_identify(range_libc) by extension 'ignore_ament_install'
[0.306s] Level 1:colcon.colcon_core.package_identification:_identify(range_libc) by extensions ['colcon_pkg']
[0.306s] Level 1:colcon.colcon_core.package_identification:_identify(range_libc) by extension 'colcon_pkg'
[0.306s] Level 1:colcon.colcon_core.package_identification:_identify(range_libc) by extensions ['colcon_meta']
[0.306s] Level 1:colcon.colcon_core.package_identification:_identify(range_libc) by extension 'colcon_meta'
[0.306s] Level 1:colcon.colcon_core.package_identification:_identify(range_libc) by extensions ['ros']
[0.306s] Level 1:colcon.colcon_core.package_identification:_identify(range_libc) by extension 'ros'
[0.307s] Level 1:colcon.colcon_core.package_identification:_identify(range_libc) by extensions ['cmake', 'python']
[0.307s] Level 1:colcon.colcon_core.package_identification:_identify(range_libc) by extension 'cmake'
[0.315s] Level 1:colcon.colcon_core.package_identification:_identify(range_libc) by extension 'python'
[0.315s] DEBUG:colcon.colcon_core.package_identification:Package 'range_libc' with type 'cmake' and name 'range_lib'
[0.315s] Level 1:colcon.colcon_core.package_identification:_identify(src) by extensions ['ignore', 'ignore_ament_install']
[0.315s] Level 1:colcon.colcon_core.package_identification:_identify(src) by extension 'ignore'
[0.315s] Level 1:colcon.colcon_core.package_identification:_identify(src) by extension 'ignore_ament_install'
[0.315s] Level 1:colcon.colcon_core.package_identification:_identify(src) by extensions ['colcon_pkg']
[0.315s] Level 1:colcon.colcon_core.package_identification:_identify(src) by extension 'colcon_pkg'
[0.315s] Level 1:colcon.colcon_core.package_identification:_identify(src) by extensions ['colcon_meta']
[0.315s] Level 1:colcon.colcon_core.package_identification:_identify(src) by extension 'colcon_meta'
[0.315s] Level 1:colcon.colcon_core.package_identification:_identify(src) by extensions ['ros']
[0.315s] Level 1:colcon.colcon_core.package_identification:_identify(src) by extension 'ros'
[0.315s] Level 1:colcon.colcon_core.package_identification:_identify(src) by extensions ['cmake', 'python']
[0.315s] Level 1:colcon.colcon_core.package_identification:_identify(src) by extension 'cmake'
[0.315s] Level 1:colcon.colcon_core.package_identification:_identify(src) by extension 'python'
[0.315s] Level 1:colcon.colcon_core.package_identification:_identify(src) by extensions ['python_setup_py']
[0.315s] Level 1:colcon.colcon_core.package_identification:_identify(src) by extension 'python_setup_py'
[0.316s] Level 1:colcon.colcon_core.package_identification:_identify(src/f1tenth_gym_ros) by extensions ['ignore', 'ignore_ament_install']
[0.316s] Level 1:colcon.colcon_core.package_identification:_identify(src/f1tenth_gym_ros) by extension 'ignore'
[0.316s] Level 1:colcon.colcon_core.package_identification:_identify(src/f1tenth_gym_ros) by extension 'ignore_ament_install'
[0.316s] Level 1:colcon.colcon_core.package_identification:_identify(src/f1tenth_gym_ros) by extensions ['colcon_pkg']
[0.316s] Level 1:colcon.colcon_core.package_identification:_identify(src/f1tenth_gym_ros) by extension 'colcon_pkg'
[0.316s] Level 1:colcon.colcon_core.package_identification:_identify(src/f1tenth_gym_ros) by extensions ['colcon_meta']
[0.316s] Level 1:colcon.colcon_core.package_identification:_identify(src/f1tenth_gym_ros) by extension 'colcon_meta'
[0.316s] Level 1:colcon.colcon_core.package_identification:_identify(src/f1tenth_gym_ros) by extensions ['ros']
[0.316s] Level 1:colcon.colcon_core.package_identification:_identify(src/f1tenth_gym_ros) by extension 'ros'
[0.316s] DEBUG:colcon.colcon_core.package_identification:Package 'src/f1tenth_gym_ros' with type 'ros.ament_python' and name 'f1tenth_gym_ros'
[0.317s] Level 1:colcon.colcon_core.package_identification:_identify(src/gap_follow) by extensions ['ignore', 'ignore_ament_install']
[0.317s] Level 1:colcon.colcon_core.package_identification:_identify(src/gap_follow) by extension 'ignore'
[0.317s] Level 1:colcon.colcon_core.package_identification:_identify(src/gap_follow) by extension 'ignore_ament_install'
[0.317s] Level 1:colcon.colcon_core.package_identification:_identify(src/gap_follow) by extensions ['colcon_pkg']
[0.317s] Level 1:colcon.colcon_core.package_identification:_identify(src/gap_follow) by extension 'colcon_pkg'
[0.317s] Level 1:colcon.colcon_core.package_identification:_identify(src/gap_follow) by extensions ['colcon_meta']
[0.317s] Level 1:colcon.colcon_core.package_identification:_identify(src/gap_follow) by extension 'colcon_meta'
[0.317s] Level 1:colcon.colcon_core.package_identification:_identify(src/gap_follow) by extensions ['ros']
[0.317s] Level 1:colcon.colcon_core.package_identification:_identify(src/gap_follow) by extension 'ros'
[0.318s] DEBUG:colcon.colcon_core.package_identification:Package 'src/gap_follow' with type 'ros.ament_cmake' and name 'gap_follow'
[0.318s] Level 1:colcon.colcon_core.package_identification:_identify(src/particle_filter) by extensions ['ignore', 'ignore_ament_install']
[0.318s] Level 1:colcon.colcon_core.package_identification:_identify(src/particle_filter) by extension 'ignore'
[0.318s] Level 1:colcon.colcon_core.package_identification:_identify(src/particle_filter) by extension 'ignore_ament_install'
[0.318s] Level 1:colcon.colcon_core.package_identification:_identify(src/particle_filter) by extensions ['colcon_pkg']
[0.318s] Level 1:colcon.colcon_core.package_identification:_identify(src/particle_filter) by extension 'colcon_pkg'
[0.318s] Level 1:colcon.colcon_core.package_identification:_identify(src/particle_filter) by extensions ['colcon_meta']
[0.318s] Level 1:colcon.colcon_core.package_identification:_identify(src/particle_filter) by extension 'colcon_meta'
[0.318s] Level 1:colcon.colcon_core.package_identification:_identify(src/particle_filter) by extensions ['ros']
[0.318s] Level 1:colcon.colcon_core.package_identification:_identify(src/particle_filter) by extension 'ros'
[0.319s] DEBUG:colcon.colcon_core.package_identification:Package 'src/particle_filter' with type 'ros.ament_python' and name 'particle_filter'
[0.319s] Level 1:colcon.colcon_core.package_identification:_identify(src/pure_pursuit) by extensions ['ignore', 'ignore_ament_install']
[0.320s] Level 1:colcon.colcon_core.package_identification:_identify(src/pure_pursuit) by extension 'ignore'
[0.320s] Level 1:colcon.colcon_core.package_identification:_identify(src/pure_pursuit) by extension 'ignore_ament_install'
[0.320s] Level 1:colcon.colcon_core.package_identification:_identify(src/pure_pursuit) by extensions ['colcon_pkg']
[0.320s] Level 1:colcon.colcon_core.package_identification:_identify(src/pure_pursuit) by extension 'colcon_pkg'
[0.320s] Level 1:colcon.colcon_core.package_identification:_identify(src/pure_pursuit) by extensions ['colcon_meta']
[0.320s] Level 1:colcon.colcon_core.package_identification:_identify(src/pure_pursuit) by extension 'colcon_meta'
[0.320s] Level 1:colcon.colcon_core.package_identification:_identify(src/pure_pursuit) by extensions ['ros']
[0.320s] Level 1:colcon.colcon_core.package_identification:_identify(src/pure_pursuit) by extension 'ros'
[0.321s] DEBUG:colcon.colcon_core.package_identification:Package 'src/pure_pursuit' with type 'ros.ament_cmake' and name 'pure_pursuit'
[0.321s] Level 1:colcon.colcon_core.package_identification:_identify(src/safety_node) by extensions ['ignore', 'ignore_ament_install']
[0.321s] Level 1:colcon.colcon_core.package_identification:_identify(src/safety_node) by extension 'ignore'
[0.321s] Level 1:colcon.colcon_core.package_identification:_identify(src/safety_node) by extension 'ignore_ament_install'
[0.321s] Level 1:colcon.colcon_core.package_identification:_identify(src/safety_node) by extensions ['colcon_pkg']
[0.321s] Level 1:colcon.colcon_core.package_identification:_identify(src/safety_node) by extension 'colcon_pkg'
[0.321s] Level 1:colcon.colcon_core.package_identification:_identify(src/safety_node) by extensions ['colcon_meta']
[0.321s] Level 1:colcon.colcon_core.package_identification:_identify(src/safety_node) by extension 'colcon_meta'
[0.321s] Level 1:colcon.colcon_core.package_identification:_identify(src/safety_node) by extensions ['ros']
[0.321s] Level 1:colcon.colcon_core.package_identification:_identify(src/safety_node) by extension 'ros'
[0.322s] DEBUG:colcon.colcon_core.package_identification:Package 'src/safety_node' with type 'ros.ament_cmake' and name 'safety_node'
[0.323s] Level 1:colcon.colcon_core.package_identification:_identify(src/wall_follow) by extensions ['ignore', 'ignore_ament_install']
[0.323s] Level 1:colcon.colcon_core.package_identification:_identify(src/wall_follow) by extension 'ignore'
[0.323s] Level 1:colcon.colcon_core.package_identification:_identify(src/wall_follow) by extension 'ignore_ament_install'
[0.323s] Level 1:colcon.colcon_core.package_identification:_identify(src/wall_follow) by extensions ['colcon_pkg']
[0.323s] Level 1:colcon.colcon_core.package_identification:_identify(src/wall_follow) by extension 'colcon_pkg'
[0.323s] Level 1:colcon.colcon_core.package_identification:_identify(src/wall_follow) by extensions ['colcon_meta']
[0.323s] Level 1:colcon.colcon_core.package_identification:_identify(src/wall_follow) by extension 'colcon_meta'
[0.323s] Level 1:colcon.colcon_core.package_identification:_identify(src/wall_follow) by extensions ['ros']
[0.323s] Level 1:colcon.colcon_core.package_identification:_identify(src/wall_follow) by extension 'ros'
[0.324s] DEBUG:colcon.colcon_core.package_identification:Package 'src/wall_follow' with type 'ros.ament_cmake' and name 'wall_follow'
[0.324s] Level 1:colcon.colcon_core.package_identification:_identify(src/waypoint_logger) by extensions ['ignore', 'ignore_ament_install']
[0.324s] Level 1:colcon.colcon_core.package_identification:_identify(src/waypoint_logger) by extension 'ignore'
[0.324s] Level 1:colcon.colcon_core.package_identification:_identify(src/waypoint_logger) by extension 'ignore_ament_install'
[0.324s] Level 1:colcon.colcon_core.package_identification:_identify(src/waypoint_logger) by extensions ['colcon_pkg']
[0.324s] Level 1:colcon.colcon_core.package_identification:_identify(src/waypoint_logger) by extension 'colcon_pkg'
[0.325s] Level 1:colcon.colcon_core.package_identification:_identify(src/waypoint_logger) by extensions ['colcon_meta']
[0.325s] Level 1:colcon.colcon_core.package_identification:_identify(src/waypoint_logger) by extension 'colcon_meta'
[0.325s] Level 1:colcon.colcon_core.package_identification:_identify(src/waypoint_logger) by extensions ['ros']
[0.325s] Level 1:colcon.colcon_core.package_identification:_identify(src/waypoint_logger) by extension 'ros'
[0.326s] DEBUG:colcon.colcon_core.package_identification:Package 'src/waypoint_logger' with type 'ros.ament_cmake' and name 'waypoint_logger'
[0.326s] Level 1:colcon.colcon_core.package_discovery:discover_packages(recursive) using defaults
[0.327s] Level 1:colcon.colcon_core.package_discovery:discover_packages(ignore) discover
[0.327s] Level 1:colcon.colcon_core.package_discovery:discover_packages(ignore) using defaults
[0.327s] Level 1:colcon.colcon_core.package_discovery:discover_packages(path) discover
[0.327s] Level 1:colcon.colcon_core.package_discovery:discover_packages(path) using defaults
[0.343s] Level 1:colcon.colcon_core.package_discovery:discover_packages(prefix_path) check parameters
[0.343s] Level 1:colcon.colcon_core.package_discovery:discover_packages(prefix_path) discover
[0.345s] DEBUG:colcon.colcon_installed_package_information.package_discovery:Found 8 installed packages in /home/zuki/GalacticRacing/sim_ws/install
[0.347s] DEBUG:colcon.colcon_installed_package_information.package_discovery:Found 302 installed packages in /opt/ros/foxy
[0.357s] Level 1:colcon.colcon_core.package_discovery:discover_packages(prefix_path) using defaults
[0.408s] Level 5:colcon.colcon_core.verb:set package 'f1tenth_gym_ros' build argument 'cmake_args' from command line to 'None'
[0.408s] Level 5:colcon.colcon_core.verb:set package 'f1tenth_gym_ros' build argument 'cmake_target' from command line to 'None'
[0.408s] Level 5:colcon.colcon_core.verb:set package 'f1tenth_gym_ros' build argument 'cmake_target_skip_unavailable' from command line to 'False'
[0.408s] Level 5:colcon.colcon_core.verb:set package 'f1tenth_gym_ros' build argument 'cmake_clean_cache' from command line to 'False'
[0.408s] Level 5:colcon.colcon_core.verb:set package 'f1tenth_gym_ros' build argument 'cmake_clean_first' from command line to 'False'
[0.408s] Level 5:colcon.colcon_core.verb:set package 'f1tenth_gym_ros' build argument 'cmake_force_configure' from command line to 'False'
[0.408s] Level 5:colcon.colcon_core.verb:set package 'f1tenth_gym_ros' build argument 'ament_cmake_args' from command line to 'None'
[0.408s] Level 5:colcon.colcon_core.verb:set package 'f1tenth_gym_ros' build argument 'catkin_cmake_args' from command line to 'None'
[0.408s] Level 5:colcon.colcon_core.verb:set package 'f1tenth_gym_ros' build argument 'catkin_skip_building_tests' from command line to 'False'
[0.408s] DEBUG:colcon.colcon_core.verb:Building package 'f1tenth_gym_ros' with the following arguments: {'ament_cmake_args': None, 'build_base': '/home/zuki/GalacticRacing/sim_ws/build/f1tenth_gym_ros', 'catkin_cmake_args': None, 'catkin_skip_building_tests': False, 'cmake_args': None, 'cmake_clean_cache': False, 'cmake_clean_first': False, 'cmake_force_configure': False, 'cmake_target': None, 'cmake_target_skip_unavailable': False, 'install_base': '/home/zuki/GalacticRacing/sim_ws/install/f1tenth_gym_ros', 'merge_install': False, 'path': '/home/zuki/GalacticRacing/sim_ws/src/f1tenth_gym_ros', 'symlink_install': False, 'test_result_base': None}
[0.408s] Level 5:colcon.colcon_core.verb:set package 'gap_follow' build argument 'cmake_args' from command line to 'None'
[0.408s] Level 5:colcon.colcon_core.verb:set package 'gap_follow' build argument 'cmake_target' from command line to 'None'
[0.408s] Level 5:colcon.colcon_core.verb:set package 'gap_follow' build argument 'cmake_target_skip_unavailable' from command line to 'False'
[0.408s] Level 5:colcon.colcon_core.verb:set package 'gap_follow' build argument 'cmake_clean_cache' from command line to 'False'
[0.408s] Level 5:colcon.colcon_core.verb:set package 'gap_follow' build argument 'cmake_clean_first' from command line to 'False'
[0.408s] Level 5:colcon.colcon_core.verb:set package 'gap_follow' build argument 'cmake_force_configure' from command line to 'False'
[0.408s] Level 5:colcon.colcon_core.verb:set package 'gap_follow' build argument 'ament_cmake_args' from command line to 'None'
[0.408s] Level 5:colcon.colcon_core.verb:set package 'gap_follow' build argument 'catkin_cmake_args' from command line to 'None'
[0.408s] Level 5:colcon.colcon_core.verb:set package 'gap_follow' build argument 'catkin_skip_building_tests' from command line to 'False'
[0.408s] DEBUG:colcon.colcon_core.verb:Building package 'gap_follow' with the following arguments: {'ament_cmake_args': None, 'build_base': '/home/zuki/GalacticRacing/sim_ws/build/gap_follow', 'catkin_cmake_args': None, 'catkin_skip_building_tests': False, 'cmake_args': None, 'cmake_clean_cache': False, 'cmake_clean_first': False, 'cmake_force_configure': False, 'cmake_target': None, 'cmake_target_skip_unavailable': False, 'install_base': '/home/zuki/GalacticRacing/sim_ws/install/gap_follow', 'merge_install': False, 'path': '/home/zuki/GalacticRacing/sim_ws/src/gap_follow', 'symlink_install': False, 'test_result_base': None}
[0.409s] Level 5:colcon.colcon_core.verb:set package 'lab5_pkg' build argument 'cmake_args' from command line to 'None'
[0.409s] Level 5:colcon.colcon_core.verb:set package 'lab5_pkg' build argument 'cmake_target' from command line to 'None'
[0.409s] Level 5:colcon.colcon_core.verb:set package 'lab5_pkg' build argument 'cmake_target_skip_unavailable' from command line to 'False'
[0.409s] Level 5:colcon.colcon_core.verb:set package 'lab5_pkg' build argument 'cmake_clean_cache' from command line to 'False'
[0.409s] Level 5:colcon.colcon_core.verb:set package 'lab5_pkg' build argument 'cmake_clean_first' from command line to 'False'
[0.409s] Level 5:colcon.colcon_core.verb:set package 'lab5_pkg' build argument 'cmake_force_configure' from command line to 'False'
[0.409s] Level 5:colcon.colcon_core.verb:set package 'lab5_pkg' build argument 'ament_cmake_args' from command line to 'None'
[0.409s] Level 5:colcon.colcon_core.verb:set package 'lab5_pkg' build argument 'catkin_cmake_args' from command line to 'None'
[0.409s] Level 5:colcon.colcon_core.verb:set package 'lab5_pkg' build argument 'catkin_skip_building_tests' from command line to 'False'
[0.409s] DEBUG:colcon.colcon_core.verb:Building package 'lab5_pkg' with the following arguments: {'ament_cmake_args': None, 'build_base': '/home/zuki/GalacticRacing/sim_ws/build/lab5_pkg', 'catkin_cmake_args': None, 'catkin_skip_building_tests': False, 'cmake_args': None, 'cmake_clean_cache': False, 'cmake_clean_first': False, 'cmake_force_configure': False, 'cmake_target': None, 'cmake_target_skip_unavailable': False, 'install_base': '/home/zuki/GalacticRacing/sim_ws/install/lab5_pkg', 'merge_install': False, 'path': '/home/zuki/GalacticRacing/sim_ws/lab5_pkg', 'symlink_install': False, 'test_result_base': None}
[0.409s] Level 5:colcon.colcon_core.verb:set package 'particle_filter' build argument 'cmake_args' from command line to 'None'
[0.409s] Level 5:colcon.colcon_core.verb:set package 'particle_filter' build argument 'cmake_target' from command line to 'None'
[0.409s] Level 5:colcon.colcon_core.verb:set package 'particle_filter' build argument 'cmake_target_skip_unavailable' from command line to 'False'
[0.409s] Level 5:colcon.colcon_core.verb:set package 'particle_filter' build argument 'cmake_clean_cache' from command line to 'False'
[0.409s] Level 5:colcon.colcon_core.verb:set package 'particle_filter' build argument 'cmake_clean_first' from command line to 'False'
[0.409s] Level 5:colcon.colcon_core.verb:set package 'particle_filter' build argument 'cmake_force_configure' from command line to 'False'
[0.409s] Level 5:colcon.colcon_core.verb:set package 'particle_filter' build argument 'ament_cmake_args' from command line to 'None'
[0.409s] Level 5:colcon.colcon_core.verb:set package 'particle_filter' build argument 'catkin_cmake_args' from command line to 'None'
[0.409s] Level 5:colcon.colcon_core.verb:set package 'particle_filter' build argument 'catkin_skip_building_tests' from command line to 'False'
[0.409s] DEBUG:colcon.colcon_core.verb:Building package 'particle_filter' with the following arguments: {'ament_cmake_args': None, 'build_base': '/home/zuki/GalacticRacing/sim_ws/build/particle_filter', 'catkin_cmake_args': None, 'catkin_skip_building_tests': False, 'cmake_args': None, 'cmake_clean_cache': False, 'cmake_clean_first': False, 'cmake_force_configure': False, 'cmake_target': None, 'cmake_target_skip_unavailable': False, 'install_base': '/home/zuki/GalacticRacing/sim_ws/install/particle_filter', 'merge_install': False, 'path': '/home/zuki/GalacticRacing/sim_ws/src/particle_filter', 'symlink_install': False, 'test_result_base': None}
[0.410s] Level 5:colcon.colcon_core.verb:set package 'pure_pursuit' build argument 'cmake_args' from command line to 'None'
[0.410s] Level 5:colcon.colcon_core.verb:set package 'pure_pursuit' build argument 'cmake_target' from command line to 'None'
[0.410s] Level 5:colcon.colcon_core.verb:set package 'pure_pursuit' build argument 'cmake_target_skip_unavailable' from command line to 'False'
[0.410s] Level 5:colcon.colcon_core.verb:set package 'pure_pursuit' build argument 'cmake_clean_cache' from command line to 'False'
[0.410s] Level 5:colcon.colcon_core.verb:set package 'pure_pursuit' build argument 'cmake_clean_first' from command line to 'False'
[0.410s] Level 5:colcon.colcon_core.verb:set package 'pure_pursuit' build argument 'cmake_force_configure' from command line to 'False'
[0.410s] Level 5:colcon.colcon_core.verb:set package 'pure_pursuit' build argument 'ament_cmake_args' from command line to 'None'
[0.410s] Level 5:colcon.colcon_core.verb:set package 'pure_pursuit' build argument 'catkin_cmake_args' from command line to 'None'
[0.410s] Level 5:colcon.colcon_core.verb:set package 'pure_pursuit' build argument 'catkin_skip_building_tests' from command line to 'False'
[0.410s] DEBUG:colcon.colcon_core.verb:Building package 'pure_pursuit' with the following arguments: {'ament_cmake_args': None, 'build_base': '/home/zuki/GalacticRacing/sim_ws/build/pure_pursuit', 'catkin_cmake_args': None, 'catkin_skip_building_tests': False, 'cmake_args': None, 'cmake_clean_cache': False, 'cmake_clean_first': False, 'cmake_force_configure': False, 'cmake_target': None, 'cmake_target_skip_unavailable': False, 'install_base': '/home/zuki/GalacticRacing/sim_ws/install/pure_pursuit', 'merge_install': False, 'path': '/home/zuki/GalacticRacing/sim_ws/src/pure_pursuit', 'symlink_install': False, 'test_result_base': None}
[0.411s] Level 5:colcon.colcon_core.verb:set package 'range_lib' build argument 'cmake_args' from command line to 'None'
[0.411s] Level 5:colcon.colcon_core.verb:set package 'range_lib' build argument 'cmake_target' from command line to 'None'
[0.411s] Level 5:colcon.colcon_core.verb:set package 'range_lib' build argument 'cmake_target_skip_unavailable' from command line to 'False'
[0.411s] Level 5:colcon.colcon_core.verb:set package 'range_lib' build argument 'cmake_clean_cache' from command line to 'False'
[0.411s] Level 5:colcon.colcon_core.verb:set package 'range_lib' build argument 'cmake_clean_first' from command line to 'False'
[0.411s] Level 5:colcon.colcon_core.verb:set package 'range_lib' build argument 'cmake_force_configure' from command line to 'False'
[0.411s] Level 5:colcon.colcon_core.verb:set package 'range_lib' build argument 'ament_cmake_args' from command line to 'None'
[0.411s] Level 5:colcon.colcon_core.verb:set package 'range_lib' build argument 'catkin_cmake_args' from command line to 'None'
[0.411s] Level 5:colcon.colcon_core.verb:set package 'range_lib' build argument 'catkin_skip_building_tests' from command line to 'False'
[0.411s] DEBUG:colcon.colcon_core.verb:Building package 'range_lib' with the following arguments: {'ament_cmake_args': None, 'build_base': '/home/zuki/GalacticRacing/sim_ws/build/range_lib', 'catkin_cmake_args': None, 'catkin_skip_building_tests': False, 'cmake_args': None, 'cmake_clean_cache': False, 'cmake_clean_first': False, 'cmake_force_configure': False, 'cmake_target': None, 'cmake_target_skip_unavailable': False, 'install_base': '/home/zuki/GalacticRacing/sim_ws/install/range_lib', 'merge_install': False, 'path': '/home/zuki/GalacticRacing/sim_ws/range_libc', 'symlink_install': False, 'test_result_base': None}
[0.412s] Level 5:colcon.colcon_core.verb:set package 'safety_node' build argument 'cmake_args' from command line to 'None'
[0.412s] Level 5:colcon.colcon_core.verb:set package 'safety_node' build argument 'cmake_target' from command line to 'None'
[0.412s] Level 5:colcon.colcon_core.verb:set package 'safety_node' build argument 'cmake_target_skip_unavailable' from command line to 'False'
[0.412s] Level 5:colcon.colcon_core.verb:set package 'safety_node' build argument 'cmake_clean_cache' from command line to 'False'
[0.412s] Level 5:colcon.colcon_core.verb:set package 'safety_node' build argument 'cmake_clean_first' from command line to 'False'
[0.412s] Level 5:colcon.colcon_core.verb:set package 'safety_node' build argument 'cmake_force_configure' from command line to 'False'
[0.412s] Level 5:colcon.colcon_core.verb:set package 'safety_node' build argument 'ament_cmake_args' from command line to 'None'
[0.412s] Level 5:colcon.colcon_core.verb:set package 'safety_node' build argument 'catkin_cmake_args' from command line to 'None'
[0.412s] Level 5:colcon.colcon_core.verb:set package 'safety_node' build argument 'catkin_skip_building_tests' from command line to 'False'
[0.412s] DEBUG:colcon.colcon_core.verb:Building package 'safety_node' with the following arguments: {'ament_cmake_args': None, 'build_base': '/home/zuki/GalacticRacing/sim_ws/build/safety_node', 'catkin_cmake_args': None, 'catkin_skip_building_tests': False, 'cmake_args': None, 'cmake_clean_cache': False, 'cmake_clean_first': False, 'cmake_force_configure': False, 'cmake_target': None, 'cmake_target_skip_unavailable': False, 'install_base': '/home/zuki/GalacticRacing/sim_ws/install/safety_node', 'merge_install': False, 'path': '/home/zuki/GalacticRacing/sim_ws/src/safety_node', 'symlink_install': False, 'test_result_base': None}
[0.412s] Level 5:colcon.colcon_core.verb:set package 'wall_follow' build argument 'cmake_args' from command line to 'None'
[0.412s] Level 5:colcon.colcon_core.verb:set package 'wall_follow' build argument 'cmake_target' from command line to 'None'
[0.412s] Level 5:colcon.colcon_core.verb:set package 'wall_follow' build argument 'cmake_target_skip_unavailable' from command line to 'False'
[0.412s] Level 5:colcon.colcon_core.verb:set package 'wall_follow' build argument 'cmake_clean_cache' from command line to 'False'
[0.412s] Level 5:colcon.colcon_core.verb:set package 'wall_follow' build argument 'cmake_clean_first' from command line to 'False'
[0.413s] Level 5:colcon.colcon_core.verb:set package 'wall_follow' build argument 'cmake_force_configure' from command line to 'False'
[0.413s] Level 5:colcon.colcon_core.verb:set package 'wall_follow' build argument 'ament_cmake_args' from command line to 'None'
[0.413s] Level 5:colcon.colcon_core.verb:set package 'wall_follow' build argument 'catkin_cmake_args' from command line to 'None'
[0.413s] Level 5:colcon.colcon_core.verb:set package 'wall_follow' build argument 'catkin_skip_building_tests' from command line to 'False'
[0.413s] DEBUG:colcon.colcon_core.verb:Building package 'wall_follow' with the following arguments: {'ament_cmake_args': None, 'build_base': '/home/zuki/GalacticRacing/sim_ws/build/wall_follow', 'catkin_cmake_args': None, 'catkin_skip_building_tests': False, 'cmake_args': None, 'cmake_clean_cache': False, 'cmake_clean_first': False, 'cmake_force_configure': False, 'cmake_target': None, 'cmake_target_skip_unavailable': False, 'install_base': '/home/zuki/GalacticRacing/sim_ws/install/wall_follow', 'merge_install': False, 'path': '/home/zuki/GalacticRacing/sim_ws/src/wall_follow', 'symlink_install': False, 'test_result_base': None}
[0.413s] Level 5:colcon.colcon_core.verb:set package 'waypoint_logger' build argument 'cmake_args' from command line to 'None'
[0.413s] Level 5:colcon.colcon_core.verb:set package 'waypoint_logger' build argument 'cmake_target' from command line to 'None'
[0.413s] Level 5:colcon.colcon_core.verb:set package 'waypoint_logger' build argument 'cmake_target_skip_unavailable' from command line to 'False'
[0.413s] Level 5:colcon.colcon_core.verb:set package 'waypoint_logger' build argument 'cmake_clean_cache' from command line to 'False'
[0.413s] Level 5:colcon.colcon_core.verb:set package 'waypoint_logger' build argument 'cmake_clean_first' from command line to 'False'
[0.413s] Level 5:colcon.colcon_core.verb:set package 'waypoint_logger' build argument 'cmake_force_configure' from command line to 'False'
[0.413s] Level 5:colcon.colcon_core.verb:set package 'waypoint_logger' build argument 'ament_cmake_args' from command line to 'None'
[0.413s] Level 5:colcon.colcon_core.verb:set package 'waypoint_logger' build argument 'catkin_cmake_args' from command line to 'None'
[0.414s] Level 5:colcon.colcon_core.verb:set package 'waypoint_logger' build argument 'catkin_skip_building_tests' from command line to 'False'
[0.414s] DEBUG:colcon.colcon_core.verb:Building package 'waypoint_logger' with the following arguments: {'ament_cmake_args': None, 'build_base': '/home/zuki/GalacticRacing/sim_ws/build/waypoint_logger', 'catkin_cmake_args': None, 'catkin_skip_building_tests': False, 'cmake_args': None, 'cmake_clean_cache': False, 'cmake_clean_first': False, 'cmake_force_configure': False, 'cmake_target': None, 'cmake_target_skip_unavailable': False, 'install_base': '/home/zuki/GalacticRacing/sim_ws/install/waypoint_logger', 'merge_install': False, 'path': '/home/zuki/GalacticRacing/sim_ws/src/waypoint_logger', 'symlink_install': False, 'test_result_base': None}
[0.414s] INFO:colcon.colcon_core.executor:Executing jobs using 'parallel' executor
[0.415s] DEBUG:colcon.colcon_parallel_executor.executor.parallel:run_until_complete
[0.415s] INFO:colcon.colcon_ros.task.ament_python.build:Building ROS package in '/home/zuki/GalacticRacing/sim_ws/src/f1tenth_gym_ros' with build type 'ament_python'
[0.415s] Level 1:colcon.colcon_core.shell:create_environment_hook('f1tenth_gym_ros', 'ament_prefix_path')
[0.418s] INFO:colcon.colcon_core.plugin_system:Skipping extension 'colcon_core.shell.bat': Not used on non-Windows systems
[0.418s] INFO:colcon.colcon_core.shell:Creating environment hook '/home/zuki/GalacticRacing/sim_ws/install/f1tenth_gym_ros/share/f1tenth_gym_ros/hook/ament_prefix_path.ps1'
[0.420s] INFO:colcon.colcon_core.shell:Creating environment descriptor '/home/zuki/GalacticRacing/sim_ws/install/f1tenth_gym_ros/share/f1tenth_gym_ros/hook/ament_prefix_path.dsv'
[0.424s] INFO:colcon.colcon_core.shell:Creating environment hook '/home/zuki/GalacticRacing/sim_ws/install/f1tenth_gym_ros/share/f1tenth_gym_ros/hook/ament_prefix_path.sh'
[0.425s] INFO:colcon.colcon_core.shell:Skip shell extension 'powershell' for command environment: Not usable outside of PowerShell
[0.425s] DEBUG:colcon.colcon_core.shell:Skip shell extension 'dsv' for command environment
[0.431s] INFO:colcon.colcon_ros.task.ament_cmake.build:Building ROS package in '/home/zuki/GalacticRacing/sim_ws/src/gap_follow' with build type 'ament_cmake'
[0.432s] INFO:colcon.colcon_cmake.task.cmake.build:Building CMake package in '/home/zuki/GalacticRacing/sim_ws/src/gap_follow'
[0.432s] INFO:colcon.colcon_core.shell:Skip shell extension 'powershell' for command environment: Not usable outside of PowerShell
[0.433s] DEBUG:colcon.colcon_core.shell:Skip shell extension 'dsv' for command environment
[0.450s] INFO:colcon.colcon_ros.task.ament_cmake.build:Building ROS package in '/home/zuki/GalacticRacing/sim_ws/lab5_pkg' with build type 'ament_cmake'
[0.452s] INFO:colcon.colcon_cmake.task.cmake.build:Building CMake package in '/home/zuki/GalacticRacing/sim_ws/lab5_pkg'
[0.453s] INFO:colcon.colcon_core.shell:Skip shell extension 'powershell' for command environment: Not usable outside of PowerShell
[0.453s] DEBUG:colcon.colcon_core.shell:Skip shell extension 'dsv' for command environment
[0.462s] INFO:colcon.colcon_ros.task.ament_python.build:Building ROS package in '/home/zuki/GalacticRacing/sim_ws/src/particle_filter' with build type 'ament_python'
[0.463s] Level 1:colcon.colcon_core.shell:create_environment_hook('particle_filter', 'ament_prefix_path')
[0.463s] INFO:colcon.colcon_core.shell:Creating environment hook '/home/zuki/GalacticRacing/sim_ws/install/particle_filter/share/particle_filter/hook/ament_prefix_path.ps1'
[0.465s] INFO:colcon.colcon_core.shell:Creating environment descriptor '/home/zuki/GalacticRacing/sim_ws/install/particle_filter/share/particle_filter/hook/ament_prefix_path.dsv'
[0.469s] INFO:colcon.colcon_core.shell:Creating environment hook '/home/zuki/GalacticRacing/sim_ws/install/particle_filter/share/particle_filter/hook/ament_prefix_path.sh'
[0.469s] INFO:colcon.colcon_core.shell:Skip shell extension 'powershell' for command environment: Not usable outside of PowerShell
[0.469s] DEBUG:colcon.colcon_core.shell:Skip shell extension 'dsv' for command environment
[0.476s] INFO:colcon.colcon_ros.task.ament_cmake.build:Building ROS package in '/home/zuki/GalacticRacing/sim_ws/src/pure_pursuit' with build type 'ament_cmake'
[0.477s] INFO:colcon.colcon_cmake.task.cmake.build:Building CMake package in '/home/zuki/GalacticRacing/sim_ws/src/pure_pursuit'
[0.478s] INFO:colcon.colcon_core.shell:Skip shell extension 'powershell' for command environment: Not usable outside of PowerShell
[0.480s] DEBUG:colcon.colcon_core.shell:Skip shell extension 'dsv' for command environment
[0.492s] INFO:colcon.colcon_cmake.task.cmake.build:Building CMake package in '/home/zuki/GalacticRacing/sim_ws/range_libc'
[0.493s] INFO:colcon.colcon_core.shell:Skip shell extension 'powershell' for command environment: Not usable outside of PowerShell
[0.493s] DEBUG:colcon.colcon_core.shell:Skip shell extension 'dsv' for command environment
[0.711s] INFO:colcon.colcon_core.task.python.build:Building Python package in '/home/zuki/GalacticRacing/sim_ws/src/f1tenth_gym_ros'
[0.712s] INFO:colcon.colcon_core.shell:Skip shell extension 'powershell' for command environment: Not usable outside of PowerShell
[0.712s] DEBUG:colcon.colcon_core.shell:Skip shell extension 'dsv' for command environment
[0.736s] DEBUG:colcon.colcon_core.event_handler.log_command:Invoking command in '/home/zuki/GalacticRacing/sim_ws/build/gap_follow': CMAKE_PREFIX_PATH=${CMAKE_PREFIX_PATH}:/home/zuki/GalacticRacing/sim_ws/install/particle_filter:/home/zuki/GalacticRacing/sim_ws/install/f1tenth_gym_ros:/opt/ros/foxy /usr/bin/cmake --build /home/zuki/GalacticRacing/sim_ws/build/gap_follow -- -j6 -l6
[0.748s] DEBUG:colcon.colcon_core.event_handler.log_command:Invoking command in '/home/zuki/GalacticRacing/sim_ws/build/lab5_pkg': CMAKE_PREFIX_PATH=${CMAKE_PREFIX_PATH}:/home/zuki/GalacticRacing/sim_ws/install/particle_filter:/home/zuki/GalacticRacing/sim_ws/install/f1tenth_gym_ros:/opt/ros/foxy /usr/bin/cmake --build /home/zuki/GalacticRacing/sim_ws/build/lab5_pkg -- -j6 -l6
[0.973s] INFO:colcon.colcon_core.task.python.build:Building Python package in '/home/zuki/GalacticRacing/sim_ws/src/particle_filter'
[0.973s] INFO:colcon.colcon_core.shell:Skip shell extension 'powershell' for command environment: Not usable outside of PowerShell
[0.973s] DEBUG:colcon.colcon_core.shell:Skip shell extension 'dsv' for command environment
[1.012s] DEBUG:colcon.colcon_core.event_handler.log_command:Invoking command in '/home/zuki/GalacticRacing/sim_ws/build/pure_pursuit': CMAKE_PREFIX_PATH=${CMAKE_PREFIX_PATH}:/home/zuki/GalacticRacing/sim_ws/install/particle_filter:/home/zuki/GalacticRacing/sim_ws/install/f1tenth_gym_ros:/opt/ros/foxy /usr/bin/cmake --build /home/zuki/GalacticRacing/sim_ws/build/pure_pursuit -- -j6 -l6
[1.047s] DEBUG:colcon.colcon_core.event_handler.log_command:Invoked command in '/home/zuki/GalacticRacing/sim_ws/build/gap_follow' returned '0': CMAKE_PREFIX_PATH=${CMAKE_PREFIX_PATH}:/home/zuki/GalacticRacing/sim_ws/install/particle_filter:/home/zuki/GalacticRacing/sim_ws/install/f1tenth_gym_ros:/opt/ros/foxy /usr/bin/cmake --build /home/zuki/GalacticRacing/sim_ws/build/gap_follow -- -j6 -l6
[1.063s] DEBUG:colcon.colcon_core.event_handler.log_command:Invoked command in '/home/zuki/GalacticRacing/sim_ws/build/lab5_pkg' returned '0': CMAKE_PREFIX_PATH=${CMAKE_PREFIX_PATH}:/home/zuki/GalacticRacing/sim_ws/install/particle_filter:/home/zuki/GalacticRacing/sim_ws/install/f1tenth_gym_ros:/opt/ros/foxy /usr/bin/cmake --build /home/zuki/GalacticRacing/sim_ws/build/lab5_pkg -- -j6 -l6
[1.099s] DEBUG:colcon.colcon_core.event_handler.log_command:Invoking command in '/home/zuki/GalacticRacing/sim_ws/build/range_lib': /usr/bin/cmake /home/zuki/GalacticRacing/sim_ws/range_libc -DCMAKE_INSTALL_PREFIX=/home/zuki/GalacticRacing/sim_ws/install/range_lib
[1.155s] DEBUG:colcon.colcon_core.event_handler.log_command:Invoking command in '/home/zuki/GalacticRacing/sim_ws/build/gap_follow': CMAKE_PREFIX_PATH=${CMAKE_PREFIX_PATH}:/home/zuki/GalacticRacing/sim_ws/install/particle_filter:/home/zuki/GalacticRacing/sim_ws/install/f1tenth_gym_ros:/opt/ros/foxy /usr/bin/cmake --install /home/zuki/GalacticRacing/sim_ws/build/gap_follow
[1.163s] WARNING:colcon.colcon_cmake.task.cmake.build:Could not build CMake package 'range_lib' because the CMake cache has no 'CMAKE_PROJECT_NAME' variable
[1.163s] INFO:colcon.colcon_ros.task.ament_cmake.build:Building ROS package in '/home/zuki/GalacticRacing/sim_ws/src/safety_node' with build type 'ament_cmake'
[1.163s] INFO:colcon.colcon_cmake.task.cmake.build:Building CMake package in '/home/zuki/GalacticRacing/sim_ws/src/safety_node'
[1.164s] DEBUG:colcon.colcon_core.event_handler.log_command:Invoked command in '/home/zuki/GalacticRacing/sim_ws/build/range_lib' returned '0': /usr/bin/cmake /home/zuki/GalacticRacing/sim_ws/range_libc -DCMAKE_INSTALL_PREFIX=/home/zuki/GalacticRacing/sim_ws/install/range_lib
[1.164s] INFO:colcon.colcon_core.shell:Skip shell extension 'powershell' for command environment: Not usable outside of PowerShell
[1.166s] DEBUG:colcon.colcon_core.shell:Skip shell extension 'dsv' for command environment
[1.178s] DEBUG:colcon.colcon_core.event_handler.log_command:Invoked command in '/home/zuki/GalacticRacing/sim_ws/build/pure_pursuit' returned '0': CMAKE_PREFIX_PATH=${CMAKE_PREFIX_PATH}:/home/zuki/GalacticRacing/sim_ws/install/particle_filter:/home/zuki/GalacticRacing/sim_ws/install/f1tenth_gym_ros:/opt/ros/foxy /usr/bin/cmake --build /home/zuki/GalacticRacing/sim_ws/build/pure_pursuit -- -j6 -l6
[1.188s] DEBUG:colcon.colcon_core.event_handler.log_command:Invoking command in '/home/zuki/GalacticRacing/sim_ws/build/safety_node': CMAKE_PREFIX_PATH=${CMAKE_PREFIX_PATH}:/home/zuki/GalacticRacing/sim_ws/install/particle_filter:/home/zuki/GalacticRacing/sim_ws/install/f1tenth_gym_ros:/opt/ros/foxy /usr/bin/cmake --build /home/zuki/GalacticRacing/sim_ws/build/safety_node -- -j6 -l6
[1.205s] Level 1:colcon.colcon_core.environment:create_environment_scripts_only(gap_follow)
[1.206s] DEBUG:colcon.colcon_core.event_handler.log_command:Invoked command in '/home/zuki/GalacticRacing/sim_ws/build/gap_follow' returned '0': CMAKE_PREFIX_PATH=${CMAKE_PREFIX_PATH}:/home/zuki/GalacticRacing/sim_ws/install/particle_filter:/home/zuki/GalacticRacing/sim_ws/install/f1tenth_gym_ros:/opt/ros/foxy /usr/bin/cmake --install /home/zuki/GalacticRacing/sim_ws/build/gap_follow
[1.207s] Level 1:colcon.colcon_core.environment:checking '/home/zuki/GalacticRacing/sim_ws/install/gap_follow' for CMake module files
[1.208s] Level 1:colcon.colcon_core.environment:checking '/home/zuki/GalacticRacing/sim_ws/install/gap_follow' for CMake config files
[1.208s] Level 1:colcon.colcon_core.shell:create_environment_hook('gap_follow', 'cmake_prefix_path')
[1.208s] INFO:colcon.colcon_core.shell:Creating environment hook '/home/zuki/GalacticRacing/sim_ws/install/gap_follow/share/gap_follow/hook/cmake_prefix_path.ps1'
[1.208s] INFO:colcon.colcon_core.shell:Creating environment descriptor '/home/zuki/GalacticRacing/sim_ws/install/gap_follow/share/gap_follow/hook/cmake_prefix_path.dsv'
[1.209s] INFO:colcon.colcon_core.shell:Creating environment hook '/home/zuki/GalacticRacing/sim_ws/install/gap_follow/share/gap_follow/hook/cmake_prefix_path.sh'
[1.210s] Level 1:colcon.colcon_core.environment:checking '/home/zuki/GalacticRacing/sim_ws/install/gap_follow/lib'
[1.210s] Level 1:colcon.colcon_core.environment:checking '/home/zuki/GalacticRacing/sim_ws/install/gap_follow/bin'
[1.212s] Level 1:colcon.colcon_core.environment:checking '/home/zuki/GalacticRacing/sim_ws/install/gap_follow/lib/pkgconfig/gap_follow.pc'
[1.213s] Level 1:colcon.colcon_core.environment:checking '/home/zuki/GalacticRacing/sim_ws/install/gap_follow/lib/python3.8/site-packages'
[1.213s] Level 1:colcon.colcon_core.shell:create_environment_hook('gap_follow', 'pythonpath')
[1.214s] INFO:colcon.colcon_core.shell:Creating environment hook '/home/zuki/GalacticRacing/sim_ws/install/gap_follow/share/gap_follow/hook/pythonpath.ps1'
[1.215s] INFO:colcon.colcon_core.shell:Creating environment descriptor '/home/zuki/GalacticRacing/sim_ws/install/gap_follow/share/gap_follow/hook/pythonpath.dsv'
[1.216s] INFO:colcon.colcon_core.shell:Creating environment hook '/home/zuki/GalacticRacing/sim_ws/install/gap_follow/share/gap_follow/hook/pythonpath.sh'
[1.216s] Level 1:colcon.colcon_core.environment:checking '/home/zuki/GalacticRacing/sim_ws/install/gap_follow/bin'
[1.217s] INFO:colcon.colcon_core.shell:Creating package script '/home/zuki/GalacticRacing/sim_ws/install/gap_follow/share/gap_follow/package.ps1'
[1.220s] INFO:colcon.colcon_core.shell:Creating package descriptor '/home/zuki/GalacticRacing/sim_ws/install/gap_follow/share/gap_follow/package.dsv'
[1.221s] INFO:colcon.colcon_core.shell:Creating package script '/home/zuki/GalacticRacing/sim_ws/install/gap_follow/share/gap_follow/package.sh'
[1.223s] INFO:colcon.colcon_core.shell:Creating package script '/home/zuki/GalacticRacing/sim_ws/install/gap_follow/share/gap_follow/package.bash'
[1.224s] INFO:colcon.colcon_core.shell:Creating package script '/home/zuki/GalacticRacing/sim_ws/install/gap_follow/share/gap_follow/package.zsh'
[1.225s] Level 1:colcon.colcon_core.environment:create_file_with_runtime_dependencies(/home/zuki/GalacticRacing/sim_ws/install/gap_follow/share/colcon-core/packages/gap_follow)
[1.231s] DEBUG:colcon.colcon_core.event_handler.log_command:Invoking command in '/home/zuki/GalacticRacing/sim_ws/build/lab5_pkg': CMAKE_PREFIX_PATH=${CMAKE_PREFIX_PATH}:/home/zuki/GalacticRacing/sim_ws/install/particle_filter:/home/zuki/GalacticRacing/sim_ws/install/f1tenth_gym_ros:/opt/ros/foxy /usr/bin/cmake --install /home/zuki/GalacticRacing/sim_ws/build/lab5_pkg
[1.241s] DEBUG:colcon.colcon_core.event_handler.log_command:Invoking command in '/home/zuki/GalacticRacing/sim_ws/build/pure_pursuit': CMAKE_PREFIX_PATH=${CMAKE_PREFIX_PATH}:/home/zuki/GalacticRacing/sim_ws/install/particle_filter:/home/zuki/GalacticRacing/sim_ws/install/f1tenth_gym_ros:/opt/ros/foxy /usr/bin/cmake --install /home/zuki/GalacticRacing/sim_ws/build/pure_pursuit
[1.304s] DEBUG:colcon.colcon_core.event_handler.log_command:Invoked command in '/home/zuki/GalacticRacing/sim_ws/build/safety_node' returned '0': CMAKE_PREFIX_PATH=${CMAKE_PREFIX_PATH}:/home/zuki/GalacticRacing/sim_ws/install/particle_filter:/home/zuki/GalacticRacing/sim_ws/install/f1tenth_gym_ros:/opt/ros/foxy /usr/bin/cmake --build /home/zuki/GalacticRacing/sim_ws/build/safety_node -- -j6 -l6
[1.306s] Level 1:colcon.colcon_core.environment:create_environment_scripts_only(lab5_pkg)
[1.306s] Level 1:colcon.colcon_core.environment:checking '/home/zuki/GalacticRacing/sim_ws/install/lab5_pkg' for CMake module files
[1.307s] DEBUG:colcon.colcon_core.event_handler.log_command:Invoked command in '/home/zuki/GalacticRacing/sim_ws/build/lab5_pkg' returned '0': CMAKE_PREFIX_PATH=${CMAKE_PREFIX_PATH}:/home/zuki/GalacticRacing/sim_ws/install/particle_filter:/home/zuki/GalacticRacing/sim_ws/install/f1tenth_gym_ros:/opt/ros/foxy /usr/bin/cmake --install /home/zuki/GalacticRacing/sim_ws/build/lab5_pkg
[1.311s] Level 1:colcon.colcon_core.environment:checking '/home/zuki/GalacticRacing/sim_ws/install/lab5_pkg' for CMake config files
[1.311s] Level 1:colcon.colcon_core.shell:create_environment_hook('lab5_pkg', 'cmake_prefix_path')
[1.312s] INFO:colcon.colcon_core.shell:Creating environment hook '/home/zuki/GalacticRacing/sim_ws/install/lab5_pkg/share/lab5_pkg/hook/cmake_prefix_path.ps1'
[1.312s] INFO:colcon.colcon_core.shell:Creating environment descriptor '/home/zuki/GalacticRacing/sim_ws/install/lab5_pkg/share/lab5_pkg/hook/cmake_prefix_path.dsv'
[1.313s] INFO:colcon.colcon_core.shell:Creating environment hook '/home/zuki/GalacticRacing/sim_ws/install/lab5_pkg/share/lab5_pkg/hook/cmake_prefix_path.sh'
[1.314s] Level 1:colcon.colcon_core.environment:checking '/home/zuki/GalacticRacing/sim_ws/install/lab5_pkg/lib'
[1.314s] Level 1:colcon.colcon_core.environment:checking '/home/zuki/GalacticRacing/sim_ws/install/lab5_pkg/bin'
[1.314s] Level 1:colcon.colcon_core.environment:checking '/home/zuki/GalacticRacing/sim_ws/install/lab5_pkg/lib/pkgconfig/lab5_pkg.pc'
[1.315s] Level 1:colcon.colcon_core.environment:checking '/home/zuki/GalacticRacing/sim_ws/install/lab5_pkg/lib/python3.8/site-packages'
[1.315s] Level 1:colcon.colcon_core.shell:create_environment_hook('lab5_pkg', 'pythonpath')
[1.315s] INFO:colcon.colcon_core.shell:Creating environment hook '/home/zuki/GalacticRacing/sim_ws/install/lab5_pkg/share/lab5_pkg/hook/pythonpath.ps1'
[1.316s] INFO:colcon.colcon_core.shell:Creating environment descriptor '/home/zuki/GalacticRacing/sim_ws/install/lab5_pkg/share/lab5_pkg/hook/pythonpath.dsv'
[1.316s] INFO:colcon.colcon_core.shell:Creating environment hook '/home/zuki/GalacticRacing/sim_ws/install/lab5_pkg/share/lab5_pkg/hook/pythonpath.sh'
[1.316s] Level 1:colcon.colcon_core.environment:checking '/home/zuki/GalacticRacing/sim_ws/install/lab5_pkg/bin'
[1.317s] INFO:colcon.colcon_core.shell:Creating package script '/home/zuki/GalacticRacing/sim_ws/install/lab5_pkg/share/lab5_pkg/package.ps1'
[1.317s] INFO:colcon.colcon_core.shell:Creating package descriptor '/home/zuki/GalacticRacing/sim_ws/install/lab5_pkg/share/lab5_pkg/package.dsv'
[1.318s] INFO:colcon.colcon_core.shell:Creating package script '/home/zuki/GalacticRacing/sim_ws/install/lab5_pkg/share/lab5_pkg/package.sh'
[1.319s] INFO:colcon.colcon_core.shell:Creating package script '/home/zuki/GalacticRacing/sim_ws/install/lab5_pkg/share/lab5_pkg/package.bash'
[1.319s] INFO:colcon.colcon_core.shell:Creating package script '/home/zuki/GalacticRacing/sim_ws/install/lab5_pkg/share/lab5_pkg/package.zsh'
[1.320s] Level 1:colcon.colcon_core.environment:create_file_with_runtime_dependencies(/home/zuki/GalacticRacing/sim_ws/install/lab5_pkg/share/colcon-core/packages/lab5_pkg)
[1.327s] Level 1:colcon.colcon_core.environment:create_environment_scripts_only(gap_follow)
[1.327s] Level 1:colcon.colcon_core.environment:checking '/home/zuki/GalacticRacing/sim_ws/install/gap_follow' for CMake module files
[1.328s] Level 1:colcon.colcon_core.environment:checking '/home/zuki/GalacticRacing/sim_ws/install/gap_follow' for CMake config files
[1.328s] Level 1:colcon.colcon_core.shell:create_environment_hook('gap_follow', 'cmake_prefix_path')
[1.329s] INFO:colcon.colcon_core.shell:Creating environment hook '/home/zuki/GalacticRacing/sim_ws/install/gap_follow/share/gap_follow/hook/cmake_prefix_path.ps1'
[1.330s] INFO:colcon.colcon_core.shell:Creating environment descriptor '/home/zuki/GalacticRacing/sim_ws/install/gap_follow/share/gap_follow/hook/cmake_prefix_path.dsv'
[1.330s] INFO:colcon.colcon_core.shell:Creating environment hook '/home/zuki/GalacticRacing/sim_ws/install/gap_follow/share/gap_follow/hook/cmake_prefix_path.sh'
[1.331s] Level 1:colcon.colcon_core.environment:checking '/home/zuki/GalacticRacing/sim_ws/install/gap_follow/lib'
[1.331s] Level 1:colcon.colcon_core.environment:checking '/home/zuki/GalacticRacing/sim_ws/install/gap_follow/bin'
[1.331s] Level 1:colcon.colcon_core.environment:checking '/home/zuki/GalacticRacing/sim_ws/install/gap_follow/lib/pkgconfig/gap_follow.pc'
[1.331s] Level 1:colcon.colcon_core.environment:checking '/home/zuki/GalacticRacing/sim_ws/install/gap_follow/lib/python3.8/site-packages'
[1.331s] Level 1:colcon.colcon_core.shell:create_environment_hook('gap_follow', 'pythonpath')
[1.331s] INFO:colcon.colcon_core.shell:Creating environment hook '/home/zuki/GalacticRacing/sim_ws/install/gap_follow/share/gap_follow/hook/pythonpath.ps1'
[1.332s] INFO:colcon.colcon_core.shell:Creating environment descriptor '/home/zuki/GalacticRacing/sim_ws/install/gap_follow/share/gap_follow/hook/pythonpath.dsv'
[1.333s] INFO:colcon.colcon_core.shell:Creating environment hook '/home/zuki/GalacticRacing/sim_ws/install/gap_follow/share/gap_follow/hook/pythonpath.sh'
[1.333s] Level 1:colcon.colcon_core.environment:checking '/home/zuki/GalacticRacing/sim_ws/install/gap_follow/bin'
[1.334s] INFO:colcon.colcon_core.shell:Creating package script '/home/zuki/GalacticRacing/sim_ws/install/gap_follow/share/gap_follow/package.ps1'
[1.335s] INFO:colcon.colcon_core.shell:Creating package descriptor '/home/zuki/GalacticRacing/sim_ws/install/gap_follow/share/gap_follow/package.dsv'
[1.336s] INFO:colcon.colcon_core.shell:Creating package script '/home/zuki/GalacticRacing/sim_ws/install/gap_follow/share/gap_follow/package.sh'
[1.336s] INFO:colcon.colcon_core.shell:Creating package script '/home/zuki/GalacticRacing/sim_ws/install/gap_follow/share/gap_follow/package.bash'
[1.339s] INFO:colcon.colcon_core.shell:Creating package script '/home/zuki/GalacticRacing/sim_ws/install/gap_follow/share/gap_follow/package.zsh'
[1.339s] Level 1:colcon.colcon_core.environment:create_file_with_runtime_dependencies(/home/zuki/GalacticRacing/sim_ws/install/gap_follow/share/colcon-core/packages/gap_follow)
[1.341s] INFO:colcon.colcon_ros.task.ament_cmake.build:Building ROS package in '/home/zuki/GalacticRacing/sim_ws/src/wall_follow' with build type 'ament_cmake'
[1.344s] INFO:colcon.colcon_cmake.task.cmake.build:Building CMake package in '/home/zuki/GalacticRacing/sim_ws/src/wall_follow'
[1.344s] INFO:colcon.colcon_core.shell:Skip shell extension 'powershell' for command environment: Not usable outside of PowerShell
[1.344s] DEBUG:colcon.colcon_core.shell:Skip shell extension 'dsv' for command environment
[1.352s] Level 1:colcon.colcon_core.environment:create_environment_scripts_only(pure_pursuit)
[1.353s] DEBUG:colcon.colcon_core.event_handler.log_command:Invoked command in '/home/zuki/GalacticRacing/sim_ws/build/pure_pursuit' returned '0': CMAKE_PREFIX_PATH=${CMAKE_PREFIX_PATH}:/home/zuki/GalacticRacing/sim_ws/install/particle_filter:/home/zuki/GalacticRacing/sim_ws/install/f1tenth_gym_ros:/opt/ros/foxy /usr/bin/cmake --install /home/zuki/GalacticRacing/sim_ws/build/pure_pursuit
[1.353s] Level 1:colcon.colcon_core.environment:checking '/home/zuki/GalacticRacing/sim_ws/install/pure_pursuit' for CMake module files
[1.354s] Level 1:colcon.colcon_core.environment:checking '/home/zuki/GalacticRacing/sim_ws/install/pure_pursuit' for CMake config files
[1.354s] Level 1:colcon.colcon_core.shell:create_environment_hook('pure_pursuit', 'cmake_prefix_path')
[1.355s] INFO:colcon.colcon_core.shell:Creating environment hook '/home/zuki/GalacticRacing/sim_ws/install/pure_pursuit/share/pure_pursuit/hook/cmake_prefix_path.ps1'
[1.355s] INFO:colcon.colcon_core.shell:Creating environment descriptor '/home/zuki/GalacticRacing/sim_ws/install/pure_pursuit/share/pure_pursuit/hook/cmake_prefix_path.dsv'
[1.356s] INFO:colcon.colcon_core.shell:Creating environment hook '/home/zuki/GalacticRacing/sim_ws/install/pure_pursuit/share/pure_pursuit/hook/cmake_prefix_path.sh'
[1.357s] Level 1:colcon.colcon_core.environment:checking '/home/zuki/GalacticRacing/sim_ws/install/pure_pursuit/lib'
[1.357s] Level 1:colcon.colcon_core.environment:checking '/home/zuki/GalacticRacing/sim_ws/install/pure_pursuit/bin'
[1.357s] Level 1:colcon.colcon_core.environment:checking '/home/zuki/GalacticRacing/sim_ws/install/pure_pursuit/lib/pkgconfig/pure_pursuit.pc'
[1.358s] Level 1:colcon.colcon_core.environment:checking '/home/zuki/GalacticRacing/sim_ws/install/pure_pursuit/lib/python3.8/site-packages'
[1.360s] Level 1:colcon.colcon_core.shell:create_environment_hook('pure_pursuit', 'pythonpath')
[1.360s] INFO:colcon.colcon_core.shell:Creating environment hook '/home/zuki/GalacticRacing/sim_ws/install/pure_pursuit/share/pure_pursuit/hook/pythonpath.ps1'
[1.360s] INFO:colcon.colcon_core.shell:Creating environment descriptor '/home/zuki/GalacticRacing/sim_ws/install/pure_pursuit/share/pure_pursuit/hook/pythonpath.dsv'
[1.361s] INFO:colcon.colcon_core.shell:Creating environment hook '/home/zuki/GalacticRacing/sim_ws/install/pure_pursuit/share/pure_pursuit/hook/pythonpath.sh'
[1.363s] Level 1:colcon.colcon_core.environment:checking '/home/zuki/GalacticRacing/sim_ws/install/pure_pursuit/bin'
[1.364s] INFO:colcon.colcon_core.shell:Creating package script '/home/zuki/GalacticRacing/sim_ws/install/pure_pursuit/share/pure_pursuit/package.ps1'
[1.364s] INFO:colcon.colcon_core.shell:Creating package descriptor '/home/zuki/GalacticRacing/sim_ws/install/pure_pursuit/share/pure_pursuit/package.dsv'
[1.365s] INFO:colcon.colcon_core.shell:Creating package script '/home/zuki/GalacticRacing/sim_ws/install/pure_pursuit/share/pure_pursuit/package.sh'
[1.365s] INFO:colcon.colcon_core.shell:Creating package script '/home/zuki/GalacticRacing/sim_ws/install/pure_pursuit/share/pure_pursuit/package.bash'
[1.367s] INFO:colcon.colcon_core.shell:Creating package script '/home/zuki/GalacticRacing/sim_ws/install/pure_pursuit/share/pure_pursuit/package.zsh'
[1.367s] Level 1:colcon.colcon_core.environment:create_file_with_runtime_dependencies(/home/zuki/GalacticRacing/sim_ws/install/pure_pursuit/share/colcon-core/packages/pure_pursuit)
[1.374s] DEBUG:colcon.colcon_core.event_handler.log_command:Invoking command in '/home/zuki/GalacticRacing/sim_ws/build/safety_node': CMAKE_PREFIX_PATH=${CMAKE_PREFIX_PATH}:/home/zuki/GalacticRacing/sim_ws/install/particle_filter:/home/zuki/GalacticRacing/sim_ws/install/f1tenth_gym_ros:/opt/ros/foxy /usr/bin/cmake --install /home/zuki/GalacticRacing/sim_ws/build/safety_node
[1.388s] DEBUG:colcon.colcon_core.event_handler.log_command:Invoking command in '/home/zuki/GalacticRacing/sim_ws/build/wall_follow': CMAKE_PREFIX_PATH=${CMAKE_PREFIX_PATH}:/home/zuki/GalacticRacing/sim_ws/install/particle_filter:/home/zuki/GalacticRacing/sim_ws/install/f1tenth_gym_ros:/opt/ros/foxy /usr/bin/cmake --build /home/zuki/GalacticRacing/sim_ws/build/wall_follow -- -j6 -l6
[1.420s] Level 1:colcon.colcon_core.environment:create_environment_scripts_only(lab5_pkg)
[1.421s] Level 1:colcon.colcon_core.environment:checking '/home/zuki/GalacticRacing/sim_ws/install/lab5_pkg' for CMake module files
[1.421s] Level 1:colcon.colcon_core.environment:checking '/home/zuki/GalacticRacing/sim_ws/install/lab5_pkg' for CMake config files
[1.422s] Level 1:colcon.colcon_core.shell:create_environment_hook('lab5_pkg', 'cmake_prefix_path')
[1.423s] INFO:colcon.colcon_core.shell:Creating environment hook '/home/zuki/GalacticRacing/sim_ws/install/lab5_pkg/share/lab5_pkg/hook/cmake_prefix_path.ps1'
[1.423s] INFO:colcon.colcon_core.shell:Creating environment descriptor '/home/zuki/GalacticRacing/sim_ws/install/lab5_pkg/share/lab5_pkg/hook/cmake_prefix_path.dsv'
[1.424s] INFO:colcon.colcon_core.shell:Creating environment hook '/home/zuki/GalacticRacing/sim_ws/install/lab5_pkg/share/lab5_pkg/hook/cmake_prefix_path.sh'
[1.424s] Level 1:colcon.colcon_core.environment:checking '/home/zuki/GalacticRacing/sim_ws/install/lab5_pkg/lib'
[1.425s] Level 1:colcon.colcon_core.environment:checking '/home/zuki/GalacticRacing/sim_ws/install/lab5_pkg/bin'
[1.425s] Level 1:colcon.colcon_core.environment:checking '/home/zuki/GalacticRacing/sim_ws/install/lab5_pkg/lib/pkgconfig/lab5_pkg.pc'
[1.425s] Level 1:colcon.colcon_core.environment:checking '/home/zuki/GalacticRacing/sim_ws/install/lab5_pkg/lib/python3.8/site-packages'
[1.425s] Level 1:colcon.colcon_core.shell:create_environment_hook('lab5_pkg', 'pythonpath')
[1.425s] INFO:colcon.colcon_core.shell:Creating environment hook '/home/zuki/GalacticRacing/sim_ws/install/lab5_pkg/share/lab5_pkg/hook/pythonpath.ps1'
[1.427s] INFO:colcon.colcon_core.shell:Creating environment descriptor '/home/zuki/GalacticRacing/sim_ws/install/lab5_pkg/share/lab5_pkg/hook/pythonpath.dsv'
[1.427s] INFO:colcon.colcon_core.shell:Creating environment hook '/home/zuki/GalacticRacing/sim_ws/install/lab5_pkg/share/lab5_pkg/hook/pythonpath.sh'
[1.428s] Level 1:colcon.colcon_core.environment:checking '/home/zuki/GalacticRacing/sim_ws/install/lab5_pkg/bin'
[1.428s] INFO:colcon.colcon_core.shell:Creating package script '/home/zuki/GalacticRacing/sim_ws/install/lab5_pkg/share/lab5_pkg/package.ps1'
[1.429s] INFO:colcon.colcon_core.shell:Creating package descriptor '/home/zuki/GalacticRacing/sim_ws/install/lab5_pkg/share/lab5_pkg/package.dsv'
[1.429s] INFO:colcon.colcon_core.shell:Creating package script '/home/zuki/GalacticRacing/sim_ws/install/lab5_pkg/share/lab5_pkg/package.sh'
[1.430s] INFO:colcon.colcon_core.shell:Creating package script '/home/zuki/GalacticRacing/sim_ws/install/lab5_pkg/share/lab5_pkg/package.bash'
[1.431s] INFO:colcon.colcon_core.shell:Creating package script '/home/zuki/GalacticRacing/sim_ws/install/lab5_pkg/share/lab5_pkg/package.zsh'
[1.432s] Level 1:colcon.colcon_core.environment:create_file_with_runtime_dependencies(/home/zuki/GalacticRacing/sim_ws/install/lab5_pkg/share/colcon-core/packages/lab5_pkg)
[1.436s] INFO:colcon.colcon_ros.task.ament_cmake.build:Building ROS package in '/home/zuki/GalacticRacing/sim_ws/src/waypoint_logger' with build type 'ament_cmake'
[1.436s] INFO:colcon.colcon_cmake.task.cmake.build:Building CMake package in '/home/zuki/GalacticRacing/sim_ws/src/waypoint_logger'
[1.436s] INFO:colcon.colcon_core.shell:Skip shell extension 'powershell' for command environment: Not usable outside of PowerShell
[1.437s] DEBUG:colcon.colcon_core.shell:Skip shell extension 'dsv' for command environment
[1.447s] Level 1:colcon.colcon_core.environment:create_environment_scripts_only(pure_pursuit)
[1.447s] Level 1:colcon.colcon_core.environment:checking '/home/zuki/GalacticRacing/sim_ws/install/pure_pursuit' for CMake module files
[1.448s] Level 1:colcon.colcon_core.environment:checking '/home/zuki/GalacticRacing/sim_ws/install/pure_pursuit' for CMake config files
[1.448s] Level 1:colcon.colcon_core.shell:create_environment_hook('pure_pursuit', 'cmake_prefix_path')
[1.448s] INFO:colcon.colcon_core.shell:Creating environment hook '/home/zuki/GalacticRacing/sim_ws/install/pure_pursuit/share/pure_pursuit/hook/cmake_prefix_path.ps1'
[1.449s] INFO:colcon.colcon_core.shell:Creating environment descriptor '/home/zuki/GalacticRacing/sim_ws/install/pure_pursuit/share/pure_pursuit/hook/cmake_prefix_path.dsv'
[1.450s] INFO:colcon.colcon_core.shell:Creating environment hook '/home/zuki/GalacticRacing/sim_ws/install/pure_pursuit/share/pure_pursuit/hook/cmake_prefix_path.sh'
[1.451s] Level 1:colcon.colcon_core.environment:checking '/home/zuki/GalacticRacing/sim_ws/install/pure_pursuit/lib'
[1.451s] Level 1:colcon.colcon_core.environment:checking '/home/zuki/GalacticRacing/sim_ws/install/pure_pursuit/bin'
[1.451s] Level 1:colcon.colcon_core.environment:checking '/home/zuki/GalacticRacing/sim_ws/install/pure_pursuit/lib/pkgconfig/pure_pursuit.pc'
[1.452s] Level 1:colcon.colcon_core.environment:checking '/home/zuki/GalacticRacing/sim_ws/install/pure_pursuit/lib/python3.8/site-packages'
[1.452s] Level 1:colcon.colcon_core.shell:create_environment_hook('pure_pursuit', 'pythonpath')
[1.452s] INFO:colcon.colcon_core.shell:Creating environment hook '/home/zuki/GalacticRacing/sim_ws/install/pure_pursuit/share/pure_pursuit/hook/pythonpath.ps1'
[1.453s] INFO:colcon.colcon_core.shell:Creating environment descriptor '/home/zuki/GalacticRacing/sim_ws/install/pure_pursuit/share/pure_pursuit/hook/pythonpath.dsv'
[1.453s] INFO:colcon.colcon_core.shell:Creating environment hook '/home/zuki/GalacticRacing/sim_ws/install/pure_pursuit/share/pure_pursuit/hook/pythonpath.sh'
[1.454s] Level 1:colcon.colcon_core.environment:checking '/home/zuki/GalacticRacing/sim_ws/install/pure_pursuit/bin'
[1.455s] INFO:colcon.colcon_core.shell:Creating package script '/home/zuki/GalacticRacing/sim_ws/install/pure_pursuit/share/pure_pursuit/package.ps1'
[1.456s] INFO:colcon.colcon_core.shell:Creating package descriptor '/home/zuki/GalacticRacing/sim_ws/install/pure_pursuit/share/pure_pursuit/package.dsv'
[1.457s] INFO:colcon.colcon_core.shell:Creating package script '/home/zuki/GalacticRacing/sim_ws/install/pure_pursuit/share/pure_pursuit/package.sh'
[1.457s] INFO:colcon.colcon_core.shell:Creating package script '/home/zuki/GalacticRacing/sim_ws/install/pure_pursuit/share/pure_pursuit/package.bash'
[1.460s] INFO:colcon.colcon_core.shell:Creating package script '/home/zuki/GalacticRacing/sim_ws/install/pure_pursuit/share/pure_pursuit/package.zsh'
[1.462s] Level 1:colcon.colcon_core.environment:create_file_with_runtime_dependencies(/home/zuki/GalacticRacing/sim_ws/install/pure_pursuit/share/colcon-core/packages/pure_pursuit)
[1.464s] Level 1:colcon.colcon_core.environment:create_environment_scripts_only(safety_node)
[1.464s] DEBUG:colcon.colcon_core.event_handler.log_command:Invoked command in '/home/zuki/GalacticRacing/sim_ws/build/safety_node' returned '0': CMAKE_PREFIX_PATH=${CMAKE_PREFIX_PATH}:/home/zuki/GalacticRacing/sim_ws/install/particle_filter:/home/zuki/GalacticRacing/sim_ws/install/f1tenth_gym_ros:/opt/ros/foxy /usr/bin/cmake --install /home/zuki/GalacticRacing/sim_ws/build/safety_node
[1.464s] Level 1:colcon.colcon_core.environment:checking '/home/zuki/GalacticRacing/sim_ws/install/safety_node' for CMake module files
[1.465s] Level 1:colcon.colcon_core.environment:checking '/home/zuki/GalacticRacing/sim_ws/install/safety_node' for CMake config files
[1.465s] Level 1:colcon.colcon_core.shell:create_environment_hook('safety_node', 'cmake_prefix_path')
[1.465s] INFO:colcon.colcon_core.shell:Creating environment hook '/home/zuki/GalacticRacing/sim_ws/install/safety_node/share/safety_node/hook/cmake_prefix_path.ps1'
[1.465s] INFO:colcon.colcon_core.shell:Creating environment descriptor '/home/zuki/GalacticRacing/sim_ws/install/safety_node/share/safety_node/hook/cmake_prefix_path.dsv'
[1.466s] INFO:colcon.colcon_core.shell:Creating environment hook '/home/zuki/GalacticRacing/sim_ws/install/safety_node/share/safety_node/hook/cmake_prefix_path.sh'
[1.466s] Level 1:colcon.colcon_core.environment:checking '/home/zuki/GalacticRacing/sim_ws/install/safety_node/lib'
[1.466s] Level 1:colcon.colcon_core.environment:checking '/home/zuki/GalacticRacing/sim_ws/install/safety_node/bin'
[1.466s] Level 1:colcon.colcon_core.environment:checking '/home/zuki/GalacticRacing/sim_ws/install/safety_node/lib/pkgconfig/safety_node.pc'
[1.467s] Level 1:colcon.colcon_core.environment:checking '/home/zuki/GalacticRacing/sim_ws/install/safety_node/lib/python3.8/site-packages'
[1.467s] Level 1:colcon.colcon_core.shell:create_environment_hook('safety_node', 'pythonpath')
[1.467s] INFO:colcon.colcon_core.shell:Creating environment hook '/home/zuki/GalacticRacing/sim_ws/install/safety_node/share/safety_node/hook/pythonpath.ps1'
[1.467s] INFO:colcon.colcon_core.shell:Creating environment descriptor '/home/zuki/GalacticRacing/sim_ws/install/safety_node/share/safety_node/hook/pythonpath.dsv'
[1.468s] INFO:colcon.colcon_core.shell:Creating environment hook '/home/zuki/GalacticRacing/sim_ws/install/safety_node/share/safety_node/hook/pythonpath.sh'
[1.470s] Level 1:colcon.colcon_core.environment:checking '/home/zuki/GalacticRacing/sim_ws/install/safety_node/bin'
[1.471s] INFO:colcon.colcon_core.shell:Creating package script '/home/zuki/GalacticRacing/sim_ws/install/safety_node/share/safety_node/package.ps1'
[1.471s] INFO:colcon.colcon_core.shell:Creating package descriptor '/home/zuki/GalacticRacing/sim_ws/install/safety_node/share/safety_node/package.dsv'
[1.472s] INFO:colcon.colcon_core.shell:Creating package script '/home/zuki/GalacticRacing/sim_ws/install/safety_node/share/safety_node/package.sh'
[1.472s] INFO:colcon.colcon_core.shell:Creating package script '/home/zuki/GalacticRacing/sim_ws/install/safety_node/share/safety_node/package.bash'
[1.473s] INFO:colcon.colcon_core.shell:Creating package script '/home/zuki/GalacticRacing/sim_ws/install/safety_node/share/safety_node/package.zsh'
[1.473s] Level 1:colcon.colcon_core.environment:create_file_with_runtime_dependencies(/home/zuki/GalacticRacing/sim_ws/install/safety_node/share/colcon-core/packages/safety_node)
[1.493s] DEBUG:colcon.colcon_core.event_handler.log_command:Invoking command in '/home/zuki/GalacticRacing/sim_ws/build/waypoint_logger': CMAKE_PREFIX_PATH=${CMAKE_PREFIX_PATH}:/home/zuki/GalacticRacing/sim_ws/install/particle_filter:/home/zuki/GalacticRacing/sim_ws/install/f1tenth_gym_ros:/opt/ros/foxy /usr/bin/cmake --build /home/zuki/GalacticRacing/sim_ws/build/waypoint_logger -- -j6 -l6
[1.520s] DEBUG:colcon.colcon_core.event_handler.log_command:Invoked command in '/home/zuki/GalacticRacing/sim_ws/build/wall_follow' returned '0': CMAKE_PREFIX_PATH=${CMAKE_PREFIX_PATH}:/home/zuki/GalacticRacing/sim_ws/install/particle_filter:/home/zuki/GalacticRacing/sim_ws/install/f1tenth_gym_ros:/opt/ros/foxy /usr/bin/cmake --build /home/zuki/GalacticRacing/sim_ws/build/wall_follow -- -j6 -l6
[1.557s] DEBUG:colcon.colcon_core.event_handler.log_command:Invoking command in '/home/zuki/GalacticRacing/sim_ws/src/particle_filter': PYTHONPATH=/home/zuki/GalacticRacing/sim_ws/build/particle_filter/prefix_override:/home/zuki/GalacticRacing/sim_ws/install/particle_filter/lib/python3.8/site-packages:${PYTHONPATH} /usr/bin/python3 -W ignore:setup.py install is deprecated setup.py egg_info --egg-base ../../build/particle_filter build --build-base /home/zuki/GalacticRacing/sim_ws/build/particle_filter/build install --record /home/zuki/GalacticRacing/sim_ws/build/particle_filter/install.log --install-scripts $base/lib/particle_filter --single-version-externally-managed install_data
[1.559s] Level 1:colcon.colcon_core.environment:create_environment_scripts_only(safety_node)
[1.560s] Level 1:colcon.colcon_core.environment:checking '/home/zuki/GalacticRacing/sim_ws/install/safety_node' for CMake module files
[1.565s] Level 1:colcon.colcon_core.environment:checking '/home/zuki/GalacticRacing/sim_ws/install/safety_node' for CMake config files
[1.565s] Level 1:colcon.colcon_core.shell:create_environment_hook('safety_node', 'cmake_prefix_path')
[1.565s] INFO:colcon.colcon_core.shell:Creating environment hook '/home/zuki/GalacticRacing/sim_ws/install/safety_node/share/safety_node/hook/cmake_prefix_path.ps1'
[1.566s] INFO:colcon.colcon_core.shell:Creating environment descriptor '/home/zuki/GalacticRacing/sim_ws/install/safety_node/share/safety_node/hook/cmake_prefix_path.dsv'
[1.567s] INFO:colcon.colcon_core.shell:Creating environment hook '/home/zuki/GalacticRacing/sim_ws/install/safety_node/share/safety_node/hook/cmake_prefix_path.sh'
[1.567s] Level 1:colcon.colcon_core.environment:checking '/home/zuki/GalacticRacing/sim_ws/install/safety_node/lib'
[1.568s] Level 1:colcon.colcon_core.environment:checking '/home/zuki/GalacticRacing/sim_ws/install/safety_node/bin'
[1.568s] Level 1:colcon.colcon_core.environment:checking '/home/zuki/GalacticRacing/sim_ws/install/safety_node/lib/pkgconfig/safety_node.pc'
[1.568s] Level 1:colcon.colcon_core.environment:checking '/home/zuki/GalacticRacing/sim_ws/install/safety_node/lib/python3.8/site-packages'
[1.568s] Level 1:colcon.colcon_core.shell:create_environment_hook('safety_node', 'pythonpath')
[1.568s] INFO:colcon.colcon_core.shell:Creating environment hook '/home/zuki/GalacticRacing/sim_ws/install/safety_node/share/safety_node/hook/pythonpath.ps1'
[1.569s] INFO:colcon.colcon_core.shell:Creating environment descriptor '/home/zuki/GalacticRacing/sim_ws/install/safety_node/share/safety_node/hook/pythonpath.dsv'
[1.569s] INFO:colcon.colcon_core.shell:Creating environment hook '/home/zuki/GalacticRacing/sim_ws/install/safety_node/share/safety_node/hook/pythonpath.sh'
[1.571s] Level 1:colcon.colcon_core.environment:checking '/home/zuki/GalacticRacing/sim_ws/install/safety_node/bin'
[1.572s] INFO:colcon.colcon_core.shell:Creating package script '/home/zuki/GalacticRacing/sim_ws/install/safety_node/share/safety_node/package.ps1'
[1.572s] INFO:colcon.colcon_core.shell:Creating package descriptor '/home/zuki/GalacticRacing/sim_ws/install/safety_node/share/safety_node/package.dsv'
[1.573s] INFO:colcon.colcon_core.shell:Creating package script '/home/zuki/GalacticRacing/sim_ws/install/safety_node/share/safety_node/package.sh'
[1.574s] INFO:colcon.colcon_core.shell:Creating package script '/home/zuki/GalacticRacing/sim_ws/install/safety_node/share/safety_node/package.bash'
[1.575s] INFO:colcon.colcon_core.shell:Creating package script '/home/zuki/GalacticRacing/sim_ws/install/safety_node/share/safety_node/package.zsh'
[1.575s] Level 1:colcon.colcon_core.environment:create_file_with_runtime_dependencies(/home/zuki/GalacticRacing/sim_ws/install/safety_node/share/colcon-core/packages/safety_node)
[1.588s] DEBUG:colcon.colcon_core.event_handler.log_command:Invoked command in '/home/zuki/GalacticRacing/sim_ws/build/waypoint_logger' returned '0': CMAKE_PREFIX_PATH=${CMAKE_PREFIX_PATH}:/home/zuki/GalacticRacing/sim_ws/install/particle_filter:/home/zuki/GalacticRacing/sim_ws/install/f1tenth_gym_ros:/opt/ros/foxy /usr/bin/cmake --build /home/zuki/GalacticRacing/sim_ws/build/waypoint_logger -- -j6 -l6
[1.596s] DEBUG:colcon.colcon_core.event_handler.log_command:Invoking command in '/home/zuki/GalacticRacing/sim_ws/build/wall_follow': CMAKE_PREFIX_PATH=${CMAKE_PREFIX_PATH}:/home/zuki/GalacticRacing/sim_ws/install/particle_filter:/home/zuki/GalacticRacing/sim_ws/install/f1tenth_gym_ros:/opt/ros/foxy /usr/bin/cmake --install /home/zuki/GalacticRacing/sim_ws/build/wall_follow
[1.637s] DEBUG:colcon.colcon_core.event_handler.log_command:Invoking command in '/home/zuki/GalacticRacing/sim_ws/src/f1tenth_gym_ros': PYTHONPATH=/home/zuki/GalacticRacing/sim_ws/build/f1tenth_gym_ros/prefix_override:/home/zuki/GalacticRacing/sim_ws/install/f1tenth_gym_ros/lib/python3.8/site-packages:${PYTHONPATH} /usr/bin/python3 -W ignore:setup.py install is deprecated setup.py egg_info --egg-base ../../build/f1tenth_gym_ros build --build-base /home/zuki/GalacticRacing/sim_ws/build/f1tenth_gym_ros/build install --record /home/zuki/GalacticRacing/sim_ws/build/f1tenth_gym_ros/install.log --install-scripts $base/lib/f1tenth_gym_ros --single-version-externally-managed install_data
[1.638s] DEBUG:colcon.colcon_core.event_handler.log_command:Invoking command in '/home/zuki/GalacticRacing/sim_ws/build/waypoint_logger': CMAKE_PREFIX_PATH=${CMAKE_PREFIX_PATH}:/home/zuki/GalacticRacing/sim_ws/install/particle_filter:/home/zuki/GalacticRacing/sim_ws/install/f1tenth_gym_ros:/opt/ros/foxy /usr/bin/cmake --install /home/zuki/GalacticRacing/sim_ws/build/waypoint_logger
[1.652s] Level 1:colcon.colcon_core.environment:create_environment_scripts_only(wall_follow)
[1.652s] Level 1:colcon.colcon_core.environment:checking '/home/zuki/GalacticRacing/sim_ws/install/wall_follow' for CMake module files
[1.653s] DEBUG:colcon.colcon_core.event_handler.log_command:Invoked command in '/home/zuki/GalacticRacing/sim_ws/build/wall_follow' returned '0': CMAKE_PREFIX_PATH=${CMAKE_PREFIX_PATH}:/home/zuki/GalacticRacing/sim_ws/install/particle_filter:/home/zuki/GalacticRacing/sim_ws/install/f1tenth_gym_ros:/opt/ros/foxy /usr/bin/cmake --install /home/zuki/GalacticRacing/sim_ws/build/wall_follow
[1.653s] Level 1:colcon.colcon_core.environment:checking '/home/zuki/GalacticRacing/sim_ws/install/wall_follow' for CMake config files
[1.653s] Level 1:colcon.colcon_core.shell:create_environment_hook('wall_follow', 'cmake_prefix_path')
[1.654s] INFO:colcon.colcon_core.shell:Creating environment hook '/home/zuki/GalacticRacing/sim_ws/install/wall_follow/share/wall_follow/hook/cmake_prefix_path.ps1'
[1.655s] INFO:colcon.colcon_core.shell:Creating environment descriptor '/home/zuki/GalacticRacing/sim_ws/install/wall_follow/share/wall_follow/hook/cmake_prefix_path.dsv'
[1.656s] INFO:colcon.colcon_core.shell:Creating environment hook '/home/zuki/GalacticRacing/sim_ws/install/wall_follow/share/wall_follow/hook/cmake_prefix_path.sh'
[1.657s] Level 1:colcon.colcon_core.environment:checking '/home/zuki/GalacticRacing/sim_ws/install/wall_follow/lib'
[1.657s] Level 1:colcon.colcon_core.environment:checking '/home/zuki/GalacticRacing/sim_ws/install/wall_follow/bin'
[1.657s] Level 1:colcon.colcon_core.environment:checking '/home/zuki/GalacticRacing/sim_ws/install/wall_follow/lib/pkgconfig/wall_follow.pc'
[1.658s] Level 1:colcon.colcon_core.environment:checking '/home/zuki/GalacticRacing/sim_ws/install/wall_follow/lib/python3.8/site-packages'
[1.658s] Level 1:colcon.colcon_core.shell:create_environment_hook('wall_follow', 'pythonpath')
[1.658s] INFO:colcon.colcon_core.shell:Creating environment hook '/home/zuki/GalacticRacing/sim_ws/install/wall_follow/share/wall_follow/hook/pythonpath.ps1'
[1.659s] INFO:colcon.colcon_core.shell:Creating environment descriptor '/home/zuki/GalacticRacing/sim_ws/install/wall_follow/share/wall_follow/hook/pythonpath.dsv'
[1.660s] INFO:colcon.colcon_core.shell:Creating environment hook '/home/zuki/GalacticRacing/sim_ws/install/wall_follow/share/wall_follow/hook/pythonpath.sh'
[1.662s] Level 1:colcon.colcon_core.environment:checking '/home/zuki/GalacticRacing/sim_ws/install/wall_follow/bin'
[1.662s] INFO:colcon.colcon_core.shell:Creating package script '/home/zuki/GalacticRacing/sim_ws/install/wall_follow/share/wall_follow/package.ps1'
[1.664s] INFO:colcon.colcon_core.shell:Creating package descriptor '/home/zuki/GalacticRacing/sim_ws/install/wall_follow/share/wall_follow/package.dsv'
[1.665s] INFO:colcon.colcon_core.shell:Creating package script '/home/zuki/GalacticRacing/sim_ws/install/wall_follow/share/wall_follow/package.sh'
[1.666s] INFO:colcon.colcon_core.shell:Creating package script '/home/zuki/GalacticRacing/sim_ws/install/wall_follow/share/wall_follow/package.bash'
[1.667s] INFO:colcon.colcon_core.shell:Creating package script '/home/zuki/GalacticRacing/sim_ws/install/wall_follow/share/wall_follow/package.zsh'
[1.668s] Level 1:colcon.colcon_core.environment:create_file_with_runtime_dependencies(/home/zuki/GalacticRacing/sim_ws/install/wall_follow/share/colcon-core/packages/wall_follow)
[1.684s] Level 1:colcon.colcon_core.environment:create_environment_scripts_only(waypoint_logger)
[1.685s] Level 1:colcon.colcon_core.environment:checking '/home/zuki/GalacticRacing/sim_ws/install/waypoint_logger' for CMake module files
[1.686s] DEBUG:colcon.colcon_core.event_handler.log_command:Invoked command in '/home/zuki/GalacticRacing/sim_ws/build/waypoint_logger' returned '0': CMAKE_PREFIX_PATH=${CMAKE_PREFIX_PATH}:/home/zuki/GalacticRacing/sim_ws/install/particle_filter:/home/zuki/GalacticRacing/sim_ws/install/f1tenth_gym_ros:/opt/ros/foxy /usr/bin/cmake --install /home/zuki/GalacticRacing/sim_ws/build/waypoint_logger
[1.686s] Level 1:colcon.colcon_core.environment:checking '/home/zuki/GalacticRacing/sim_ws/install/waypoint_logger' for CMake config files
[1.686s] Level 1:colcon.colcon_core.shell:create_environment_hook('waypoint_logger', 'cmake_prefix_path')
[1.686s] INFO:colcon.colcon_core.shell:Creating environment hook '/home/zuki/GalacticRacing/sim_ws/install/waypoint_logger/share/waypoint_logger/hook/cmake_prefix_path.ps1'
[1.687s] INFO:colcon.colcon_core.shell:Creating environment descriptor '/home/zuki/GalacticRacing/sim_ws/install/waypoint_logger/share/waypoint_logger/hook/cmake_prefix_path.dsv'
[1.688s] INFO:colcon.colcon_core.shell:Creating environment hook '/home/zuki/GalacticRacing/sim_ws/install/waypoint_logger/share/waypoint_logger/hook/cmake_prefix_path.sh'
[1.689s] Level 1:colcon.colcon_core.environment:checking '/home/zuki/GalacticRacing/sim_ws/install/waypoint_logger/lib'
[1.689s] Level 1:colcon.colcon_core.environment:checking '/home/zuki/GalacticRacing/sim_ws/install/waypoint_logger/bin'
[1.689s] Level 1:colcon.colcon_core.environment:checking '/home/zuki/GalacticRacing/sim_ws/install/waypoint_logger/lib/pkgconfig/waypoint_logger.pc'
[1.689s] Level 1:colcon.colcon_core.environment:checking '/home/zuki/GalacticRacing/sim_ws/install/waypoint_logger/lib/python3.8/site-packages'
[1.689s] Level 1:colcon.colcon_core.shell:create_environment_hook('waypoint_logger', 'pythonpath')
[1.689s] INFO:colcon.colcon_core.shell:Creating environment hook '/home/zuki/GalacticRacing/sim_ws/install/waypoint_logger/share/waypoint_logger/hook/pythonpath.ps1'
[1.690s] INFO:colcon.colcon_core.shell:Creating environment descriptor '/home/zuki/GalacticRacing/sim_ws/install/waypoint_logger/share/waypoint_logger/hook/pythonpath.dsv'
[1.690s] INFO:colcon.colcon_core.shell:Creating environment hook '/home/zuki/GalacticRacing/sim_ws/install/waypoint_logger/share/waypoint_logger/hook/pythonpath.sh'
[1.691s] Level 1:colcon.colcon_core.environment:checking '/home/zuki/GalacticRacing/sim_ws/install/waypoint_logger/bin'
[1.691s] INFO:colcon.colcon_core.shell:Creating package script '/home/zuki/GalacticRacing/sim_ws/install/waypoint_logger/share/waypoint_logger/package.ps1'
[1.692s] INFO:colcon.colcon_core.shell:Creating package descriptor '/home/zuki/GalacticRacing/sim_ws/install/waypoint_logger/share/waypoint_logger/package.dsv'
[1.692s] INFO:colcon.colcon_core.shell:Creating package script '/home/zuki/GalacticRacing/sim_ws/install/waypoint_logger/share/waypoint_logger/package.sh'
[1.693s] INFO:colcon.colcon_core.shell:Creating package script '/home/zuki/GalacticRacing/sim_ws/install/waypoint_logger/share/waypoint_logger/package.bash'
[1.694s] INFO:colcon.colcon_core.shell:Creating package script '/home/zuki/GalacticRacing/sim_ws/install/waypoint_logger/share/waypoint_logger/package.zsh'
[1.695s] Level 1:colcon.colcon_core.environment:create_file_with_runtime_dependencies(/home/zuki/GalacticRacing/sim_ws/install/waypoint_logger/share/colcon-core/packages/waypoint_logger)
[1.711s] Level 1:colcon.colcon_core.environment:create_environment_scripts_only(wall_follow)
[1.712s] Level 1:colcon.colcon_core.environment:checking '/home/zuki/GalacticRacing/sim_ws/install/wall_follow' for CMake module files
[1.712s] Level 1:colcon.colcon_core.environment:checking '/home/zuki/GalacticRacing/sim_ws/install/wall_follow' for CMake config files
[1.712s] Level 1:colcon.colcon_core.shell:create_environment_hook('wall_follow', 'cmake_prefix_path')
[1.713s] INFO:colcon.colcon_core.shell:Creating environment hook '/home/zuki/GalacticRacing/sim_ws/install/wall_follow/share/wall_follow/hook/cmake_prefix_path.ps1'
[1.714s] INFO:colcon.colcon_core.shell:Creating environment descriptor '/home/zuki/GalacticRacing/sim_ws/install/wall_follow/share/wall_follow/hook/cmake_prefix_path.dsv'
[1.715s] INFO:colcon.colcon_core.shell:Creating environment hook '/home/zuki/GalacticRacing/sim_ws/install/wall_follow/share/wall_follow/hook/cmake_prefix_path.sh'
[1.716s] Level 1:colcon.colcon_core.environment:checking '/home/zuki/GalacticRacing/sim_ws/install/wall_follow/lib'
[1.716s] Level 1:colcon.colcon_core.environment:checking '/home/zuki/GalacticRacing/sim_ws/install/wall_follow/bin'
[1.716s] Level 1:colcon.colcon_core.environment:checking '/home/zuki/GalacticRacing/sim_ws/install/wall_follow/lib/pkgconfig/wall_follow.pc'
[1.717s] Level 1:colcon.colcon_core.environment:checking '/home/zuki/GalacticRacing/sim_ws/install/wall_follow/lib/python3.8/site-packages'
[1.717s] Level 1:colcon.colcon_core.shell:create_environment_hook('wall_follow', 'pythonpath')
[1.717s] INFO:colcon.colcon_core.shell:Creating environment hook '/home/zuki/GalacticRacing/sim_ws/install/wall_follow/share/wall_follow/hook/pythonpath.ps1'
[1.718s] INFO:colcon.colcon_core.shell:Creating environment descriptor '/home/zuki/GalacticRacing/sim_ws/install/wall_follow/share/wall_follow/hook/pythonpath.dsv'
[1.719s] INFO:colcon.colcon_core.shell:Creating environment hook '/home/zuki/GalacticRacing/sim_ws/install/wall_follow/share/wall_follow/hook/pythonpath.sh'
[1.720s] Level 1:colcon.colcon_core.environment:checking '/home/zuki/GalacticRacing/sim_ws/install/wall_follow/bin'
[1.720s] INFO:colcon.colcon_core.shell:Creating package script '/home/zuki/GalacticRacing/sim_ws/install/wall_follow/share/wall_follow/package.ps1'
[1.721s] INFO:colcon.colcon_core.shell:Creating package descriptor '/home/zuki/GalacticRacing/sim_ws/install/wall_follow/share/wall_follow/package.dsv'
[1.722s] INFO:colcon.colcon_core.shell:Creating package script '/home/zuki/GalacticRacing/sim_ws/install/wall_follow/share/wall_follow/package.sh'
[1.723s] INFO:colcon.colcon_core.shell:Creating package script '/home/zuki/GalacticRacing/sim_ws/install/wall_follow/share/wall_follow/package.bash'
[1.724s] INFO:colcon.colcon_core.shell:Creating package script '/home/zuki/GalacticRacing/sim_ws/install/wall_follow/share/wall_follow/package.zsh'
[1.725s] Level 1:colcon.colcon_core.environment:create_file_with_runtime_dependencies(/home/zuki/GalacticRacing/sim_ws/install/wall_follow/share/colcon-core/packages/wall_follow)
[1.727s] Level 1:colcon.colcon_core.environment:create_environment_scripts_only(waypoint_logger)
[1.727s] Level 1:colcon.colcon_core.environment:checking '/home/zuki/GalacticRacing/sim_ws/install/waypoint_logger' for CMake module files
[1.729s] Level 1:colcon.colcon_core.environment:checking '/home/zuki/GalacticRacing/sim_ws/install/waypoint_logger' for CMake config files
[1.729s] Level 1:colcon.colcon_core.shell:create_environment_hook('waypoint_logger', 'cmake_prefix_path')
[1.730s] INFO:colcon.colcon_core.shell:Creating environment hook '/home/zuki/GalacticRacing/sim_ws/install/waypoint_logger/share/waypoint_logger/hook/cmake_prefix_path.ps1'
[1.730s] INFO:colcon.colcon_core.shell:Creating environment descriptor '/home/zuki/GalacticRacing/sim_ws/install/waypoint_logger/share/waypoint_logger/hook/cmake_prefix_path.dsv'
[1.731s] INFO:colcon.colcon_core.shell:Creating environment hook '/home/zuki/GalacticRacing/sim_ws/install/waypoint_logger/share/waypoint_logger/hook/cmake_prefix_path.sh'
[1.732s] Level 1:colcon.colcon_core.environment:checking '/home/zuki/GalacticRacing/sim_ws/install/waypoint_logger/lib'
[1.732s] Level 1:colcon.colcon_core.environment:checking '/home/zuki/GalacticRacing/sim_ws/install/waypoint_logger/bin'
[1.732s] Level 1:colcon.colcon_core.environment:checking '/home/zuki/GalacticRacing/sim_ws/install/waypoint_logger/lib/pkgconfig/waypoint_logger.pc'
[1.733s] Level 1:colcon.colcon_core.environment:checking '/home/zuki/GalacticRacing/sim_ws/install/waypoint_logger/lib/python3.8/site-packages'
[1.733s] Level 1:colcon.colcon_core.shell:create_environment_hook('waypoint_logger', 'pythonpath')
[1.733s] INFO:colcon.colcon_core.shell:Creating environment hook '/home/zuki/GalacticRacing/sim_ws/install/waypoint_logger/share/waypoint_logger/hook/pythonpath.ps1'
[1.734s] INFO:colcon.colcon_core.shell:Creating environment descriptor '/home/zuki/GalacticRacing/sim_ws/install/waypoint_logger/share/waypoint_logger/hook/pythonpath.dsv'
[1.735s] INFO:colcon.colcon_core.shell:Creating environment hook '/home/zuki/GalacticRacing/sim_ws/install/waypoint_logger/share/waypoint_logger/hook/pythonpath.sh'
[1.736s] Level 1:colcon.colcon_core.environment:checking '/home/zuki/GalacticRacing/sim_ws/install/waypoint_logger/bin'
[1.740s] INFO:colcon.colcon_core.shell:Creating package script '/home/zuki/GalacticRacing/sim_ws/install/waypoint_logger/share/waypoint_logger/package.ps1'
[1.743s] INFO:colcon.colcon_core.shell:Creating package descriptor '/home/zuki/GalacticRacing/sim_ws/install/waypoint_logger/share/waypoint_logger/package.dsv'
[1.746s] INFO:colcon.colcon_core.shell:Creating package script '/home/zuki/GalacticRacing/sim_ws/install/waypoint_logger/share/waypoint_logger/package.sh'
[1.747s] INFO:colcon.colcon_core.shell:Creating package script '/home/zuki/GalacticRacing/sim_ws/install/waypoint_logger/share/waypoint_logger/package.bash'
[1.747s] INFO:colcon.colcon_core.shell:Creating package script '/home/zuki/GalacticRacing/sim_ws/install/waypoint_logger/share/waypoint_logger/package.zsh'
[1.748s] Level 1:colcon.colcon_core.environment:create_file_with_runtime_dependencies(/home/zuki/GalacticRacing/sim_ws/install/waypoint_logger/share/colcon-core/packages/waypoint_logger)
[1.833s] Level 1:colcon.colcon_core.environment:checking '/home/zuki/GalacticRacing/sim_ws/install/particle_filter' for CMake module files
[1.834s] Level 1:colcon.colcon_core.environment:checking '/home/zuki/GalacticRacing/sim_ws/install/particle_filter' for CMake config files
[1.835s] Level 1:colcon.colcon_core.environment:checking '/home/zuki/GalacticRacing/sim_ws/install/particle_filter/lib'
[1.835s] Level 1:colcon.colcon_core.environment:checking '/home/zuki/GalacticRacing/sim_ws/install/particle_filter/bin'
[1.835s] Level 1:colcon.colcon_core.environment:checking '/home/zuki/GalacticRacing/sim_ws/install/particle_filter/lib/pkgconfig/particle_filter.pc'
[1.835s] Level 1:colcon.colcon_core.environment:checking '/home/zuki/GalacticRacing/sim_ws/install/particle_filter/lib/python3.8/site-packages'
[1.835s] Level 1:colcon.colcon_core.shell:create_environment_hook('particle_filter', 'pythonpath')
[1.835s] INFO:colcon.colcon_core.shell:Creating environment hook '/home/zuki/GalacticRacing/sim_ws/install/particle_filter/share/particle_filter/hook/pythonpath.ps1'
[1.834s] DEBUG:colcon.colcon_core.event_handler.log_command:Invoked command in '/home/zuki/GalacticRacing/sim_ws/src/particle_filter' returned '0': PYTHONPATH=/home/zuki/GalacticRacing/sim_ws/build/particle_filter/prefix_override:/home/zuki/GalacticRacing/sim_ws/install/particle_filter/lib/python3.8/site-packages:${PYTHONPATH} /usr/bin/python3 -W ignore:setup.py install is deprecated setup.py egg_info --egg-base ../../build/particle_filter build --build-base /home/zuki/GalacticRacing/sim_ws/build/particle_filter/build install --record /home/zuki/GalacticRacing/sim_ws/build/particle_filter/install.log --install-scripts $base/lib/particle_filter --single-version-externally-managed install_data
[1.836s] INFO:colcon.colcon_core.shell:Creating environment descriptor '/home/zuki/GalacticRacing/sim_ws/install/particle_filter/share/particle_filter/hook/pythonpath.dsv'
[1.837s] INFO:colcon.colcon_core.shell:Creating environment hook '/home/zuki/GalacticRacing/sim_ws/install/particle_filter/share/particle_filter/hook/pythonpath.sh'
[1.838s] Level 1:colcon.colcon_core.environment:checking '/home/zuki/GalacticRacing/sim_ws/install/particle_filter/bin'
[1.839s] Level 1:colcon.colcon_core.environment:create_environment_scripts_only(particle_filter)
[1.839s] INFO:colcon.colcon_core.shell:Creating package script '/home/zuki/GalacticRacing/sim_ws/install/particle_filter/share/particle_filter/package.ps1'
[1.841s] INFO:colcon.colcon_core.shell:Creating package descriptor '/home/zuki/GalacticRacing/sim_ws/install/particle_filter/share/particle_filter/package.dsv'
[1.842s] INFO:colcon.colcon_core.shell:Creating package script '/home/zuki/GalacticRacing/sim_ws/install/particle_filter/share/particle_filter/package.sh'
[1.844s] INFO:colcon.colcon_core.shell:Creating package script '/home/zuki/GalacticRacing/sim_ws/install/particle_filter/share/particle_filter/package.bash'
[1.845s] INFO:colcon.colcon_core.shell:Creating package script '/home/zuki/GalacticRacing/sim_ws/install/particle_filter/share/particle_filter/package.zsh'
[1.847s] Level 1:colcon.colcon_core.environment:create_file_with_runtime_dependencies(/home/zuki/GalacticRacing/sim_ws/install/particle_filter/share/colcon-core/packages/particle_filter)
[1.954s] Level 1:colcon.colcon_core.environment:checking '/home/zuki/GalacticRacing/sim_ws/install/f1tenth_gym_ros' for CMake module files
[1.955s] Level 1:colcon.colcon_core.environment:checking '/home/zuki/GalacticRacing/sim_ws/install/f1tenth_gym_ros' for CMake config files
[1.955s] Level 1:colcon.colcon_core.environment:checking '/home/zuki/GalacticRacing/sim_ws/install/f1tenth_gym_ros/lib'
[1.956s] Level 1:colcon.colcon_core.environment:checking '/home/zuki/GalacticRacing/sim_ws/install/f1tenth_gym_ros/bin'
[1.956s] Level 1:colcon.colcon_core.environment:checking '/home/zuki/GalacticRacing/sim_ws/install/f1tenth_gym_ros/lib/pkgconfig/f1tenth_gym_ros.pc'
[1.956s] Level 1:colcon.colcon_core.environment:checking '/home/zuki/GalacticRacing/sim_ws/install/f1tenth_gym_ros/lib/python3.8/site-packages'
[1.956s] Level 1:colcon.colcon_core.shell:create_environment_hook('f1tenth_gym_ros', 'pythonpath')
[1.956s] INFO:colcon.colcon_core.shell:Creating environment hook '/home/zuki/GalacticRacing/sim_ws/install/f1tenth_gym_ros/share/f1tenth_gym_ros/hook/pythonpath.ps1'
[1.957s] INFO:colcon.colcon_core.shell:Creating environment descriptor '/home/zuki/GalacticRacing/sim_ws/install/f1tenth_gym_ros/share/f1tenth_gym_ros/hook/pythonpath.dsv'
[1.957s] INFO:colcon.colcon_core.shell:Creating environment hook '/home/zuki/GalacticRacing/sim_ws/install/f1tenth_gym_ros/share/f1tenth_gym_ros/hook/pythonpath.sh'
[1.958s] Level 1:colcon.colcon_core.environment:checking '/home/zuki/GalacticRacing/sim_ws/install/f1tenth_gym_ros/bin'
[1.958s] Level 1:colcon.colcon_core.environment:create_environment_scripts_only(f1tenth_gym_ros)
[1.958s] INFO:colcon.colcon_core.shell:Creating package script '/home/zuki/GalacticRacing/sim_ws/install/f1tenth_gym_ros/share/f1tenth_gym_ros/package.ps1'
[1.959s] INFO:colcon.colcon_core.shell:Creating package descriptor '/home/zuki/GalacticRacing/sim_ws/install/f1tenth_gym_ros/share/f1tenth_gym_ros/package.dsv'
[1.959s] INFO:colcon.colcon_core.shell:Creating package script '/home/zuki/GalacticRacing/sim_ws/install/f1tenth_gym_ros/share/f1tenth_gym_ros/package.sh'
[1.960s] INFO:colcon.colcon_core.shell:Creating package script '/home/zuki/GalacticRacing/sim_ws/install/f1tenth_gym_ros/share/f1tenth_gym_ros/package.bash'
[1.984s] DEBUG:colcon.colcon_core.event_handler.log_command:Invoked command in '/home/zuki/GalacticRacing/sim_ws/src/f1tenth_gym_ros' returned '0': PYTHONPATH=/home/zuki/GalacticRacing/sim_ws/build/f1tenth_gym_ros/prefix_override:/home/zuki/GalacticRacing/sim_ws/install/f1tenth_gym_ros/lib/python3.8/site-packages:${PYTHONPATH} /usr/bin/python3 -W ignore:setup.py install is deprecated setup.py egg_info --egg-base ../../build/f1tenth_gym_ros build --build-base /home/zuki/GalacticRacing/sim_ws/build/f1tenth_gym_ros/build install --record /home/zuki/GalacticRacing/sim_ws/build/f1tenth_gym_ros/install.log --install-scripts $base/lib/f1tenth_gym_ros --single-version-externally-managed install_data
[1.987s] INFO:colcon.colcon_core.shell:Creating package script '/home/zuki/GalacticRacing/sim_ws/install/f1tenth_gym_ros/share/f1tenth_gym_ros/package.zsh'
[1.988s] Level 1:colcon.colcon_core.environment:create_file_with_runtime_dependencies(/home/zuki/GalacticRacing/sim_ws/install/f1tenth_gym_ros/share/colcon-core/packages/f1tenth_gym_ros)
[1.990s] DEBUG:colcon.colcon_parallel_executor.executor.parallel:closing loop
[2.000s] DEBUG:colcon.colcon_parallel_executor.executor.parallel:loop closed
[2.008s] DEBUG:colcon.colcon_parallel_executor.executor.parallel:run_until_complete finished with '0'
[2.008s] DEBUG:colcon.colcon_core.event_reactor:joining thread
[2.017s] INFO:colcon.colcon_core.plugin_system:Skipping extension 'colcon_notification.desktop_notification.terminal_notifier': Not used on non-Darwin systems
[2.017s] INFO:colcon.colcon_core.plugin_system:Skipping extension 'colcon_notification.desktop_notification.win32': Not used on non-Windows systems
[2.017s] INFO:colcon.colcon_notification.desktop_notification:Sending desktop notification using 'notify2'
[2.048s] DEBUG:colcon.colcon_core.event_reactor:joined thread
[2.049s] INFO:colcon.colcon_core.shell:Creating prefix script '/home/zuki/GalacticRacing/sim_ws/install/local_setup.ps1'
[2.052s] INFO:colcon.colcon_core.shell:Creating prefix util module '/home/zuki/GalacticRacing/sim_ws/install/_local_setup_util_ps1.py'
[2.054s] INFO:colcon.colcon_core.shell:Creating prefix chain script '/home/zuki/GalacticRacing/sim_ws/install/setup.ps1'
[2.056s] INFO:colcon.colcon_core.shell:Creating prefix script '/home/zuki/GalacticRacing/sim_ws/install/local_setup.sh'
[2.059s] INFO:colcon.colcon_core.shell:Creating prefix util module '/home/zuki/GalacticRacing/sim_ws/install/_local_setup_util_sh.py'
[2.061s] INFO:colcon.colcon_core.shell:Creating prefix chain script '/home/zuki/GalacticRacing/sim_ws/install/setup.sh'
[2.064s] INFO:colcon.colcon_core.shell:Creating prefix script '/home/zuki/GalacticRacing/sim_ws/install/local_setup.bash'
[2.065s] INFO:colcon.colcon_core.shell:Creating prefix chain script '/home/zuki/GalacticRacing/sim_ws/install/setup.bash'
[2.072s] INFO:colcon.colcon_core.shell:Creating prefix script '/home/zuki/GalacticRacing/sim_ws/install/local_setup.zsh'
[2.077s] INFO:colcon.colcon_core.shell:Creating prefix chain script '/home/zuki/GalacticRacing/sim_ws/install/setup.zsh'
